{"C:\\Users\\Aleksay\\Desktop\\tpv\\tpv-mobile\\src\\api\\appointments.api.ts": {"path":"C:\\Users\\Aleksay\\Desktop\\tpv\\tpv-mobile\\src\\api\\appointments.api.ts","statementMap":{"0":{"start":{"line":12,"column":53},"end":{"line":19,"column":1}},"1":{"start":{"line":21,"column":51},"end":{"line":27,"column":1}},"2":{"start":{"line":30,"column":14},"end":{"line":30,"column":47}},"3":{"start":{"line":31,"column":2},"end":{"line":31,"column":46}},"4":{"start":{"line":31,"column":27},"end":{"line":31,"column":46}},"5":{"start":{"line":32,"column":2},"end":{"line":32,"column":46}},"6":{"start":{"line":32,"column":27},"end":{"line":32,"column":46}},"7":{"start":{"line":33,"column":2},"end":{"line":33,"column":50}},"8":{"start":{"line":33,"column":29},"end":{"line":33,"column":50}},"9":{"start":{"line":34,"column":2},"end":{"line":34,"column":46}},"10":{"start":{"line":34,"column":27},"end":{"line":34,"column":46}},"11":{"start":{"line":35,"column":2},"end":{"line":35,"column":46}},"12":{"start":{"line":35,"column":27},"end":{"line":35,"column":46}},"13":{"start":{"line":36,"column":2},"end":{"line":36,"column":42}},"14":{"start":{"line":36,"column":25},"end":{"line":36,"column":42}},"15":{"start":{"line":37,"column":2},"end":{"line":37,"column":21}},"16":{"start":{"line":41,"column":14},"end":{"line":41,"column":47}},"17":{"start":{"line":42,"column":2},"end":{"line":42,"column":52}},"18":{"start":{"line":42,"column":30},"end":{"line":42,"column":52}},"19":{"start":{"line":43,"column":2},"end":{"line":43,"column":40}},"20":{"start":{"line":43,"column":24},"end":{"line":43,"column":40}},"21":{"start":{"line":44,"column":2},"end":{"line":44,"column":50}},"22":{"start":{"line":44,"column":29},"end":{"line":44,"column":50}},"23":{"start":{"line":45,"column":2},"end":{"line":45,"column":44}},"24":{"start":{"line":45,"column":26},"end":{"line":45,"column":44}},"25":{"start":{"line":46,"column":2},"end":{"line":46,"column":17}},"26":{"start":{"line":50,"column":28},"end":{"line":50,"column":63}},"27":{"start":{"line":51,"column":27},"end":{"line":51,"column":61}},"28":{"start":{"line":52,"column":19},"end":{"line":52,"column":68}},"29":{"start":{"line":53,"column":20},"end":{"line":53,"column":82}},"30":{"start":{"line":54,"column":18},"end":{"line":54,"column":43}},"31":{"start":{"line":55,"column":19},"end":{"line":55,"column":49}},"32":{"start":{"line":57,"column":2},"end":{"line":78,"column":4}},"33":{"start":{"line":82,"column":2},"end":{"line":91,"column":4}},"34":{"start":{"line":95,"column":2},"end":{"line":104,"column":4}},"35":{"start":{"line":108,"column":2},"end":{"line":108,"column":26}},"36":{"start":{"line":108,"column":16},"end":{"line":108,"column":26}},"37":{"start":{"line":109,"column":2},"end":{"line":117,"column":4}},"38":{"start":{"line":125,"column":19},"end":{"line":127,"column":4}},"39":{"start":{"line":128,"column":2},"end":{"line":130,"column":3}},"40":{"start":{"line":129,"column":4},"end":{"line":129,"column":24}},"41":{"start":{"line":132,"column":2},"end":{"line":136,"column":4}},"42":{"start":{"line":134,"column":55},"end":{"line":134,"column":94}},"43":{"start":{"line":135,"column":20},"end":{"line":135,"column":45}},"44":{"start":{"line":144,"column":19},"end":{"line":144,"column":97}},"45":{"start":{"line":145,"column":2},"end":{"line":145,"column":36}},"46":{"start":{"line":153,"column":19},"end":{"line":153,"column":116}},"47":{"start":{"line":154,"column":2},"end":{"line":154,"column":36}},"48":{"start":{"line":162,"column":19},"end":{"line":165,"column":3}},"49":{"start":{"line":166,"column":2},"end":{"line":166,"column":36}},"50":{"start":{"line":177,"column":19},"end":{"line":179,"column":4}},"51":{"start":{"line":180,"column":2},"end":{"line":180,"column":36}},"52":{"start":{"line":188,"column":2},"end":{"line":188,"column":64}},"53":{"start":{"line":201,"column":19},"end":{"line":208,"column":4}},"54":{"start":{"line":210,"column":2},"end":{"line":210,"column":38}},"55":{"start":{"line":210,"column":28},"end":{"line":210,"column":38}},"56":{"start":{"line":212,"column":2},"end":{"line":215,"column":6}},"57":{"start":{"line":212,"column":65},"end":{"line":215,"column":3}},"58":{"start":{"line":219,"column":19},"end":{"line":225,"column":4}},"59":{"start":{"line":227,"column":15},"end":{"line":227,"column":57}},"60":{"start":{"line":228,"column":2},"end":{"line":238,"column":5}},"61":{"start":{"line":229,"column":22},"end":{"line":229,"column":49}},"62":{"start":{"line":230,"column":21},"end":{"line":230,"column":47}},"63":{"start":{"line":231,"column":17},"end":{"line":231,"column":50}},"64":{"start":{"line":232,"column":4},"end":{"line":237,"column":6}},"65":{"start":{"line":242,"column":19},"end":{"line":247,"column":4}},"66":{"start":{"line":249,"column":15},"end":{"line":249,"column":57}},"67":{"start":{"line":250,"column":2},"end":{"line":255,"column":6}},"68":{"start":{"line":250,"column":28},"end":{"line":255,"column":3}}},"fnMap":{"0":{"name":"mapStatus","decl":{"start":{"line":29,"column":9},"end":{"line":29,"column":18}},"loc":{"start":{"line":29,"column":61},"end":{"line":38,"column":1}},"line":29},"1":{"name":"mapType","decl":{"start":{"line":40,"column":9},"end":{"line":40,"column":16}},"loc":{"start":{"line":40,"column":57},"end":{"line":47,"column":1}},"line":40},"2":{"name":"normalizeAppointment","decl":{"start":{"line":49,"column":9},"end":{"line":49,"column":29}},"loc":{"start":{"line":49,"column":76},"end":{"line":79,"column":1}},"line":49},"3":{"name":"toApiCreateAppointmentBody","decl":{"start":{"line":81,"column":9},"end":{"line":81,"column":35}},"loc":{"start":{"line":81,"column":90},"end":{"line":92,"column":1}},"line":81},"4":{"name":"toApiUpdateAppointmentBody","decl":{"start":{"line":94,"column":9},"end":{"line":94,"column":35}},"loc":{"start":{"line":94,"column":90},"end":{"line":105,"column":1}},"line":94},"5":{"name":"toApiAppointmentParams","decl":{"start":{"line":107,"column":9},"end":{"line":107,"column":31}},"loc":{"start":{"line":107,"column":101},"end":{"line":118,"column":1}},"line":107},"6":{"name":"getAppointments","decl":{"start":{"line":124,"column":22},"end":{"line":124,"column":37}},"loc":{"start":{"line":124,"column":108},"end":{"line":137,"column":1}},"line":124},"7":{"name":"(anonymous_7)","decl":{"start":{"line":134,"column":14},"end":{"line":134,"column":15}},"loc":{"start":{"line":134,"column":55},"end":{"line":134,"column":94}},"line":134},"8":{"name":"(anonymous_8)","decl":{"start":{"line":135,"column":11},"end":{"line":135,"column":12}},"loc":{"start":{"line":135,"column":20},"end":{"line":135,"column":45}},"line":135},"9":{"name":"getAppointmentById","decl":{"start":{"line":143,"column":22},"end":{"line":143,"column":40}},"loc":{"start":{"line":143,"column":89},"end":{"line":146,"column":1}},"line":143},"10":{"name":"createAppointment","decl":{"start":{"line":152,"column":22},"end":{"line":152,"column":39}},"loc":{"start":{"line":152,"column":94},"end":{"line":155,"column":1}},"line":152},"11":{"name":"updateAppointment","decl":{"start":{"line":161,"column":22},"end":{"line":161,"column":39}},"loc":{"start":{"line":161,"column":117},"end":{"line":167,"column":1}},"line":161},"12":{"name":"cancelAppointment","decl":{"start":{"line":173,"column":22},"end":{"line":173,"column":39}},"loc":{"start":{"line":176,"column":27},"end":{"line":181,"column":1}},"line":176},"13":{"name":"sendAppointmentReminder","decl":{"start":{"line":187,"column":22},"end":{"line":187,"column":45}},"loc":{"start":{"line":187,"column":84},"end":{"line":189,"column":1}},"line":187},"14":{"name":"getAppointmentAvailability","decl":{"start":{"line":195,"column":22},"end":{"line":195,"column":48}},"loc":{"start":{"line":200,"column":46},"end":{"line":216,"column":1}},"line":200},"15":{"name":"(anonymous_15)","decl":{"start":{"line":212,"column":18},"end":{"line":212,"column":19}},"loc":{"start":{"line":212,"column":65},"end":{"line":215,"column":3}},"line":212},"16":{"name":"listAppointmentCustomers","decl":{"start":{"line":218,"column":22},"end":{"line":218,"column":46}},"loc":{"start":{"line":218,"column":114},"end":{"line":239,"column":1}},"line":218},"17":{"name":"(anonymous_17)","decl":{"start":{"line":228,"column":18},"end":{"line":228,"column":19}},"loc":{"start":{"line":228,"column":27},"end":{"line":238,"column":3}},"line":228},"18":{"name":"listAppointmentStaff","decl":{"start":{"line":241,"column":22},"end":{"line":241,"column":42}},"loc":{"start":{"line":241,"column":92},"end":{"line":256,"column":1}},"line":241},"19":{"name":"(anonymous_19)","decl":{"start":{"line":250,"column":18},"end":{"line":250,"column":19}},"loc":{"start":{"line":250,"column":28},"end":{"line":255,"column":3}},"line":250}},"branchMap":{"0":{"loc":{"start":{"line":30,"column":21},"end":{"line":30,"column":32}},"type":"binary-expr","locations":[{"start":{"line":30,"column":21},"end":{"line":30,"column":26}},{"start":{"line":30,"column":30},"end":{"line":30,"column":32}}],"line":30},"1":{"loc":{"start":{"line":31,"column":2},"end":{"line":31,"column":46}},"type":"if","locations":[{"start":{"line":31,"column":2},"end":{"line":31,"column":46}},{"start":{},"end":{}}],"line":31},"2":{"loc":{"start":{"line":32,"column":2},"end":{"line":32,"column":46}},"type":"if","locations":[{"start":{"line":32,"column":2},"end":{"line":32,"column":46}},{"start":{},"end":{}}],"line":32},"3":{"loc":{"start":{"line":33,"column":2},"end":{"line":33,"column":50}},"type":"if","locations":[{"start":{"line":33,"column":2},"end":{"line":33,"column":50}},{"start":{},"end":{}}],"line":33},"4":{"loc":{"start":{"line":34,"column":2},"end":{"line":34,"column":46}},"type":"if","locations":[{"start":{"line":34,"column":2},"end":{"line":34,"column":46}},{"start":{},"end":{}}],"line":34},"5":{"loc":{"start":{"line":35,"column":2},"end":{"line":35,"column":46}},"type":"if","locations":[{"start":{"line":35,"column":2},"end":{"line":35,"column":46}},{"start":{},"end":{}}],"line":35},"6":{"loc":{"start":{"line":36,"column":2},"end":{"line":36,"column":42}},"type":"if","locations":[{"start":{"line":36,"column":2},"end":{"line":36,"column":42}},{"start":{},"end":{}}],"line":36},"7":{"loc":{"start":{"line":41,"column":21},"end":{"line":41,"column":32}},"type":"binary-expr","locations":[{"start":{"line":41,"column":21},"end":{"line":41,"column":26}},{"start":{"line":41,"column":30},"end":{"line":41,"column":32}}],"line":41},"8":{"loc":{"start":{"line":42,"column":2},"end":{"line":42,"column":52}},"type":"if","locations":[{"start":{"line":42,"column":2},"end":{"line":42,"column":52}},{"start":{},"end":{}}],"line":42},"9":{"loc":{"start":{"line":43,"column":2},"end":{"line":43,"column":40}},"type":"if","locations":[{"start":{"line":43,"column":2},"end":{"line":43,"column":40}},{"start":{},"end":{}}],"line":43},"10":{"loc":{"start":{"line":44,"column":2},"end":{"line":44,"column":50}},"type":"if","locations":[{"start":{"line":44,"column":2},"end":{"line":44,"column":50}},{"start":{},"end":{}}],"line":44},"11":{"loc":{"start":{"line":45,"column":2},"end":{"line":45,"column":44}},"type":"if","locations":[{"start":{"line":45,"column":2},"end":{"line":45,"column":44}},{"start":{},"end":{}}],"line":45},"12":{"loc":{"start":{"line":50,"column":35},"end":{"line":50,"column":62}},"type":"binary-expr","locations":[{"start":{"line":50,"column":35},"end":{"line":50,"column":56}},{"start":{"line":50,"column":60},"end":{"line":50,"column":62}}],"line":50},"13":{"loc":{"start":{"line":51,"column":34},"end":{"line":51,"column":60}},"type":"binary-expr","locations":[{"start":{"line":51,"column":34},"end":{"line":51,"column":54}},{"start":{"line":51,"column":58},"end":{"line":51,"column":60}}],"line":51},"14":{"loc":{"start":{"line":53,"column":27},"end":{"line":53,"column":81}},"type":"binary-expr","locations":[{"start":{"line":53,"column":27},"end":{"line":53,"column":40}},{"start":{"line":53,"column":44},"end":{"line":53,"column":59}},{"start":{"line":53,"column":63},"end":{"line":53,"column":75}},{"start":{"line":53,"column":79},"end":{"line":53,"column":81}}],"line":53},"15":{"loc":{"start":{"line":54,"column":25},"end":{"line":54,"column":42}},"type":"binary-expr","locations":[{"start":{"line":54,"column":25},"end":{"line":54,"column":36}},{"start":{"line":54,"column":40},"end":{"line":54,"column":42}}],"line":54},"16":{"loc":{"start":{"line":55,"column":19},"end":{"line":55,"column":49}},"type":"binary-expr","locations":[{"start":{"line":55,"column":19},"end":{"line":55,"column":44}},{"start":{"line":55,"column":48},"end":{"line":55,"column":49}}],"line":55},"17":{"loc":{"start":{"line":55,"column":26},"end":{"line":55,"column":43}},"type":"binary-expr","locations":[{"start":{"line":55,"column":26},"end":{"line":55,"column":38}},{"start":{"line":55,"column":42},"end":{"line":55,"column":43}}],"line":55},"18":{"loc":{"start":{"line":58,"column":15},"end":{"line":58,"column":27}},"type":"binary-expr","locations":[{"start":{"line":58,"column":15},"end":{"line":58,"column":21}},{"start":{"line":58,"column":25},"end":{"line":58,"column":27}}],"line":58},"19":{"loc":{"start":{"line":59,"column":23},"end":{"line":59,"column":43}},"type":"binary-expr","locations":[{"start":{"line":59,"column":23},"end":{"line":59,"column":37}},{"start":{"line":59,"column":41},"end":{"line":59,"column":43}}],"line":59},"20":{"loc":{"start":{"line":60,"column":25},"end":{"line":60,"column":87}},"type":"binary-expr","locations":[{"start":{"line":60,"column":25},"end":{"line":60,"column":41}},{"start":{"line":60,"column":46},"end":{"line":60,"column":54}},{"start":{"line":60,"column":58},"end":{"line":60,"column":86}}],"line":60},"21":{"loc":{"start":{"line":60,"column":65},"end":{"line":60,"column":85}},"type":"binary-expr","locations":[{"start":{"line":60,"column":65},"end":{"line":60,"column":79}},{"start":{"line":60,"column":83},"end":{"line":60,"column":85}}],"line":60},"22":{"loc":{"start":{"line":61,"column":19},"end":{"line":61,"column":84}},"type":"cond-expr","locations":[{"start":{"line":61,"column":47},"end":{"line":61,"column":56}},{"start":{"line":61,"column":59},"end":{"line":61,"column":84}}],"line":61},"23":{"loc":{"start":{"line":62,"column":19},"end":{"line":62,"column":84}},"type":"cond-expr","locations":[{"start":{"line":62,"column":47},"end":{"line":62,"column":56}},{"start":{"line":62,"column":59},"end":{"line":62,"column":84}}],"line":62},"24":{"loc":{"start":{"line":64,"column":18},"end":{"line":64,"column":44}},"type":"binary-expr","locations":[{"start":{"line":64,"column":18},"end":{"line":64,"column":27}},{"start":{"line":64,"column":31},"end":{"line":64,"column":44}}],"line":64},"25":{"loc":{"start":{"line":65,"column":17},"end":{"line":65,"column":78}},"type":"cond-expr","locations":[{"start":{"line":65,"column":43},"end":{"line":65,"column":52}},{"start":{"line":65,"column":55},"end":{"line":65,"column":78}}],"line":65},"26":{"loc":{"start":{"line":68,"column":6},"end":{"line":68,"column":108}},"type":"binary-expr","locations":[{"start":{"line":68,"column":6},"end":{"line":68,"column":13}},{"start":{"line":68,"column":18},"end":{"line":68,"column":107}}],"line":68},"27":{"loc":{"start":{"line":68,"column":18},"end":{"line":68,"column":107}},"type":"cond-expr","locations":[{"start":{"line":68,"column":30},"end":{"line":68,"column":102}},{"start":{"line":68,"column":105},"end":{"line":68,"column":107}}],"line":68},"28":{"loc":{"start":{"line":71,"column":16},"end":{"line":71,"column":70}},"type":"cond-expr","locations":[{"start":{"line":71,"column":41},"end":{"line":71,"column":45}},{"start":{"line":71,"column":48},"end":{"line":71,"column":70}}],"line":71},"29":{"loc":{"start":{"line":72,"column":20},"end":{"line":72,"column":82}},"type":"cond-expr","locations":[{"start":{"line":72,"column":49},"end":{"line":72,"column":53}},{"start":{"line":72,"column":56},"end":{"line":72,"column":82}}],"line":72},"30":{"loc":{"start":{"line":73,"column":11},"end":{"line":73,"column":60}},"type":"cond-expr","locations":[{"start":{"line":73,"column":31},"end":{"line":73,"column":40}},{"start":{"line":73,"column":43},"end":{"line":73,"column":60}}],"line":73},"31":{"loc":{"start":{"line":75,"column":22},"end":{"line":75,"column":41}},"type":"binary-expr","locations":[{"start":{"line":75,"column":22},"end":{"line":75,"column":35}},{"start":{"line":75,"column":39},"end":{"line":75,"column":41}}],"line":75},"32":{"loc":{"start":{"line":76,"column":22},"end":{"line":76,"column":58}},"type":"binary-expr","locations":[{"start":{"line":76,"column":22},"end":{"line":76,"column":35}},{"start":{"line":76,"column":39},"end":{"line":76,"column":52}},{"start":{"line":76,"column":56},"end":{"line":76,"column":58}}],"line":76},"33":{"loc":{"start":{"line":77,"column":15},"end":{"line":77,"column":67}},"type":"cond-expr","locations":[{"start":{"line":77,"column":39},"end":{"line":77,"column":43}},{"start":{"line":77,"column":46},"end":{"line":77,"column":67}}],"line":77},"34":{"loc":{"start":{"line":88,"column":8},"end":{"line":88,"column":67}},"type":"cond-expr","locations":[{"start":{"line":88,"column":28},"end":{"line":88,"column":62}},{"start":{"line":88,"column":65},"end":{"line":88,"column":67}}],"line":88},"35":{"loc":{"start":{"line":89,"column":8},"end":{"line":89,"column":64}},"type":"cond-expr","locations":[{"start":{"line":89,"column":27},"end":{"line":89,"column":59}},{"start":{"line":89,"column":62},"end":{"line":89,"column":64}}],"line":89},"36":{"loc":{"start":{"line":90,"column":8},"end":{"line":90,"column":49}},"type":"cond-expr","locations":[{"start":{"line":90,"column":22},"end":{"line":90,"column":44}},{"start":{"line":90,"column":47},"end":{"line":90,"column":49}}],"line":90},"37":{"loc":{"start":{"line":96,"column":8},"end":{"line":96,"column":60}},"type":"cond-expr","locations":[{"start":{"line":96,"column":21},"end":{"line":96,"column":55}},{"start":{"line":96,"column":58},"end":{"line":96,"column":60}}],"line":96},"38":{"loc":{"start":{"line":97,"column":8},"end":{"line":97,"column":63}},"type":"cond-expr","locations":[{"start":{"line":97,"column":36},"end":{"line":97,"column":58}},{"start":{"line":97,"column":61},"end":{"line":97,"column":63}}],"line":97},"39":{"loc":{"start":{"line":98,"column":8},"end":{"line":98,"column":81}},"type":"cond-expr","locations":[{"start":{"line":98,"column":42},"end":{"line":98,"column":76}},{"start":{"line":98,"column":79},"end":{"line":98,"column":81}}],"line":98},"40":{"loc":{"start":{"line":99,"column":8},"end":{"line":99,"column":75}},"type":"cond-expr","locations":[{"start":{"line":99,"column":40},"end":{"line":99,"column":70}},{"start":{"line":99,"column":73},"end":{"line":99,"column":75}}],"line":99},"41":{"loc":{"start":{"line":100,"column":8},"end":{"line":100,"column":72}},"type":"cond-expr","locations":[{"start":{"line":100,"column":39},"end":{"line":100,"column":67}},{"start":{"line":100,"column":70},"end":{"line":100,"column":72}}],"line":100},"42":{"loc":{"start":{"line":101,"column":8},"end":{"line":101,"column":66}},"type":"cond-expr","locations":[{"start":{"line":101,"column":23},"end":{"line":101,"column":61}},{"start":{"line":101,"column":64},"end":{"line":101,"column":66}}],"line":101},"43":{"loc":{"start":{"line":102,"column":8},"end":{"line":102,"column":105}},"type":"cond-expr","locations":[{"start":{"line":102,"column":68},"end":{"line":102,"column":100}},{"start":{"line":102,"column":103},"end":{"line":102,"column":105}}],"line":102},"44":{"loc":{"start":{"line":103,"column":8},"end":{"line":103,"column":63}},"type":"cond-expr","locations":[{"start":{"line":103,"column":36},"end":{"line":103,"column":58}},{"start":{"line":103,"column":61},"end":{"line":103,"column":63}}],"line":103},"45":{"loc":{"start":{"line":108,"column":2},"end":{"line":108,"column":26}},"type":"if","locations":[{"start":{"line":108,"column":2},"end":{"line":108,"column":26}},{"start":{},"end":{}}],"line":108},"46":{"loc":{"start":{"line":115,"column":12},"end":{"line":115,"column":111}},"type":"cond-expr","locations":[{"start":{"line":115,"column":30},"end":{"line":115,"column":98}},{"start":{"line":115,"column":102},"end":{"line":115,"column":111}}],"line":115},"47":{"loc":{"start":{"line":115,"column":30},"end":{"line":115,"column":98}},"type":"binary-expr","locations":[{"start":{"line":115,"column":30},"end":{"line":115,"column":66}},{"start":{"line":115,"column":70},"end":{"line":115,"column":98}}],"line":115},"48":{"loc":{"start":{"line":116,"column":10},"end":{"line":116,"column":69}},"type":"cond-expr","locations":[{"start":{"line":116,"column":25},"end":{"line":116,"column":57}},{"start":{"line":116,"column":60},"end":{"line":116,"column":69}}],"line":116},"49":{"loc":{"start":{"line":128,"column":2},"end":{"line":130,"column":3}},"type":"if","locations":[{"start":{"line":128,"column":2},"end":{"line":130,"column":3}},{"start":{},"end":{}}],"line":128},"50":{"loc":{"start":{"line":134,"column":55},"end":{"line":134,"column":94}},"type":"binary-expr","locations":[{"start":{"line":134,"column":55},"end":{"line":134,"column":78}},{"start":{"line":134,"column":82},"end":{"line":134,"column":94}}],"line":134},"51":{"loc":{"start":{"line":205,"column":10},"end":{"line":205,"column":56}},"type":"cond-expr","locations":[{"start":{"line":205,"column":26},"end":{"line":205,"column":51}},{"start":{"line":205,"column":54},"end":{"line":205,"column":56}}],"line":205},"52":{"loc":{"start":{"line":206,"column":10},"end":{"line":206,"column":82}},"type":"cond-expr","locations":[{"start":{"line":206,"column":40},"end":{"line":206,"column":77}},{"start":{"line":206,"column":80},"end":{"line":206,"column":82}}],"line":206},"53":{"loc":{"start":{"line":210,"column":2},"end":{"line":210,"column":38}},"type":"if","locations":[{"start":{"line":210,"column":2},"end":{"line":210,"column":38}},{"start":{},"end":{}}],"line":210},"54":{"loc":{"start":{"line":213,"column":11},"end":{"line":213,"column":91}},"type":"cond-expr","locations":[{"start":{"line":213,"column":40},"end":{"line":213,"column":64}},{"start":{"line":213,"column":67},"end":{"line":213,"column":91}}],"line":213},"55":{"loc":{"start":{"line":213,"column":74},"end":{"line":213,"column":90}},"type":"binary-expr","locations":[{"start":{"line":213,"column":74},"end":{"line":213,"column":84}},{"start":{"line":213,"column":88},"end":{"line":213,"column":90}}],"line":213},"56":{"loc":{"start":{"line":214,"column":9},"end":{"line":214,"column":83}},"type":"cond-expr","locations":[{"start":{"line":214,"column":36},"end":{"line":214,"column":58}},{"start":{"line":214,"column":61},"end":{"line":214,"column":83}}],"line":214},"57":{"loc":{"start":{"line":214,"column":68},"end":{"line":214,"column":82}},"type":"binary-expr","locations":[{"start":{"line":214,"column":68},"end":{"line":214,"column":76}},{"start":{"line":214,"column":80},"end":{"line":214,"column":82}}],"line":214},"58":{"loc":{"start":{"line":218,"column":63},"end":{"line":218,"column":73}},"type":"default-arg","locations":[{"start":{"line":218,"column":71},"end":{"line":218,"column":73}}],"line":218},"59":{"loc":{"start":{"line":227,"column":15},"end":{"line":227,"column":57}},"type":"cond-expr","locations":[{"start":{"line":227,"column":43},"end":{"line":227,"column":52}},{"start":{"line":227,"column":55},"end":{"line":227,"column":57}}],"line":227},"60":{"loc":{"start":{"line":229,"column":29},"end":{"line":229,"column":48}},"type":"binary-expr","locations":[{"start":{"line":229,"column":29},"end":{"line":229,"column":42}},{"start":{"line":229,"column":46},"end":{"line":229,"column":48}}],"line":229},"61":{"loc":{"start":{"line":230,"column":28},"end":{"line":230,"column":46}},"type":"binary-expr","locations":[{"start":{"line":230,"column":28},"end":{"line":230,"column":40}},{"start":{"line":230,"column":44},"end":{"line":230,"column":46}}],"line":230},"62":{"loc":{"start":{"line":233,"column":17},"end":{"line":233,"column":29}},"type":"binary-expr","locations":[{"start":{"line":233,"column":17},"end":{"line":233,"column":23}},{"start":{"line":233,"column":27},"end":{"line":233,"column":29}}],"line":233},"63":{"loc":{"start":{"line":236,"column":19},"end":{"line":236,"column":61}},"type":"binary-expr","locations":[{"start":{"line":236,"column":19},"end":{"line":236,"column":27}},{"start":{"line":236,"column":32},"end":{"line":236,"column":36}},{"start":{"line":236,"column":40},"end":{"line":236,"column":60}}],"line":236},"64":{"loc":{"start":{"line":236,"column":47},"end":{"line":236,"column":59}},"type":"binary-expr","locations":[{"start":{"line":236,"column":47},"end":{"line":236,"column":53}},{"start":{"line":236,"column":57},"end":{"line":236,"column":59}}],"line":236},"65":{"loc":{"start":{"line":241,"column":43},"end":{"line":241,"column":54}},"type":"default-arg","locations":[{"start":{"line":241,"column":51},"end":{"line":241,"column":54}}],"line":241},"66":{"loc":{"start":{"line":249,"column":15},"end":{"line":249,"column":57}},"type":"cond-expr","locations":[{"start":{"line":249,"column":43},"end":{"line":249,"column":52}},{"start":{"line":249,"column":55},"end":{"line":249,"column":57}}],"line":249},"67":{"loc":{"start":{"line":251,"column":15},"end":{"line":251,"column":27}},"type":"binary-expr","locations":[{"start":{"line":251,"column":15},"end":{"line":251,"column":21}},{"start":{"line":251,"column":25},"end":{"line":251,"column":27}}],"line":251},"68":{"loc":{"start":{"line":252,"column":22},"end":{"line":252,"column":41}},"type":"binary-expr","locations":[{"start":{"line":252,"column":22},"end":{"line":252,"column":35}},{"start":{"line":252,"column":39},"end":{"line":252,"column":41}}],"line":252},"69":{"loc":{"start":{"line":253,"column":21},"end":{"line":253,"column":39}},"type":"binary-expr","locations":[{"start":{"line":253,"column":21},"end":{"line":253,"column":33}},{"start":{"line":253,"column":37},"end":{"line":253,"column":39}}],"line":253},"70":{"loc":{"start":{"line":254,"column":11},"end":{"line":254,"column":60}},"type":"cond-expr","locations":[{"start":{"line":254,"column":31},"end":{"line":254,"column":40}},{"start":{"line":254,"column":43},"end":{"line":254,"column":60}}],"line":254}},"s":{"0":1,"1":1,"2":3,"3":3,"4":1,"5":2,"6":1,"7":1,"8":0,"9":1,"10":0,"11":1,"12":1,"13":0,"14":0,"15":0,"16":3,"17":3,"18":0,"19":3,"20":3,"21":0,"22":0,"23":0,"24":0,"25":0,"26":3,"27":3,"28":3,"29":3,"30":3,"31":3,"32":3,"33":0,"34":1,"35":1,"36":0,"37":1,"38":1,"39":1,"40":0,"41":1,"42":1,"43":1,"44":0,"45":0,"46":0,"47":0,"48":1,"49":1,"50":1,"51":1,"52":1,"53":1,"54":1,"55":0,"56":1,"57":1,"58":0,"59":0,"60":0,"61":0,"62":0,"63":0,"64":0,"65":0,"66":0,"67":0,"68":0},"f":{"0":3,"1":3,"2":3,"3":0,"4":1,"5":1,"6":1,"7":1,"8":1,"9":0,"10":0,"11":1,"12":1,"13":1,"14":1,"15":1,"16":0,"17":0,"18":0,"19":0},"b":{"0":[3,0],"1":[1,2],"2":[1,1],"3":[0,1],"4":[0,1],"5":[1,0],"6":[0,0],"7":[3,0],"8":[0,3],"9":[3,0],"10":[0,0],"11":[0,0],"12":[3,3],"13":[3,3],"14":[3,0,0,0],"15":[3,0],"16":[3,0],"17":[3,0],"18":[3,0],"19":[3,0],"20":[3,0,0],"21":[0,0],"22":[3,0],"23":[3,0],"24":[3,0],"25":[3,0],"26":[3,0],"27":[0,0],"28":[3,0],"29":[3,0],"30":[3,0],"31":[3,0],"32":[3,0,0],"33":[3,0],"34":[0,0],"35":[0,0],"36":[0,0],"37":[0,1],"38":[1,0],"39":[0,1],"40":[0,1],"41":[0,1],"42":[1,0],"43":[0,1],"44":[0,1],"45":[0,1],"46":[1,0],"47":[1,0],"48":[0,1],"49":[0,1],"50":[1,1],"51":[1,0],"52":[1,0],"53":[0,1],"54":[0,1],"55":[1,0],"56":[0,1],"57":[1,0],"58":[0],"59":[0,0],"60":[0,0],"61":[0,0],"62":[0,0],"63":[0,0,0],"64":[0,0],"65":[0],"66":[0,0],"67":[0,0],"68":[0,0],"69":[0,0],"70":[0,0]},"_coverageSchema":"1a1c01bbd47fc00a2c39e90264f33305004495a9","hash":"18b109150d277d3cc7cc68a55dadb6920d60c6c9"}
,"C:\\Users\\Aleksay\\Desktop\\tpv\\tpv-mobile\\src\\api\\auth.api.ts": {"path":"C:\\Users\\Aleksay\\Desktop\\tpv\\tpv-mobile\\src\\api\\auth.api.ts","statementMap":{"0":{"start":{"line":19,"column":26},"end":{"line":19,"column":45}},"1":{"start":{"line":20,"column":19},"end":{"line":20,"column":80}},"2":{"start":{"line":21,"column":2},"end":{"line":21,"column":14}},"3":{"start":{"line":30,"column":29},"end":{"line":30,"column":46}},"4":{"start":{"line":31,"column":19},"end":{"line":31,"column":84}},"5":{"start":{"line":32,"column":2},"end":{"line":32,"column":14}},"6":{"start":{"line":41,"column":19},"end":{"line":54,"column":3}},"7":{"start":{"line":56,"column":16},"end":{"line":76,"column":6}},"8":{"start":{"line":57,"column":73},"end":{"line":57,"column":123}},"9":{"start":{"line":59,"column":24},"end":{"line":59,"column":87}},"10":{"start":{"line":60,"column":23},"end":{"line":60,"column":84}},"11":{"start":{"line":61,"column":34},"end":{"line":61,"column":77}},"12":{"start":{"line":62,"column":26},"end":{"line":64,"column":29}},"13":{"start":{"line":65,"column":31},"end":{"line":65,"column":95}},"14":{"start":{"line":66,"column":23},"end":{"line":68,"column":26}},"15":{"start":{"line":70,"column":6},"end":{"line":75,"column":8}},"16":{"start":{"line":78,"column":2},"end":{"line":82,"column":4}},"17":{"start":{"line":90,"column":37},"end":{"line":90,"column":52}},"18":{"start":{"line":91,"column":19},"end":{"line":91,"column":93}},"19":{"start":{"line":92,"column":2},"end":{"line":92,"column":14}},"20":{"start":{"line":100,"column":33},"end":{"line":100,"column":49}},"21":{"start":{"line":101,"column":19},"end":{"line":101,"column":82}},"22":{"start":{"line":102,"column":2},"end":{"line":102,"column":14}},"23":{"start":{"line":110,"column":27},"end":{"line":110,"column":43}},"24":{"start":{"line":111,"column":2},"end":{"line":111,"column":46}},"25":{"start":{"line":119,"column":2},"end":{"line":123,"column":3}},"26":{"start":{"line":120,"column":4},"end":{"line":120,"column":45}},"27":{"start":{"line":122,"column":4},"end":{"line":122,"column":53}},"28":{"start":{"line":131,"column":2},"end":{"line":131,"column":55}},"29":{"start":{"line":139,"column":19},"end":{"line":139,"column":66}},"30":{"start":{"line":140,"column":2},"end":{"line":140,"column":14}}},"fnMap":{"0":{"name":"login","decl":{"start":{"line":18,"column":22},"end":{"line":18,"column":27}},"loc":{"start":{"line":18,"column":89},"end":{"line":22,"column":1}},"line":18},"1":{"name":"loginWithPin","decl":{"start":{"line":29,"column":22},"end":{"line":29,"column":34}},"loc":{"start":{"line":29,"column":95},"end":{"line":33,"column":1}},"line":29},"2":{"name":"getQuickAccessProfilesWithContext","decl":{"start":{"line":40,"column":22},"end":{"line":40,"column":55}},"loc":{"start":{"line":40,"column":102},"end":{"line":83,"column":1}},"line":40},"3":{"name":"(anonymous_3)","decl":{"start":{"line":57,"column":12},"end":{"line":57,"column":13}},"loc":{"start":{"line":57,"column":73},"end":{"line":57,"column":123}},"line":57},"4":{"name":"(anonymous_4)","decl":{"start":{"line":58,"column":9},"end":{"line":58,"column":10}},"loc":{"start":{"line":58,"column":19},"end":{"line":76,"column":5}},"line":58},"5":{"name":"loginWithQuickAccess","decl":{"start":{"line":89,"column":22},"end":{"line":89,"column":42}},"loc":{"start":{"line":89,"column":100},"end":{"line":93,"column":1}},"line":89},"6":{"name":"refresh","decl":{"start":{"line":99,"column":22},"end":{"line":99,"column":29}},"loc":{"start":{"line":99,"column":80},"end":{"line":103,"column":1}},"line":99},"7":{"name":"logout","decl":{"start":{"line":109,"column":22},"end":{"line":109,"column":28}},"loc":{"start":{"line":109,"column":67},"end":{"line":112,"column":1}},"line":109},"8":{"name":"logoutAllDevices","decl":{"start":{"line":118,"column":22},"end":{"line":118,"column":38}},"loc":{"start":{"line":118,"column":56},"end":{"line":124,"column":1}},"line":118},"9":{"name":"changePassword","decl":{"start":{"line":130,"column":22},"end":{"line":130,"column":36}},"loc":{"start":{"line":130,"column":82},"end":{"line":132,"column":1}},"line":130},"10":{"name":"getCurrentUser","decl":{"start":{"line":138,"column":22},"end":{"line":138,"column":36}},"loc":{"start":{"line":138,"column":64},"end":{"line":141,"column":1}},"line":138}},"branchMap":{"0":{"loc":{"start":{"line":56,"column":17},"end":{"line":56,"column":33}},"type":"binary-expr","locations":[{"start":{"line":56,"column":17},"end":{"line":56,"column":27}},{"start":{"line":56,"column":31},"end":{"line":56,"column":33}}],"line":56},"1":{"loc":{"start":{"line":57,"column":73},"end":{"line":57,"column":123}},"type":"binary-expr","locations":[{"start":{"line":57,"column":73},"end":{"line":57,"column":101}},{"start":{"line":57,"column":105},"end":{"line":57,"column":123}}],"line":57},"2":{"loc":{"start":{"line":59,"column":24},"end":{"line":59,"column":87}},"type":"cond-expr","locations":[{"start":{"line":59,"column":61},"end":{"line":59,"column":82}},{"start":{"line":59,"column":85},"end":{"line":59,"column":87}}],"line":59},"3":{"loc":{"start":{"line":60,"column":23},"end":{"line":60,"column":84}},"type":"cond-expr","locations":[{"start":{"line":60,"column":59},"end":{"line":60,"column":79}},{"start":{"line":60,"column":82},"end":{"line":60,"column":84}}],"line":60},"4":{"loc":{"start":{"line":61,"column":34},"end":{"line":61,"column":77}},"type":"binary-expr","locations":[{"start":{"line":61,"column":34},"end":{"line":61,"column":67}},{"start":{"line":61,"column":71},"end":{"line":61,"column":77}}],"line":61},"5":{"loc":{"start":{"line":62,"column":26},"end":{"line":64,"column":29}},"type":"cond-expr","locations":[{"start":{"line":63,"column":10},"end":{"line":63,"column":33}},{"start":{"line":64,"column":10},"end":{"line":64,"column":29}}],"line":62},"6":{"loc":{"start":{"line":62,"column":26},"end":{"line":62,"column":100}},"type":"binary-expr","locations":[{"start":{"line":62,"column":26},"end":{"line":62,"column":62}},{"start":{"line":62,"column":66},"end":{"line":62,"column":100}}],"line":62},"7":{"loc":{"start":{"line":65,"column":31},"end":{"line":65,"column":95}},"type":"binary-expr","locations":[{"start":{"line":65,"column":31},"end":{"line":65,"column":88}},{"start":{"line":65,"column":92},"end":{"line":65,"column":95}}],"line":65},"8":{"loc":{"start":{"line":65,"column":34},"end":{"line":65,"column":52}},"type":"binary-expr","locations":[{"start":{"line":65,"column":34},"end":{"line":65,"column":46}},{"start":{"line":65,"column":50},"end":{"line":65,"column":52}}],"line":65},"9":{"loc":{"start":{"line":65,"column":55},"end":{"line":65,"column":72}},"type":"binary-expr","locations":[{"start":{"line":65,"column":55},"end":{"line":65,"column":66}},{"start":{"line":65,"column":70},"end":{"line":65,"column":72}}],"line":65},"10":{"loc":{"start":{"line":66,"column":23},"end":{"line":68,"column":26}},"type":"cond-expr","locations":[{"start":{"line":67,"column":10},"end":{"line":67,"column":44}},{"start":{"line":68,"column":10},"end":{"line":68,"column":26}}],"line":66},"11":{"loc":{"start":{"line":66,"column":23},"end":{"line":66,"column":91}},"type":"binary-expr","locations":[{"start":{"line":66,"column":23},"end":{"line":66,"column":56}},{"start":{"line":66,"column":60},"end":{"line":66,"column":91}}],"line":66},"12":{"loc":{"start":{"line":74,"column":14},"end":{"line":74,"column":105}},"type":"cond-expr","locations":[{"start":{"line":74,"column":77},"end":{"line":74,"column":93}},{"start":{"line":74,"column":96},"end":{"line":74,"column":105}}],"line":74},"13":{"loc":{"start":{"line":74,"column":14},"end":{"line":74,"column":74}},"type":"binary-expr","locations":[{"start":{"line":74,"column":14},"end":{"line":74,"column":43}},{"start":{"line":74,"column":47},"end":{"line":74,"column":74}}],"line":74}},"s":{"0":0,"1":0,"2":0,"3":0,"4":0,"5":0,"6":0,"7":0,"8":0,"9":0,"10":0,"11":0,"12":0,"13":0,"14":0,"15":0,"16":0,"17":0,"18":0,"19":0,"20":0,"21":0,"22":0,"23":0,"24":0,"25":1,"26":1,"27":1,"28":1,"29":0,"30":0},"f":{"0":0,"1":0,"2":0,"3":0,"4":0,"5":0,"6":0,"7":0,"8":1,"9":1,"10":0},"b":{"0":[0,0],"1":[0,0],"2":[0,0],"3":[0,0],"4":[0,0],"5":[0,0],"6":[0,0],"7":[0,0],"8":[0,0],"9":[0,0],"10":[0,0],"11":[0,0],"12":[0,0],"13":[0,0]},"_coverageSchema":"1a1c01bbd47fc00a2c39e90264f33305004495a9","hash":"0871448a394fd1bdd10bb7c3152d5bdd9b43d882"}
,"C:\\Users\\Aleksay\\Desktop\\tpv\\tpv-mobile\\src\\api\\client.ts": {"path":"C:\\Users\\Aleksay\\Desktop\\tpv\\tpv-mobile\\src\\api\\client.ts","statementMap":{"0":{"start":{"line":12,"column":52},"end":{"line":12,"column":56}},"1":{"start":{"line":15,"column":38},"end":{"line":15,"column":40}},"2":{"start":{"line":16,"column":2},"end":{"line":16,"column":34}},"3":{"start":{"line":16,"column":23},"end":{"line":16,"column":34}},"4":{"start":{"line":18,"column":2},"end":{"line":22,"column":5}},"5":{"start":{"line":19,"column":4},"end":{"line":21,"column":5}},"6":{"start":{"line":20,"column":6},"end":{"line":20,"column":23}},"7":{"start":{"line":24,"column":2},"end":{"line":24,"column":13}},"8":{"start":{"line":28,"column":2},"end":{"line":28,"column":28}},"9":{"start":{"line":28,"column":15},"end":{"line":28,"column":28}},"10":{"start":{"line":29,"column":21},"end":{"line":29,"column":41}},"11":{"start":{"line":30,"column":2},"end":{"line":30,"column":108}},"12":{"start":{"line":34,"column":2},"end":{"line":34,"column":33}},"13":{"start":{"line":34,"column":20},"end":{"line":34,"column":33}},"14":{"start":{"line":35,"column":2},"end":{"line":35,"column":62}},"15":{"start":{"line":35,"column":49},"end":{"line":35,"column":62}},"16":{"start":{"line":36,"column":2},"end":{"line":36,"column":50}},"17":{"start":{"line":36,"column":37},"end":{"line":36,"column":50}},"18":{"start":{"line":38,"column":14},"end":{"line":38,"column":38}},"19":{"start":{"line":39,"column":2},"end":{"line":41,"column":3}},"20":{"start":{"line":40,"column":4},"end":{"line":40,"column":17}},"21":{"start":{"line":44,"column":2},"end":{"line":44,"column":25}},"22":{"start":{"line":48,"column":2},"end":{"line":48,"column":72}},"23":{"start":{"line":52,"column":15},"end":{"line":52,"column":126}},"24":{"start":{"line":53,"column":2},"end":{"line":58,"column":4}},"25":{"start":{"line":62,"column":26},"end":{"line":62,"column":49}},"26":{"start":{"line":63,"column":2},"end":{"line":69,"column":3}},"27":{"start":{"line":64,"column":4},"end":{"line":64,"column":59}},"28":{"start":{"line":65,"column":21},"end":{"line":65,"column":54}},"29":{"start":{"line":66,"column":4},"end":{"line":68,"column":5}},"30":{"start":{"line":67,"column":6},"end":{"line":67,"column":47}},"31":{"start":{"line":70,"column":2},"end":{"line":70,"column":61}},"32":{"start":{"line":71,"column":2},"end":{"line":71,"column":16}},"33":{"start":{"line":75,"column":15},"end":{"line":75,"column":38}},"34":{"start":{"line":76,"column":2},"end":{"line":78,"column":3}},"35":{"start":{"line":77,"column":4},"end":{"line":77,"column":16}},"36":{"start":{"line":80,"column":2},"end":{"line":91,"column":3}},"37":{"start":{"line":81,"column":21},"end":{"line":85,"column":5}},"38":{"start":{"line":86,"column":4},"end":{"line":86,"column":80}},"39":{"start":{"line":87,"column":4},"end":{"line":87,"column":37}},"40":{"start":{"line":89,"column":4},"end":{"line":89,"column":24}},"41":{"start":{"line":90,"column":4},"end":{"line":90,"column":16}},"42":{"start":{"line":94,"column":25},"end":{"line":97,"column":2}},"43":{"start":{"line":99,"column":0},"end":{"line":99,"column":46}},"44":{"start":{"line":100,"column":0},"end":{"line":144,"column":2}},"45":{"start":{"line":101,"column":16},"end":{"line":101,"column":24}},"46":{"start":{"line":103,"column":19},"end":{"line":103,"column":62}},"47":{"start":{"line":104,"column":4},"end":{"line":119,"column":5}},"48":{"start":{"line":105,"column":6},"end":{"line":105,"column":27}},"49":{"start":{"line":107,"column":6},"end":{"line":111,"column":7}},"50":{"start":{"line":108,"column":8},"end":{"line":110,"column":11}},"51":{"start":{"line":109,"column":10},"end":{"line":109,"column":32}},"52":{"start":{"line":113,"column":29},"end":{"line":113,"column":49}},"53":{"start":{"line":114,"column":6},"end":{"line":118,"column":7}},"54":{"start":{"line":115,"column":8},"end":{"line":115,"column":46}},"55":{"start":{"line":116,"column":8},"end":{"line":116,"column":66}},"56":{"start":{"line":117,"column":8},"end":{"line":117,"column":41}},"57":{"start":{"line":121,"column":4},"end":{"line":140,"column":5}},"58":{"start":{"line":122,"column":21},"end":{"line":128,"column":8}},"59":{"start":{"line":129,"column":6},"end":{"line":133,"column":9}},"60":{"start":{"line":135,"column":6},"end":{"line":139,"column":28}},"61":{"start":{"line":142,"column":4},"end":{"line":142,"column":49}}},"fnMap":{"0":{"name":"toHeaderRecord","decl":{"start":{"line":14,"column":9},"end":{"line":14,"column":23}},"loc":{"start":{"line":14,"column":84},"end":{"line":25,"column":1}},"line":14},"1":{"name":"(anonymous_1)","decl":{"start":{"line":18,"column":41},"end":{"line":18,"column":42}},"loc":{"start":{"line":18,"column":59},"end":{"line":22,"column":3}},"line":18},"2":{"name":"isWriteMethod","decl":{"start":{"line":27,"column":9},"end":{"line":27,"column":22}},"loc":{"start":{"line":27,"column":87},"end":{"line":31,"column":1}},"line":27},"3":{"name":"isQueueCandidate","decl":{"start":{"line":33,"column":9},"end":{"line":33,"column":25}},"loc":{"start":{"line":33,"column":80},"end":{"line":45,"column":1}},"line":33},"4":{"name":"createCorrelationId","decl":{"start":{"line":47,"column":9},"end":{"line":47,"column":28}},"loc":{"start":{"line":47,"column":39},"end":{"line":49,"column":1}},"line":47},"5":{"name":"normalizeError","decl":{"start":{"line":51,"column":9},"end":{"line":51,"column":23}},"loc":{"start":{"line":51,"column":53},"end":{"line":59,"column":1}},"line":51},"6":{"name":"onRequest","decl":{"start":{"line":61,"column":15},"end":{"line":61,"column":24}},"loc":{"start":{"line":61,"column":98},"end":{"line":72,"column":1}},"line":61},"7":{"name":"refreshAccessToken","decl":{"start":{"line":74,"column":15},"end":{"line":74,"column":33}},"loc":{"start":{"line":74,"column":60},"end":{"line":92,"column":1}},"line":74},"8":{"name":"(anonymous_8)","decl":{"start":{"line":101,"column":2},"end":{"line":101,"column":3}},"loc":{"start":{"line":101,"column":16},"end":{"line":101,"column":24}},"line":101},"9":{"name":"(anonymous_9)","decl":{"start":{"line":102,"column":2},"end":{"line":102,"column":3}},"loc":{"start":{"line":102,"column":31},"end":{"line":143,"column":3}},"line":102},"10":{"name":"(anonymous_10)","decl":{"start":{"line":108,"column":54},"end":{"line":108,"column":55}},"loc":{"start":{"line":108,"column":60},"end":{"line":110,"column":9}},"line":108}},"branchMap":{"0":{"loc":{"start":{"line":16,"column":2},"end":{"line":16,"column":34}},"type":"if","locations":[{"start":{"line":16,"column":2},"end":{"line":16,"column":34}},{"start":{},"end":{}}],"line":16},"1":{"loc":{"start":{"line":19,"column":4},"end":{"line":21,"column":5}},"type":"if","locations":[{"start":{"line":19,"column":4},"end":{"line":21,"column":5}},{"start":{},"end":{}}],"line":19},"2":{"loc":{"start":{"line":28,"column":2},"end":{"line":28,"column":28}},"type":"if","locations":[{"start":{"line":28,"column":2},"end":{"line":28,"column":28}},{"start":{},"end":{}}],"line":28},"3":{"loc":{"start":{"line":30,"column":9},"end":{"line":30,"column":107}},"type":"binary-expr","locations":[{"start":{"line":30,"column":9},"end":{"line":30,"column":30}},{"start":{"line":30,"column":34},"end":{"line":30,"column":54}},{"start":{"line":30,"column":58},"end":{"line":30,"column":80}},{"start":{"line":30,"column":84},"end":{"line":30,"column":107}}],"line":30},"4":{"loc":{"start":{"line":34,"column":2},"end":{"line":34,"column":33}},"type":"if","locations":[{"start":{"line":34,"column":2},"end":{"line":34,"column":33}},{"start":{},"end":{}}],"line":34},"5":{"loc":{"start":{"line":35,"column":2},"end":{"line":35,"column":62}},"type":"if","locations":[{"start":{"line":35,"column":2},"end":{"line":35,"column":62}},{"start":{},"end":{}}],"line":35},"6":{"loc":{"start":{"line":36,"column":2},"end":{"line":36,"column":50}},"type":"if","locations":[{"start":{"line":36,"column":2},"end":{"line":36,"column":50}},{"start":{},"end":{}}],"line":36},"7":{"loc":{"start":{"line":39,"column":2},"end":{"line":41,"column":3}},"type":"if","locations":[{"start":{"line":39,"column":2},"end":{"line":41,"column":3}},{"start":{},"end":{}}],"line":39},"8":{"loc":{"start":{"line":39,"column":6},"end":{"line":39,"column":98}},"type":"binary-expr","locations":[{"start":{"line":39,"column":6},"end":{"line":39,"column":33}},{"start":{"line":39,"column":37},"end":{"line":39,"column":66}},{"start":{"line":39,"column":70},"end":{"line":39,"column":98}}],"line":39},"9":{"loc":{"start":{"line":54,"column":12},"end":{"line":54,"column":41}},"type":"binary-expr","locations":[{"start":{"line":54,"column":12},"end":{"line":54,"column":34}},{"start":{"line":54,"column":38},"end":{"line":54,"column":41}}],"line":54},"10":{"loc":{"start":{"line":55,"column":10},"end":{"line":55,"column":44}},"type":"binary-expr","locations":[{"start":{"line":55,"column":10},"end":{"line":55,"column":25}},{"start":{"line":55,"column":29},"end":{"line":55,"column":44}}],"line":55},"11":{"loc":{"start":{"line":56,"column":13},"end":{"line":56,"column":43}},"type":"binary-expr","locations":[{"start":{"line":56,"column":13},"end":{"line":56,"column":26}},{"start":{"line":56,"column":30},"end":{"line":56,"column":43}}],"line":56},"12":{"loc":{"start":{"line":63,"column":2},"end":{"line":69,"column":3}},"type":"if","locations":[{"start":{"line":63,"column":2},"end":{"line":69,"column":3}},{"start":{},"end":{}}],"line":63},"13":{"loc":{"start":{"line":66,"column":4},"end":{"line":68,"column":5}},"type":"if","locations":[{"start":{"line":66,"column":4},"end":{"line":68,"column":5}},{"start":{},"end":{}}],"line":66},"14":{"loc":{"start":{"line":76,"column":2},"end":{"line":78,"column":3}},"type":"if","locations":[{"start":{"line":76,"column":2},"end":{"line":78,"column":3}},{"start":{},"end":{}}],"line":76},"15":{"loc":{"start":{"line":104,"column":4},"end":{"line":119,"column":5}},"type":"if","locations":[{"start":{"line":104,"column":4},"end":{"line":119,"column":5}},{"start":{},"end":{}}],"line":104},"16":{"loc":{"start":{"line":104,"column":8},"end":{"line":104,"column":66}},"type":"binary-expr","locations":[{"start":{"line":104,"column":8},"end":{"line":104,"column":38}},{"start":{"line":104,"column":42},"end":{"line":104,"column":48}},{"start":{"line":104,"column":52},"end":{"line":104,"column":66}}],"line":104},"17":{"loc":{"start":{"line":107,"column":6},"end":{"line":111,"column":7}},"type":"if","locations":[{"start":{"line":107,"column":6},"end":{"line":111,"column":7}},{"start":{},"end":{}}],"line":107},"18":{"loc":{"start":{"line":114,"column":6},"end":{"line":118,"column":7}},"type":"if","locations":[{"start":{"line":114,"column":6},"end":{"line":118,"column":7}},{"start":{},"end":{}}],"line":114},"19":{"loc":{"start":{"line":115,"column":25},"end":{"line":115,"column":45}},"type":"binary-expr","locations":[{"start":{"line":115,"column":25},"end":{"line":115,"column":39}},{"start":{"line":115,"column":43},"end":{"line":115,"column":45}}],"line":115},"20":{"loc":{"start":{"line":121,"column":4},"end":{"line":140,"column":5}},"type":"if","locations":[{"start":{"line":121,"column":4},"end":{"line":140,"column":5}},{"start":{},"end":{}}],"line":121},"21":{"loc":{"start":{"line":121,"column":8},"end":{"line":121,"column":86}},"type":"binary-expr","locations":[{"start":{"line":121,"column":8},"end":{"line":121,"column":39}},{"start":{"line":121,"column":43},"end":{"line":121,"column":54}},{"start":{"line":121,"column":58},"end":{"line":121,"column":86}}],"line":121},"22":{"loc":{"start":{"line":126,"column":16},"end":{"line":126,"column":83}},"type":"binary-expr","locations":[{"start":{"line":126,"column":17},"end":{"line":126,"column":69}},{"start":{"line":126,"column":74},"end":{"line":126,"column":83}}],"line":126}},"s":{"0":8,"1":0,"2":0,"3":0,"4":0,"5":0,"6":0,"7":0,"8":0,"9":0,"10":0,"11":0,"12":0,"13":0,"14":0,"15":0,"16":0,"17":0,"18":0,"19":0,"20":0,"21":0,"22":0,"23":0,"24":0,"25":0,"26":0,"27":0,"28":0,"29":0,"30":0,"31":0,"32":0,"33":0,"34":0,"35":0,"36":0,"37":0,"38":0,"39":0,"40":0,"41":0,"42":8,"43":8,"44":8,"45":0,"46":0,"47":0,"48":0,"49":0,"50":0,"51":0,"52":0,"53":0,"54":0,"55":0,"56":0,"57":0,"58":0,"59":0,"60":0,"61":0},"f":{"0":0,"1":0,"2":0,"3":0,"4":0,"5":0,"6":0,"7":0,"8":0,"9":0,"10":0},"b":{"0":[0,0],"1":[0,0],"2":[0,0],"3":[0,0,0,0],"4":[0,0],"5":[0,0],"6":[0,0],"7":[0,0],"8":[0,0,0],"9":[0,0],"10":[0,0],"11":[0,0],"12":[0,0],"13":[0,0],"14":[0,0],"15":[0,0],"16":[0,0,0],"17":[0,0],"18":[0,0],"19":[0,0],"20":[0,0],"21":[0,0,0],"22":[0,0]},"_coverageSchema":"1a1c01bbd47fc00a2c39e90264f33305004495a9","hash":"49d140e7cf23cb50749243e7d99da1598a268b3e"}
,"C:\\Users\\Aleksay\\Desktop\\tpv\\tpv-mobile\\src\\api\\context.api.ts": {"path":"C:\\Users\\Aleksay\\Desktop\\tpv\\tpv-mobile\\src\\api\\context.api.ts","statementMap":{"0":{"start":{"line":10,"column":19},"end":{"line":12,"column":3}},"1":{"start":{"line":13,"column":2},"end":{"line":13,"column":14}},"2":{"start":{"line":24,"column":19},"end":{"line":27,"column":3}},"3":{"start":{"line":28,"column":2},"end":{"line":28,"column":14}},"4":{"start":{"line":37,"column":2},"end":{"line":37,"column":56}}},"fnMap":{"0":{"name":"getLocalInstallationContext","decl":{"start":{"line":9,"column":22},"end":{"line":9,"column":49}},"loc":{"start":{"line":9,"column":97},"end":{"line":14,"column":1}},"line":9},"1":{"name":"upsertLocalInstallationContext","decl":{"start":{"line":21,"column":22},"end":{"line":21,"column":52}},"loc":{"start":{"line":23,"column":40},"end":{"line":29,"column":1}},"line":23},"2":{"name":"clearLocalInstallationContextRemote","decl":{"start":{"line":36,"column":22},"end":{"line":36,"column":57}},"loc":{"start":{"line":36,"column":75},"end":{"line":38,"column":1}},"line":36}},"branchMap":{},"s":{"0":1,"1":1,"2":1,"3":1,"4":1},"f":{"0":1,"1":1,"2":1},"b":{},"_coverageSchema":"1a1c01bbd47fc00a2c39e90264f33305004495a9","hash":"c62c479aa168eae715100c4f7732797a8f4e9dac"}
,"C:\\Users\\Aleksay\\Desktop\\tpv\\tpv-mobile\\src\\api\\kitchen.api.ts": {"path":"C:\\Users\\Aleksay\\Desktop\\tpv\\tpv-mobile\\src\\api\\kitchen.api.ts","statementMap":{"0":{"start":{"line":14,"column":19},"end":{"line":16,"column":4}},"1":{"start":{"line":18,"column":18},"end":{"line":18,"column":65}},"2":{"start":{"line":19,"column":21},"end":{"line":23,"column":8}},"3":{"start":{"line":25,"column":2},"end":{"line":25,"column":51}},"4":{"start":{"line":37,"column":2},"end":{"line":39,"column":5}}},"fnMap":{"0":{"name":"getKitchenOrders","decl":{"start":{"line":11,"column":22},"end":{"line":11,"column":38}},"loc":{"start":{"line":13,"column":40},"end":{"line":26,"column":1}},"line":13},"1":{"name":"updateKitchenItemStatus","decl":{"start":{"line":32,"column":22},"end":{"line":32,"column":45}},"loc":{"start":{"line":36,"column":17},"end":{"line":40,"column":1}},"line":36}},"branchMap":{"0":{"loc":{"start":{"line":12,"column":2},"end":{"line":12,"column":41}},"type":"default-arg","locations":[{"start":{"line":12,"column":32},"end":{"line":12,"column":41}}],"line":12},"1":{"loc":{"start":{"line":19,"column":21},"end":{"line":23,"column":8}},"type":"cond-expr","locations":[{"start":{"line":20,"column":6},"end":{"line":20,"column":13}},{"start":{"line":21,"column":6},"end":{"line":23,"column":8}}],"line":19},"2":{"loc":{"start":{"line":21,"column":6},"end":{"line":23,"column":8}},"type":"cond-expr","locations":[{"start":{"line":22,"column":6},"end":{"line":22,"column":18}},{"start":{"line":23,"column":6},"end":{"line":23,"column":8}}],"line":21},"3":{"loc":{"start":{"line":21,"column":6},"end":{"line":21,"column":75}},"type":"binary-expr","locations":[{"start":{"line":21,"column":6},"end":{"line":21,"column":13}},{"start":{"line":21,"column":17},"end":{"line":21,"column":44}},{"start":{"line":21,"column":48},"end":{"line":21,"column":75}}],"line":21}},"s":{"0":2,"1":2,"2":2,"3":2,"4":1},"f":{"0":2,"1":1},"b":{"0":[1],"1":[1,1],"2":[1,0],"3":[1,1,1]},"_coverageSchema":"1a1c01bbd47fc00a2c39e90264f33305004495a9","hash":"c8404ba9928546a55a5cf504977f45141a01cdba"}
,"C:\\Users\\Aleksay\\Desktop\\tpv\\tpv-mobile\\src\\api\\pairing.api.ts": {"path":"C:\\Users\\Aleksay\\Desktop\\tpv\\tpv-mobile\\src\\api\\pairing.api.ts","statementMap":{"0":{"start":{"line":12,"column":19},"end":{"line":15,"column":3}},"1":{"start":{"line":16,"column":2},"end":{"line":16,"column":14}},"2":{"start":{"line":26,"column":19},"end":{"line":29,"column":45}},"3":{"start":{"line":30,"column":2},"end":{"line":30,"column":14}}},"fnMap":{"0":{"name":"completePairing","decl":{"start":{"line":9,"column":22},"end":{"line":9,"column":37}},"loc":{"start":{"line":11,"column":47},"end":{"line":17,"column":1}},"line":11},"1":{"name":"getPairingSessionStatus","decl":{"start":{"line":23,"column":22},"end":{"line":23,"column":45}},"loc":{"start":{"line":25,"column":78},"end":{"line":31,"column":1}},"line":25}},"branchMap":{},"s":{"0":1,"1":1,"2":0,"3":0},"f":{"0":1,"1":0},"b":{},"_coverageSchema":"1a1c01bbd47fc00a2c39e90264f33305004495a9","hash":"de57857316be923ffae117567610bfd7484f6bc2"}
,"C:\\Users\\Aleksay\\Desktop\\tpv\\tpv-mobile\\src\\api\\restaurant.api.ts": {"path":"C:\\Users\\Aleksay\\Desktop\\tpv\\tpv-mobile\\src\\api\\restaurant.api.ts","statementMap":{"0":{"start":{"line":23,"column":16},"end":{"line":23,"column":47}},"1":{"start":{"line":24,"column":2},"end":{"line":24,"column":48}},"2":{"start":{"line":24,"column":31},"end":{"line":24,"column":48}},"3":{"start":{"line":25,"column":2},"end":{"line":27,"column":3}},"4":{"start":{"line":26,"column":4},"end":{"line":26,"column":16}},"5":{"start":{"line":28,"column":2},"end":{"line":28,"column":20}},"6":{"start":{"line":32,"column":16},"end":{"line":32,"column":47}},"7":{"start":{"line":33,"column":2},"end":{"line":42,"column":3}},"8":{"start":{"line":41,"column":4},"end":{"line":41,"column":16}},"9":{"start":{"line":43,"column":2},"end":{"line":43,"column":18}},"10":{"start":{"line":47,"column":16},"end":{"line":47,"column":47}},"11":{"start":{"line":48,"column":2},"end":{"line":50,"column":3}},"12":{"start":{"line":49,"column":4},"end":{"line":49,"column":16}},"13":{"start":{"line":51,"column":2},"end":{"line":51,"column":18}},"14":{"start":{"line":55,"column":2},"end":{"line":55,"column":51}},"15":{"start":{"line":55,"column":30},"end":{"line":55,"column":51}},"16":{"start":{"line":56,"column":19},"end":{"line":56,"column":48}},"17":{"start":{"line":57,"column":2},"end":{"line":57,"column":64}},"18":{"start":{"line":57,"column":37},"end":{"line":57,"column":64}},"19":{"start":{"line":58,"column":2},"end":{"line":58,"column":11}},"20":{"start":{"line":62,"column":20},"end":{"line":62,"column":30}},"21":{"start":{"line":63,"column":22},"end":{"line":63,"column":34}},"22":{"start":{"line":64,"column":23},"end":{"line":64,"column":36}},"23":{"start":{"line":65,"column":18},"end":{"line":65,"column":41}},"24":{"start":{"line":66,"column":22},"end":{"line":66,"column":78}},"25":{"start":{"line":67,"column":12},"end":{"line":67,"column":87}},"26":{"start":{"line":68,"column":12},"end":{"line":68,"column":97}},"27":{"start":{"line":70,"column":2},"end":{"line":94,"column":3}},"28":{"start":{"line":98,"column":19},"end":{"line":98,"column":60}},"29":{"start":{"line":99,"column":2},"end":{"line":129,"column":3}},"30":{"start":{"line":105,"column":18},"end":{"line":105,"column":49}},"31":{"start":{"line":106,"column":6},"end":{"line":118,"column":7}},"32":{"start":{"line":135,"column":29},"end":{"line":417,"column":1}},"33":{"start":{"line":147,"column":55},"end":{"line":150,"column":5}},"34":{"start":{"line":151,"column":4},"end":{"line":155,"column":5}},"35":{"start":{"line":152,"column":6},"end":{"line":152,"column":35}},"36":{"start":{"line":153,"column":11},"end":{"line":155,"column":5}},"37":{"start":{"line":154,"column":6},"end":{"line":154,"column":36}},"38":{"start":{"line":156,"column":21},"end":{"line":156,"column":83}},"39":{"start":{"line":157,"column":17},"end":{"line":157,"column":75}},"40":{"start":{"line":158,"column":17},"end":{"line":158,"column":69}},"41":{"start":{"line":158,"column":42},"end":{"line":158,"column":68}},"42":{"start":{"line":159,"column":4},"end":{"line":159,"column":19}},"43":{"start":{"line":168,"column":21},"end":{"line":168,"column":93}},"44":{"start":{"line":169,"column":4},"end":{"line":169,"column":43}},"45":{"start":{"line":183,"column":19},"end":{"line":185,"column":5}},"46":{"start":{"line":186,"column":21},"end":{"line":186,"column":83}},"47":{"start":{"line":187,"column":17},"end":{"line":187,"column":75}},"48":{"start":{"line":188,"column":17},"end":{"line":188,"column":55}},"49":{"start":{"line":188,"column":35},"end":{"line":188,"column":54}},"50":{"start":{"line":189,"column":4},"end":{"line":189,"column":19}},"51":{"start":{"line":198,"column":21},"end":{"line":198,"column":93}},"52":{"start":{"line":199,"column":4},"end":{"line":199,"column":40}},"53":{"start":{"line":218,"column":21},"end":{"line":218,"column":94}},"54":{"start":{"line":219,"column":4},"end":{"line":219,"column":40}},"55":{"start":{"line":236,"column":4},"end":{"line":236,"column":69}},"56":{"start":{"line":249,"column":21},"end":{"line":252,"column":5}},"57":{"start":{"line":253,"column":4},"end":{"line":253,"column":40}},"58":{"start":{"line":266,"column":21},"end":{"line":269,"column":5}},"59":{"start":{"line":270,"column":4},"end":{"line":270,"column":40}},"60":{"start":{"line":282,"column":21},"end":{"line":285,"column":5}},"61":{"start":{"line":286,"column":4},"end":{"line":286,"column":40}},"62":{"start":{"line":295,"column":4},"end":{"line":295,"column":75}},"63":{"start":{"line":304,"column":4},"end":{"line":304,"column":58}},"64":{"start":{"line":313,"column":21},"end":{"line":316,"column":5}},"65":{"start":{"line":317,"column":4},"end":{"line":317,"column":40}},"66":{"start":{"line":329,"column":21},"end":{"line":332,"column":5}},"67":{"start":{"line":333,"column":4},"end":{"line":333,"column":40}},"68":{"start":{"line":355,"column":21},"end":{"line":358,"column":5}},"69":{"start":{"line":359,"column":4},"end":{"line":359,"column":24}},"70":{"start":{"line":370,"column":21},"end":{"line":373,"column":67}},"71":{"start":{"line":374,"column":4},"end":{"line":374,"column":24}},"72":{"start":{"line":390,"column":21},"end":{"line":393,"column":66}},"73":{"start":{"line":394,"column":4},"end":{"line":394,"column":24}},"74":{"start":{"line":399,"column":4},"end":{"line":405,"column":5}},"75":{"start":{"line":400,"column":23},"end":{"line":400,"column":90}},"76":{"start":{"line":401,"column":6},"end":{"line":401,"column":50}},"77":{"start":{"line":401,"column":41},"end":{"line":401,"column":50}},"78":{"start":{"line":402,"column":6},"end":{"line":402,"column":26}},"79":{"start":{"line":404,"column":6},"end":{"line":404,"column":15}},"80":{"start":{"line":410,"column":4},"end":{"line":410,"column":65}},"81":{"start":{"line":415,"column":4},"end":{"line":415,"column":74}},"82":{"start":{"line":433,"column":25},"end":{"line":436,"column":1}},"83":{"start":{"line":434,"column":17},"end":{"line":434,"column":48}},"84":{"start":{"line":435,"column":2},"end":{"line":435,"column":20}},"85":{"start":{"line":438,"column":32},"end":{"line":441,"column":1}},"86":{"start":{"line":439,"column":17},"end":{"line":439,"column":59}},"87":{"start":{"line":440,"column":2},"end":{"line":440,"column":20}},"88":{"start":{"line":443,"column":27},"end":{"line":447,"column":1}},"89":{"start":{"line":446,"column":2},"end":{"line":446,"column":58}}},"fnMap":{"0":{"name":"normalizeTableStatus","decl":{"start":{"line":22,"column":9},"end":{"line":22,"column":29}},"loc":{"start":{"line":22,"column":71},"end":{"line":29,"column":1}},"line":22},"1":{"name":"normalizeOrderStatus","decl":{"start":{"line":31,"column":9},"end":{"line":31,"column":29}},"loc":{"start":{"line":31,"column":71},"end":{"line":44,"column":1}},"line":31},"2":{"name":"normalizeOrderItemStatus","decl":{"start":{"line":46,"column":9},"end":{"line":46,"column":33}},"loc":{"start":{"line":46,"column":94},"end":{"line":52,"column":1}},"line":46},"3":{"name":"unwrapArrayPayload","decl":{"start":{"line":54,"column":9},"end":{"line":54,"column":27}},"loc":{"start":{"line":54,"column":54},"end":{"line":59,"column":1}},"line":54},"4":{"name":"normalizeTable","decl":{"start":{"line":61,"column":9},"end":{"line":61,"column":23}},"loc":{"start":{"line":61,"column":86},"end":{"line":95,"column":1}},"line":61},"5":{"name":"normalizeOrder","decl":{"start":{"line":97,"column":9},"end":{"line":97,"column":23}},"loc":{"start":{"line":97,"column":71},"end":{"line":130,"column":1}},"line":97},"6":{"name":"(anonymous_6)","decl":{"start":{"line":104,"column":24},"end":{"line":104,"column":25}},"loc":{"start":{"line":104,"column":34},"end":{"line":119,"column":5}},"line":104},"7":{"name":"(anonymous_7)","decl":{"start":{"line":142,"column":13},"end":{"line":142,"column":14}},"loc":{"start":{"line":146,"column":46},"end":{"line":160,"column":3}},"line":146},"8":{"name":"(anonymous_8)","decl":{"start":{"line":158,"column":26},"end":{"line":158,"column":27}},"loc":{"start":{"line":158,"column":42},"end":{"line":158,"column":68}},"line":158},"9":{"name":"(anonymous_9)","decl":{"start":{"line":167,"column":16},"end":{"line":167,"column":17}},"loc":{"start":{"line":167,"column":64},"end":{"line":170,"column":3}},"line":167},"10":{"name":"(anonymous_10)","decl":{"start":{"line":177,"column":13},"end":{"line":177,"column":14}},"loc":{"start":{"line":182,"column":46},"end":{"line":190,"column":3}},"line":182},"11":{"name":"(anonymous_11)","decl":{"start":{"line":188,"column":26},"end":{"line":188,"column":27}},"loc":{"start":{"line":188,"column":35},"end":{"line":188,"column":54}},"line":188},"12":{"name":"(anonymous_12)","decl":{"start":{"line":197,"column":16},"end":{"line":197,"column":17}},"loc":{"start":{"line":197,"column":64},"end":{"line":200,"column":3}},"line":197},"13":{"name":"(anonymous_13)","decl":{"start":{"line":207,"column":15},"end":{"line":207,"column":16}},"loc":{"start":{"line":217,"column":34},"end":{"line":220,"column":3}},"line":217},"14":{"name":"(anonymous_14)","decl":{"start":{"line":227,"column":16},"end":{"line":227,"column":17}},"loc":{"start":{"line":235,"column":22},"end":{"line":237,"column":3}},"line":235},"15":{"name":"(anonymous_15)","decl":{"start":{"line":244,"column":25},"end":{"line":244,"column":26}},"loc":{"start":{"line":248,"column":33},"end":{"line":254,"column":3}},"line":248},"16":{"name":"(anonymous_16)","decl":{"start":{"line":261,"column":19},"end":{"line":261,"column":20}},"loc":{"start":{"line":265,"column":33},"end":{"line":271,"column":3}},"line":265},"17":{"name":"(anonymous_17)","decl":{"start":{"line":278,"column":15},"end":{"line":278,"column":16}},"loc":{"start":{"line":281,"column":33},"end":{"line":287,"column":3}},"line":281},"18":{"name":"(anonymous_18)","decl":{"start":{"line":294,"column":19},"end":{"line":294,"column":20}},"loc":{"start":{"line":294,"column":77},"end":{"line":296,"column":3}},"line":294},"19":{"name":"(anonymous_19)","decl":{"start":{"line":303,"column":14},"end":{"line":303,"column":15}},"loc":{"start":{"line":303,"column":51},"end":{"line":305,"column":3}},"line":303},"20":{"name":"(anonymous_20)","decl":{"start":{"line":312,"column":27},"end":{"line":312,"column":28}},"loc":{"start":{"line":312,"column":100},"end":{"line":318,"column":3}},"line":312},"21":{"name":"(anonymous_21)","decl":{"start":{"line":325,"column":27},"end":{"line":325,"column":28}},"loc":{"start":{"line":328,"column":33},"end":{"line":334,"column":3}},"line":328},"22":{"name":"(anonymous_22)","decl":{"start":{"line":341,"column":22},"end":{"line":341,"column":23}},"loc":{"start":{"line":354,"column":66},"end":{"line":360,"column":3}},"line":354},"23":{"name":"(anonymous_23)","decl":{"start":{"line":367,"column":24},"end":{"line":367,"column":25}},"loc":{"start":{"line":369,"column":92},"end":{"line":375,"column":3}},"line":369},"24":{"name":"(anonymous_24)","decl":{"start":{"line":382,"column":24},"end":{"line":382,"column":25}},"loc":{"start":{"line":389,"column":70},"end":{"line":395,"column":3}},"line":389},"25":{"name":"(anonymous_25)","decl":{"start":{"line":398,"column":18},"end":{"line":398,"column":19}},"loc":{"start":{"line":398,"column":59},"end":{"line":406,"column":3}},"line":398},"26":{"name":"(anonymous_26)","decl":{"start":{"line":409,"column":14},"end":{"line":409,"column":15}},"loc":{"start":{"line":409,"column":59},"end":{"line":411,"column":3}},"line":409},"27":{"name":"(anonymous_27)","decl":{"start":{"line":414,"column":18},"end":{"line":414,"column":19}},"loc":{"start":{"line":414,"column":64},"end":{"line":416,"column":3}},"line":414},"28":{"name":"(anonymous_28)","decl":{"start":{"line":433,"column":25},"end":{"line":433,"column":26}},"loc":{"start":{"line":433,"column":65},"end":{"line":436,"column":1}},"line":433},"29":{"name":"(anonymous_29)","decl":{"start":{"line":438,"column":32},"end":{"line":438,"column":33}},"loc":{"start":{"line":438,"column":87},"end":{"line":441,"column":1}},"line":438},"30":{"name":"(anonymous_30)","decl":{"start":{"line":443,"column":27},"end":{"line":443,"column":28}},"loc":{"start":{"line":445,"column":31},"end":{"line":447,"column":1}},"line":445}},"branchMap":{"0":{"loc":{"start":{"line":23,"column":23},"end":{"line":23,"column":32}},"type":"binary-expr","locations":[{"start":{"line":23,"column":23},"end":{"line":23,"column":26}},{"start":{"line":23,"column":30},"end":{"line":23,"column":32}}],"line":23},"1":{"loc":{"start":{"line":24,"column":2},"end":{"line":24,"column":48}},"type":"if","locations":[{"start":{"line":24,"column":2},"end":{"line":24,"column":48}},{"start":{},"end":{}}],"line":24},"2":{"loc":{"start":{"line":25,"column":2},"end":{"line":27,"column":3}},"type":"if","locations":[{"start":{"line":25,"column":2},"end":{"line":27,"column":3}},{"start":{},"end":{}}],"line":25},"3":{"loc":{"start":{"line":25,"column":6},"end":{"line":25,"column":99}},"type":"binary-expr","locations":[{"start":{"line":25,"column":6},"end":{"line":25,"column":27}},{"start":{"line":25,"column":31},"end":{"line":25,"column":51}},{"start":{"line":25,"column":55},"end":{"line":25,"column":75}},{"start":{"line":25,"column":79},"end":{"line":25,"column":99}}],"line":25},"4":{"loc":{"start":{"line":32,"column":23},"end":{"line":32,"column":32}},"type":"binary-expr","locations":[{"start":{"line":32,"column":23},"end":{"line":32,"column":26}},{"start":{"line":32,"column":30},"end":{"line":32,"column":32}}],"line":32},"5":{"loc":{"start":{"line":33,"column":2},"end":{"line":42,"column":3}},"type":"if","locations":[{"start":{"line":33,"column":2},"end":{"line":42,"column":3}},{"start":{},"end":{}}],"line":33},"6":{"loc":{"start":{"line":34,"column":4},"end":{"line":39,"column":25}},"type":"binary-expr","locations":[{"start":{"line":34,"column":4},"end":{"line":34,"column":23}},{"start":{"line":35,"column":4},"end":{"line":35,"column":25}},{"start":{"line":36,"column":4},"end":{"line":36,"column":21}},{"start":{"line":37,"column":4},"end":{"line":37,"column":22}},{"start":{"line":38,"column":4},"end":{"line":38,"column":20}},{"start":{"line":39,"column":4},"end":{"line":39,"column":25}}],"line":34},"7":{"loc":{"start":{"line":47,"column":23},"end":{"line":47,"column":32}},"type":"binary-expr","locations":[{"start":{"line":47,"column":23},"end":{"line":47,"column":26}},{"start":{"line":47,"column":30},"end":{"line":47,"column":32}}],"line":47},"8":{"loc":{"start":{"line":48,"column":2},"end":{"line":50,"column":3}},"type":"if","locations":[{"start":{"line":48,"column":2},"end":{"line":50,"column":3}},{"start":{},"end":{}}],"line":48},"9":{"loc":{"start":{"line":48,"column":6},"end":{"line":48,"column":93}},"type":"binary-expr","locations":[{"start":{"line":48,"column":6},"end":{"line":48,"column":25}},{"start":{"line":48,"column":29},"end":{"line":48,"column":50}},{"start":{"line":48,"column":54},"end":{"line":48,"column":71}},{"start":{"line":48,"column":75},"end":{"line":48,"column":93}}],"line":48},"10":{"loc":{"start":{"line":55,"column":2},"end":{"line":55,"column":51}},"type":"if","locations":[{"start":{"line":55,"column":2},"end":{"line":55,"column":51}},{"start":{},"end":{}}],"line":55},"11":{"loc":{"start":{"line":57,"column":2},"end":{"line":57,"column":64}},"type":"if","locations":[{"start":{"line":57,"column":2},"end":{"line":57,"column":64}},{"start":{},"end":{}}],"line":57},"12":{"loc":{"start":{"line":65,"column":18},"end":{"line":65,"column":41}},"type":"binary-expr","locations":[{"start":{"line":65,"column":18},"end":{"line":65,"column":26}},{"start":{"line":65,"column":30},"end":{"line":65,"column":41}}],"line":65},"13":{"loc":{"start":{"line":67,"column":12},"end":{"line":67,"column":87}},"type":"cond-expr","locations":[{"start":{"line":67,"column":49},"end":{"line":67,"column":62}},{"start":{"line":67,"column":65},"end":{"line":67,"column":87}}],"line":67},"14":{"loc":{"start":{"line":68,"column":12},"end":{"line":68,"column":97}},"type":"cond-expr","locations":[{"start":{"line":68,"column":49},"end":{"line":68,"column":62}},{"start":{"line":68,"column":65},"end":{"line":68,"column":97}}],"line":68},"15":{"loc":{"start":{"line":71,"column":15},"end":{"line":71,"column":27}},"type":"binary-expr","locations":[{"start":{"line":71,"column":15},"end":{"line":71,"column":21}},{"start":{"line":71,"column":25},"end":{"line":71,"column":27}}],"line":71},"16":{"loc":{"start":{"line":72,"column":19},"end":{"line":72,"column":41}},"type":"binary-expr","locations":[{"start":{"line":72,"column":19},"end":{"line":72,"column":28}},{"start":{"line":72,"column":32},"end":{"line":72,"column":41}}],"line":72},"17":{"loc":{"start":{"line":73,"column":14},"end":{"line":73,"column":91}},"type":"cond-expr","locations":[{"start":{"line":73,"column":48},"end":{"line":73,"column":59}},{"start":{"line":73,"column":62},"end":{"line":73,"column":91}}],"line":73},"18":{"loc":{"start":{"line":73,"column":62},"end":{"line":73,"column":91}},"type":"binary-expr","locations":[{"start":{"line":73,"column":62},"end":{"line":73,"column":86}},{"start":{"line":73,"column":90},"end":{"line":73,"column":91}}],"line":73},"19":{"loc":{"start":{"line":73,"column":69},"end":{"line":73,"column":85}},"type":"binary-expr","locations":[{"start":{"line":73,"column":69},"end":{"line":73,"column":80}},{"start":{"line":73,"column":84},"end":{"line":73,"column":85}}],"line":73},"20":{"loc":{"start":{"line":75,"column":6},"end":{"line":75,"column":78}},"type":"cond-expr","locations":[{"start":{"line":75,"column":50},"end":{"line":75,"column":71}},{"start":{"line":75,"column":74},"end":{"line":75,"column":78}}],"line":75},"21":{"loc":{"start":{"line":76,"column":15},"end":{"line":76,"column":95}},"type":"cond-expr","locations":[{"start":{"line":76,"column":50},"end":{"line":76,"column":62}},{"start":{"line":76,"column":65},"end":{"line":76,"column":95}}],"line":76},"22":{"loc":{"start":{"line":76,"column":65},"end":{"line":76,"column":95}},"type":"binary-expr","locations":[{"start":{"line":76,"column":65},"end":{"line":76,"column":90}},{"start":{"line":76,"column":94},"end":{"line":76,"column":95}}],"line":76},"23":{"loc":{"start":{"line":76,"column":72},"end":{"line":76,"column":89}},"type":"binary-expr","locations":[{"start":{"line":76,"column":72},"end":{"line":76,"column":84}},{"start":{"line":76,"column":88},"end":{"line":76,"column":89}}],"line":76},"24":{"loc":{"start":{"line":77,"column":10},"end":{"line":77,"column":85}},"type":"cond-expr","locations":[{"start":{"line":77,"column":69},"end":{"line":77,"column":76}},{"start":{"line":77,"column":79},"end":{"line":77,"column":85}}],"line":77},"25":{"loc":{"start":{"line":77,"column":10},"end":{"line":77,"column":66}},"type":"binary-expr","locations":[{"start":{"line":77,"column":10},"end":{"line":77,"column":37}},{"start":{"line":77,"column":41},"end":{"line":77,"column":66}}],"line":77},"26":{"loc":{"start":{"line":81,"column":6},"end":{"line":83,"column":14}},"type":"cond-expr","locations":[{"start":{"line":82,"column":10},"end":{"line":82,"column":28}},{"start":{"line":83,"column":10},"end":{"line":83,"column":14}}],"line":81},"27":{"loc":{"start":{"line":81,"column":6},"end":{"line":81,"column":84}},"type":"binary-expr","locations":[{"start":{"line":81,"column":6},"end":{"line":81,"column":44}},{"start":{"line":81,"column":48},"end":{"line":81,"column":84}}],"line":81},"28":{"loc":{"start":{"line":85,"column":6},"end":{"line":87,"column":14}},"type":"cond-expr","locations":[{"start":{"line":86,"column":10},"end":{"line":86,"column":25}},{"start":{"line":87,"column":10},"end":{"line":87,"column":14}}],"line":85},"29":{"loc":{"start":{"line":85,"column":6},"end":{"line":85,"column":78}},"type":"binary-expr","locations":[{"start":{"line":85,"column":6},"end":{"line":85,"column":41}},{"start":{"line":85,"column":45},"end":{"line":85,"column":78}}],"line":85},"30":{"loc":{"start":{"line":89,"column":6},"end":{"line":91,"column":14}},"type":"cond-expr","locations":[{"start":{"line":90,"column":10},"end":{"line":90,"column":31}},{"start":{"line":91,"column":10},"end":{"line":91,"column":14}}],"line":89},"31":{"loc":{"start":{"line":89,"column":6},"end":{"line":89,"column":90}},"type":"binary-expr","locations":[{"start":{"line":89,"column":6},"end":{"line":89,"column":47}},{"start":{"line":89,"column":51},"end":{"line":89,"column":90}}],"line":89},"32":{"loc":{"start":{"line":92,"column":22},"end":{"line":92,"column":41}},"type":"binary-expr","locations":[{"start":{"line":92,"column":22},"end":{"line":92,"column":35}},{"start":{"line":92,"column":39},"end":{"line":92,"column":41}}],"line":92},"33":{"loc":{"start":{"line":93,"column":22},"end":{"line":93,"column":41}},"type":"binary-expr","locations":[{"start":{"line":93,"column":22},"end":{"line":93,"column":35}},{"start":{"line":93,"column":39},"end":{"line":93,"column":41}}],"line":93},"34":{"loc":{"start":{"line":98,"column":19},"end":{"line":98,"column":60}},"type":"cond-expr","locations":[{"start":{"line":98,"column":46},"end":{"line":98,"column":55}},{"start":{"line":98,"column":58},"end":{"line":98,"column":60}}],"line":98},"35":{"loc":{"start":{"line":100,"column":15},"end":{"line":100,"column":27}},"type":"binary-expr","locations":[{"start":{"line":100,"column":15},"end":{"line":100,"column":21}},{"start":{"line":100,"column":25},"end":{"line":100,"column":27}}],"line":100},"36":{"loc":{"start":{"line":101,"column":13},"end":{"line":101,"column":70}},"type":"cond-expr","locations":[{"start":{"line":101,"column":47},"end":{"line":101,"column":58}},{"start":{"line":101,"column":61},"end":{"line":101,"column":70}}],"line":101},"37":{"loc":{"start":{"line":102,"column":17},"end":{"line":102,"column":78}},"type":"cond-expr","locations":[{"start":{"line":102,"column":43},"end":{"line":102,"column":66}},{"start":{"line":102,"column":69},"end":{"line":102,"column":78}}],"line":102},"38":{"loc":{"start":{"line":103,"column":15},"end":{"line":103,"column":76}},"type":"cond-expr","locations":[{"start":{"line":103,"column":51},"end":{"line":103,"column":64}},{"start":{"line":103,"column":67},"end":{"line":103,"column":76}}],"line":103},"39":{"loc":{"start":{"line":107,"column":19},"end":{"line":107,"column":31}},"type":"binary-expr","locations":[{"start":{"line":107,"column":19},"end":{"line":107,"column":25}},{"start":{"line":107,"column":29},"end":{"line":107,"column":31}}],"line":107},"40":{"loc":{"start":{"line":108,"column":24},"end":{"line":108,"column":51}},"type":"binary-expr","locations":[{"start":{"line":108,"column":24},"end":{"line":108,"column":35}},{"start":{"line":108,"column":39},"end":{"line":108,"column":45}},{"start":{"line":108,"column":49},"end":{"line":108,"column":51}}],"line":108},"41":{"loc":{"start":{"line":109,"column":26},"end":{"line":109,"column":63}},"type":"binary-expr","locations":[{"start":{"line":109,"column":26},"end":{"line":109,"column":39}},{"start":{"line":109,"column":43},"end":{"line":109,"column":57}},{"start":{"line":109,"column":61},"end":{"line":109,"column":63}}],"line":109},"42":{"loc":{"start":{"line":110,"column":28},"end":{"line":110,"column":69}},"type":"binary-expr","locations":[{"start":{"line":110,"column":28},"end":{"line":110,"column":43}},{"start":{"line":110,"column":47},"end":{"line":110,"column":63}},{"start":{"line":110,"column":67},"end":{"line":110,"column":69}}],"line":110},"43":{"loc":{"start":{"line":111,"column":18},"end":{"line":111,"column":98}},"type":"cond-expr","locations":[{"start":{"line":111,"column":53},"end":{"line":111,"column":65}},{"start":{"line":111,"column":68},"end":{"line":111,"column":98}}],"line":111},"44":{"loc":{"start":{"line":111,"column":68},"end":{"line":111,"column":98}},"type":"binary-expr","locations":[{"start":{"line":111,"column":68},"end":{"line":111,"column":93}},{"start":{"line":111,"column":97},"end":{"line":111,"column":98}}],"line":111},"45":{"loc":{"start":{"line":111,"column":75},"end":{"line":111,"column":92}},"type":"binary-expr","locations":[{"start":{"line":111,"column":75},"end":{"line":111,"column":87}},{"start":{"line":111,"column":91},"end":{"line":111,"column":92}}],"line":111},"46":{"loc":{"start":{"line":113,"column":15},"end":{"line":113,"column":68}},"type":"cond-expr","locations":[{"start":{"line":113,"column":47},"end":{"line":113,"column":56}},{"start":{"line":113,"column":59},"end":{"line":113,"column":68}}],"line":113},"47":{"loc":{"start":{"line":114,"column":17},"end":{"line":114,"column":92}},"type":"cond-expr","locations":[{"start":{"line":114,"column":47},"end":{"line":114,"column":79}},{"start":{"line":114,"column":83},"end":{"line":114,"column":92}}],"line":114},"48":{"loc":{"start":{"line":115,"column":20},"end":{"line":115,"column":83}},"type":"cond-expr","locations":[{"start":{"line":115,"column":57},"end":{"line":115,"column":71}},{"start":{"line":115,"column":74},"end":{"line":115,"column":83}}],"line":115},"49":{"loc":{"start":{"line":116,"column":26},"end":{"line":116,"column":45}},"type":"binary-expr","locations":[{"start":{"line":116,"column":26},"end":{"line":116,"column":39}},{"start":{"line":116,"column":43},"end":{"line":116,"column":45}}],"line":116},"50":{"loc":{"start":{"line":117,"column":26},"end":{"line":117,"column":45}},"type":"binary-expr","locations":[{"start":{"line":117,"column":26},"end":{"line":117,"column":39}},{"start":{"line":117,"column":43},"end":{"line":117,"column":45}}],"line":117},"51":{"loc":{"start":{"line":121,"column":11},"end":{"line":121,"column":64}},"type":"cond-expr","locations":[{"start":{"line":121,"column":43},"end":{"line":121,"column":52}},{"start":{"line":121,"column":55},"end":{"line":121,"column":64}}],"line":121},"52":{"loc":{"start":{"line":122,"column":11},"end":{"line":122,"column":64}},"type":"cond-expr","locations":[{"start":{"line":122,"column":43},"end":{"line":122,"column":52}},{"start":{"line":122,"column":55},"end":{"line":122,"column":64}}],"line":122},"53":{"loc":{"start":{"line":123,"column":22},"end":{"line":123,"column":41}},"type":"binary-expr","locations":[{"start":{"line":123,"column":22},"end":{"line":123,"column":35}},{"start":{"line":123,"column":39},"end":{"line":123,"column":41}}],"line":123},"54":{"loc":{"start":{"line":124,"column":22},"end":{"line":124,"column":41}},"type":"binary-expr","locations":[{"start":{"line":124,"column":22},"end":{"line":124,"column":35}},{"start":{"line":124,"column":39},"end":{"line":124,"column":41}}],"line":124},"55":{"loc":{"start":{"line":126,"column":6},"end":{"line":126,"column":99}},"type":"cond-expr","locations":[{"start":{"line":126,"column":58},"end":{"line":126,"column":87}},{"start":{"line":126,"column":90},"end":{"line":126,"column":99}}],"line":126},"56":{"loc":{"start":{"line":127,"column":21},"end":{"line":127,"column":94}},"type":"cond-expr","locations":[{"start":{"line":127,"column":63},"end":{"line":127,"column":82}},{"start":{"line":127,"column":85},"end":{"line":127,"column":94}}],"line":127},"57":{"loc":{"start":{"line":128,"column
[...]
,"C:\\Users\\Aleksay\\Desktop\\tpv\\tpv-mobile\\src\\store\\terminal.store.ts": {"path":"C:\\Users\\Aleksay\\Desktop\\tpv\\tpv-mobile\\src\\store\\terminal.store.ts","statementMap":{"0":{"start":{"line":37,"column":32},"end":{"line":68,"column":1}},"1":{"start":{"line":39,"column":14},"end":{"line":62,"column":5}},"2":{"start":{"line":45,"column":8},"end":{"line":49,"column":11}},"3":{"start":{"line":52,"column":8},"end":{"line":52,"column":44}},"4":{"start":{"line":55,"column":8},"end":{"line":60,"column":11}},"5":{"start":{"line":65,"column":39},"end":{"line":65,"column":51}}},"fnMap":{"0":{"name":"(anonymous_0)","decl":{"start":{"line":39,"column":4},"end":{"line":39,"column":5}},"loc":{"start":{"line":39,"column":14},"end":{"line":62,"column":5}},"line":39},"1":{"name":"(anonymous_1)","decl":{"start":{"line":44,"column":6},"end":{"line":44,"column":7}},"loc":{"start":{"line":44,"column":58},"end":{"line":50,"column":7}},"line":44},"2":{"name":"(anonymous_2)","decl":{"start":{"line":51,"column":6},"end":{"line":51,"column":7}},"loc":{"start":{"line":51,"column":36},"end":{"line":53,"column":7}},"line":51},"3":{"name":"(anonymous_3)","decl":{"start":{"line":54,"column":6},"end":{"line":54,"column":7}},"loc":{"start":{"line":54,"column":22},"end":{"line":61,"column":7}},"line":54},"4":{"name":"(anonymous_4)","decl":{"start":{"line":65,"column":33},"end":{"line":65,"column":34}},"loc":{"start":{"line":65,"column":39},"end":{"line":65,"column":51}},"line":65}},"branchMap":{},"s":{"0":4,"1":4,"2":8,"3":8,"4":13,"5":4},"f":{"0":4,"1":8,"2":8,"3":13,"4":4},"b":{},"_coverageSchema":"1a1c01bbd47fc00a2c39e90264f33305004495a9","hash":"82a23d17b2bbbd597603cb59b76920a38a0ef02b"}
,"C:\\Users\\Aleksay\\Desktop\\tpv\\tpv-mobile\\src\\utils\\jwt.ts": {"path":"C:\\Users\\Aleksay\\Desktop\\tpv\\tpv-mobile\\src\\utils\\jwt.ts","statementMap":{"0":{"start":{"line":2,"column":2},"end":{"line":10,"column":3}},"1":{"start":{"line":3,"column":20},"end":{"line":3,"column":39}},"2":{"start":{"line":4,"column":4},"end":{"line":4,"column":30}},"3":{"start":{"line":4,"column":18},"end":{"line":4,"column":30}},"4":{"start":{"line":5,"column":23},"end":{"line":5,"column":68}},"5":{"start":{"line":6,"column":20},"end":{"line":6,"column":86}},"6":{"start":{"line":7,"column":4},"end":{"line":7,"column":58}},"7":{"start":{"line":9,"column":4},"end":{"line":9,"column":16}},"8":{"start":{"line":14,"column":18},"end":{"line":14,"column":41}},"9":{"start":{"line":15,"column":14},"end":{"line":15,"column":64}},"10":{"start":{"line":16,"column":14},"end":{"line":16,"column":43}},"11":{"start":{"line":17,"column":2},"end":{"line":17,"column":20}},"12":{"start":{"line":21,"column":18},"end":{"line":21,"column":41}},"13":{"start":{"line":22,"column":2},"end":{"line":22,"column":73}}},"fnMap":{"0":{"name":"decodeJwtPayload","decl":{"start":{"line":1,"column":16},"end":{"line":1,"column":32}},"loc":{"start":{"line":1,"column":80},"end":{"line":11,"column":1}},"line":1},"1":{"name":"isTokenExpired","decl":{"start":{"line":13,"column":16},"end":{"line":13,"column":30}},"loc":{"start":{"line":13,"column":55},"end":{"line":18,"column":1}},"line":13},"2":{"name":"getTenantIdFromToken","decl":{"start":{"line":20,"column":16},"end":{"line":20,"column":36}},"loc":{"start":{"line":20,"column":67},"end":{"line":23,"column":1}},"line":20}},"branchMap":{"0":{"loc":{"start":{"line":4,"column":4},"end":{"line":4,"column":30}},"type":"if","locations":[{"start":{"line":4,"column":4},"end":{"line":4,"column":30}},{"start":{},"end":{}}],"line":4},"1":{"loc":{"start":{"line":15,"column":14},"end":{"line":15,"column":64}},"type":"cond-expr","locations":[{"start":{"line":15,"column":49},"end":{"line":15,"column":60}},{"start":{"line":15,"column":63},"end":{"line":15,"column":64}}],"line":15},"2":{"loc":{"start":{"line":22,"column":9},"end":{"line":22,"column":72}},"type":"cond-expr","locations":[{"start":{"line":22,"column":49},"end":{"line":22,"column":65}},{"start":{"line":22,"column":68},"end":{"line":22,"column":72}}],"line":22}},"s":{"0":1,"1":1,"2":1,"3":1,"4":0,"5":0,"6":0,"7":0,"8":1,"9":1,"10":1,"11":1,"12":0,"13":0},"f":{"0":1,"1":1,"2":0},"b":{"0":[1,0],"1":[0,1],"2":[0,0]},"_coverageSchema":"1a1c01bbd47fc00a2c39e90264f33305004495a9","hash":"4d0bb5c0a823c0a0609b2ee6f8bb5db688e38526"}
,"C:\\Users\\Aleksay\\Desktop\\tpv\\tpv-mobile\\src\\utils\\logger.ts": {"path":"C:\\Users\\Aleksay\\Desktop\\tpv\\tpv-mobile\\src\\utils\\logger.ts","statementMap":{"0":{"start":{"line":4,"column":2},"end":{"line":7,"column":3}},"1":{"start":{"line":6,"column":4},"end":{"line":6,"column":38}},"2":{"start":{"line":12,"column":2},"end":{"line":12,"column":37}}},"fnMap":{"0":{"name":"logInfo","decl":{"start":{"line":3,"column":16},"end":{"line":3,"column":23}},"loc":{"start":{"line":3,"column":63},"end":{"line":8,"column":1}},"line":3},"1":{"name":"logError","decl":{"start":{"line":10,"column":16},"end":{"line":10,"column":24}},"loc":{"start":{"line":10,"column":64},"end":{"line":13,"column":1}},"line":10}},"branchMap":{"0":{"loc":{"start":{"line":4,"column":2},"end":{"line":7,"column":3}},"type":"if","locations":[{"start":{"line":4,"column":2},"end":{"line":7,"column":3}},{"start":{},"end":{}}],"line":4},"1":{"loc":{"start":{"line":6,"column":26},"end":{"line":6,"column":36}},"type":"binary-expr","locations":[{"start":{"line":6,"column":26},"end":{"line":6,"column":30}},{"start":{"line":6,"column":34},"end":{"line":6,"column":36}}],"line":6},"2":{"loc":{"start":{"line":12,"column":25},"end":{"line":12,"column":35}},"type":"binary-expr","locations":[{"start":{"line":12,"column":25},"end":{"line":12,"column":29}},{"start":{"line":12,"column":33},"end":{"line":12,"column":35}}],"line":12}},"s":{"0":7,"1":7,"2":1},"f":{"0":7,"1":1},"b":{"0":[7,0],"1":[7,0],"2":[1,0]},"_coverageSchema":"1a1c01bbd47fc00a2c39e90264f33305004495a9","hash":"091869cd49eb992dabf50de6e696d810dfd34289"}
,"C:\\Users\\Aleksay\\Desktop\\tpv\\tpv-mobile\\src\\utils\\offline.ts": {"path":"C:\\Users\\Aleksay\\Desktop\\tpv\\tpv-mobile\\src\\utils\\offline.ts","statementMap":{"0":{"start":{"line":5,"column":16},"end":{"line":5,"column":37}},"1":{"start":{"line":6,"column":2},"end":{"line":6,"column":75}},"2":{"start":{"line":10,"column":2},"end":{"line":13,"column":5}},"3":{"start":{"line":11,"column":19},"end":{"line":11,"column":84}},"4":{"start":{"line":12,"column":4},"end":{"line":12,"column":28}},"5":{"start":{"line":17,"column":34},"end":{"line":17,"column":48}},"6":{"start":{"line":18,"column":42},"end":{"line":18,"column":57}},"7":{"start":{"line":20,"column":2},"end":{"line":38,"column":9}},"8":{"start":{"line":21,"column":18},"end":{"line":21,"column":22}},"9":{"start":{"line":23,"column":4},"end":{"line":27,"column":7}},"10":{"start":{"line":24,"column":6},"end":{"line":26,"column":7}},"11":{"start":{"line":25,"column":8},"end":{"line":25,"column":28}},"12":{"start":{"line":29,"column":24},"end":{"line":32,"column":6}},"13":{"start":{"line":30,"column":6},"end":{"line":30,"column":29}},"14":{"start":{"line":31,"column":6},"end":{"line":31,"column":26}},"15":{"start":{"line":34,"column":4},"end":{"line":37,"column":6}},"16":{"start":{"line":35,"column":6},"end":{"line":35,"column":22}},"17":{"start":{"line":36,"column":6},"end":{"line":36,"column":20}},"18":{"start":{"line":40,"column":2},"end":{"line":49,"column":4}},"19":{"start":{"line":44,"column":6},"end":{"line":44,"column":31}},"20":{"start":{"line":44,"column":20},"end":{"line":44,"column":31}},"21":{"start":{"line":47,"column":6},"end":{"line":47,"column":32}},"22":{"start":{"line":47,"column":21},"end":{"line":47,"column":32}}},"fnMap":{"0":{"name":"isOnlineNow","decl":{"start":{"line":4,"column":22},"end":{"line":4,"column":33}},"loc":{"start":{"line":4,"column":54},"end":{"line":7,"column":1}},"line":4},"1":{"name":"subscribeOnlineStatus","decl":{"start":{"line":9,"column":16},"end":{"line":9,"column":37}},"loc":{"start":{"line":9,"column":108},"end":{"line":14,"column":1}},"line":9},"2":{"name":"(anonymous_2)","decl":{"start":{"line":10,"column":34},"end":{"line":10,"column":35}},"loc":{"start":{"line":10,"column":45},"end":{"line":13,"column":3}},"line":10},"3":{"name":"useOfflineDetection","decl":{"start":{"line":16,"column":16},"end":{"line":16,"column":35}},"loc":{"start":{"line":16,"column":38},"end":{"line":50,"column":1}},"line":16},"4":{"name":"(anonymous_4)","decl":{"start":{"line":20,"column":12},"end":{"line":20,"column":13}},"loc":{"start":{"line":20,"column":18},"end":{"line":38,"column":3}},"line":20},"5":{"name":"(anonymous_5)","decl":{"start":{"line":23,"column":28},"end":{"line":23,"column":29}},"loc":{"start":{"line":23,"column":40},"end":{"line":27,"column":5}},"line":23},"6":{"name":"(anonymous_6)","decl":{"start":{"line":29,"column":46},"end":{"line":29,"column":47}},"loc":{"start":{"line":29,"column":58},"end":{"line":32,"column":5}},"line":29},"7":{"name":"(anonymous_7)","decl":{"start":{"line":34,"column":11},"end":{"line":34,"column":12}},"loc":{"start":{"line":34,"column":17},"end":{"line":37,"column":5}},"line":34},"8":{"name":"(anonymous_8)","decl":{"start":{"line":43,"column":4},"end":{"line":43,"column":5}},"loc":{"start":{"line":43,"column":35},"end":{"line":45,"column":5}},"line":43},"9":{"name":"(anonymous_9)","decl":{"start":{"line":46,"column":4},"end":{"line":46,"column":5}},"loc":{"start":{"line":46,"column":36},"end":{"line":48,"column":5}},"line":46}},"branchMap":{"0":{"loc":{"start":{"line":6,"column":17},"end":{"line":6,"column":73}},"type":"binary-expr","locations":[{"start":{"line":6,"column":17},"end":{"line":6,"column":34}},{"start":{"line":6,"column":38},"end":{"line":6,"column":73}}],"line":6},"1":{"loc":{"start":{"line":11,"column":27},"end":{"line":11,"column":83}},"type":"binary-expr","locations":[{"start":{"line":11,"column":27},"end":{"line":11,"column":44}},{"start":{"line":11,"column":48},"end":{"line":11,"column":83}}],"line":11},"2":{"loc":{"start":{"line":24,"column":6},"end":{"line":26,"column":7}},"type":"if","locations":[{"start":{"line":24,"column":6},"end":{"line":26,"column":7}},{"start":{},"end":{}}],"line":24},"3":{"loc":{"start":{"line":44,"column":6},"end":{"line":44,"column":31}},"type":"if","locations":[{"start":{"line":44,"column":6},"end":{"line":44,"column":31}},{"start":{},"end":{}}],"line":44},"4":{"loc":{"start":{"line":47,"column":6},"end":{"line":47,"column":32}},"type":"if","locations":[{"start":{"line":47,"column":6},"end":{"line":47,"column":32}},{"start":{},"end":{}}],"line":47}},"s":{"0":4,"1":4,"2":2,"3":3,"4":3,"5":3,"6":3,"7":3,"8":1,"9":1,"10":1,"11":1,"12":1,"13":1,"14":1,"15":1,"16":1,"17":1,"18":3,"19":2,"20":1,"21":1,"22":1},"f":{"0":4,"1":2,"2":3,"3":3,"4":1,"5":1,"6":1,"7":1,"8":2,"9":1},"b":{"0":[4,2],"1":[3,3],"2":[1,0],"3":[1,1],"4":[1,0]},"_coverageSchema":"1a1c01bbd47fc00a2c39e90264f33305004495a9","hash":"564c3d061722e4b505d5f48d664df0ce05562665"}
,"C:\\Users\\Aleksay\\Desktop\\tpv\\tpv-mobile\\src\\utils\\secure-storage.ts": {"path":"C:\\Users\\Aleksay\\Desktop\\tpv\\tpv-mobile\\src\\utils\\secure-storage.ts","statementMap":{"0":{"start":{"line":3,"column":25},"end":{"line":3,"column":38}},"1":{"start":{"line":4,"column":26},"end":{"line":4,"column":40}},"2":{"start":{"line":7,"column":2},"end":{"line":7,"column":64}},"3":{"start":{"line":8,"column":2},"end":{"line":8,"column":66}},"4":{"start":{"line":12,"column":22},"end":{"line":12,"column":70}},"5":{"start":{"line":13,"column":23},"end":{"line":13,"column":72}},"6":{"start":{"line":14,"column":2},"end":{"line":14,"column":39}},"7":{"start":{"line":18,"column":2},"end":{"line":18,"column":54}},"8":{"start":{"line":19,"column":2},"end":{"line":19,"column":55}}},"fnMap":{"0":{"name":"setTokens","decl":{"start":{"line":6,"column":22},"end":{"line":6,"column":31}},"loc":{"start":{"line":6,"column":90},"end":{"line":9,"column":1}},"line":6},"1":{"name":"getTokens","decl":{"start":{"line":11,"column":22},"end":{"line":11,"column":31}},"loc":{"start":{"line":11,"column":104},"end":{"line":15,"column":1}},"line":11},"2":{"name":"clearTokens","decl":{"start":{"line":17,"column":22},"end":{"line":17,"column":33}},"loc":{"start":{"line":17,"column":51},"end":{"line":20,"column":1}},"line":17}},"branchMap":{},"s":{"0":12,"1":12,"2":0,"3":0,"4":0,"5":0,"6":0,"7":0,"8":0},"f":{"0":0,"1":0,"2":0},"b":{},"_coverageSchema":"1a1c01bbd47fc00a2c39e90264f33305004495a9","hash":"b609a0961d2f66486c23160092503c6c625eee78"}
,"C:\\Users\\Aleksay\\Desktop\\tpv\\tpv-mobile\\src\\utils\\storage.ts": {"path":"C:\\Users\\Aleksay\\Desktop\\tpv\\tpv-mobile\\src\\utils\\storage.ts","statementMap":{"0":{"start":{"line":3,"column":26},"end":{"line":3,"column":52}},"1":{"start":{"line":4,"column":21},"end":{"line":4,"column":41}},"2":{"start":{"line":5,"column":26},"end":{"line":5,"column":48}},"3":{"start":{"line":6,"column":23},"end":{"line":6,"column":43}},"4":{"start":{"line":7,"column":28},"end":{"line":7,"column":49}},"5":{"start":{"line":8,"column":31},"end":{"line":8,"column":50}},"6":{"start":{"line":11,"column":2},"end":{"line":11,"column":57}},"7":{"start":{"line":15,"column":14},"end":{"line":15,"column":45}},"8":{"start":{"line":16,"column":2},"end":{"line":16,"column":45}},"9":{"start":{"line":20,"column":2},"end":{"line":20,"column":47}},"10":{"start":{"line":24,"column":2},"end":{"line":24,"column":44}},"11":{"start":{"line":28,"column":2},"end":{"line":28,"column":51}},"12":{"start":{"line":32,"column":2},"end":{"line":32,"column":53}},"13":{"start":{"line":36,"column":2},"end":{"line":36,"column":44}},"14":{"start":{"line":40,"column":2},"end":{"line":40,"column":47}},"15":{"start":{"line":44,"column":2},"end":{"line":44,"column":44}},"16":{"start":{"line":48,"column":2},"end":{"line":48,"column":44}},"17":{"start":{"line":52,"column":2},"end":{"line":52,"column":41}},"18":{"start":{"line":56,"column":2},"end":{"line":56,"column":49}},"19":{"start":{"line":60,"column":2},"end":{"line":60,"column":46}},"20":{"start":{"line":64,"column":2},"end":{"line":64,"column":58}},"21":{"start":{"line":68,"column":16},"end":{"line":68,"column":66}},"22":{"start":{"line":69,"column":2},"end":{"line":69,"column":23}},"23":{"start":{"line":73,"column":2},"end":{"line":73,"column":56}}},"fnMap":{"0":{"name":"setJsonValue","decl":{"start":{"line":10,"column":15},"end":{"line":10,"column":27}},"loc":{"start":{"line":10,"column":72},"end":{"line":12,"column":1}},"line":10},"1":{"name":"getJsonValue","decl":{"start":{"line":14,"column":15},"end":{"line":14,"column":27}},"loc":{"start":{"line":14,"column":63},"end":{"line":17,"column":1}},"line":14},"2":{"name":"setLocalContext","decl":{"start":{"line":19,"column":22},"end":{"line":19,"column":37}},"loc":{"start":{"line":19,"column":69},"end":{"line":21,"column":1}},"line":19},"3":{"name":"getLocalContext","decl":{"start":{"line":23,"column":22},"end":{"line":23,"column":37}},"loc":{"start":{"line":23,"column":62},"end":{"line":25,"column":1}},"line":23},"4":{"name":"clearLocalContext","decl":{"start":{"line":27,"column":22},"end":{"line":27,"column":39}},"loc":{"start":{"line":27,"column":57},"end":{"line":29,"column":1}},"line":27},"5":{"name":"setLanguagePreference","decl":{"start":{"line":31,"column":22},"end":{"line":31,"column":43}},"loc":{"start":{"line":31,"column":77},"end":{"line":33,"column":1}},"line":31},"6":{"name":"getLanguagePreference","decl":{"start":{"line":35,"column":22},"end":{"line":35,"column":43}},"loc":{"start":{"line":35,"column":70},"end":{"line":37,"column":1}},"line":35},"7":{"name":"setOfflineMutationQueue","decl":{"start":{"line":39,"column":22},"end":{"line":39,"column":45}},"loc":{"start":{"line":39,"column":77},"end":{"line":41,"column":1}},"line":39},"8":{"name":"getOfflineMutationQueue","decl":{"start":{"line":43,"column":22},"end":{"line":43,"column":45}},"loc":{"start":{"line":43,"column":70},"end":{"line":45,"column":1}},"line":43},"9":{"name":"setSyncOperationQueue","decl":{"start":{"line":47,"column":22},"end":{"line":47,"column":43}},"loc":{"start":{"line":47,"column":75},"end":{"line":49,"column":1}},"line":47},"10":{"name":"getSyncOperationQueue","decl":{"start":{"line":51,"column":22},"end":{"line":51,"column":43}},"loc":{"start":{"line":51,"column":68},"end":{"line":53,"column":1}},"line":51},"11":{"name":"setAnalyticsEventQueue","decl":{"start":{"line":55,"column":22},"end":{"line":55,"column":44}},"loc":{"start":{"line":55,"column":76},"end":{"line":57,"column":1}},"line":55},"12":{"name":"getAnalyticsEventQueue","decl":{"start":{"line":59,"column":22},"end":{"line":59,"column":44}},"loc":{"start":{"line":59,"column":69},"end":{"line":61,"column":1}},"line":59},"13":{"name":"markDeviceInitialized","decl":{"start":{"line":63,"column":22},"end":{"line":63,"column":43}},"loc":{"start":{"line":63,"column":61},"end":{"line":65,"column":1}},"line":63},"14":{"name":"isDeviceInitialized","decl":{"start":{"line":67,"column":22},"end":{"line":67,"column":41}},"loc":{"start":{"line":67,"column":62},"end":{"line":70,"column":1}},"line":67},"15":{"name":"clearDeviceInitialized","decl":{"start":{"line":72,"column":22},"end":{"line":72,"column":44}},"loc":{"start":{"line":72,"column":62},"end":{"line":74,"column":1}},"line":72}},"branchMap":{"0":{"loc":{"start":{"line":16,"column":9},"end":{"line":16,"column":44}},"type":"cond-expr","locations":[{"start":{"line":16,"column":16},"end":{"line":16,"column":36}},{"start":{"line":16,"column":40},"end":{"line":16,"column":44}}],"line":16}},"s":{"0":12,"1":12,"2":12,"3":12,"4":12,"5":12,"6":5,"7":2,"8":2,"9":0,"10":0,"11":0,"12":1,"13":0,"14":3,"15":0,"16":0,"17":0,"18":2,"19":2,"20":0,"21":0,"22":0,"23":0},"f":{"0":5,"1":2,"2":0,"3":0,"4":0,"5":1,"6":0,"7":3,"8":0,"9":0,"10":0,"11":2,"12":2,"13":0,"14":0,"15":0},"b":{"0":[0,2]},"_coverageSchema":"1a1c01bbd47fc00a2c39e90264f33305004495a9","hash":"5b285bc9905c82df0bfb996909523abb74b97d6f"}
,"C:\\Users\\Aleksay\\Desktop\\tpv\\tpv-mobile\\src\\utils\\validation.ts": {"path":"C:\\Users\\Aleksay\\Desktop\\tpv\\tpv-mobile\\src\\utils\\validation.ts","statementMap":{"0":{"start":{"line":2,"column":2},"end":{"line":2,"column":50}},"1":{"start":{"line":6,"column":2},"end":{"line":6,"column":27}}},"fnMap":{"0":{"name":"isValidEmail","decl":{"start":{"line":1,"column":16},"end":{"line":1,"column":28}},"loc":{"start":{"line":1,"column":53},"end":{"line":3,"column":1}},"line":1},"1":{"name":"isStrongEnoughPassword","decl":{"start":{"line":5,"column":16},"end":{"line":5,"column":38}},"loc":{"start":{"line":5,"column":63},"end":{"line":7,"column":1}},"line":5}},"branchMap":{},"s":{"0":6,"1":3},"f":{"0":6,"1":3},"b":{},"_coverageSchema":"1a1c01bbd47fc00a2c39e90264f33305004495a9","hash":"e7a25744b6a0c7239c44a0f57217a69e484eeff4"}
}
