{"C:\\Users\\Aleksay\\Desktop\\tpv\\tpv-mobile\\src\\App.tsx": {"path":"C:\\Users\\Aleksay\\Desktop\\tpv\\tpv-mobile\\src\\App.tsx","statementMap":{"0":{"start":{"line":80,"column":14},"end":{"line":80,"column":62}},"1":{"start":{"line":82,"column":31},"end":{"line":91,"column":11}},"2":{"start":{"line":96,"column":2},"end":{"line":98,"column":13}},"3":{"start":{"line":102,"column":2},"end":{"line":102,"column":66}},"4":{"start":{"line":108,"column":2},"end":{"line":114,"column":4}},"5":{"start":{"line":110,"column":23},"end":{"line":110,"column":50}},"6":{"start":{"line":111,"column":25},"end":{"line":111,"column":51}},"7":{"start":{"line":112,"column":28},"end":{"line":112,"column":64}},"8":{"start":{"line":128,"column":2},"end":{"line":144,"column":4}},"9":{"start":{"line":135,"column":30},"end":{"line":135,"column":54}},"10":{"start":{"line":136,"column":10},"end":{"line":138,"column":11}},"11":{"start":{"line":137,"column":12},"end":{"line":137,"column":45}},"12":{"start":{"line":148,"column":2},"end":{"line":148,"column":57}},"13":{"start":{"line":152,"column":2},"end":{"line":157,"column":4}},"14":{"start":{"line":161,"column":39},"end":{"line":161,"column":61}},"15":{"start":{"line":162,"column":69},"end":{"line":162,"column":78}},"16":{"start":{"line":163,"column":37},"end":{"line":163,"column":51}},"17":{"start":{"line":164,"column":67},"end":{"line":164,"column":85}},"18":{"start":{"line":165,"column":15},"end":{"line":165,"column":42}},"19":{"start":{"line":165,"column":35},"end":{"line":165,"column":41}},"20":{"start":{"line":166,"column":23},"end":{"line":166,"column":61}},"21":{"start":{"line":166,"column":46},"end":{"line":166,"column":60}},"22":{"start":{"line":168,"column":2},"end":{"line":170,"column":19}},"23":{"start":{"line":169,"column":4},"end":{"line":169,"column":35}},"24":{"start":{"line":172,"column":2},"end":{"line":179,"column":71}},"25":{"start":{"line":173,"column":4},"end":{"line":178,"column":7}},"26":{"start":{"line":181,"column":2},"end":{"line":183,"column":3}},"27":{"start":{"line":182,"column":4},"end":{"line":182,"column":29}},"28":{"start":{"line":187,"column":23},"end":{"line":187,"column":71}},"29":{"start":{"line":189,"column":2},"end":{"line":481,"column":4}},"30":{"start":{"line":196,"column":12},"end":{"line":210,"column":14}},"31":{"start":{"line":198,"column":16},"end":{"line":198,"column":53}},"32":{"start":{"line":199,"column":16},"end":{"line":207,"column":67}},"33":{"start":{"line":201,"column":20},"end":{"line":201,"column":50}},"34":{"start":{"line":205,"column":20},"end":{"line":205,"column":57}},"35":{"start":{"line":207,"column":31},"end":{"line":207,"column":65}},"36":{"start":{"line":209,"column":37},"end":{"line":209,"column":73}},"37":{"start":{"line":216,"column":12},"end":{"line":220,"column":14}},"38":{"start":{"line":217,"column":36},"end":{"line":217,"column":62}},"39":{"start":{"line":218,"column":37},"end":{"line":218,"column":64}},"40":{"start":{"line":219,"column":37},"end":{"line":219,"column":64}},"41":{"start":{"line":226,"column":12},"end":{"line":229,"column":14}},"42":{"start":{"line":227,"column":30},"end":{"line":227,"column":56}},"43":{"start":{"line":228,"column":34},"end":{"line":228,"column":65}},"44":{"start":{"line":235,"column":12},"end":{"line":238,"column":14}},"45":{"start":{"line":236,"column":28},"end":{"line":236,"column":47}},"46":{"start":{"line":237,"column":32},"end":{"line":237,"column":58}},"47":{"start":{"line":244,"column":12},"end":{"line":248,"column":14}},"48":{"start":{"line":245,"column":31},"end":{"line":245,"column":59}},"49":{"start":{"line":246,"column":33},"end":{"line":246,"column":59}},"50":{"start":{"line":247,"column":36},"end":{"line":247,"column":72}},"51":{"start":{"line":254,"column":12},"end":{"line":258,"column":14}},"52":{"start":{"line":255,"column":32},"end":{"line":255,"column":64}},"53":{"start":{"line":256,"column":36},"end":{"line":256,"column":72}},"54":{"start":{"line":257,"column":28},"end":{"line":257,"column":47}},"55":{"start":{"line":264,"column":12},"end":{"line":272,"column":14}},"56":{"start":{"line":265,"column":28},"end":{"line":265,"column":47}},"57":{"start":{"line":267,"column":16},"end":{"line":267,"column":53}},"58":{"start":{"line":268,"column":16},"end":{"line":270,"column":67}},"59":{"start":{"line":269,"column":30},"end":{"line":269,"column":66}},"60":{"start":{"line":270,"column":31},"end":{"line":270,"column":65}},"61":{"start":{"line":278,"column":12},"end":{"line":286,"column":14}},"62":{"start":{"line":279,"column":28},"end":{"line":279,"column":47}},"63":{"start":{"line":281,"column":16},"end":{"line":281,"column":53}},"64":{"start":{"line":282,"column":16},"end":{"line":284,"column":67}},"65":{"start":{"line":283,"column":30},"end":{"line":283,"column":66}},"66":{"start":{"line":284,"column":31},"end":{"line":284,"column":65}},"67":{"start":{"line":293,"column":12},"end":{"line":299,"column":14}},"68":{"start":{"line":296,"column":16},"end":{"line":296,"column":24}},"69":{"start":{"line":297,"column":16},"end":{"line":297,"column":92}},"70":{"start":{"line":297,"column":56},"end":{"line":297,"column":90}},"71":{"start":{"line":305,"column":12},"end":{"line":308,"column":14}},"72":{"start":{"line":306,"column":28},"end":{"line":306,"column":63}},"73":{"start":{"line":307,"column":29},"end":{"line":307,"column":64}},"74":{"start":{"line":314,"column":12},"end":{"line":328,"column":39}},"75":{"start":{"line":316,"column":39},"end":{"line":316,"column":70}},"76":{"start":{"line":317,"column":34},"end":{"line":317,"column":68}},"77":{"start":{"line":318,"column":35},"end":{"line":318,"column":72}},"78":{"start":{"line":319,"column":31},"end":{"line":319,"column":62}},"79":{"start":{"line":320,"column":40},"end":{"line":320,"column":79}},"80":{"start":{"line":321,"column":36},"end":{"line":321,"column":67}},"81":{"start":{"line":326,"column":33},"end":{"line":326,"column":47}},"82":{"start":{"line":334,"column":12},"end":{"line":339,"column":39}},"83":{"start":{"line":336,"column":30},"end":{"line":336,"column":49}},"84":{"start":{"line":337,"column":30},"end":{"line":337,"column":68}},"85":{"start":{"line":345,"column":12},"end":{"line":350,"column":39}},"86":{"start":{"line":347,"column":30},"end":{"line":347,"column":49}},"87":{"start":{"line":348,"column":33},"end":{"line":348,"column":71}},"88":{"start":{"line":356,"column":12},"end":{"line":358,"column":39}},"89":{"start":{"line":357,"column":44},"end":{"line":357,"column":63}},"90":{"start":{"line":357,"column":83},"end":{"line":357,"column":110}},"91":{"start":{"line":364,"column":12},"end":{"line":366,"column":39}},"92":{"start":{"line":365,"column":40},"end":{"line":365,"column":59}},"93":{"start":{"line":365,"column":79},"end":{"line":365,"column":109}},"94":{"start":{"line":372,"column":12},"end":{"line":374,"column":39}},"95":{"start":{"line":373,"column":43},"end":{"line":373,"column":62}},"96":{"start":{"line":373,"column":78},"end":{"line":373,"column":107}},"97":{"start":{"line":380,"column":12},"end":{"line":382,"column":39}},"98":{"start":{"line":381,"column":43},"end":{"line":381,"column":73}},"99":{"start":{"line":388,"column":12},"end":{"line":393,"column":39}},"100":{"start":{"line":390,"column":32},"end":{"line":390,"column":59}},"101":{"start":{"line":391,"column":35},"end":{"line":391,"column":69}},"102":{"start":{"line":399,"column":12},"end":{"line":401,"column":39}},"103":{"start":{"line":400,"column":47},"end":{"line":400,"column":66}},"104":{"start":{"line":407,"column":12},"end":{"line":409,"column":39}},"105":{"start":{"line":408,"column":50},"end":{"line":408,"column":69}},"106":{"start":{"line":415,"column":12},"end":{"line":424,"column":39}},"107":{"start":{"line":417,"column":32},"end":{"line":417,"column":59}},"108":{"start":{"line":418,"column":35},"end":{"line":418,"column":73}},"109":{"start":{"line":419,"column":38},"end":{"line":419,"column":79}},"110":{"start":{"line":420,"column":36},"end":{"line":420,"column":75}},"111":{"start":{"line":421,"column":41},"end":{"line":421,"column":78}},"112":{"start":{"line":422,"column":38},"end":{"line":422,"column":79}},"113":{"start":{"line":430,"column":12},"end":{"line":435,"column":39}},"114":{"start":{"line":433,"column":39},"end":{"line":433,"column":84}},"115":{"start":{"line":441,"column":12},"end":{"line":443,"column":39}},"116":{"start":{"line":442,"column":43},"end":{"line":442,"column":62}},"117":{"start":{"line":449,"column":12},"end":{"line":451,"column":39}},"118":{"start":{"line":450,"column":46},"end":{"line":450,"column":65}},"119":{"start":{"line":457,"column":12},"end":{"line":459,"column":39}},"120":{"start":{"line":458,"column":44},"end":{"line":458,"column":63}},"121":{"start":{"line":465,"column":12},"end":{"line":467,"column":39}},"122":{"start":{"line":466,"column":54},"end":{"line":466,"column":73}},"123":{"start":{"line":466,"column":89},"end":{"line":466,"column":116}},"124":{"start":{"line":473,"column":12},"end":{"line":475,"column":39}},"125":{"start":{"line":474,"column":54},"end":{"line":474,"column":73}}},"fnMap":{"0":{"name":"resolveShellRoute","decl":{"start":{"line":95,"column":9},"end":{"line":95,"column":26}},"loc":{"start":{"line":95,"column":58},"end":{"line":99,"column":1}},"line":95},"1":{"name":"isShellRouteEnabled","decl":{"start":{"line":101,"column":9},"end":{"line":101,"column":28}},"loc":{"start":{"line":101,"column":53},"end":{"line":103,"column":1}},"line":101},"2":{"name":"SetupFallback","decl":{"start":{"line":107,"column":9},"end":{"line":107,"column":22}},"loc":{"start":{"line":107,"column":71},"end":{"line":115,"column":1}},"line":107},"3":{"name":"(anonymous_3)","decl":{"start":{"line":110,"column":17},"end":{"line":110,"column":18}},"loc":{"start":{"line":110,"column":23},"end":{"line":110,"column":50}},"line":110},"4":{"name":"(anonymous_4)","decl":{"start":{"line":111,"column":19},"end":{"line":111,"column":20}},"loc":{"start":{"line":111,"column":25},"end":{"line":111,"column":51}},"line":111},"5":{"name":"(anonymous_5)","decl":{"start":{"line":112,"column":22},"end":{"line":112,"column":23}},"loc":{"start":{"line":112,"column":28},"end":{"line":112,"column":64}},"line":112},"6":{"name":"AuthenticatedShellScreen","decl":{"start":{"line":117,"column":9},"end":{"line":117,"column":33}},"loc":{"start":{"line":127,"column":3},"end":{"line":145,"column":1}},"line":127},"7":{"name":"(anonymous_7)","decl":{"start":{"line":134,"column":20},"end":{"line":134,"column":21}},"loc":{"start":{"line":134,"column":31},"end":{"line":139,"column":9}},"line":134},"8":{"name":"AppProviders","decl":{"start":{"line":147,"column":16},"end":{"line":147,"column":28}},"loc":{"start":{"line":147,"column":68},"end":{"line":149,"column":1}},"line":147},"9":{"name":"LoadingScreen","decl":{"start":{"line":151,"column":9},"end":{"line":151,"column":22}},"loc":{"start":{"line":151,"column":25},"end":{"line":158,"column":1}},"line":151},"10":{"name":"App","decl":{"start":{"line":160,"column":24},"end":{"line":160,"column":27}},"loc":{"start":{"line":160,"column":30},"end":{"line":482,"column":1}},"line":160},"11":{"name":"(anonymous_11)","decl":{"start":{"line":165,"column":28},"end":{"line":165,"column":29}},"loc":{"start":{"line":165,"column":35},"end":{"line":165,"column":41}},"line":165},"12":{"name":"(anonymous_12)","decl":{"start":{"line":166,"column":39},"end":{"line":166,"column":40}},"loc":{"start":{"line":166,"column":46},"end":{"line":166,"column":60}},"line":166},"13":{"name":"(anonymous_13)","decl":{"start":{"line":168,"column":12},"end":{"line":168,"column":13}},"loc":{"start":{"line":168,"column":18},"end":{"line":170,"column":3}},"line":168},"14":{"name":"(anonymous_14)","decl":{"start":{"line":172,"column":12},"end":{"line":172,"column":13}},"loc":{"start":{"line":172,"column":18},"end":{"line":179,"column":3}},"line":172},"15":{"name":"(anonymous_15)","decl":{"start":{"line":195,"column":20},"end":{"line":195,"column":21}},"loc":{"start":{"line":196,"column":12},"end":{"line":210,"column":14}},"line":196},"16":{"name":"(anonymous_16)","decl":{"start":{"line":197,"column":25},"end":{"line":197,"column":26}},"loc":{"start":{"line":197,"column":36},"end":{"line":208,"column":15}},"line":197},"17":{"name":"(anonymous_17)","decl":{"start":{"line":200,"column":24},"end":{"line":200,"column":25}},"loc":{"start":{"line":200,"column":36},"end":{"line":206,"column":19}},"line":200},"18":{"name":"(anonymous_18)","decl":{"start":{"line":207,"column":25},"end":{"line":207,"column":26}},"loc":{"start":{"line":207,"column":31},"end":{"line":207,"column":65}},"line":207},"19":{"name":"(anonymous_19)","decl":{"start":{"line":209,"column":31},"end":{"line":209,"column":32}},"loc":{"start":{"line":209,"column":37},"end":{"line":209,"column":73}},"line":209},"20":{"name":"(anonymous_20)","decl":{"start":{"line":215,"column":20},"end":{"line":215,"column":21}},"loc":{"start":{"line":216,"column":12},"end":{"line":220,"column":14}},"line":216},"21":{"name":"(anonymous_21)","decl":{"start":{"line":217,"column":30},"end":{"line":217,"column":31}},"loc":{"start":{"line":217,"column":36},"end":{"line":217,"column":62}},"line":217},"22":{"name":"(anonymous_22)","decl":{"start":{"line":218,"column":31},"end":{"line":218,"column":32}},"loc":{"start":{"line":218,"column":37},"end":{"line":218,"column":64}},"line":218},"23":{"name":"(anonymous_23)","decl":{"start":{"line":219,"column":31},"end":{"line":219,"column":32}},"loc":{"start":{"line":219,"column":37},"end":{"line":219,"column":64}},"line":219},"24":{"name":"(anonymous_24)","decl":{"start":{"line":225,"column":20},"end":{"line":225,"column":21}},"loc":{"start":{"line":226,"column":12},"end":{"line":229,"column":14}},"line":226},"25":{"name":"(anonymous_25)","decl":{"start":{"line":227,"column":24},"end":{"line":227,"column":25}},"loc":{"start":{"line":227,"column":30},"end":{"line":227,"column":56}},"line":227},"26":{"name":"(anonymous_26)","decl":{"start":{"line":228,"column":28},"end":{"line":228,"column":29}},"loc":{"start":{"line":228,"column":34},"end":{"line":228,"column":65}},"line":228},"27":{"name":"(anonymous_27)","decl":{"start":{"line":234,"column":20},"end":{"line":234,"column":21}},"loc":{"start":{"line":235,"column":12},"end":{"line":238,"column":14}},"line":235},"28":{"name":"(anonymous_28)","decl":{"start":{"line":236,"column":22},"end":{"line":236,"column":23}},"loc":{"start":{"line":236,"column":28},"end":{"line":236,"column":47}},"line":236},"29":{"name":"(anonymous_29)","decl":{"start":{"line":237,"column":26},"end":{"line":237,"column":27}},"loc":{"start":{"line":237,"column":32},"end":{"line":237,"column":58}},"line":237},"30":{"name":"(anonymous_30)","decl":{"start":{"line":243,"column":20},"end":{"line":243,"column":21}},"loc":{"start":{"line":244,"column":12},"end":{"line":248,"column":14}},"line":244},"31":{"name":"(anonymous_31)","decl":{"start":{"line":245,"column":25},"end":{"line":245,"column":26}},"loc":{"start":{"line":245,"column":31},"end":{"line":245,"column":59}},"line":245},"32":{"name":"(anonymous_32)","decl":{"start":{"line":246,"column":27},"end":{"line":246,"column":28}},"loc":{"start":{"line":246,"column":33},"end":{"line":246,"column":59}},"line":246},"33":{"name":"(anonymous_33)","decl":{"start":{"line":247,"column":30},"end":{"line":247,"column":31}},"loc":{"start":{"line":247,"column":36},"end":{"line":247,"column":72}},"line":247},"34":{"name":"(anonymous_34)","decl":{"start":{"line":253,"column":20},"end":{"line":253,"column":21}},"loc":{"start":{"line":254,"column":12},"end":{"line":258,"column":14}},"line":254},"35":{"name":"(anonymous_35)","decl":{"start":{"line":255,"column":26},"end":{"line":255,"column":27}},"loc":{"start":{"line":255,"column":32},"end":{"line":255,"column":64}},"line":255},"36":{"name":"(anonymous_36)","decl":{"start":{"line":256,"column":30},"end":{"line":256,"column":31}},"loc":{"start":{"line":256,"column":36},"end":{"line":256,"column":72}},"line":256},"37":{"name":"(anonymous_37)","decl":{"start":{"line":257,"column":22},"end":{"line":257,"column":23}},"loc":{"start":{"line":257,"column":28},"end":{"line":257,"column":47}},"line":257},"38":{"name":"(anonymous_38)","decl":{"start":{"line":263,"column":20},"end":{"line":263,"column":21}},"loc":{"start":{"line":264,"column":12},"end":{"line":272,"column":14}},"line":264},"39":{"name":"(anonymous_39)","decl":{"start":{"line":265,"column":22},"end":{"line":265,"column":23}},"loc":{"start":{"line":265,"column":28},"end":{"line":265,"column":47}},"line":265},"40":{"name":"(anonymous_40)","decl":{"start":{"line":266,"column":25},"end":{"line":266,"column":26}},"loc":{"start":{"line":266,"column":36},"end":{"line":271,"column":15}},"line":266},"41":{"name":"(anonymous_41)","decl":{"start":{"line":269,"column":24},"end":{"line":269,"column":25}},"loc":{"start":{"line":269,"column":30},"end":{"line":269,"column":66}},"line":269},"42":{"name":"(anonymous_42)","decl":{"start":{"line":270,"column":25},"end":{"line":270,"column":26}},"loc":{"start":{"line":270,"column":31},"end":{"line":270,"column":65}},"line":270},"43":{"name":"(anonymous_43)","decl":{"start":{"line":277,"column":20},"end":{"line":277,"column":21}},"loc":{"start":{"line":278,"column":12},"end":{"line":286,"column":14}},"line":278},"44":{"name":"(anonymous_44)","decl":{"start":{"line":279,"column":22},"end":{"line":279,"column":23}},"loc":{"start":{"line":279,"column":28},"end":{"line":279,"column":47}},"line":279},"45":{"name":"(anonymous_45)","decl":{"start":{"line":280,"column":28},"end":{"line":280,"column":29}},"loc":{"start":{"line":280,"column":44},"end":{"line":285,"column":15}},"line":280},"46":{"name":"(anonymous_46)","decl":{"start":{"line":283,"column":24},"end":{"line":283,"column":25}},"loc":{"start":{"line":283,"column":30},"end":{"line":283,"column":66}},"line":283},"47":{"name":"(anonymous_47)","decl":{"start":{"line":284,"column":25},"end":{"line":284,"column":26}},"loc":{"start":{"line":284,"column":31},"end":{"line":284,"column":65}},"line":284},"48":{"name":"(anonymous_48)","decl":{"start":{"line":292,"column":20},"end":{"line":292,"column":21}},"loc":{"start":{"line":293,"column":12},"end":{"line":299,"column":14}},"line":293},"49":{"name":"(anonymous_49)","decl":{"start":{"line":295,"column":26},"end":{"line":295,"column":27}},"loc":{"start":{"line":295,"column":32},"end":{"line":298,"column":15}},"line":295},"50":{"name":"(anonymous_50)","decl":{"start":{"line":297,"column":50},"end":{"line":297,"column":51}},"loc":{"start":{"line":297,"column":56},"end":{"line":297,"column":90}},"line":297},"51":{"name":"(anonymous_51)","decl":{"start":{"line":304,"column":20},"end":{"line":304,"column":21}},"loc":{"start":{"line":305,"column":12},"end":{"line":308,"column":14}},"line":305},"52":{"name":"(anonymous_52)","decl":{"start":{"line":306,"column":22},"end":{"line":306,"column":23}},"loc":{"start":{"line":306,"column":28},"end":{"line":306,"column":63}},"line":306},"53":{"name":"(anonymous_53)","decl":{"start":{"line":307,"column":23},"end":{"line":307,"column":24}},"loc":{"start":{"line":307,"column":29},"end":{"line":307,"column":64}},"line":307},"54":{"name":"(anonymous_54)","decl":{"start":{"line":313,"column":20},"end":{"line":313,"column":21}},"loc":{"start":{"line":314,"column":12},"end":{"line":328,"column":39}},"line":314},"55":{"name":"(anonymous_55)","decl":{"start":{"line":316,"column":33},"end":{"line":316,"column":34}},"loc":{"start":{"line":316,"column":39},"end":{"line":316,"column":70}},"line":316},"56":{"name":"(anonymous_56)","decl":{"start":{"line":317,"column":28},"end":{"line":317,"column":29}},"loc":{"start":{"line":317,"column":34},"end":{"line":317,"column":68}},"line":317},"57":{"name":"(anonymous_57)","decl":{"start":{"line":318,"column":29},"end":{"line":318,"column":30}},"loc":{"start":{"line":318,"column":35},"end":{"line":318,"column":72}},"line":318},"58":{"name":"(anonymous_58)","decl":{"start":{"line":319,"column":25},"end":{"line":319,"column":26}},"loc":{"start":{"line":319,"column":31},"end":{"line":319,"column":62}},"line":319},"59":{"name":"(anonymous_59)","decl":{"start":{"line":320,"column":34},"end":{"line":320,"column":35}},"loc":{"start":{"line":320,"column":40},"end":{"line":320,"column":79}},"line":320},"60":{"name":"(anonymous_60)","decl":{"start":{"line":321,"column":30},"end":{"line":321,"column":31}},"loc":{"start":{"line":321,"column":36},"end":{"line":321,"column":67}},"line":321},"61":{"name":"(anonymous_61)","decl":{"start":{"line":326,"column":27},"end":{"line":326,"column":28}},"loc":{"start":{"line":326,"column":33},"end":{"line":326,"column":47}},"line":326},"62":{"name":"(anonymous_62)","decl":{"start":{"line":333,"column":20},"end":{"line":333,"column":21}},"loc":{"start":{"line":334,"column":12},"end":{"line":339,"column":39}},"line":334},"63":{"name":"(anonymous_63)","decl":{"start":{"line":336,"column":24},"end":{"line":336,"column":25}},"loc":{"start":{"line":336,"column":30},"end":{"line":336,"column":49}},"line":336},"64":{"name":"(anonymous_64)","decl":{"start":{"line":337,"column":24},"end":{"line":337,"column":25}},"loc":{"start":{"line":337,"column":30},"end":{"line":337,"column":68}},"line":337},"65":{"name":"(anonymous_65)","decl":{"start":{"line":344,"column":20},"end":{"line":344,"column":21}},"loc":{"start":{"line":345,"column":12},"end":{"line":350,"column":39}},"line":345},"66":{"name":"(anonymous_66)","decl":{"start":{"line":347,"column":24},"end":{"line":347,"column":25}},"loc":{"start":{"line":347,"column":30},"end":{"line":347,"column":49}},"line":347},"67":{"name":"(anonymous_67)","decl":{"start":{"line":348,"column":27},"end":{"line":348,"column":28}},"loc":{"start":{"line":348,"column":33},"end":{"line":348,"column":71}},"line":348},"68":{"name":"(anonymous_68)","decl":{"start":{"line":355,"column":20},"end":{"line":355,"column":21}},"loc":{"start":{"line":356,"column":12},"end":{"line":358,"column":39}},"line":356},"69":{"name":"(anonymous_69)","decl":{"start":{"line":357,"column":38},"end":{"line":357,"column":39}},"loc":{"start":{"line":357,"column":44},"end":{"line":357,"column":63}},"line":357},"70":{"name":"(anonymous_70)","decl":{"start":{"line":357,"column":77},"end":{"line":357,"column":78}},"loc":{"start":{"line":357,"column":83},"end":{"line":357,"column":110}},"line":357},"71":{"name":"(anonymous_71)","decl":{"start":{"line":363,"column":20},"end":{"line":363,"column":21}},"loc":{"start":{"line":364,"column":12},"end":{"line":366,"column":39}},"line":364},"72":{"name":"(anonymous_72)","decl":{"start":{"line":365,"column":34},"end":{"line":365,"column":35}},"loc":{"start":{"line":365,"column":40},"end":{"line":365,"column":59}},"line":365},"73":{"name":"(anonymous_73)","decl":{"start":{"line":365,"column":73},"end":{"line":365,"column":74}},"loc":{"start":{"line":365,"column":79},"end":{"line":365,"column":109}},"line":365},"74":{"name":"(anonymous_74)","decl":{"start":{"line":371,"column":20},"end":{"line":371,"column":21}},"loc":{"start":{"line":372,"column":12},"end":{"line":374,"column":39}},"line":372},"75":{"name":"(anonymous_75)","decl":{"start":{"line":373,"column":37},"end":{"line":373,"column":38}},"loc":{"start":{"line":373,"column":43},"end":{"line":373,"column":62}},"line":373},"76":{"name":"(anonymous_76)","decl":{"start":{"line":373,"column":72},"end":{"line":373,"column":73}},"loc":{"start":{"line":373,"column":78},"end":{"line":373,"column":107}},"line":373},"77":{"name":"(anonymous_77)","decl":{"start":{"line":379,"column":20},"end":{"line":379,"column":21}},"loc":{"start":{"line":380,"column":12},"end":{"line":382,"column":39}},"line":380},"78":{"name":"(anonymous_78)","decl":{"start":{"line":381,"column":37},"end":{"line":381,"column":38}},"loc":{"start":{"line":381,"column":43},"end":{"line":381,"column":73}},"line":381},"79":{"name":"(anonymous_79)","decl":{"start":{"line":387,"column":20},"end":{"line":387,"column":21}},"loc":{"start":{"line":388,"column":12},"end":{"line":393,"column":39}},"line":388},"80":{"name":"(anonymous_80)","decl":{"start":{"line":390,"column":26},"end":{"line":390,"column":27}},"loc":{"start":{"line":390,"column":32},"end":{"line":390,"column":59}},"line":390},"81":{"name":"(anonymous_81)","decl":{"start":{"line":391,"column":29},"end":{"line":391,"column":30}},"loc":{"start":{"line":391,"column":35},"end":{"line":391,"column":69}},"line":391},"82":{"name":"(anonymous_82)","decl":{"start":{"line":398,"column":20},"end":{"line":398,"column":21}},"loc":{"start":{"line":399,"column":12},"end":{"line":401,"column":39}},"line":399},"83":{"name":"(anonymous_83)","decl":{"start":{"line":400,"column":41},"end":{"line":400,"column":42}},"loc":{"start":{"line":400,"column":47},"end":{"line":400,"column":66}},"line":400},"84":{"name":"(anonymous_84)","decl":{"start":{"line":406,"column":20},"end":{"line":406,"column":21}},"loc":{"start":{"line":407,"column":12},"end":{"line":409,"column":39}},"line":407},"85":{"name":"(anonymous_85)","decl":{"start":{"line":408,"column":44},"end":{"line":408,"column":45}},"loc":{"start":{"line":408,"column":50},"end":{"line":408,"column":69}},"line":408},"86":{"name":"(anonymous_86)","decl":{"start":{"line":414,"column":20},"end":{"line":414,"column":21}},"loc":{"start":{"line":415,"column":12},"end":{"line":424,"column":39}},"line":415},"87":{"name":"(anonymous_87)","decl":{"start":{"line":417,"column":26},"end":{"line":417,"column":27}},"loc":{"start":{"line":417,"column":32},"end":{"line":417,"column":59}},"line":417},"88":{"name":"(anonymous_88)","decl":{"start":{"line":418,"column":29},"end":{"line":418,"column":30}},"loc":{"start":{"line":418,"column":35},"end":{"line":418,"column":73}},"line":418},"89":{"name":"(anonymous_89)","decl":{"start":{"line":419,"column":32},"end":{"line":419,"column":33}},"loc":{"start":{"line":419,"column":38},"end":{"line":419,"column":79}},"line":419},"90":{"name":"(anonymous_90)","decl":{"start":{"line":420,"column":30},"end":{"line":420,"column":31}},"loc":{"start":{"line":420,"column":36},"end":{"line":420,"column":75}},"line":420},"91":{"name":"(anonymous_91)","decl":{"start":{"line":421,"column":35},"end":{"line":421,"column":36}},"loc":{"start":{"line":421,"column":41},"end":{"line":421,"column":78}},"line":421},"92":{"name":"(anonymous_92)","decl":{"start":{"line":422,"column":32},"end":{"line":422,"column":33}},"loc":{"start":{"line":422,"column":38},"end":{"line":422,"column":79}},"line":422},"93":{"name":"(anonymous_93)","decl":{"start":{"line":429,"column":20},"end":{"line":429,"column":21}},"loc":{"start":{"line":430,"column":12},"end":{"line":435,"column":39}},"line":430},"94":{"name":"(anonymous_94)","decl":{"start":{"line":433,"column":28},"end":{"line":433,"column":29}},"loc":{"start":{"line":433,"column":39},"end":{"line":433,"column":84}},"line":433},"95":{"name":"(anonymous_95)","decl":{"start":{"line":440,"column":20},"end":{"line":440,"column":21}},"loc":{"start":{"line":441,"column":12},"end":{"line":443,"column":39}},"line":441},"96":{"name":"(anonymous_96)","decl":{"start":{"line":442,"column":37},"end":{"line":442,"column":38}},"loc":{"start":{"line":442,"column":43},"end":{"line":442,"column":62}},"line":442},"97":{"name":"(anonymous_97)","decl":{"start":{"line":448,"column":20},"end":{"line":448,"column":21}},"loc":{"start":{"line":449,"column":12},"end":{"line":451,"column":39}},"line":449},"98":{"name":"(anonymous_98)","decl":{"start":{"line":450,"column":40},"end":{"line":450,"column":41}},"loc":{"start":{"line":450,"column":46},"end":{"line":450,"column":65}},"line":450},"99":{"name":"(anonymous_99)","decl":{"start":{"line":456,"column":20},"end":{"line":456,"column":21}},"loc":{"start":{"line":457,"column":12},"end":{"line":459,"column":39}},"line":457},"100":{"name":"(anonymous_100)","decl":{"start":{"line":458,"column":38},"end":{"line":458,"column":39}},"loc":{"start":{"line":458,"column":44},"end":{"line":458,"column":63}},"line":458},"101":{"name":"(anonymous_101)","decl":{"start":{"line":464,"column":20},"end":{"line":464,"column":21}},"loc":{"start":{"line":465,"column":12},"end":{"line":467,"column":39}},"line":465},"102":{"name":"(anonymous_102)","decl":{"start":{"line":466,"column":48},"end":{"line":466,"column":49}},"loc":{"start":{"line":466,"column":54},"end":{"line":466,"column":73}},"line":466},"103":{"name":"(anonymous_103)","decl":{"start":{"line":466,"column":83},"end":{"line":466,"column":84}},"loc":{"start":{"line":466,"column":89},"end":{"line":466,"column":116}},"line":466},"104":{"name":"(anonymous_104)","decl":{"start":{"line":472,"column":20},"end":{"line":472,"column":21}},"loc":{"start":{"line":473,"column":12},"end":{"line":475,"column":39}},"line":473},"105":{"name":"(anonymous_105)","decl":{"start":{"line":474,"column":48},"end":{"line":474,"column":49}},"loc":{"start":{"line":474,"column":54},"end":{"line":474,"column":73}},"line":474}},"branchMap":{"0":{"loc":{"start":{"line":96,"column":9},"end":{"line":98,"column":12}},"type":"cond-expr","locations":[{"start":{"line":97,"column":7},"end":{"line":97,"column":30}},{"start":{"line":98,"column":6},"end":{"line":98,"column":12}}],"line":96},"1":{"loc":{"start":{"line":121,"column":2},"end":{"line":121,"column":23}},"type":"default-arg","locations":[{"start":{"line":121,"column":18},"end":{"line":121,"column":23}}],"line":121},"2":{"loc":{"start":{"line":136,"column":10},"end":{"line":138,"column":11}},"type":"if","locations":[{"start":{"line":136,"column":10},"end":{"line":138,"column":11}},{"start":{},"end":{}}],"line":136},"3":{"loc":{"start":{"line":181,"column":2},"end":{"line":183,"column":3}},"type":"if","locations":[{"start":{"line":181,"column":2},"end":{"line":183,"column":3}},{"start":{},"end":{}}],"line":181},"4":{"loc":{"start":{"line":187,"column":23},"end":{"line":187,"column":71}},"type":"cond-expr","locations":[{"start":{"line":187,"column":43},"end":{"line":187,"column":57}},{"start":{"line":187,"column":60},"end":{"line":187,"column":71}}],"line":187}},"s":{"0":1,"1":1,"2":0,"3":0,"4":0,"5":0,"6":0,"7":0,"8":0,"9":0,"10":0,"11":0,"12":1,"13":0,"14":0,"15":0,"16":0,"17":0,"18":0,"19":0,"20":0,"21":0,"22":0,"23":0,"24":0,"25":0,"26":0,"27":0,"28":0,"29":0,"30":0,"31":0,"32":0,"33":0,"34":0,"35":0,"36":0,"37":0,"38":0,"39":0,"40":0,"41":0,"42":0,"43":0,"44":0,"45":0,"46":0,"47":0,"48":0,"49":0,"50":0,"51":0,"52":0,"53":0,"54":0,"55":0,"56":0,"57":0,"58":0,"59":0,"60":0,"61":0,"62":0,"63":0,"64":0,"65":0,"66":0,"67":0,"68":0,"69":0,"70":0,"71":0,"72":0,"73":0,"74":0,"75":0,"76":0,"77":0,"78":0,"79":0,"80":0,"81":0,"82":0,"83":0,"84":0,"85":0,"86":0,"87":0,"88":0,"89":0,"90":0,"91":0,"92":0,"93":0,"94":0,"95":0,"96":0,"97":0,"98":0,"99":0,"100":0,"101":0,"102":0,"103":0,"104":0,"105":0,"106":0,"107":0,"108":0,"109":0,"110":0,"111":0,"112":0,"113":0,"114":0,"115":0,"116":0,"117":0,"118":0,"119":0,"120":0,"121":0,"122":0,"123":0,"124":0,"125":0},"f":{"0":0,"1":0,"2":0,"3":0,"4":0,"5":0,"6":0,"7":0,"8":1,"9":0,"10":0,"11":0,"12":0,"13":0,"14":0,"15":0,"16":0,"17":0,"18":0,"19":0,"20":0,"21":0,"22":0,"23":0,"24":0,"25":0,"26":0,"27":0,"28":0,"29":0,"30":0,"31":0,"32":0,"33":0,"34":0,"35":0,"36":0,"37":0,"38":0,"39":0,"40":0,"41":0,"42":0,"43":0,"44":0,"45":0,"46":0,"47":0,"48":0,"49":0,"50":0,"51":0,"52":0,"53":0,"54":0,"55":0,"56":0,"57":0,"58":0,"59":0,"60":0,"61":0,"62":0,"63":0,"64":0,"65":0,"66":0,"67":0,"68":0,"69":0,"70":0,"71":0,"72":0,"73":0,"74":0,"75":0,"76":0,"77":0,"78":0,"79":0,"80":0,"81":0,"82":0,"83":0,"84":0,"85":0,"86":0,"87":0,"88":0,"89":0,"90":0,"91":0,"92":0,"93":0,"94":0,"95":0,"96":0,"97":0,"98":0,"99":0,"100":0,"101":0,"102":0,"103":0,"104":0,"105":0},"b":{"0":[0,0],"1":[0],"2":[0,0],"3":[0,0],"4":[0,0]},"_coverageSchema":"1a1c01bbd47fc00a2c39e90264f33305004495a9","hash":"e79cbea45012c94e85e45c207e6c1796e3587a2c"}
,"C:\\Users\\Aleksay\\Desktop\\tpv\\tpv-mobile\\src\\api\\appointments.api.ts": {"path":"C:\\Users\\Aleksay\\Desktop\\tpv\\tpv-mobile\\src\\api\\appointments.api.ts","statementMap":{"0":{"start":{"line":9,"column":19},"end":{"line":11,"column":4}},"1":{"start":{"line":12,"column":2},"end":{"line":12,"column":14}},"2":{"start":{"line":20,"column":19},"end":{"line":20,"column":88}},"3":{"start":{"line":21,"column":2},"end":{"line":21,"column":14}},"4":{"start":{"line":29,"column":19},"end":{"line":29,"column":79}},"5":{"start":{"line":30,"column":2},"end":{"line":30,"column":14}},"6":{"start":{"line":41,"column":19},"end":{"line":43,"column":4}},"7":{"start":{"line":44,"column":2},"end":{"line":44,"column":14}}},"fnMap":{"0":{"name":"getAppointments","decl":{"start":{"line":8,"column":22},"end":{"line":8,"column":37}},"loc":{"start":{"line":8,"column":107},"end":{"line":13,"column":1}},"line":8},"1":{"name":"getAppointment","decl":{"start":{"line":19,"column":22},"end":{"line":19,"column":36}},"loc":{"start":{"line":19,"column":85},"end":{"line":22,"column":1}},"line":19},"2":{"name":"createAppointment","decl":{"start":{"line":28,"column":22},"end":{"line":28,"column":39}},"loc":{"start":{"line":28,"column":94},"end":{"line":31,"column":1}},"line":28},"3":{"name":"cancelAppointment","decl":{"start":{"line":37,"column":22},"end":{"line":37,"column":39}},"loc":{"start":{"line":40,"column":27},"end":{"line":45,"column":1}},"line":40}},"branchMap":{"0":{"loc":{"start":{"line":8,"column":38},"end":{"line":8,"column":46}},"type":"default-arg","locations":[{"start":{"line":8,"column":45},"end":{"line":8,"column":46}}],"line":8},"1":{"loc":{"start":{"line":8,"column":48},"end":{"line":8,"column":58}},"type":"default-arg","locations":[{"start":{"line":8,"column":56},"end":{"line":8,"column":58}}],"line":8}},"s":{"0":1,"1":1,"2":0,"3":0,"4":0,"5":0,"6":0,"7":0},"f":{"0":1,"1":0,"2":0,"3":0},"b":{"0":[1],"1":[1]},"_coverageSchema":"1a1c01bbd47fc00a2c39e90264f33305004495a9","hash":"37191cbd0c1d2d014e0b9a50999fcdc75dd29721"}
,"C:\\Users\\Aleksay\\Desktop\\tpv\\tpv-mobile\\src\\api\\auth.api.ts": {"path":"C:\\Users\\Aleksay\\Desktop\\tpv\\tpv-mobile\\src\\api\\auth.api.ts","statementMap":{"0":{"start":{"line":18,"column":26},"end":{"line":18,"column":45}},"1":{"start":{"line":19,"column":19},"end":{"line":19,"column":80}},"2":{"start":{"line":20,"column":2},"end":{"line":20,"column":14}},"3":{"start":{"line":29,"column":29},"end":{"line":29,"column":46}},"4":{"start":{"line":30,"column":19},"end":{"line":30,"column":84}},"5":{"start":{"line":31,"column":2},"end":{"line":31,"column":14}},"6":{"start":{"line":40,"column":19},"end":{"line":53,"column":3}},"7":{"start":{"line":55,"column":16},"end":{"line":75,"column":6}},"8":{"start":{"line":56,"column":73},"end":{"line":56,"column":123}},"9":{"start":{"line":58,"column":24},"end":{"line":58,"column":87}},"10":{"start":{"line":59,"column":23},"end":{"line":59,"column":84}},"11":{"start":{"line":60,"column":34},"end":{"line":60,"column":77}},"12":{"start":{"line":61,"column":26},"end":{"line":63,"column":29}},"13":{"start":{"line":64,"column":31},"end":{"line":64,"column":95}},"14":{"start":{"line":65,"column":23},"end":{"line":67,"column":26}},"15":{"start":{"line":69,"column":6},"end":{"line":74,"column":8}},"16":{"start":{"line":77,"column":2},"end":{"line":81,"column":4}},"17":{"start":{"line":89,"column":37},"end":{"line":89,"column":52}},"18":{"start":{"line":90,"column":19},"end":{"line":90,"column":93}},"19":{"start":{"line":91,"column":2},"end":{"line":91,"column":14}},"20":{"start":{"line":99,"column":33},"end":{"line":99,"column":49}},"21":{"start":{"line":100,"column":19},"end":{"line":100,"column":82}},"22":{"start":{"line":101,"column":2},"end":{"line":101,"column":14}},"23":{"start":{"line":109,"column":27},"end":{"line":109,"column":43}},"24":{"start":{"line":110,"column":2},"end":{"line":110,"column":46}},"25":{"start":{"line":118,"column":2},"end":{"line":122,"column":3}},"26":{"start":{"line":119,"column":4},"end":{"line":119,"column":53}},"27":{"start":{"line":121,"column":4},"end":{"line":121,"column":45}},"28":{"start":{"line":130,"column":19},"end":{"line":130,"column":66}},"29":{"start":{"line":131,"column":2},"end":{"line":131,"column":14}}},"fnMap":{"0":{"name":"login","decl":{"start":{"line":17,"column":22},"end":{"line":17,"column":27}},"loc":{"start":{"line":17,"column":89},"end":{"line":21,"column":1}},"line":17},"1":{"name":"loginWithPin","decl":{"start":{"line":28,"column":22},"end":{"line":28,"column":34}},"loc":{"start":{"line":28,"column":95},"end":{"line":32,"column":1}},"line":28},"2":{"name":"getQuickAccessProfilesWithContext","decl":{"start":{"line":39,"column":22},"end":{"line":39,"column":55}},"loc":{"start":{"line":39,"column":102},"end":{"line":82,"column":1}},"line":39},"3":{"name":"(anonymous_3)","decl":{"start":{"line":56,"column":12},"end":{"line":56,"column":13}},"loc":{"start":{"line":56,"column":73},"end":{"line":56,"column":123}},"line":56},"4":{"name":"(anonymous_4)","decl":{"start":{"line":57,"column":9},"end":{"line":57,"column":10}},"loc":{"start":{"line":57,"column":19},"end":{"line":75,"column":5}},"line":57},"5":{"name":"loginWithQuickAccess","decl":{"start":{"line":88,"column":22},"end":{"line":88,"column":42}},"loc":{"start":{"line":88,"column":100},"end":{"line":92,"column":1}},"line":88},"6":{"name":"refresh","decl":{"start":{"line":98,"column":22},"end":{"line":98,"column":29}},"loc":{"start":{"line":98,"column":80},"end":{"line":102,"column":1}},"line":98},"7":{"name":"logout","decl":{"start":{"line":108,"column":22},"end":{"line":108,"column":28}},"loc":{"start":{"line":108,"column":67},"end":{"line":111,"column":1}},"line":108},"8":{"name":"logoutAllDevices","decl":{"start":{"line":117,"column":22},"end":{"line":117,"column":38}},"loc":{"start":{"line":117,"column":56},"end":{"line":123,"column":1}},"line":117},"9":{"name":"getCurrentUser","decl":{"start":{"line":129,"column":22},"end":{"line":129,"column":36}},"loc":{"start":{"line":129,"column":64},"end":{"line":132,"column":1}},"line":129}},"branchMap":{"0":{"loc":{"start":{"line":55,"column":17},"end":{"line":55,"column":33}},"type":"binary-expr","locations":[{"start":{"line":55,"column":17},"end":{"line":55,"column":27}},{"start":{"line":55,"column":31},"end":{"line":55,"column":33}}],"line":55},"1":{"loc":{"start":{"line":56,"column":73},"end":{"line":56,"column":123}},"type":"binary-expr","locations":[{"start":{"line":56,"column":73},"end":{"line":56,"column":101}},{"start":{"line":56,"column":105},"end":{"line":56,"column":123}}],"line":56},"2":{"loc":{"start":{"line":58,"column":24},"end":{"line":58,"column":87}},"type":"cond-expr","locations":[{"start":{"line":58,"column":61},"end":{"line":58,"column":82}},{"start":{"line":58,"column":85},"end":{"line":58,"column":87}}],"line":58},"3":{"loc":{"start":{"line":59,"column":23},"end":{"line":59,"column":84}},"type":"cond-expr","locations":[{"start":{"line":59,"column":59},"end":{"line":59,"column":79}},{"start":{"line":59,"column":82},"end":{"line":59,"column":84}}],"line":59},"4":{"loc":{"start":{"line":60,"column":34},"end":{"line":60,"column":77}},"type":"binary-expr","locations":[{"start":{"line":60,"column":34},"end":{"line":60,"column":67}},{"start":{"line":60,"column":71},"end":{"line":60,"column":77}}],"line":60},"5":{"loc":{"start":{"line":61,"column":26},"end":{"line":63,"column":29}},"type":"cond-expr","locations":[{"start":{"line":62,"column":10},"end":{"line":62,"column":33}},{"start":{"line":63,"column":10},"end":{"line":63,"column":29}}],"line":61},"6":{"loc":{"start":{"line":61,"column":26},"end":{"line":61,"column":100}},"type":"binary-expr","locations":[{"start":{"line":61,"column":26},"end":{"line":61,"column":62}},{"start":{"line":61,"column":66},"end":{"line":61,"column":100}}],"line":61},"7":{"loc":{"start":{"line":64,"column":31},"end":{"line":64,"column":95}},"type":"binary-expr","locations":[{"start":{"line":64,"column":31},"end":{"line":64,"column":88}},{"start":{"line":64,"column":92},"end":{"line":64,"column":95}}],"line":64},"8":{"loc":{"start":{"line":64,"column":34},"end":{"line":64,"column":52}},"type":"binary-expr","locations":[{"start":{"line":64,"column":34},"end":{"line":64,"column":46}},{"start":{"line":64,"column":50},"end":{"line":64,"column":52}}],"line":64},"9":{"loc":{"start":{"line":64,"column":55},"end":{"line":64,"column":72}},"type":"binary-expr","locations":[{"start":{"line":64,"column":55},"end":{"line":64,"column":66}},{"start":{"line":64,"column":70},"end":{"line":64,"column":72}}],"line":64},"10":{"loc":{"start":{"line":65,"column":23},"end":{"line":67,"column":26}},"type":"cond-expr","locations":[{"start":{"line":66,"column":10},"end":{"line":66,"column":44}},{"start":{"line":67,"column":10},"end":{"line":67,"column":26}}],"line":65},"11":{"loc":{"start":{"line":65,"column":23},"end":{"line":65,"column":91}},"type":"binary-expr","locations":[{"start":{"line":65,"column":23},"end":{"line":65,"column":56}},{"start":{"line":65,"column":60},"end":{"line":65,"column":91}}],"line":65},"12":{"loc":{"start":{"line":73,"column":14},"end":{"line":73,"column":105}},"type":"cond-expr","locations":[{"start":{"line":73,"column":77},"end":{"line":73,"column":93}},{"start":{"line":73,"column":96},"end":{"line":73,"column":105}}],"line":73},"13":{"loc":{"start":{"line":73,"column":14},"end":{"line":73,"column":74}},"type":"binary-expr","locations":[{"start":{"line":73,"column":14},"end":{"line":73,"column":43}},{"start":{"line":73,"column":47},"end":{"line":73,"column":74}}],"line":73}},"s":{"0":0,"1":0,"2":0,"3":0,"4":0,"5":0,"6":0,"7":0,"8":0,"9":0,"10":0,"11":0,"12":0,"13":0,"14":0,"15":0,"16":0,"17":0,"18":0,"19":0,"20":0,"21":0,"22":0,"23":0,"24":0,"25":0,"26":0,"27":0,"28":0,"29":0},"f":{"0":0,"1":0,"2":0,"3":0,"4":0,"5":0,"6":0,"7":0,"8":0,"9":0},"b":{"0":[0,0],"1":[0,0],"2":[0,0],"3":[0,0],"4":[0,0],"5":[0,0],"6":[0,0],"7":[0,0],"8":[0,0],"9":[0,0],"10":[0,0],"11":[0,0],"12":[0,0],"13":[0,0]},"_coverageSchema":"1a1c01bbd47fc00a2c39e90264f33305004495a9","hash":"b59eb27619c9320ef96743f1f4afdea01db2cd96"}
,"C:\\Users\\Aleksay\\Desktop\\tpv\\tpv-mobile\\src\\api\\card-payment-runtime.api.ts": {"path":"C:\\Users\\Aleksay\\Desktop\\tpv\\tpv-mobile\\src\\api\\card-payment-runtime.api.ts","statementMap":{"0":{"start":{"line":69,"column":2},"end":{"line":69,"column":36}},"1":{"start":{"line":73,"column":19},"end":{"line":73,"column":106}},"2":{"start":{"line":74,"column":2},"end":{"line":74,"column":14}},"3":{"start":{"line":81,"column":14},"end":{"line":81,"column":46}},"4":{"start":{"line":82,"column":19},"end":{"line":86,"column":3}},"5":{"start":{"line":87,"column":2},"end":{"line":87,"column":14}},"6":{"start":{"line":91,"column":19},"end":{"line":93,"column":3}},"7":{"start":{"line":94,"column":2},"end":{"line":94,"column":14}},"8":{"start":{"line":101,"column":14},"end":{"line":101,"column":46}},"9":{"start":{"line":102,"column":19},"end":{"line":106,"column":3}},"10":{"start":{"line":107,"column":2},"end":{"line":107,"column":14}},"11":{"start":{"line":115,"column":14},"end":{"line":115,"column":46}},"12":{"start":{"line":116,"column":19},"end":{"line":120,"column":3}},"13":{"start":{"line":121,"column":2},"end":{"line":121,"column":14}}},"fnMap":{"0":{"name":"idempotentHeaders","decl":{"start":{"line":68,"column":9},"end":{"line":68,"column":26}},"loc":{"start":{"line":68,"column":64},"end":{"line":70,"column":1}},"line":68},"1":{"name":"fetchTerminalProfiles","decl":{"start":{"line":72,"column":22},"end":{"line":72,"column":43}},"loc":{"start":{"line":72,"column":74},"end":{"line":75,"column":1}},"line":72},"2":{"name":"startCardPayment","decl":{"start":{"line":77,"column":22},"end":{"line":77,"column":38}},"loc":{"start":{"line":80,"column":35},"end":{"line":88,"column":1}},"line":80},"3":{"name":"fetchCardPaymentStatus","decl":{"start":{"line":90,"column":22},"end":{"line":90,"column":44}},"loc":{"start":{"line":90,"column":101},"end":{"line":95,"column":1}},"line":90},"4":{"name":"cancelCardPayment","decl":{"start":{"line":97,"column":22},"end":{"line":97,"column":39}},"loc":{"start":{"line":100,"column":35},"end":{"line":108,"column":1}},"line":100},"5":{"name":"fallbackCardPaymentToExternal","decl":{"start":{"line":110,"column":22},"end":{"line":110,"column":51}},"loc":{"start":{"line":114,"column":29},"end":{"line":122,"column":1}},"line":114}},"branchMap":{"0":{"loc":{"start":{"line":81,"column":14},"end":{"line":81,"column":46}},"type":"binary-expr","locations":[{"start":{"line":81,"column":14},"end":{"line":81,"column":28}},{"start":{"line":81,"column":32},"end":{"line":81,"column":46}}],"line":81},"1":{"loc":{"start":{"line":101,"column":14},"end":{"line":101,"column":46}},"type":"binary-expr","locations":[{"start":{"line":101,"column":14},"end":{"line":101,"column":28}},{"start":{"line":101,"column":32},"end":{"line":101,"column":46}}],"line":101},"2":{"loc":{"start":{"line":115,"column":14},"end":{"line":115,"column":46}},"type":"binary-expr","locations":[{"start":{"line":115,"column":14},"end":{"line":115,"column":28}},{"start":{"line":115,"column":32},"end":{"line":115,"column":46}}],"line":115}},"s":{"0":0,"1":0,"2":0,"3":0,"4":0,"5":0,"6":0,"7":0,"8":0,"9":0,"10":0,"11":0,"12":0,"13":0},"f":{"0":0,"1":0,"2":0,"3":0,"4":0,"5":0},"b":{"0":[0,0],"1":[0,0],"2":[0,0]},"_coverageSchema":"1a1c01bbd47fc00a2c39e90264f33305004495a9","hash":"4badbaeec159d7b085a684fae90ad97542d3128f"}
,"C:\\Users\\Aleksay\\Desktop\\tpv\\tpv-mobile\\src\\api\\client.ts": {"path":"C:\\Users\\Aleksay\\Desktop\\tpv\\tpv-mobile\\src\\api\\client.ts","statementMap":{"0":{"start":{"line":12,"column":52},"end":{"line":12,"column":56}},"1":{"start":{"line":15,"column":38},"end":{"line":15,"column":40}},"2":{"start":{"line":16,"column":2},"end":{"line":16,"column":34}},"3":{"start":{"line":16,"column":23},"end":{"line":16,"column":34}},"4":{"start":{"line":18,"column":2},"end":{"line":22,"column":5}},"5":{"start":{"line":19,"column":4},"end":{"line":21,"column":5}},"6":{"start":{"line":20,"column":6},"end":{"line":20,"column":23}},"7":{"start":{"line":24,"column":2},"end":{"line":24,"column":13}},"8":{"start":{"line":28,"column":2},"end":{"line":28,"column":28}},"9":{"start":{"line":28,"column":15},"end":{"line":28,"column":28}},"10":{"start":{"line":29,"column":21},"end":{"line":29,"column":41}},"11":{"start":{"line":30,"column":2},"end":{"line":30,"column":108}},"12":{"start":{"line":34,"column":2},"end":{"line":34,"column":33}},"13":{"start":{"line":34,"column":20},"end":{"line":34,"column":33}},"14":{"start":{"line":35,"column":2},"end":{"line":35,"column":62}},"15":{"start":{"line":35,"column":49},"end":{"line":35,"column":62}},"16":{"start":{"line":36,"column":2},"end":{"line":36,"column":50}},"17":{"start":{"line":36,"column":37},"end":{"line":36,"column":50}},"18":{"start":{"line":38,"column":14},"end":{"line":38,"column":38}},"19":{"start":{"line":39,"column":2},"end":{"line":41,"column":3}},"20":{"start":{"line":40,"column":4},"end":{"line":40,"column":17}},"21":{"start":{"line":44,"column":2},"end":{"line":44,"column":25}},"22":{"start":{"line":48,"column":2},"end":{"line":48,"column":72}},"23":{"start":{"line":52,"column":15},"end":{"line":52,"column":126}},"24":{"start":{"line":53,"column":2},"end":{"line":58,"column":4}},"25":{"start":{"line":62,"column":26},"end":{"line":62,"column":49}},"26":{"start":{"line":63,"column":2},"end":{"line":69,"column":3}},"27":{"start":{"line":64,"column":4},"end":{"line":64,"column":59}},"28":{"start":{"line":65,"column":21},"end":{"line":65,"column":54}},"29":{"start":{"line":66,"column":4},"end":{"line":68,"column":5}},"30":{"start":{"line":67,"column":6},"end":{"line":67,"column":47}},"31":{"start":{"line":70,"column":2},"end":{"line":70,"column":61}},"32":{"start":{"line":71,"column":2},"end":{"line":71,"column":16}},"33":{"start":{"line":75,"column":15},"end":{"line":75,"column":38}},"34":{"start":{"line":76,"column":2},"end":{"line":78,"column":3}},"35":{"start":{"line":77,"column":4},"end":{"line":77,"column":16}},"36":{"start":{"line":80,"column":2},"end":{"line":91,"column":3}},"37":{"start":{"line":81,"column":21},"end":{"line":85,"column":5}},"38":{"start":{"line":86,"column":4},"end":{"line":86,"column":80}},"39":{"start":{"line":87,"column":4},"end":{"line":87,"column":37}},"40":{"start":{"line":89,"column":4},"end":{"line":89,"column":24}},"41":{"start":{"line":90,"column":4},"end":{"line":90,"column":16}},"42":{"start":{"line":94,"column":25},"end":{"line":97,"column":2}},"43":{"start":{"line":99,"column":0},"end":{"line":99,"column":46}},"44":{"start":{"line":100,"column":0},"end":{"line":144,"column":2}},"45":{"start":{"line":101,"column":16},"end":{"line":101,"column":24}},"46":{"start":{"line":103,"column":19},"end":{"line":103,"column":62}},"47":{"start":{"line":104,"column":4},"end":{"line":119,"column":5}},"48":{"start":{"line":105,"column":6},"end":{"line":105,"column":27}},"49":{"start":{"line":107,"column":6},"end":{"line":111,"column":7}},"50":{"start":{"line":108,"column":8},"end":{"line":110,"column":11}},"51":{"start":{"line":109,"column":10},"end":{"line":109,"column":32}},"52":{"start":{"line":113,"column":29},"end":{"line":113,"column":49}},"53":{"start":{"line":114,"column":6},"end":{"line":118,"column":7}},"54":{"start":{"line":115,"column":8},"end":{"line":115,"column":46}},"55":{"start":{"line":116,"column":8},"end":{"line":116,"column":66}},"56":{"start":{"line":117,"column":8},"end":{"line":117,"column":41}},"57":{"start":{"line":121,"column":4},"end":{"line":140,"column":5}},"58":{"start":{"line":122,"column":21},"end":{"line":128,"column":8}},"59":{"start":{"line":129,"column":6},"end":{"line":133,"column":9}},"60":{"start":{"line":135,"column":6},"end":{"line":139,"column":28}},"61":{"start":{"line":142,"column":4},"end":{"line":142,"column":49}}},"fnMap":{"0":{"name":"toHeaderRecord","decl":{"start":{"line":14,"column":9},"end":{"line":14,"column":23}},"loc":{"start":{"line":14,"column":84},"end":{"line":25,"column":1}},"line":14},"1":{"name":"(anonymous_1)","decl":{"start":{"line":18,"column":41},"end":{"line":18,"column":42}},"loc":{"start":{"line":18,"column":59},"end":{"line":22,"column":3}},"line":18},"2":{"name":"isWriteMethod","decl":{"start":{"line":27,"column":9},"end":{"line":27,"column":22}},"loc":{"start":{"line":27,"column":87},"end":{"line":31,"column":1}},"line":27},"3":{"name":"isQueueCandidate","decl":{"start":{"line":33,"column":9},"end":{"line":33,"column":25}},"loc":{"start":{"line":33,"column":80},"end":{"line":45,"column":1}},"line":33},"4":{"name":"createCorrelationId","decl":{"start":{"line":47,"column":9},"end":{"line":47,"column":28}},"loc":{"start":{"line":47,"column":39},"end":{"line":49,"column":1}},"line":47},"5":{"name":"normalizeError","decl":{"start":{"line":51,"column":9},"end":{"line":51,"column":23}},"loc":{"start":{"line":51,"column":53},"end":{"line":59,"column":1}},"line":51},"6":{"name":"onRequest","decl":{"start":{"line":61,"column":15},"end":{"line":61,"column":24}},"loc":{"start":{"line":61,"column":98},"end":{"line":72,"column":1}},"line":61},"7":{"name":"refreshAccessToken","decl":{"start":{"line":74,"column":15},"end":{"line":74,"column":33}},"loc":{"start":{"line":74,"column":60},"end":{"line":92,"column":1}},"line":74},"8":{"name":"(anonymous_8)","decl":{"start":{"line":101,"column":2},"end":{"line":101,"column":3}},"loc":{"start":{"line":101,"column":16},"end":{"line":101,"column":24}},"line":101},"9":{"name":"(anonymous_9)","decl":{"start":{"line":102,"column":2},"end":{"line":102,"column":3}},"loc":{"start":{"line":102,"column":31},"end":{"line":143,"column":3}},"line":102},"10":{"name":"(anonymous_10)","decl":{"start":{"line":108,"column":54},"end":{"line":108,"column":55}},"loc":{"start":{"line":108,"column":60},"end":{"line":110,"column":9}},"line":108}},"branchMap":{"0":{"loc":{"start":{"line":16,"column":2},"end":{"line":16,"column":34}},"type":"if","locations":[{"start":{"line":16,"column":2},"end":{"line":16,"column":34}},{"start":{},"end":{}}],"line":16},"1":{"loc":{"start":{"line":19,"column":4},"end":{"line":21,"column":5}},"type":"if","locations":[{"start":{"line":19,"column":4},"end":{"line":21,"column":5}},{"start":{},"end":{}}],"line":19},"2":{"loc":{"start":{"line":28,"column":2},"end":{"line":28,"column":28}},"type":"if","locations":[{"start":{"line":28,"column":2},"end":{"line":28,"column":28}},{"start":{},"end":{}}],"line":28},"3":{"loc":{"start":{"line":30,"column":9},"end":{"line":30,"column":107}},"type":"binary-expr","locations":[{"start":{"line":30,"column":9},"end":{"line":30,"column":30}},{"start":{"line":30,"column":34},"end":{"line":30,"column":54}},{"start":{"line":30,"column":58},"end":{"line":30,"column":80}},{"start":{"line":30,"column":84},"end":{"line":30,"column":107}}],"line":30},"4":{"loc":{"start":{"line":34,"column":2},"end":{"line":34,"column":33}},"type":"if","locations":[{"start":{"line":34,"column":2},"end":{"line":34,"column":33}},{"start":{},"end":{}}],"line":34},"5":{"loc":{"start":{"line":35,"column":2},"end":{"line":35,"column":62}},"type":"if","locations":[{"start":{"line":35,"column":2},"end":{"line":35,"column":62}},{"start":{},"end":{}}],"line":35},"6":{"loc":{"start":{"line":36,"column":2},"end":{"line":36,"column":50}},"type":"if","locations":[{"start":{"line":36,"column":2},"end":{"line":36,"column":50}},{"start":{},"end":{}}],"line":36},"7":{"loc":{"start":{"line":39,"column":2},"end":{"line":41,"column":3}},"type":"if","locations":[{"start":{"line":39,"column":2},"end":{"line":41,"column":3}},{"start":{},"end":{}}],"line":39},"8":{"loc":{"start":{"line":39,"column":6},"end":{"line":39,"column":98}},"type":"binary-expr","locations":[{"start":{"line":39,"column":6},"end":{"line":39,"column":33}},{"start":{"line":39,"column":37},"end":{"line":39,"column":66}},{"start":{"line":39,"column":70},"end":{"line":39,"column":98}}],"line":39},"9":{"loc":{"start":{"line":54,"column":12},"end":{"line":54,"column":41}},"type":"binary-expr","locations":[{"start":{"line":54,"column":12},"end":{"line":54,"column":34}},{"start":{"line":54,"column":38},"end":{"line":54,"column":41}}],"line":54},"10":{"loc":{"start":{"line":55,"column":10},"end":{"line":55,"column":44}},"type":"binary-expr","locations":[{"start":{"line":55,"column":10},"end":{"line":55,"column":25}},{"start":{"line":55,"column":29},"end":{"line":55,"column":44}}],"line":55},"11":{"loc":{"start":{"line":56,"column":13},"end":{"line":56,"column":43}},"type":"binary-expr","locations":[{"start":{"line":56,"column":13},"end":{"line":56,"column":26}},{"start":{"line":56,"column":30},"end":{"line":56,"column":43}}],"line":56},"12":{"loc":{"start":{"line":63,"column":2},"end":{"line":69,"column":3}},"type":"if","locations":[{"start":{"line":63,"column":2},"end":{"line":69,"column":3}},{"start":{},"end":{}}],"line":63},"13":{"loc":{"start":{"line":66,"column":4},"end":{"line":68,"column":5}},"type":"if","locations":[{"start":{"line":66,"column":4},"end":{"line":68,"column":5}},{"start":{},"end":{}}],"line":66},"14":{"loc":{"start":{"line":76,"column":2},"end":{"line":78,"column":3}},"type":"if","locations":[{"start":{"line":76,"column":2},"end":{"line":78,"column":3}},{"start":{},"end":{}}],"line":76},"15":{"loc":{"start":{"line":104,"column":4},"end":{"line":119,"column":5}},"type":"if","locations":[{"start":{"line":104,"column":4},"end":{"line":119,"column":5}},{"start":{},"end":{}}],"line":104},"16":{"loc":{"start":{"line":104,"column":8},"end":{"line":104,"column":66}},"type":"binary-expr","locations":[{"start":{"line":104,"column":8},"end":{"line":104,"column":38}},{"start":{"line":104,"column":42},"end":{"line":104,"column":48}},{"start":{"line":104,"column":52},"end":{"line":104,"column":66}}],"line":104},"17":{"loc":{"start":{"line":107,"column":6},"end":{"line":111,"column":7}},"type":"if","locations":[{"start":{"line":107,"column":6},"end":{"line":111,"column":7}},{"start":{},"end":{}}],"line":107},"18":{"loc":{"start":{"line":114,"column":6},"end":{"line":118,"column":7}},"type":"if","locations":[{"start":{"line":114,"column":6},"end":{"line":118,"column":7}},{"start":{},"end":{}}],"line":114},"19":{"loc":{"start":{"line":115,"column":25},"end":{"line":115,"column":45}},"type":"binary-expr","locations":[{"start":{"line":115,"column":25},"end":{"line":115,"column":39}},{"start":{"line":115,"column":43},"end":{"line":115,"column":45}}],"line":115},"20":{"loc":{"start":{"line":121,"column":4},"end":{"line":140,"column":5}},"type":"if","locations":[{"start":{"line":121,"column":4},"end":{"line":140,"column":5}},{"start":{},"end":{}}],"line":121},"21":{"loc":{"start":{"line":121,"column":8},"end":{"line":121,"column":86}},"type":"binary-expr","locations":[{"start":{"line":121,"column":8},"end":{"line":121,"column":39}},{"start":{"line":121,"column":43},"end":{"line":121,"column":54}},{"start":{"line":121,"column":58},"end":{"line":121,"column":86}}],"line":121},"22":{"loc":{"start":{"line":126,"column":16},"end":{"line":126,"column":83}},"type":"binary-expr","locations":[{"start":{"line":126,"column":17},"end":{"line":126,"column":69}},{"start":{"line":126,"column":74},"end":{"line":126,"column":83}}],"line":126}},"s":{"0":8,"1":0,"2":0,"3":0,"4":0,"5":0,"6":0,"7":0,"8":0,"9":0,"10":0,"11":0,"12":0,"13":0,"14":0,"15":0,"16":0,"17":0,"18":0,"19":0,"20":0,"21":0,"22":0,"23":0,"24":0,"25":0,"26":0,"27":0,"28":0,"29":0,"30":0,"31":0,"32":0,"33":0,"34":0,"35":0,"36":0,"37":0,"38":0,"39":0,"40":0,"41":0,"42":8,"43":8,"44":8,"45":0,"46":0,"47":0,"48":0,"49":0,"50":0,"51":0,"52":0,"53":0,"54":0,"55":0,"56":0,"57":0,"58":0,"59":0,"60":0,"61":0},"f":{"0":0,"1":0,"2":0,"3":0,"4":0,"5":0,"6":0,"7":0,"8":0,"9":0,"10":0},"b":{"0":[0,0],"1":[0,0],"2":[0,0],"3":[0,0,0,0],"4":[0,0],"5":[0,0],"6":[0,0],"7":[0,0],"8":[0,0,0],"9":[0,0],"10":[0,0],"11":[0,0],"12":[0,0],"13":[0,0],"14":[0,0],"15":[0,0],"16":[0,0,0],"17":[0,0],"18":[0,0],"19":[0,0],"20":[0,0],"21":[0,0,0],"22":[0,0]},"_coverageSchema":"1a1c01bbd47fc00a2c39e90264f33305004495a9","hash":"49d140e7cf23cb50749243e7d99da1598a268b3e"}
,"C:\\Users\\Aleksay\\Desktop\\tpv\\tpv-mobile\\src\\api\\context.api.ts": {"path":"C:\\Users\\Aleksay\\Desktop\\tpv\\tpv-mobile\\src\\api\\context.api.ts","statementMap":{"0":{"start":{"line":10,"column":19},"end":{"line":12,"column":3}},"1":{"start":{"line":13,"column":2},"end":{"line":13,"column":14}},"2":{"start":{"line":24,"column":19},"end":{"line":27,"column":3}},"3":{"start":{"line":28,"column":2},"end":{"line":28,"column":14}},"4":{"start":{"line":37,"column":2},"end":{"line":37,"column":56}}},"fnMap":{"0":{"name":"getLocalInstallationContext","decl":{"start":{"line":9,"column":22},"end":{"line":9,"column":49}},"loc":{"start":{"line":9,"column":97},"end":{"line":14,"column":1}},"line":9},"1":{"name":"upsertLocalInstallationContext","decl":{"start":{"line":21,"column":22},"end":{"line":21,"column":52}},"loc":{"start":{"line":23,"column":40},"end":{"line":29,"column":1}},"line":23},"2":{"name":"clearLocalInstallationContextRemote","decl":{"start":{"line":36,"column":22},"end":{"line":36,"column":57}},"loc":{"start":{"line":36,"column":75},"end":{"line":38,"column":1}},"line":36}},"branchMap":{},"s":{"0":1,"1":1,"2":1,"3":1,"4":1},"f":{"0":1,"1":1,"2":1},"b":{},"_coverageSchema":"1a1c01bbd47fc00a2c39e90264f33305004495a9","hash":"c62c479aa168eae715100c4f7732797a8f4e9dac"}
,"C:\\Users\\Aleksay\\Desktop\\tpv\\tpv-mobile\\src\\api\\kitchen.api.ts": {"path":"C:\\Users\\Aleksay\\Desktop\\tpv\\tpv-mobile\\src\\api\\kitchen.api.ts","statementMap":{"0":{"start":{"line":12,"column":19},"end":{"line":12,"column":89}},"1":{"start":{"line":13,"column":2},"end":{"line":13,"column":14}},"2":{"start":{"line":21,"column":19},"end":{"line":21,"column":76}},"3":{"start":{"line":22,"column":2},"end":{"line":22,"column":14}},"4":{"start":{"line":34,"column":2},"end":{"line":36,"column":5}}},"fnMap":{"0":{"name":"getPendingKitchenItems","decl":{"start":{"line":11,"column":22},"end":{"line":11,"column":44}},"loc":{"start":{"line":11,"column":81},"end":{"line":14,"column":1}},"line":11},"1":{"name":"getKitchenOrders","decl":{"start":{"line":20,"column":22},"end":{"line":20,"column":38}},"loc":{"start":{"line":20,"column":69},"end":{"line":23,"column":1}},"line":20},"2":{"name":"updateKitchenItemStatus","decl":{"start":{"line":29,"column":22},"end":{"line":29,"column":45}},"loc":{"start":{"line":33,"column":17},"end":{"line":37,"column":1}},"line":33}},"branchMap":{},"s":{"0":1,"1":1,"2":0,"3":0,"4":1},"f":{"0":1,"1":0,"2":1},"b":{},"_coverageSchema":"1a1c01bbd47fc00a2c39e90264f33305004495a9","hash":"78fdfbbb9472c1cce7a26cddf6f78fe4ab6dbcef"}
,"C:\\Users\\Aleksay\\Desktop\\tpv\\tpv-mobile\\src\\api\\pairing.api.ts": {"path":"C:\\Users\\Aleksay\\Desktop\\tpv\\tpv-mobile\\src\\api\\pairing.api.ts","statementMap":{"0":{"start":{"line":12,"column":19},"end":{"line":15,"column":3}},"1":{"start":{"line":16,"column":2},"end":{"line":16,"column":14}},"2":{"start":{"line":26,"column":19},"end":{"line":29,"column":45}},"3":{"start":{"line":30,"column":2},"end":{"line":30,"column":14}}},"fnMap":{"0":{"name":"completePairing","decl":{"start":{"line":9,"column":22},"end":{"line":9,"column":37}},"loc":{"start":{"line":11,"column":47},"end":{"line":17,"column":1}},"line":11},"1":{"name":"getPairingSessionStatus","decl":{"start":{"line":23,"column":22},"end":{"line":23,"column":45}},"loc":{"start":{"line":25,"column":78},"end":{"line":31,"column":1}},"line":25}},"branchMap":{},"s":{"0":1,"1":1,"2":0,"3":0},"f":{"0":1,"1":0},"b":{},"_coverageSchema":"1a1c01bbd47fc00a2c39e90264f33305004495a9","hash":"de57857316be923ffae117567610bfd7484f6bc2"}
,"C:\\Users\\Aleksay\\Desktop\\tpv\\tpv-mobile\\src\\api\\restaurant.api.ts": {"path":"C:\\Users\\Aleksay\\Desktop\\tpv\\tpv-mobile\\src\\api\\restaurant.api.ts","statementMap":{"0":{"start":{"line":9,"column":19},"end":{"line":9,"column":82}},"1":{"start":{"line":10,"column":2},"end":{"line":10,"column":14}},"2":{"start":{"line":18,"column":19},"end":{"line":18,"column":100}},"3":{"start":{"line":19,"column":2},"end":{"line":19,"column":14}},"4":{"start":{"line":27,"column":19},"end":{"line":30,"column":3}},"5":{"start":{"line":31,"column":2},"end":{"line":31,"column":14}}},"fnMap":{"0":{"name":"getTables","decl":{"start":{"line":8,"column":22},"end":{"line":8,"column":31}},"loc":{"start":{"line":8,"column":65},"end":{"line":11,"column":1}},"line":8},"1":{"name":"getOrdersByTable","decl":{"start":{"line":17,"column":22},"end":{"line":17,"column":38}},"loc":{"start":{"line":17,"column":87},"end":{"line":20,"column":1}},"line":17},"2":{"name":"createOrder","decl":{"start":{"line":26,"column":22},"end":{"line":26,"column":33}},"loc":{"start":{"line":26,"column":102},"end":{"line":32,"column":1}},"line":26}},"branchMap":{},"s":{"0":1,"1":1,"2":0,"3":0,"4":0,"5":0},"f":{"0":1,"1":0,"2":0},"b":{},"_coverageSchema":"1a1c01bbd47fc00a2c39e90264f33305004495a9","hash":"539f2e85cb7718b60ad6c9e7fba5417323e2a37e"}
,"C:\\Users\\Aleksay\\Desktop\\tpv\\tpv-mobile\\src\\api\\sales.api.ts": {"path":"C:\\Users\\Aleksay\\Desktop\\tpv\\tpv-mobile\\src\\api\\sales.api.ts","statementMap":{"0":{"start":{"line":13,"column":16},"end":{"line":19,"column":3}},"1":{"start":{"line":20,"column":19},"end":{"line":20,"column":65}},"2":{"start":{"line":21,"column":2},"end":{"line":21,"column":14}},"3":{"start":{"line":40,"column":63},"end":{"line":43,"column":3}},"4":{"start":{"line":44,"column":19},"end":{"line":44,"column":84}},"5":{"start":{"line":45,"column":2},"end":{"line":45,"column":14}},"6":{"start":{"line":54,"column":19},"end":{"line":54,"column":89}},"7":{"start":{"line":55,"column":2},"end":{"line":55,"column":14}},"8":{"start":{"line":63,"column":19},"end":{"line":63,"column":78}},"9":{"start":{"line":64,"column":2},"end":{"line":64,"column":14}},"10":{"start":{"line":72,"column":16},"end":{"line":72,"column":34}},"11":{"start":{"line":73,"column":19},"end":{"line":73,"column":84}},"12":{"start":{"line":74,"column":2},"end":{"line":74,"column":14}},"13":{"start":{"line":82,"column":19},"end":{"line":82,"column":67}},"14":{"start":{"line":83,"column":2},"end":{"line":83,"column":14}}},"fnMap":{"0":{"name":"createSale","decl":{"start":{"line":12,"column":22},"end":{"line":12,"column":32}},"loc":{"start":{"line":12,"column":95},"end":{"line":22,"column":1}},"line":12},"1":{"name":"completeSale","decl":{"start":{"line":39,"column":22},"end":{"line":39,"column":34}},"loc":{"start":{"line":39,"column":118},"end":{"line":46,"column":1}},"line":39},"2":{"name":"createSalePayment","decl":{"start":{"line":53,"column":22},"end":{"line":53,"column":39}},"loc":{"start":{"line":53,"column":98},"end":{"line":56,"column":1}},"line":53},"3":{"name":"getSaleReceipt","decl":{"start":{"line":62,"column":22},"end":{"line":62,"column":36}},"loc":{"start":{"line":62,"column":74},"end":{"line":65,"column":1}},"line":62},"4":{"name":"refundSale","decl":{"start":{"line":71,"column":22},"end":{"line":71,"column":32}},"loc":{"start":{"line":71,"column":103},"end":{"line":75,"column":1}},"line":71},"5":{"name":"getSale","decl":{"start":{"line":81,"column":22},"end":{"line":81,"column":29}},"loc":{"start":{"line":81,"column":64},"end":{"line":84,"column":1}},"line":81}},"branchMap":{"0":{"loc":{"start":{"line":42,"column":20},"end":{"line":42,"column":52}},"type":"binary-expr","locations":[{"start":{"line":42,"column":20},"end":{"line":42,"column":34}},{"start":{"line":42,"column":38},"end":{"line":42,"column":52}}],"line":42}},"s":{"0":1,"1":1,"2":1,"3":0,"4":0,"5":0,"6":0,"7":0,"8":0,"9":0,"10":0,"11":0,"12":0,"13":0,"14":0},"f":{"0":1,"1":0,"2":0,"3":0,"4":0,"5":0},"b":{"0":[0,0]},"_coverageSchema":"1a1c01bbd47fc00a2c39e90264f33305004495a9","hash":"7302378a744ac156dfa43f78320063a883d6e90a"}
,"C:\\Users\\Aleksay\\Desktop\\tpv\\tpv-mobile\\src\\components\\Button.tsx": {"path":"C:\\Users\\Aleksay\\Desktop\\tpv\\tpv-mobile\\src\\components\\Button.tsx","statementMap":{"0":{"start":{"line":23,"column":4},"end":{"line":27,"column":28}},"1":{"start":{"line":30,"column":4},"end":{"line":34,"column":26}},"2":{"start":{"line":36,"column":2},"end":{"line":50,"column":4}},"3":{"start":{"line":53,"column":15},"end":{"line":96,"column":2}}},"fnMap":{"0":{"name":"Button","decl":{"start":{"line":14,"column":16},"end":{"line":14,"column":22}},"loc":{"start":{"line":21,"column":10},"end":{"line":51,"column":1}},"line":21}},"branchMap":{"0":{"loc":{"start":{"line":17,"column":2},"end":{"line":17,"column":18}},"type":"default-arg","locations":[{"start":{"line":17,"column":13},"end":{"line":17,"column":18}}],"line":17},"1":{"loc":{"start":{"line":18,"column":2},"end":{"line":18,"column":21}},"type":"default-arg","locations":[{"start":{"line":18,"column":12},"end":{"line":18,"column":21}}],"line":18},"2":{"loc":{"start":{"line":19,"column":2},"end":{"line":19,"column":19}},"type":"default-arg","locations":[{"start":{"line":19,"column":14},"end":{"line":19,"column":19}}],"line":19},"3":{"loc":{"start":{"line":23,"column":4},"end":{"line":27,"column":28}},"type":"cond-expr","locations":[{"start":{"line":24,"column":8},"end":{"line":24,"column":30}},{"start":{"line":25,"column":8},"end":{"line":27,"column":28}}],"line":23},"4":{"loc":{"start":{"line":25,"column":8},"end":{"line":27,"column":28}},"type":"cond-expr","locations":[{"start":{"line":26,"column":8},"end":{"line":26,"column":27}},{"start":{"line":27,"column":8},"end":{"line":27,"column":28}}],"line":25},"5":{"loc":{"start":{"line":30,"column":4},"end":{"line":34,"column":26}},"type":"cond-expr","locations":[{"start":{"line":31,"column":8},"end":{"line":31,"column":28}},{"start":{"line":32,"column":8},"end":{"line":34,"column":26}}],"line":30},"6":{"loc":{"start":{"line":32,"column":8},"end":{"line":34,"column":26}},"type":"cond-expr","locations":[{"start":{"line":33,"column":8},"end":{"line":33,"column":25}},{"start":{"line":34,"column":8},"end":{"line":34,"column":26}}],"line":32},"7":{"loc":{"start":{"line":42,"column":8},"end":{"line":42,"column":43}},"type":"cond-expr","locations":[{"start":{"line":42,"column":20},"end":{"line":42,"column":36}},{"start":{"line":42,"column":39},"end":{"line":42,"column":43}}],"line":42},"8":{"loc":{"start":{"line":43,"column":8},"end":{"line":43,"column":47}},"type":"cond-expr","locations":[{"start":{"line":43,"column":19},"end":{"line":43,"column":40}},{"start":{"line":43,"column":43},"end":{"line":43,"column":47}}],"line":43}},"s":{"0":67,"1":67,"2":67,"3":10},"f":{"0":67},"b":{"0":[49],"1":[17],"2":[32],"3":[48,19],"4":[0,19],"5":[48,19],"6":[0,19],"7":[35,32],"8":[1,66]},"_coverageSchema":"1a1c01bbd47fc00a2c39e90264f33305004495a9","hash":"6170a546132dc86837df2041cc9b2bbe0d7627fe"}
,"C:\\Users\\Aleksay\\Desktop\\tpv\\tpv-mobile\\src\\components\\Card.tsx": {"path":"C:\\Users\\Aleksay\\Desktop\\tpv\\tpv-mobile\\src\\components\\Card.tsx","statementMap":{"0":{"start":{"line":6,"column":2},"end":{"line":6,"column":57}},"1":{"start":{"line":9,"column":15},"end":{"line":18,"column":2}}},"fnMap":{"0":{"name":"Card","decl":{"start":{"line":5,"column":16},"end":{"line":5,"column":20}},"loc":{"start":{"line":5,"column":52},"end":{"line":7,"column":1}},"line":5}},"branchMap":{},"s":{"0":31,"1":8},"f":{"0":31},"b":{},"_coverageSchema":"1a1c01bbd47fc00a2c39e90264f33305004495a9","hash":"f48017150435658fa7bf770196201b39d6e6dbef"}
,"C:\\Users\\Aleksay\\Desktop\\tpv\\tpv-mobile\\src\\components\\CardPaymentRuntimePanel.tsx": {"path":"C:\\Users\\Aleksay\\Desktop\\tpv\\tpv-mobile\\src\\components\\CardPaymentRuntimePanel.tsx","statementMap":{"0":{"start":{"line":32,"column":49},"end":{"line":32,"column":99}},"1":{"start":{"line":35,"column":43},"end":{"line":35,"column":93}},"2":{"start":{"line":36,"column":14},"end":{"line":36,"column":34}},"3":{"start":{"line":37,"column":2},"end":{"line":37,"column":30}},"4":{"start":{"line":41,"column":16},"end":{"line":41,"column":32}},"5":{"start":{"line":42,"column":16},"end":{"line":47,"column":3}},"6":{"start":{"line":48,"column":18},"end":{"line":48,"column":34}},"7":{"start":{"line":50,"column":2},"end":{"line":59,"column":4}},"8":{"start":{"line":53,"column":8},"end":{"line":56,"column":15}},"9":{"start":{"line":63,"column":16},"end":{"line":63,"column":32}},"10":{"start":{"line":64,"column":58},"end":{"line":64,"column":65}},"11":{"start":{"line":66,"column":2},"end":{"line":68,"column":3}},"12":{"start":{"line":67,"column":4},"end":{"line":67,"column":16}},"13":{"start":{"line":70,"column":2},"end":{"line":77,"column":3}},"14":{"start":{"line":71,"column":4},"end":{"line":76,"column":6}},"15":{"start":{"line":79,"column":2},"end":{"line":100,"column":3}},"16":{"start":{"line":80,"column":4},"end":{"line":99,"column":6}},"17":{"start":{"line":85,"column":10},"end":{"line":93,"column":29}},"18":{"start":{"line":88,"column":27},"end":{"line":88,"column":57}},"19":{"start":{"line":102,"column":2},"end":{"line":125,"column":3}},"20":{"start":{"line":103,"column":21},"end":{"line":103,"column":62}},"21":{"start":{"line":105,"column":4},"end":{"line":124,"column":6}},"22":{"start":{"line":117,"column":29},"end":{"line":117,"column":50}},"23":{"start":{"line":128,"column":2},"end":{"line":188,"column":3}},"24":{"start":{"line":129,"column":20},"end":{"line":129,"column":51}},"25":{"start":{"line":130,"column":23},"end":{"line":130,"column":45}},"26":{"start":{"line":131,"column":23},"end":{"line":131,"column":45}},"27":{"start":{"line":132,"column":24},"end":{"line":132,"column":72}},"28":{"start":{"line":134,"column":4},"end":{"line":187,"column":6}},"29":{"start":{"line":156,"column":78},"end":{"line":156,"column":93}},"30":{"start":{"line":190,"column":2},"end":{"line":190,"column":14}},"31":{"start":{"line":193,"column":15},"end":{"line":213,"column":2}}},"fnMap":{"0":{"name":"stateStep","decl":{"start":{"line":34,"column":9},"end":{"line":34,"column":18}},"loc":{"start":{"line":34,"column":59},"end":{"line":38,"column":1}},"line":34},"1":{"name":"StateSteps","decl":{"start":{"line":40,"column":9},"end":{"line":40,"column":19}},"loc":{"start":{"line":40,"column":67},"end":{"line":60,"column":1}},"line":40},"2":{"name":"(anonymous_2)","decl":{"start":{"line":52,"column":17},"end":{"line":52,"column":18}},"loc":{"start":{"line":53,"column":8},"end":{"line":56,"column":15}},"line":53},"3":{"name":"CardPaymentRuntimePanel","decl":{"start":{"line":62,"column":16},"end":{"line":62,"column":39}},"loc":{"start":{"line":62,"column":82},"end":{"line":191,"column":1}},"line":62},"4":{"name":"(anonymous_4)","decl":{"start":{"line":84,"column":30},"end":{"line":84,"column":31}},"loc":{"start":{"line":85,"column":10},"end":{"line":93,"column":29}},"line":85},"5":{"name":"(anonymous_5)","decl":{"start":{"line":88,"column":21},"end":{"line":88,"column":22}},"loc":{"start":{"line":88,"column":27},"end":{"line":88,"column":57}},"line":88},"6":{"name":"(anonymous_6)","decl":{"start":{"line":117,"column":23},"end":{"line":117,"column":24}},"loc":{"start":{"line":117,"column":29},"end":{"line":117,"column":50}},"line":117},"7":{"name":"(anonymous_7)","decl":{"start":{"line":156,"column":72},"end":{"line":156,"column":73}},"loc":{"start":{"line":156,"column":78},"end":{"line":156,"column":93}},"line":156}},"branchMap":{"0":{"loc":{"start":{"line":37,"column":9},"end":{"line":37,"column":29}},"type":"cond-expr","locations":[{"start":{"line":37,"column":22},"end":{"line":37,"column":23}},{"start":{"line":37,"column":26},"end":{"line":37,"column":29}}],"line":37},"1":{"loc":{"start":{"line":54,"column":40},"end":{"line":54,"column":101}},"type":"cond-expr","locations":[{"start":{"line":54,"column":57},"end":{"line":54,"column":77}},{"start":{"line":54,"column":80},"end":{"line":54,"column":101}}],"line":54},"2":{"loc":{"start":{"line":55,"column":27},"end":{"line":55,"column":79}},"type":"cond-expr","locations":[{"start":{"line":55,"column":45},"end":{"line":55,"column":67}},{"start":{"line":55,"column":70},"end":{"line":55,"column":79}}],"line":55},"3":{"loc":{"start":{"line":66,"column":2},"end":{"line":68,"column":3}},"type":"if","locations":[{"start":{"line":66,"column":2},"end":{"line":68,"column":3}},{"start":{},"end":{}}],"line":66},"4":{"loc":{"start":{"line":70,"column":2},"end":{"line":77,"column":3}},"type":"if","locations":[{"start":{"line":70,"column":2},"end":{"line":77,"column":3}},{"start":{},"end":{}}],"line":70},"5":{"loc":{"start":{"line":79,"column":2},"end":{"line":100,"column":3}},"type":"if","locations":[{"start":{"line":79,"column":2},"end":{"line":100,"column":3}},{"start":{},"end":{}}],"line":79},"6":{"loc":{"start":{"line":102,"column":2},"end":{"line":125,"column":3}},"type":"if","locations":[{"start":{"line":102,"column":2},"end":{"line":125,"column":3}},{"start":{},"end":{}}],"line":102},"7":{"loc":{"start":{"line":102,"column":6},"end":{"line":102,"column":42}},"type":"binary-expr","locations":[{"start":{"line":102,"column":6},"end":{"line":102,"column":27}},{"start":{"line":102,"column":31},"end":{"line":102,"column":42}}],"line":102},"8":{"loc":{"start":{"line":112,"column":9},"end":{"line":112,"column":62}},"type":"cond-expr","locations":[{"start":{"line":112,"column":17},"end":{"line":112,"column":55}},{"start":{"line":112,"column":58},"end":{"line":112,"column":62}}],"line":112},"9":{"loc":{"start":{"line":113,"column":9},"end":{"line":122,"column":16}},"type":"cond-expr","locations":[{"start":{"line":114,"column":10},"end":{"line":121,"column":17}},{"start":{"line":122,"column":12},"end":{"line":122,"column":16}}],"line":113},"10":{"loc":{"start":{"line":128,"column":2},"end":{"line":188,"column":3}},"type":"if","locations":[{"start":{"line":128,"column":2},"end":{"line":188,"column":3}},{"start":{},"end":{}}],"line":128},"11":{"loc":{"start":{"line":129,"column":20},"end":{"line":129,"column":51}},"type":"binary-expr","locations":[{"start":{"line":129,"column":20},"end":{"line":129,"column":38}},{"start":{"line":129,"column":42},"end":{"line":129,"column":51}}],"line":129},"12":{"loc":{"start":{"line":132,"column":24},"end":{"line":132,"column":72}},"type":"binary-expr","locations":[{"start":{"line":132,"column":24},"end":{"line":132,"column":47}},{"start":{"line":132,"column":51},"end":{"line":132,"column":72}}],"line":132},"13":{"loc":{"start":{"line":136,"column":9},"end":{"line":185,"column":9}},"type":"cond-expr","locations":[{"start":{"line":137,"column":10},"end":{"line":143,"column":13}},{"start":{"line":144,"column":12},"end":{"line":185,"column":9}}],"line":136},"14":{"loc":{"start":{"line":144,"column":12},"end":{"line":185,"column":9}},"type":"cond-expr","locations":[{"start":{"line":145,"column":10},"end":{"line":161,"column":13}},{"start":{"line":162,"column":12},"end":{"line":185,"column":9}}],"line":144},"15":{"loc":{"start":{"line":148,"column":13},"end":{"line":150,"column":20}},"type":"cond-expr","locations":[{"start":{"line":149,"column":14},"end":{"line":149,"column":97}},{"start":{"line":150,"column":16},"end":{"line":150,"column":20}}],"line":148},"16":{"loc":{"start":{"line":151,"column":13},"end":{"line":151,"column":66}},"type":"cond-expr","locations":[{"start":{"line":151,"column":21},"end":{"line":151,"column":59}},{"start":{"line":151,"column":62},"end":{"line":151,"column":66}}],"line":151},"17":{"loc":{"start":{"line":162,"column":12},"end":{"line":185,"column":9}},"type":"cond-expr","locations":[{"start":{"line":163,"column":10},"end":{"line":172,"column":13}},{"start":{"line":174,"column":10},"end":{"line":184,"column":13}}],"line":162},"18":{"loc":{"start":{"line":177,"column":13},"end":{"line":177,"column":66}},"type":"cond-expr","locations":[{"start":{"line":177,"column":21},"end":{"line":177,"column":59}},{"start":{"line":177,"column":62},"end":{"line":177,"column":66}}],"line":177}},"s":{"0":1,"1":0,"2":0,"3":0,"4":0,"5":0,"6":0,"7":0,"8":0,"9":0,"10":0,"11":0,"12":0,"13":0,"14":0,"15":0,"16":0,"17":0,"18":0,"19":0,"20":0,"21":0,"22":0,"23":0,"24":0,"25":0,"26":0,"27":0,"28":0,"29":0,"30":0,"31":1},"f":{"0":0,"1":0,"2":0,"3":0,"4":0,"5":0,"6":0,"7":0},"b":{"0":[0,0],"1":[0,0],"2":[0,0],"3":[0,0],"4":[0,0],"5":[0,0],"6":[0,0],"7":[0,0],"8":[0,0],"9":[0,0],"10":[0,0],"11":[0,0],"12":[0,0],"13":[0,0],"14":[0,0],"15":[0,0],"16":[0,0],"17":[0,0],"18":[0,0]},"_coverageSchema":"1a1c01bbd47fc00a2c39e90264f33305004495a9","hash":"7b79f0409369bf6fbb3942056ce78370b49fffca"}
,"C:\\Users\\Aleksay\\Desktop\\tpv\\tpv-mobile\\src\\components\\DeviceIdentifier.tsx": {"path":"C:\\Users\\Aleksay\\Desktop\\tpv\\tpv-mobile\\src\\components\\DeviceIdentifier.tsx","statementMap":{"0":{"start":{"line":14,"column":2},"end":{"line":24,"column":4}},"1":{"start":{"line":27,"column":15},"end":{"line":39,"column":2}}},"fnMap":{"0":{"name":"DeviceIdentifier","decl":{"start":{"line":13,"column":16},"end":{"line":13,"column":32}},"loc":{"start":{"line":13,"column":108},"end":{"line":25,"column":1}},"line":13}},"branchMap":{},"s":{"0":0,"1":1},"f":{"0":0},"b":{},"_coverageSchema":"1a1c01bbd47fc00a2c39e90264f33305004495a9","hash":"e9bf6aa96769f00811155409b727335a460edf14"}
[...]
,"C:\\Users\\Aleksay\\Desktop\\tpv\\tpv-mobile\\src\\utils\\jwt.ts": {"path":"C:\\Users\\Aleksay\\Desktop\\tpv\\tpv-mobile\\src\\utils\\jwt.ts","statementMap":{"0":{"start":{"line":2,"column":2},"end":{"line":10,"column":3}},"1":{"start":{"line":3,"column":20},"end":{"line":3,"column":39}},"2":{"start":{"line":4,"column":4},"end":{"line":4,"column":30}},"3":{"start":{"line":4,"column":18},"end":{"line":4,"column":30}},"4":{"start":{"line":5,"column":23},"end":{"line":5,"column":68}},"5":{"start":{"line":6,"column":20},"end":{"line":6,"column":86}},"6":{"start":{"line":7,"column":4},"end":{"line":7,"column":58}},"7":{"start":{"line":9,"column":4},"end":{"line":9,"column":16}},"8":{"start":{"line":14,"column":18},"end":{"line":14,"column":41}},"9":{"start":{"line":15,"column":14},"end":{"line":15,"column":64}},"10":{"start":{"line":16,"column":14},"end":{"line":16,"column":43}},"11":{"start":{"line":17,"column":2},"end":{"line":17,"column":20}},"12":{"start":{"line":21,"column":18},"end":{"line":21,"column":41}},"13":{"start":{"line":22,"column":2},"end":{"line":22,"column":73}}},"fnMap":{"0":{"name":"decodeJwtPayload","decl":{"start":{"line":1,"column":16},"end":{"line":1,"column":32}},"loc":{"start":{"line":1,"column":80},"end":{"line":11,"column":1}},"line":1},"1":{"name":"isTokenExpired","decl":{"start":{"line":13,"column":16},"end":{"line":13,"column":30}},"loc":{"start":{"line":13,"column":55},"end":{"line":18,"column":1}},"line":13},"2":{"name":"getTenantIdFromToken","decl":{"start":{"line":20,"column":16},"end":{"line":20,"column":36}},"loc":{"start":{"line":20,"column":67},"end":{"line":23,"column":1}},"line":20}},"branchMap":{"0":{"loc":{"start":{"line":4,"column":4},"end":{"line":4,"column":30}},"type":"if","locations":[{"start":{"line":4,"column":4},"end":{"line":4,"column":30}},{"start":{},"end":{}}],"line":4},"1":{"loc":{"start":{"line":15,"column":14},"end":{"line":15,"column":64}},"type":"cond-expr","locations":[{"start":{"line":15,"column":49},"end":{"line":15,"column":60}},{"start":{"line":15,"column":63},"end":{"line":15,"column":64}}],"line":15},"2":{"loc":{"start":{"line":22,"column":9},"end":{"line":22,"column":72}},"type":"cond-expr","locations":[{"start":{"line":22,"column":49},"end":{"line":22,"column":65}},{"start":{"line":22,"column":68},"end":{"line":22,"column":72}}],"line":22}},"s":{"0":1,"1":1,"2":1,"3":1,"4":0,"5":0,"6":0,"7":0,"8":1,"9":1,"10":1,"11":1,"12":0,"13":0},"f":{"0":1,"1":1,"2":0},"b":{"0":[1,0],"1":[0,1],"2":[0,0]},"_coverageSchema":"1a1c01bbd47fc00a2c39e90264f33305004495a9","hash":"4d0bb5c0a823c0a0609b2ee6f8bb5db688e38526"}
,"C:\\Users\\Aleksay\\Desktop\\tpv\\tpv-mobile\\src\\utils\\logger.ts": {"path":"C:\\Users\\Aleksay\\Desktop\\tpv\\tpv-mobile\\src\\utils\\logger.ts","statementMap":{"0":{"start":{"line":4,"column":2},"end":{"line":7,"column":3}},"1":{"start":{"line":6,"column":4},"end":{"line":6,"column":38}},"2":{"start":{"line":12,"column":2},"end":{"line":12,"column":37}}},"fnMap":{"0":{"name":"logInfo","decl":{"start":{"line":3,"column":16},"end":{"line":3,"column":23}},"loc":{"start":{"line":3,"column":63},"end":{"line":8,"column":1}},"line":3},"1":{"name":"logError","decl":{"start":{"line":10,"column":16},"end":{"line":10,"column":24}},"loc":{"start":{"line":10,"column":64},"end":{"line":13,"column":1}},"line":10}},"branchMap":{"0":{"loc":{"start":{"line":4,"column":2},"end":{"line":7,"column":3}},"type":"if","locations":[{"start":{"line":4,"column":2},"end":{"line":7,"column":3}},{"start":{},"end":{}}],"line":4},"1":{"loc":{"start":{"line":6,"column":26},"end":{"line":6,"column":36}},"type":"binary-expr","locations":[{"start":{"line":6,"column":26},"end":{"line":6,"column":30}},{"start":{"line":6,"column":34},"end":{"line":6,"column":36}}],"line":6},"2":{"loc":{"start":{"line":12,"column":25},"end":{"line":12,"column":35}},"type":"binary-expr","locations":[{"start":{"line":12,"column":25},"end":{"line":12,"column":29}},{"start":{"line":12,"column":33},"end":{"line":12,"column":35}}],"line":12}},"s":{"0":0,"1":0,"2":0},"f":{"0":0,"1":0},"b":{"0":[0,0],"1":[0,0],"2":[0,0]},"_coverageSchema":"1a1c01bbd47fc00a2c39e90264f33305004495a9","hash":"091869cd49eb992dabf50de6e696d810dfd34289"}
,"C:\\Users\\Aleksay\\Desktop\\tpv\\tpv-mobile\\src\\utils\\offline.ts": {"path":"C:\\Users\\Aleksay\\Desktop\\tpv\\tpv-mobile\\src\\utils\\offline.ts","statementMap":{"0":{"start":{"line":5,"column":16},"end":{"line":5,"column":37}},"1":{"start":{"line":6,"column":2},"end":{"line":6,"column":75}},"2":{"start":{"line":10,"column":2},"end":{"line":13,"column":5}},"3":{"start":{"line":11,"column":19},"end":{"line":11,"column":84}},"4":{"start":{"line":12,"column":4},"end":{"line":12,"column":28}},"5":{"start":{"line":17,"column":34},"end":{"line":17,"column":48}},"6":{"start":{"line":18,"column":42},"end":{"line":18,"column":57}},"7":{"start":{"line":20,"column":2},"end":{"line":38,"column":9}},"8":{"start":{"line":21,"column":18},"end":{"line":21,"column":22}},"9":{"start":{"line":23,"column":4},"end":{"line":27,"column":7}},"10":{"start":{"line":24,"column":6},"end":{"line":26,"column":7}},"11":{"start":{"line":25,"column":8},"end":{"line":25,"column":28}},"12":{"start":{"line":29,"column":24},"end":{"line":32,"column":6}},"13":{"start":{"line":30,"column":6},"end":{"line":30,"column":29}},"14":{"start":{"line":31,"column":6},"end":{"line":31,"column":26}},"15":{"start":{"line":34,"column":4},"end":{"line":37,"column":6}},"16":{"start":{"line":35,"column":6},"end":{"line":35,"column":22}},"17":{"start":{"line":36,"column":6},"end":{"line":36,"column":20}},"18":{"start":{"line":40,"column":2},"end":{"line":49,"column":4}},"19":{"start":{"line":44,"column":6},"end":{"line":44,"column":31}},"20":{"start":{"line":44,"column":20},"end":{"line":44,"column":31}},"21":{"start":{"line":47,"column":6},"end":{"line":47,"column":32}},"22":{"start":{"line":47,"column":21},"end":{"line":47,"column":32}}},"fnMap":{"0":{"name":"isOnlineNow","decl":{"start":{"line":4,"column":22},"end":{"line":4,"column":33}},"loc":{"start":{"line":4,"column":54},"end":{"line":7,"column":1}},"line":4},"1":{"name":"subscribeOnlineStatus","decl":{"start":{"line":9,"column":16},"end":{"line":9,"column":37}},"loc":{"start":{"line":9,"column":108},"end":{"line":14,"column":1}},"line":9},"2":{"name":"(anonymous_2)","decl":{"start":{"line":10,"column":34},"end":{"line":10,"column":35}},"loc":{"start":{"line":10,"column":45},"end":{"line":13,"column":3}},"line":10},"3":{"name":"useOfflineDetection","decl":{"start":{"line":16,"column":16},"end":{"line":16,"column":35}},"loc":{"start":{"line":16,"column":38},"end":{"line":50,"column":1}},"line":16},"4":{"name":"(anonymous_4)","decl":{"start":{"line":20,"column":12},"end":{"line":20,"column":13}},"loc":{"start":{"line":20,"column":18},"end":{"line":38,"column":3}},"line":20},"5":{"name":"(anonymous_5)","decl":{"start":{"line":23,"column":28},"end":{"line":23,"column":29}},"loc":{"start":{"line":23,"column":40},"end":{"line":27,"column":5}},"line":23},"6":{"name":"(anonymous_6)","decl":{"start":{"line":29,"column":46},"end":{"line":29,"column":47}},"loc":{"start":{"line":29,"column":58},"end":{"line":32,"column":5}},"line":29},"7":{"name":"(anonymous_7)","decl":{"start":{"line":34,"column":11},"end":{"line":34,"column":12}},"loc":{"start":{"line":34,"column":17},"end":{"line":37,"column":5}},"line":34},"8":{"name":"(anonymous_8)","decl":{"start":{"line":43,"column":4},"end":{"line":43,"column":5}},"loc":{"start":{"line":43,"column":35},"end":{"line":45,"column":5}},"line":43},"9":{"name":"(anonymous_9)","decl":{"start":{"line":46,"column":4},"end":{"line":46,"column":5}},"loc":{"start":{"line":46,"column":36},"end":{"line":48,"column":5}},"line":46}},"branchMap":{"0":{"loc":{"start":{"line":6,"column":17},"end":{"line":6,"column":73}},"type":"binary-expr","locations":[{"start":{"line":6,"column":17},"end":{"line":6,"column":34}},{"start":{"line":6,"column":38},"end":{"line":6,"column":73}}],"line":6},"1":{"loc":{"start":{"line":11,"column":27},"end":{"line":11,"column":83}},"type":"binary-expr","locations":[{"start":{"line":11,"column":27},"end":{"line":11,"column":44}},{"start":{"line":11,"column":48},"end":{"line":11,"column":83}}],"line":11},"2":{"loc":{"start":{"line":24,"column":6},"end":{"line":26,"column":7}},"type":"if","locations":[{"start":{"line":24,"column":6},"end":{"line":26,"column":7}},{"start":{},"end":{}}],"line":24},"3":{"loc":{"start":{"line":44,"column":6},"end":{"line":44,"column":31}},"type":"if","locations":[{"start":{"line":44,"column":6},"end":{"line":44,"column":31}},{"start":{},"end":{}}],"line":44},"4":{"loc":{"start":{"line":47,"column":6},"end":{"line":47,"column":32}},"type":"if","locations":[{"start":{"line":47,"column":6},"end":{"line":47,"column":32}},{"start":{},"end":{}}],"line":47}},"s":{"0":0,"1":0,"2":0,"3":0,"4":0,"5":0,"6":0,"7":0,"8":0,"9":0,"10":0,"11":0,"12":0,"13":0,"14":0,"15":0,"16":0,"17":0,"18":0,"19":0,"20":0,"21":0,"22":0},"f":{"0":0,"1":0,"2":0,"3":0,"4":0,"5":0,"6":0,"7":0,"8":0,"9":0},"b":{"0":[0,0],"1":[0,0],"2":[0,0],"3":[0,0],"4":[0,0]},"_coverageSchema":"1a1c01bbd47fc00a2c39e90264f33305004495a9","hash":"564c3d061722e4b505d5f48d664df0ce05562665"}
,"C:\\Users\\Aleksay\\Desktop\\tpv\\tpv-mobile\\src\\utils\\secure-storage.ts": {"path":"C:\\Users\\Aleksay\\Desktop\\tpv\\tpv-mobile\\src\\utils\\secure-storage.ts","statementMap":{"0":{"start":{"line":3,"column":25},"end":{"line":3,"column":38}},"1":{"start":{"line":4,"column":26},"end":{"line":4,"column":40}},"2":{"start":{"line":7,"column":2},"end":{"line":7,"column":64}},"3":{"start":{"line":8,"column":2},"end":{"line":8,"column":66}},"4":{"start":{"line":12,"column":22},"end":{"line":12,"column":70}},"5":{"start":{"line":13,"column":23},"end":{"line":13,"column":72}},"6":{"start":{"line":14,"column":2},"end":{"line":14,"column":39}},"7":{"start":{"line":18,"column":2},"end":{"line":18,"column":54}},"8":{"start":{"line":19,"column":2},"end":{"line":19,"column":55}}},"fnMap":{"0":{"name":"setTokens","decl":{"start":{"line":6,"column":22},"end":{"line":6,"column":31}},"loc":{"start":{"line":6,"column":90},"end":{"line":9,"column":1}},"line":6},"1":{"name":"getTokens","decl":{"start":{"line":11,"column":22},"end":{"line":11,"column":31}},"loc":{"start":{"line":11,"column":104},"end":{"line":15,"column":1}},"line":11},"2":{"name":"clearTokens","decl":{"start":{"line":17,"column":22},"end":{"line":17,"column":33}},"loc":{"start":{"line":17,"column":51},"end":{"line":20,"column":1}},"line":17}},"branchMap":{},"s":{"0":10,"1":10,"2":0,"3":0,"4":0,"5":0,"6":0,"7":0,"8":0},"f":{"0":0,"1":0,"2":0},"b":{},"_coverageSchema":"1a1c01bbd47fc00a2c39e90264f33305004495a9","hash":"b609a0961d2f66486c23160092503c6c625eee78"}
,"C:\\Users\\Aleksay\\Desktop\\tpv\\tpv-mobile\\src\\utils\\storage.ts": {"path":"C:\\Users\\Aleksay\\Desktop\\tpv\\tpv-mobile\\src\\utils\\storage.ts","statementMap":{"0":{"start":{"line":3,"column":26},"end":{"line":3,"column":52}},"1":{"start":{"line":4,"column":21},"end":{"line":4,"column":41}},"2":{"start":{"line":5,"column":26},"end":{"line":5,"column":48}},"3":{"start":{"line":6,"column":23},"end":{"line":6,"column":43}},"4":{"start":{"line":7,"column":28},"end":{"line":7,"column":49}},"5":{"start":{"line":8,"column":31},"end":{"line":8,"column":50}},"6":{"start":{"line":11,"column":2},"end":{"line":11,"column":57}},"7":{"start":{"line":15,"column":14},"end":{"line":15,"column":45}},"8":{"start":{"line":16,"column":2},"end":{"line":16,"column":45}},"9":{"start":{"line":20,"column":2},"end":{"line":20,"column":47}},"10":{"start":{"line":24,"column":2},"end":{"line":24,"column":44}},"11":{"start":{"line":28,"column":2},"end":{"line":28,"column":51}},"12":{"start":{"line":32,"column":2},"end":{"line":32,"column":53}},"13":{"start":{"line":36,"column":2},"end":{"line":36,"column":44}},"14":{"start":{"line":40,"column":2},"end":{"line":40,"column":47}},"15":{"start":{"line":44,"column":2},"end":{"line":44,"column":44}},"16":{"start":{"line":48,"column":2},"end":{"line":48,"column":44}},"17":{"start":{"line":52,"column":2},"end":{"line":52,"column":41}},"18":{"start":{"line":56,"column":2},"end":{"line":56,"column":49}},"19":{"start":{"line":60,"column":2},"end":{"line":60,"column":46}},"20":{"start":{"line":64,"column":2},"end":{"line":64,"column":58}},"21":{"start":{"line":68,"column":16},"end":{"line":68,"column":66}},"22":{"start":{"line":69,"column":2},"end":{"line":69,"column":23}},"23":{"start":{"line":73,"column":2},"end":{"line":73,"column":56}}},"fnMap":{"0":{"name":"setJsonValue","decl":{"start":{"line":10,"column":15},"end":{"line":10,"column":27}},"loc":{"start":{"line":10,"column":72},"end":{"line":12,"column":1}},"line":10},"1":{"name":"getJsonValue","decl":{"start":{"line":14,"column":15},"end":{"line":14,"column":27}},"loc":{"start":{"line":14,"column":63},"end":{"line":17,"column":1}},"line":14},"2":{"name":"setLocalContext","decl":{"start":{"line":19,"column":22},"end":{"line":19,"column":37}},"loc":{"start":{"line":19,"column":69},"end":{"line":21,"column":1}},"line":19},"3":{"name":"getLocalContext","decl":{"start":{"line":23,"column":22},"end":{"line":23,"column":37}},"loc":{"start":{"line":23,"column":62},"end":{"line":25,"column":1}},"line":23},"4":{"name":"clearLocalContext","decl":{"start":{"line":27,"column":22},"end":{"line":27,"column":39}},"loc":{"start":{"line":27,"column":57},"end":{"line":29,"column":1}},"line":27},"5":{"name":"setLanguagePreference","decl":{"start":{"line":31,"column":22},"end":{"line":31,"column":43}},"loc":{"start":{"line":31,"column":77},"end":{"line":33,"column":1}},"line":31},"6":{"name":"getLanguagePreference","decl":{"start":{"line":35,"column":22},"end":{"line":35,"column":43}},"loc":{"start":{"line":35,"column":70},"end":{"line":37,"column":1}},"line":35},"7":{"name":"setOfflineMutationQueue","decl":{"start":{"line":39,"column":22},"end":{"line":39,"column":45}},"loc":{"start":{"line":39,"column":77},"end":{"line":41,"column":1}},"line":39},"8":{"name":"getOfflineMutationQueue","decl":{"start":{"line":43,"column":22},"end":{"line":43,"column":45}},"loc":{"start":{"line":43,"column":70},"end":{"line":45,"column":1}},"line":43},"9":{"name":"setSyncOperationQueue","decl":{"start":{"line":47,"column":22},"end":{"line":47,"column":43}},"loc":{"start":{"line":47,"column":75},"end":{"line":49,"column":1}},"line":47},"10":{"name":"getSyncOperationQueue","decl":{"start":{"line":51,"column":22},"end":{"line":51,"column":43}},"loc":{"start":{"line":51,"column":68},"end":{"line":53,"column":1}},"line":51},"11":{"name":"setAnalyticsEventQueue","decl":{"start":{"line":55,"column":22},"end":{"line":55,"column":44}},"loc":{"start":{"line":55,"column":76},"end":{"line":57,"column":1}},"line":55},"12":{"name":"getAnalyticsEventQueue","decl":{"start":{"line":59,"column":22},"end":{"line":59,"column":44}},"loc":{"start":{"line":59,"column":69},"end":{"line":61,"column":1}},"line":59},"13":{"name":"markDeviceInitialized","decl":{"start":{"line":63,"column":22},"end":{"line":63,"column":43}},"loc":{"start":{"line":63,"column":61},"end":{"line":65,"column":1}},"line":63},"14":{"name":"isDeviceInitialized","decl":{"start":{"line":67,"column":22},"end":{"line":67,"column":41}},"loc":{"start":{"line":67,"column":62},"end":{"line":70,"column":1}},"line":67},"15":{"name":"clearDeviceInitialized","decl":{"start":{"line":72,"column":22},"end":{"line":72,"column":44}},"loc":{"start":{"line":72,"column":62},"end":{"line":74,"column":1}},"line":72}},"branchMap":{"0":{"loc":{"start":{"line":16,"column":9},"end":{"line":16,"column":44}},"type":"cond-expr","locations":[{"start":{"line":16,"column":16},"end":{"line":16,"column":36}},{"start":{"line":16,"column":40},"end":{"line":16,"column":44}}],"line":16}},"s":{"0":11,"1":11,"2":11,"3":11,"4":11,"5":11,"6":5,"7":2,"8":2,"9":0,"10":0,"11":0,"12":1,"13":0,"14":3,"15":0,"16":0,"17":0,"18":2,"19":2,"20":0,"21":0,"22":0,"23":0},"f":{"0":5,"1":2,"2":0,"3":0,"4":0,"5":1,"6":0,"7":3,"8":0,"9":0,"10":0,"11":2,"12":2,"13":0,"14":0,"15":0},"b":{"0":[0,2]},"_coverageSchema":"1a1c01bbd47fc00a2c39e90264f33305004495a9","hash":"5b285bc9905c82df0bfb996909523abb74b97d6f"}
,"C:\\Users\\Aleksay\\Desktop\\tpv\\tpv-mobile\\src\\utils\\uuid.ts": {"path":"C:\\Users\\Aleksay\\Desktop\\tpv\\tpv-mobile\\src\\utils\\uuid.ts","statementMap":{"0":{"start":{"line":6,"column":16},"end":{"line":6,"column":92}},"1":{"start":{"line":13,"column":2},"end":{"line":17,"column":5}},"2":{"start":{"line":14,"column":14},"end":{"line":14,"column":38}},"3":{"start":{"line":15,"column":14},"end":{"line":15,"column":45}},"4":{"start":{"line":16,"column":4},"end":{"line":16,"column":26}},"5":{"start":{"line":24,"column":2},"end":{"line":24,"column":63}},"6":{"start":{"line":24,"column":50},"end":{"line":24,"column":63}},"7":{"start":{"line":25,"column":2},"end":{"line":25,"column":36}}},"fnMap":{"0":{"name":"generateUUID","decl":{"start":{"line":12,"column":16},"end":{"line":12,"column":28}},"loc":{"start":{"line":12,"column":39},"end":{"line":18,"column":1}},"line":12},"1":{"name":"(anonymous_1)","decl":{"start":{"line":13,"column":65},"end":{"line":13,"column":66}},"loc":{"start":{"line":13,"column":72},"end":{"line":17,"column":3}},"line":13},"2":{"name":"isLikelyUUID","decl":{"start":{"line":23,"column":16},"end":{"line":23,"column":28}},"loc":{"start":{"line":23,"column":72},"end":{"line":26,"column":1}},"line":23}},"branchMap":{"0":{"loc":{"start":{"line":15,"column":14},"end":{"line":15,"column":45}},"type":"cond-expr","locations":[{"start":{"line":15,"column":26},"end":{"line":15,"column":27}},{"start":{"line":15,"column":30},"end":{"line":15,"column":45}}],"line":15},"1":{"loc":{"start":{"line":24,"column":2},"end":{"line":24,"column":63}},"type":"if","locations":[{"start":{"line":24,"column":2},"end":{"line":24,"column":63}},{"start":{},"end":{}}],"line":24},"2":{"loc":{"start":{"line":24,"column":6},"end":{"line":24,"column":48}},"type":"binary-expr","locations":[{"start":{"line":24,"column":6},"end":{"line":24,"column":19}},{"start":{"line":24,"column":23},"end":{"line":24,"column":48}}],"line":24}},"s":{"0":2,"1":1,"2":31,"3":31,"4":31,"5":0,"6":0,"7":0},"f":{"0":1,"1":31,"2":0},"b":{"0":[30,1],"1":[0,0],"2":[0,0]},"_coverageSchema":"1a1c01bbd47fc00a2c39e90264f33305004495a9","hash":"ebf76b7decf0fc349a9b53522b2e65992aa2b71f"}
,"C:\\Users\\Aleksay\\Desktop\\tpv\\tpv-mobile\\src\\utils\\validation.ts": {"path":"C:\\Users\\Aleksay\\Desktop\\tpv\\tpv-mobile\\src\\utils\\validation.ts","statementMap":{"0":{"start":{"line":2,"column":2},"end":{"line":2,"column":50}},"1":{"start":{"line":6,"column":2},"end":{"line":6,"column":27}}},"fnMap":{"0":{"name":"isValidEmail","decl":{"start":{"line":1,"column":16},"end":{"line":1,"column":28}},"loc":{"start":{"line":1,"column":53},"end":{"line":3,"column":1}},"line":1},"1":{"name":"isStrongEnoughPassword","decl":{"start":{"line":5,"column":16},"end":{"line":5,"column":38}},"loc":{"start":{"line":5,"column":63},"end":{"line":7,"column":1}},"line":5}},"branchMap":{},"s":{"0":1,"1":0},"f":{"0":1,"1":0},"b":{},"_coverageSchema":"1a1c01bbd47fc00a2c39e90264f33305004495a9","hash":"e7a25744b6a0c7239c44a0f57217a69e484eeff4"}
}
