TN:
SF:src\App.tsx
FN:95,resolveShellRoute
FN:101,isShellRouteEnabled
FN:107,SetupFallback
FN:110,(anonymous_3)
FN:111,(anonymous_4)
FN:112,(anonymous_5)
FN:117,AuthenticatedShellScreen
FN:134,(anonymous_7)
FN:147,AppProviders
FN:151,LoadingScreen
FN:160,App
FN:165,(anonymous_11)
FN:166,(anonymous_12)
FN:168,(anonymous_13)
FN:172,(anonymous_14)
FN:195,(anonymous_15)
FN:197,(anonymous_16)
FN:200,(anonymous_17)
FN:207,(anonymous_18)
FN:209,(anonymous_19)
FN:215,(anonymous_20)
FN:217,(anonymous_21)
FN:218,(anonymous_22)
FN:219,(anonymous_23)
FN:225,(anonymous_24)
FN:227,(anonymous_25)
FN:228,(anonymous_26)
FN:234,(anonymous_27)
FN:236,(anonymous_28)
FN:237,(anonymous_29)
FN:243,(anonymous_30)
FN:245,(anonymous_31)
FN:246,(anonymous_32)
FN:247,(anonymous_33)
FN:253,(anonymous_34)
FN:255,(anonymous_35)
FN:256,(anonymous_36)
FN:257,(anonymous_37)
FN:263,(anonymous_38)
FN:265,(anonymous_39)
FN:266,(anonymous_40)
FN:269,(anonymous_41)
FN:270,(anonymous_42)
FN:277,(anonymous_43)
FN:279,(anonymous_44)
FN:280,(anonymous_45)
FN:283,(anonymous_46)
FN:284,(anonymous_47)
FN:292,(anonymous_48)
FN:295,(anonymous_49)
FN:297,(anonymous_50)
FN:304,(anonymous_51)
FN:306,(anonymous_52)
FN:307,(anonymous_53)
FN:313,(anonymous_54)
FN:316,(anonymous_55)
FN:317,(anonymous_56)
FN:318,(anonymous_57)
FN:319,(anonymous_58)
FN:320,(anonymous_59)
FN:321,(anonymous_60)
FN:326,(anonymous_61)
FN:333,(anonymous_62)
FN:336,(anonymous_63)
FN:337,(anonymous_64)
FN:344,(anonymous_65)
FN:347,(anonymous_66)
FN:348,(anonymous_67)
FN:355,(anonymous_68)
FN:357,(anonymous_69)
FN:357,(anonymous_70)
FN:363,(anonymous_71)
FN:365,(anonymous_72)
FN:365,(anonymous_73)
FN:371,(anonymous_74)
FN:373,(anonymous_75)
FN:373,(anonymous_76)
FN:379,(anonymous_77)
FN:381,(anonymous_78)
FN:387,(anonymous_79)
FN:390,(anonymous_80)
FN:391,(anonymous_81)
FN:398,(anonymous_82)
FN:400,(anonymous_83)
FN:406,(anonymous_84)
FN:408,(anonymous_85)
FN:414,(anonymous_86)
FN:417,(anonymous_87)
FN:418,(anonymous_88)
FN:419,(anonymous_89)
FN:420,(anonymous_90)
FN:421,(anonymous_91)
FN:422,(anonymous_92)
FN:429,(anonymous_93)
FN:433,(anonymous_94)
FN:440,(anonymous_95)
FN:442,(anonymous_96)
FN:448,(anonymous_97)
FN:450,(anonymous_98)
FN:456,(anonymous_99)
FN:458,(anonymous_100)
FN:464,(anonymous_101)
FN:466,(anonymous_102)
FN:466,(anonymous_103)
FN:472,(anonymous_104)
FN:474,(anonymous_105)
FNF:106
FNH:1
FNDA:0,resolveShellRoute
FNDA:0,isShellRouteEnabled
FNDA:0,SetupFallback
FNDA:0,(anonymous_3)
FNDA:0,(anonymous_4)
FNDA:0,(anonymous_5)
FNDA:0,AuthenticatedShellScreen
FNDA:0,(anonymous_7)
FNDA:1,AppProviders
FNDA:0,LoadingScreen
FNDA:0,App
FNDA:0,(anonymous_11)
FNDA:0,(anonymous_12)
FNDA:0,(anonymous_13)
FNDA:0,(anonymous_14)
FNDA:0,(anonymous_15)
FNDA:0,(anonymous_16)
FNDA:0,(anonymous_17)
FNDA:0,(anonymous_18)
FNDA:0,(anonymous_19)
FNDA:0,(anonymous_20)
FNDA:0,(anonymous_21)
FNDA:0,(anonymous_22)
FNDA:0,(anonymous_23)
FNDA:0,(anonymous_24)
FNDA:0,(anonymous_25)
FNDA:0,(anonymous_26)
FNDA:0,(anonymous_27)
FNDA:0,(anonymous_28)
FNDA:0,(anonymous_29)
FNDA:0,(anonymous_30)
FNDA:0,(anonymous_31)
FNDA:0,(anonymous_32)
FNDA:0,(anonymous_33)
FNDA:0,(anonymous_34)
FNDA:0,(anonymous_35)
FNDA:0,(anonymous_36)
FNDA:0,(anonymous_37)
FNDA:0,(anonymous_38)
FNDA:0,(anonymous_39)
FNDA:0,(anonymous_40)
FNDA:0,(anonymous_41)
FNDA:0,(anonymous_42)
FNDA:0,(anonymous_43)
FNDA:0,(anonymous_44)
FNDA:0,(anonymous_45)
FNDA:0,(anonymous_46)
FNDA:0,(anonymous_47)
FNDA:0,(anonymous_48)
FNDA:0,(anonymous_49)
FNDA:0,(anonymous_50)
FNDA:0,(anonymous_51)
FNDA:0,(anonymous_52)
FNDA:0,(anonymous_53)
FNDA:0,(anonymous_54)
FNDA:0,(anonymous_55)
FNDA:0,(anonymous_56)
FNDA:0,(anonymous_57)
FNDA:0,(anonymous_58)
FNDA:0,(anonymous_59)
FNDA:0,(anonymous_60)
FNDA:0,(anonymous_61)
FNDA:0,(anonymous_62)
FNDA:0,(anonymous_63)
FNDA:0,(anonymous_64)
FNDA:0,(anonymous_65)
FNDA:0,(anonymous_66)
FNDA:0,(anonymous_67)
FNDA:0,(anonymous_68)
FNDA:0,(anonymous_69)
FNDA:0,(anonymous_70)
FNDA:0,(anonymous_71)
FNDA:0,(anonymous_72)
FNDA:0,(anonymous_73)
FNDA:0,(anonymous_74)
FNDA:0,(anonymous_75)
FNDA:0,(anonymous_76)
FNDA:0,(anonymous_77)
FNDA:0,(anonymous_78)
FNDA:0,(anonymous_79)
FNDA:0,(anonymous_80)
FNDA:0,(anonymous_81)
FNDA:0,(anonymous_82)
FNDA:0,(anonymous_83)
FNDA:0,(anonymous_84)
FNDA:0,(anonymous_85)
FNDA:0,(anonymous_86)
FNDA:0,(anonymous_87)
FNDA:0,(anonymous_88)
FNDA:0,(anonymous_89)
FNDA:0,(anonymous_90)
FNDA:0,(anonymous_91)
FNDA:0,(anonymous_92)
FNDA:0,(anonymous_93)
FNDA:0,(anonymous_94)
FNDA:0,(anonymous_95)
FNDA:0,(anonymous_96)
FNDA:0,(anonymous_97)
FNDA:0,(anonymous_98)
FNDA:0,(anonymous_99)
FNDA:0,(anonymous_100)
FNDA:0,(anonymous_101)
FNDA:0,(anonymous_102)
FNDA:0,(anonymous_103)
FNDA:0,(anonymous_104)
FNDA:0,(anonymous_105)
DA:80,1
DA:82,1
DA:96,0
DA:102,0
DA:108,0
DA:110,0
DA:111,0
DA:112,0
DA:128,0
DA:135,0
DA:136,0
DA:137,0
DA:148,1
DA:152,0
DA:161,0
DA:162,0
DA:163,0
DA:164,0
DA:165,0
DA:166,0
DA:168,0
DA:169,0
DA:172,0
DA:173,0
DA:181,0
DA:182,0
DA:187,0
DA:189,0
DA:196,0
DA:198,0
DA:199,0
DA:201,0
DA:205,0
DA:207,0
DA:209,0
DA:216,0
DA:217,0
DA:218,0
DA:219,0
DA:226,0
DA:227,0
DA:228,0
DA:235,0
DA:236,0
DA:237,0
DA:244,0
DA:245,0
DA:246,0
DA:247,0
DA:254,0
DA:255,0
DA:256,0
DA:257,0
DA:264,0
DA:265,0
DA:267,0
DA:268,0
DA:269,0
DA:270,0
DA:278,0
DA:279,0
DA:281,0
DA:282,0
DA:283,0
DA:284,0
DA:293,0
DA:296,0
DA:297,0
DA:305,0
DA:306,0
DA:307,0
DA:314,0
DA:316,0
DA:317,0
DA:318,0
DA:319,0
DA:320,0
DA:321,0
DA:326,0
DA:334,0
DA:336,0
DA:337,0
DA:345,0
DA:347,0
DA:348,0
DA:356,0
DA:357,0
DA:364,0
DA:365,0
DA:372,0
DA:373,0
DA:380,0
DA:381,0
DA:388,0
DA:390,0
DA:391,0
DA:399,0
DA:400,0
DA:407,0
DA:408,0
DA:415,0
DA:417,0
DA:418,0
DA:419,0
DA:420,0
DA:421,0
DA:422,0
DA:430,0
DA:433,0
DA:441,0
DA:442,0
DA:449,0
DA:450,0
DA:457,0
DA:458,0
DA:465,0
DA:466,0
DA:473,0
DA:474,0
LF:119
LH:3
BRDA:96,0,0,0
BRDA:96,0,1,0
BRDA:121,1,0,0
BRDA:136,2,0,0
BRDA:136,2,1,0
BRDA:181,3,0,0
BRDA:181,3,1,0
BRDA:187,4,0,0
BRDA:187,4,1,0
BRF:9
BRH:0
end_of_record
TN:
SF:src\api\appointments.api.ts
FN:8,getAppointments
FN:19,getAppointment
FN:28,createAppointment
FN:37,cancelAppointment
FNF:4
FNH:1
FNDA:1,getAppointments
FNDA:0,getAppointment
FNDA:0,createAppointment
FNDA:0,cancelAppointment
DA:9,1
DA:12,1
DA:20,0
DA:21,0
DA:29,0
DA:30,0
DA:41,0
DA:44,0
LF:8
LH:2
BRDA:8,0,0,1
BRDA:8,1,0,1
BRF:2
BRH:2
end_of_record
TN:
SF:src\api\auth.api.ts
FN:17,login
FN:28,loginWithPin
FN:39,getQuickAccessProfilesWithContext
FN:56,(anonymous_3)
FN:57,(anonymous_4)
FN:88,loginWithQuickAccess
FN:98,refresh
FN:108,logout
FN:117,logoutAllDevices
FN:129,getCurrentUser
FNF:10
FNH:0
FNDA:0,login
FNDA:0,loginWithPin
FNDA:0,getQuickAccessProfilesWithContext
FNDA:0,(anonymous_3)
FNDA:0,(anonymous_4)
FNDA:0,loginWithQuickAccess
FNDA:0,refresh
FNDA:0,logout
FNDA:0,logoutAllDevices
FNDA:0,getCurrentUser
DA:18,0
DA:19,0
DA:20,0
DA:29,0
DA:30,0
DA:31,0
DA:40,0
DA:55,0
DA:56,0
DA:58,0
DA:59,0
DA:60,0
DA:61,0
DA:64,0
DA:65,0
DA:69,0
DA:77,0
DA:89,0
DA:90,0
DA:91,0
DA:99,0
DA:100,0
DA:101,0
DA:109,0
DA:110,0
DA:118,0
DA:119,0
DA:121,0
DA:130,0
DA:131,0
LF:30
LH:0
BRDA:55,0,0,0
BRDA:55,0,1,0
BRDA:56,1,0,0
BRDA:56,1,1,0
BRDA:58,2,0,0
BRDA:58,2,1,0
BRDA:59,3,0,0
BRDA:59,3,1,0
BRDA:60,4,0,0
BRDA:60,4,1,0
BRDA:61,5,0,0
BRDA:61,5,1,0
BRDA:61,6,0,0
BRDA:61,6,1,0
BRDA:64,7,0,0
BRDA:64,7,1,0
BRDA:64,8,0,0
BRDA:64,8,1,0
BRDA:64,9,0,0
BRDA:64,9,1,0
BRDA:65,10,0,0
BRDA:65,10,1,0
BRDA:65,11,0,0
BRDA:65,11,1,0
BRDA:73,12,0,0
BRDA:73,12,1,0
BRDA:73,13,0,0
BRDA:73,13,1,0
BRF:28
BRH:0
end_of_record
TN:
SF:src\api\card-payment-runtime.api.ts
FN:68,idempotentHeaders
FN:72,fetchTerminalProfiles
FN:77,startCardPayment
FN:90,fetchCardPaymentStatus
FN:97,cancelCardPayment
FN:110,fallbackCardPaymentToExternal
FNF:6
FNH:0
FNDA:0,idempotentHeaders
FNDA:0,fetchTerminalProfiles
FNDA:0,startCardPayment
FNDA:0,fetchCardPaymentStatus
FNDA:0,cancelCardPayment
FNDA:0,fallbackCardPaymentToExternal
DA:69,0
DA:73,0
DA:74,0
DA:81,0
DA:82,0
DA:87,0
DA:91,0
DA:94,0
DA:101,0
DA:102,0
DA:107,0
DA:115,0
DA:116,0
DA:121,0
LF:14
LH:0
BRDA:81,0,0,0
BRDA:81,0,1,0
BRDA:101,1,0,0
BRDA:101,1,1,0
BRDA:115,2,0,0
BRDA:115,2,1,0
BRF:6
BRH:0
end_of_record
TN:
SF:src\api\client.ts
FN:14,toHeaderRecord
FN:18,(anonymous_1)
FN:27,isWriteMethod
FN:33,isQueueCandidate
FN:47,createCorrelationId
FN:51,normalizeError
FN:61,onRequest
FN:74,refreshAccessToken
FN:101,(anonymous_8)
FN:102,(anonymous_9)
FN:108,(anonymous_10)
FNF:11
FNH:0
FNDA:0,toHeaderRecord
FNDA:0,(anonymous_1)
FNDA:0,isWriteMethod
FNDA:0,isQueueCandidate
FNDA:0,createCorrelationId
FNDA:0,normalizeError
FNDA:0,onRequest
FNDA:0,refreshAccessToken
FNDA:0,(anonymous_8)
FNDA:0,(anonymous_9)
FNDA:0,(anonymous_10)
DA:12,8
DA:15,0
DA:16,0
DA:18,0
DA:19,0
DA:20,0
DA:24,0
DA:28,0
DA:29,0
DA:30,0
DA:34,0
DA:35,0
DA:36,0
DA:38,0
DA:39,0
DA:40,0
DA:44,0
DA:48,0
DA:52,0
DA:53,0
DA:62,0
DA:63,0
DA:64,0
DA:65,0
DA:66,0
DA:67,0
DA:70,0
DA:71,0
DA:75,0
DA:76,0
DA:77,0
DA:80,0
DA:81,0
DA:86,0
DA:87,0
DA:89,0
DA:90,0
DA:94,8
DA:99,8
DA:100,8
DA:101,0
DA:103,0
DA:104,0
DA:105,0
DA:107,0
DA:108,0
DA:109,0
DA:113,0
DA:114,0
DA:115,0
DA:116,0
DA:117,0
DA:121,0
DA:122,0
DA:129,0
DA:135,0
DA:142,0
LF:57
LH:4
BRDA:16,0,0,0
BRDA:16,0,1,0
BRDA:19,1,0,0
BRDA:19,1,1,0
BRDA:28,2,0,0
BRDA:28,2,1,0
BRDA:30,3,0,0
BRDA:30,3,1,0
BRDA:30,3,2,0
BRDA:30,3,3,0
BRDA:34,4,0,0
BRDA:34,4,1,0
BRDA:35,5,0,0
BRDA:35,5,1,0
BRDA:36,6,0,0
BRDA:36,6,1,0
BRDA:39,7,0,0
BRDA:39,7,1,0
BRDA:39,8,0,0
BRDA:39,8,1,0
BRDA:39,8,2,0
BRDA:54,9,0,0
BRDA:54,9,1,0
BRDA:55,10,0,0
BRDA:55,10,1,0
BRDA:56,11,0,0
BRDA:56,11,1,0
BRDA:63,12,0,0
BRDA:63,12,1,0
BRDA:66,13,0,0
BRDA:66,13,1,0
BRDA:76,14,0,0
BRDA:76,14,1,0
BRDA:104,15,0,0
BRDA:104,15,1,0
BRDA:104,16,0,0
BRDA:104,16,1,0
BRDA:104,16,2,0
BRDA:107,17,0,0
BRDA:107,17,1,0
BRDA:114,18,0,0
BRDA:114,18,1,0
BRDA:115,19,0,0
BRDA:115,19,1,0
BRDA:121,20,0,0
BRDA:121,20,1,0
BRDA:121,21,0,0
BRDA:121,21,1,0
BRDA:121,21,2,0
BRDA:126,22,0,0
BRDA:126,22,1,0
BRF:51
BRH:0
end_of_record
TN:
SF:src\api\context.api.ts
FN:9,getLocalInstallationContext
FN:21,upsertLocalInstallationContext
FN:36,clearLocalInstallationContextRemote
FNF:3
FNH:3
FNDA:1,getLocalInstallationContext
FNDA:1,upsertLocalInstallationContext
FNDA:1,clearLocalInstallationContextRemote
DA:10,1
DA:13,1
DA:24,1
DA:28,1
DA:37,1
LF:5
LH:5
BRF:0
BRH:0
end_of_record
TN:
SF:src\api\kitchen.api.ts
FN:11,getPendingKitchenItems
FN:20,getKitchenOrders
FN:29,updateKitchenItemStatus
FNF:3
FNH:2
FNDA:1,getPendingKitchenItems
FNDA:0,getKitchenOrders
FNDA:1,updateKitchenItemStatus
DA:12,1
DA:13,1
DA:21,0
DA:22,0
DA:34,1
LF:5
LH:3
BRF:0
BRH:0
end_of_record
TN:
SF:src\api\pairing.api.ts
FN:9,completePairing
FN:23,getPairingSessionStatus
FNF:2
FNH:1
FNDA:1,completePairing
FNDA:0,getPairingSessionStatus
DA:12,1
DA:16,1
DA:26,0
DA:30,0
LF:4
LH:2
BRF:0
BRH:0
end_of_record
TN:
SF:src\api\restaurant.api.ts
FN:8,getTables
FN:17,getOrdersByTable
FN:26,createOrder
FNF:3
FNH:1
FNDA:1,getTables
FNDA:0,getOrdersByTable
FNDA:0,createOrder
DA:9,1
DA:10,1
DA:18,0
DA:19,0
DA:27,0
DA:31,0
LF:6
LH:2
BRF:0
BRH:0
end_of_record
TN:
SF:src\api\sales.api.ts
FN:12,createSale
FN:39,completeSale
FN:53,createSalePayment
FN:62,getSaleReceipt
FN:71,refundSale
FN:81,getSale
FNF:6
FNH:1
FNDA:1,createSale
FNDA:0,completeSale
FNDA:0,createSalePayment
FNDA:0,getSaleReceipt
FNDA:0,refundSale
FNDA:0,getSale
DA:13,1
DA:20,1
DA:21,1
DA:40,0
DA:44,0
DA:45,0
DA:54,0
DA:55,0
DA:63,0
DA:64,0
DA:72,0
DA:73,0
DA:74,0
DA:82,0
DA:83,0
LF:15
LH:3
BRDA:42,0,0,0
BRDA:42,0,1,0
BRF:2
BRH:0
end_of_record
TN:
SF:src\components\Button.tsx
FN:14,Button
FNF:1
FNH:1
FNDA:67,Button
DA:23,67
DA:30,67
DA:36,67
DA:53,10
LF:4
LH:4
BRDA:17,0,0,49
BRDA:18,1,0,17
BRDA:19,2,0,32
BRDA:23,3,0,48
BRDA:23,3,1,19
BRDA:25,4,0,0
BRDA:25,4,1,19
BRDA:30,5,0,48
BRDA:30,5,1,19
BRDA:32,6,0,0
BRDA:32,6,1,19
BRDA:42,7,0,35
BRDA:42,7,1,32
BRDA:43,8,0,1
BRDA:43,8,1,66
BRF:15
BRH:13
end_of_record
TN:
SF:src\components\Card.tsx
FN:5,Card
FNF:1
FNH:1
FNDA:31,Card
DA:6,31
DA:9,8
LF:2
LH:2
BRF:0
BRH:0
end_of_record
TN:
SF:src\components\CardPaymentRuntimePanel.tsx
FN:34,stateStep
FN:40,StateSteps
FN:52,(anonymous_2)
FN:62,CardPaymentRuntimePanel
FN:84,(anonymous_4)
FN:88,(anonymous_5)
FN:117,(anonymous_6)
FN:156,(anonymous_7)
FNF:8
FNH:0
FNDA:0,stateStep
FNDA:0,StateSteps
FNDA:0,(anonymous_2)
FNDA:0,CardPaymentRuntimePanel
FNDA:0,(anonymous_4)
FNDA:0,(anonymous_5)
FNDA:0,(anonymous_6)
FNDA:0,(anonymous_7)
DA:32,1
DA:35,0
DA:36,0
DA:37,0
DA:41,0
DA:42,0
DA:48,0
DA:50,0
DA:53,0
DA:63,0
DA:64,0
DA:66,0
DA:67,0
DA:70,0
DA:71,0
DA:79,0
DA:80,0
DA:85,0
DA:88,0
DA:102,0
DA:103,0
DA:105,0
DA:117,0
DA:128,0
DA:129,0
DA:130,0
DA:131,0
DA:132,0
DA:134,0
DA:156,0
DA:190,0
DA:193,1
LF:32
LH:2
BRDA:37,0,0,0
BRDA:37,0,1,0
BRDA:54,1,0,0
BRDA:54,1,1,0
BRDA:55,2,0,0
BRDA:55,2,1,0
BRDA:66,3,0,0
BRDA:66,3,1,0
BRDA:70,4,0,0
BRDA:70,4,1,0
BRDA:79,5,0,0
BRDA:79,5,1,0
BRDA:102,6,0,0
BRDA:102,6,1,0
BRDA:102,7,0,0
BRDA:102,7,1,0
BRDA:112,8,0,0
BRDA:112,8,1,0
BRDA:113,9,0,0
BRDA:113,9,1,0
BRDA:128,10,0,0
BRDA:128,10,1,0
BRDA:129,11,0,0
BRDA:129,11,1,0
BRDA:132,12,0,0
BRDA:132,12,1,0
BRDA:136,13,0,0
BRDA:136,13,1,0
BRDA:144,14,0,0
BRDA:144,14,1,0
BRDA:148,15,0,0
BRDA:148,15,1,0
BRDA:151,16,0,0
BRDA:151,16,1,0
BRDA:162,17,0,0
BRDA:162,17,1,0
BRDA:177,18,0,0
BRDA:177,18,1,0
BRF:38
BRH:0
end_of_record
TN:
SF:src\components\DeviceIdentifier.tsx
FN:13,DeviceIdentifier
FNF:1
FNH:0
FNDA:0,DeviceIdentifier
DA:14,0
DA:27,1
LF:2
LH:1
BRF:0
BRH:0
end_of_record
TN:
SF:src\components\EmptyState.tsx
FN:14,EmptyState
FNF:1
FNH:1
FNDA:5,EmptyState
DA:15,5
DA:29,4
LF:2
LH:2
BRDA:20,0,0,3
BRDA:20,0,1,2
BRDA:20,1,0,5
BRDA:20,1,1,3
BRF:4
BRH:4
end_of_record
TN:
SF:src\components\ErrorState.tsx
FN:14,ErrorState
FNF:1
FNH:1
FNDA:4,ErrorState
DA:15,4
DA:29,4
LF:2
LH:2
BRDA:20,0,0,2
BRDA:20,0,1,2
BRDA:20,1,0,4
BRDA:20,1,1,2
BRF:4
BRH:4
end_of_record
TN:
SF:src\components\Icons.tsx
FN:22,Icon
FN:36,(anonymous_1)
FN:37,(anonymous_2)
FN:38,(anonymous_3)
FN:39,(anonymous_4)
FN:40,(anonymous_5)
FN:41,(anonymous_6)
FN:42,(anonymous_7)
FN:43,(anonymous_8)
FN:44,(anonymous_9)
FN:45,(anonymous_10)
FN:46,(anonymous_11)
FN:47,(anonymous_12)
FN:48,(anonymous_13)
FN:49,(anonymous_14)
FN:50,(anonymous_15)
FN:51,(anonymous_16)
FN:52,(anonymous_17)
FN:53,(anonymous_18)
FN:54,(anonymous_19)
FN:55,(anonymous_20)
FN:56,(anonymous_21)
FNF:22
FNH:0
FNDA:0,Icon
FNDA:0,(anonymous_1)
FNDA:0,(anonymous_2)
FNDA:0,(anonymous_3)
FNDA:0,(anonymous_4)
FNDA:0,(anonymous_5)
FNDA:0,(anonymous_6)
FNDA:0,(anonymous_7)
FNDA:0,(anonymous_8)
FNDA:0,(anonymous_9)
FNDA:0,(anonymous_10)
FNDA:0,(anonymous_11)
FNDA:0,(anonymous_12)
FNDA:0,(anonymous_13)
FNDA:0,(anonymous_14)
FNDA:0,(anonymous_15)
FNDA:0,(anonymous_16)
FNDA:0,(anonymous_17)
FNDA:0,(anonymous_18)
FNDA:0,(anonymous_19)
FNDA:0,(anonymous_20)
FNDA:0,(anonymous_21)
DA:23,0
DA:36,1
DA:37,1
DA:38,1
DA:39,1
DA:40,1
DA:41,1
DA:42,1
DA:43,1
DA:44,1
DA:45,1
DA:46,1
DA:47,1
DA:48,1
DA:49,1
DA:50,1
DA:51,1
DA:52,1
DA:53,1
DA:54,1
DA:55,1
DA:56,1
DA:58,1
LF:23
LH:22
BRDA:22,0,0,0
BRF:1
BRH:0
end_of_record
TN:
SF:src\components\Input.tsx
FN:6,Input
FN:14,(anonymous_1)
FN:18,(anonymous_2)
FNF:3
FNH:1
FNDA:19,Input
FNDA:0,(anonymous_1)
FNDA:0,(anonymous_2)
DA:7,19
DA:9,19
DA:15,0
DA:16,0
DA:19,0
DA:20,0
DA:26,3
LF:7
LH:3
BRDA:13,0,0,0
BRDA:13,0,1,19
BRF:2
BRH:1
end_of_record
TN:
SF:src\components\LanguageSelector.tsx
FN:12,LanguageSelector
FN:21,(anonymous_1)
FN:26,(anonymous_2)
FNF:3
FNH:0
FNDA:0,LanguageSelector
FNDA:0,(anonymous_1)
FNDA:0,(anonymous_2)
DA:13,0
DA:15,0
DA:21,0
DA:26,0
DA:34,1
LF:5
LH:1
BRDA:20,0,0,0
BRDA:20,0,1,0
BRDA:22,1,0,0
BRDA:22,1,1,0
BRDA:25,2,0,0
BRDA:25,2,1,0
BRDA:27,3,0,0
BRDA:27,3,1,0
BRF:8
BRH:0
end_of_record
TN:
SF:src\components\ListItemCard.tsx
FN:5,ListItemCard
FNF:1
FNH:1
FNDA:5,ListItemCard
DA:6,5
DA:9,4
LF:2
LH:2
BRF:0
BRH:0
end_of_record
TN:
SF:src\components\LoadingState.tsx
FN:12,LoadingState
FNF:1
FNH:1
FNDA:6,LoadingState
DA:13,6
DA:22,4
LF:2
LH:2
BRDA:17,0,0,4
BRDA:17,0,1,2
BRF:2
BRH:2
end_of_record
TN:
SF:src\components\MetricCard.tsx
FN:12,MetricCard
FNF:1
FNH:0
FNDA:0,MetricCard
DA:13,0
DA:22,1
LF:2
LH:1
BRDA:17,0,0,0
BRDA:17,0,1,0
BRF:2
BRH:0
end_of_record
TN:
SF:src\components\PermissionsStatus.tsx
FN:7,PermissionsStatus
FN:10,(anonymous_1)
FN:11,loadPermissions
FNF:3
FNH:0
FNDA:0,PermissionsStatus
FNDA:0,(anonymous_1)
FNDA:0,loadPermissions
DA:8,0
DA:10,0
DA:12,0
DA:13,0
DA:14,0
DA:16,0
DA:20,0
DA:23,0
DA:31,1
LF:9
LH:1
BRF:0
BRH:0
end_of_record
TN:
SF:src\components\QuickActionCard.tsx
FN:13,QuickActionCard
FNF:1
FNH:0
FNDA:0,QuickActionCard
DA:14,0
DA:28,1
LF:2
LH:1
BRDA:13,0,0,0
BRDA:16,1,0,0
BRDA:16,1,1,0
BRDA:22,2,0,0
BRDA:22,2,1,0
BRF:5
BRH:0
end_of_record
TN:
SF:src\components\ScreenLayout.tsx
FN:6,ScreenPage
FN:10,ScreenContent
FN:16,CenteredScreenContent
FNF:3
FNH:2
FNDA:26,ScreenPage
FNDA:26,ScreenContent
FNDA:0,CenteredScreenContent
DA:7,26
DA:11,26
DA:13,26
DA:17,0
DA:19,0
DA:27,8
LF:6
LH:4
BRF:0
BRH:0
end_of_record
TN:
SF:src\components\SectionHeader.tsx
FN:11,SectionHeader
FNF:1
FNH:1
FNDA:9,SectionHeader
DA:12,9
DA:20,4
LF:2
LH:2
BRDA:15,0,0,5
BRDA:15,0,1,4
BRF:2
BRH:2
end_of_record
TN:
SF:src\components\Spinner.tsx
FN:5,Spinner
FNF:1
FNH:1
FNDA:3,Spinner
DA:6,3
LF:1
LH:1
BRF:0
BRH:0
end_of_record
TN:
SF:src\components\StatusPill.tsx
FN:21,StatusPill
FNF:1
FNH:1
FNDA:11,StatusPill
DA:13,3
DA:22,11
DA:24,11
DA:31,3
LF:4
LH:4
BRDA:21,0,0,2
BRF:1
BRH:1
end_of_record
TN:
SF:src\components\Topbar.tsx
FN:8,Topbar
FNF:1
FNH:1
FNDA:26,Topbar
DA:9,26
DA:11,26
DA:18,8
LF:3
LH:3
BRF:0
BRH:0
end_of_record
TN:
SF:src\components\Typography.tsx
FN:7,TitleText
FN:11,BodyText
FN:15,MetaText
FN:19,ErrorText
FN:23,WarningText
FNF:5
FNH:4
FNDA:59,TitleText
FNDA:89,BodyText
FNDA:10,MetaText
FNDA:6,ErrorText
FNDA:0,WarningText
DA:8,59
DA:12,89
DA:16,10
DA:20,6
DA:24,0
DA:27,13
LF:6
LH:5
BRF:0
BRH:0
end_of_record
TN:
SF:src\components\guards\ContextGuard.tsx
FN:10,ContextGuard
FN:11,(anonymous_1)
FNF:2
FNH:2
FNDA:3,ContextGuard
FNDA:11,(anonymous_1)
DA:11,11
DA:12,3
LF:2
LH:2
BRDA:12,0,0,2
BRDA:12,0,1,1
BRF:2
BRH:2
end_of_record
TN:
SF:src\components\theme\colors.ts
FNF:0
FNH:0
DA:1,15
LF:1
LH:1
BRF:0
BRH:0
end_of_record
TN:
SF:src\components\theme\spacing.ts
FNF:0
FNH:0
DA:1,15
LF:1
LH:1
BRF:0
BRH:0
end_of_record
TN:
SF:src\components\theme\theme.ts
FNF:0
FNH:0
DA:5,15
LF:1
LH:1
BRF:0
BRH:0
end_of_record
TN:
SF:src\components\theme\typography.ts
FNF:0
FNH:0
DA:1,15
LF:1
LH:1
BRF:0
BRH:0
end_of_record
TN:
SF:src\config\env.ts
FNF:0
FNH:0
DA:1,9
DA:3,9
LF:2
LH:2
BRDA:1,0,0,9
BRDA:1,0,1,0
BRDA:4,1,0,9
BRDA:4,1,1,9
BRDA:5,2,0,9
BRDA:5,2,1,9
BRDA:6,3,0,9
BRDA:6,3,1,9
BRDA:7,4,0,9
BRDA:7,4,1,9
BRF:10
BRH:9
end_of_record
TN:
SF:src\features\more\screens\MoreScreen.tsx
FN:31,MoreScreen
FN:36,(anonymous_1)
FN:45,(anonymous_2)
FN:46,(anonymous_3)
FN:53,(anonymous_4)
FN:72,(anonymous_5)
FNF:6
FNH:0
FNDA:0,MoreScreen
FNDA:0,(anonymous_1)
FNDA:0,(anonymous_2)
FNDA:0,(anonymous_3)
FNDA:0,(anonymous_4)
FNDA:0,(anonymous_5)
DA:32,0
DA:33,0
DA:36,0
DA:41,0
DA:45,0
DA:47,0
DA:48,0
DA:50,0
DA:53,0
DA:73,0
DA:82,1
LF:11
LH:1
BRDA:48,0,0,0
BRDA:48,0,1,0
BRDA:52,1,0,0
BRDA:52,1,1,0
BRDA:65,2,0,0
BRDA:65,2,1,0
BRF:6
BRH:0
end_of_record
TN:
SF:src\hooks\useAnalytics.ts
FN:7,useAnalytics
FN:8,(anonymous_1)
FN:10,(anonymous_2)
FN:12,(anonymous_3)
FN:17,(anonymous_4)
FN:22,(anonymous_5)
FN:28,(anonymous_6)
FNF:7
FNH:0
FNDA:0,useAnalytics
FNDA:0,(anonymous_1)
FNDA:0,(anonymous_2)
FNDA:0,(anonymous_3)
FNDA:0,(anonymous_4)
FNDA:0,(anonymous_5)
FNDA:0,(anonymous_6)
DA:8,0
DA:10,0
DA:11,0
DA:12,0
DA:13,0
DA:17,0
DA:18,0
DA:21,0
DA:23,0
DA:28,0
DA:29,0
DA:32,0
LF:12
LH:0
BRF:0
BRH:0
end_of_record
TN:
SF:src\hooks\useAppInitialization.ts
FN:10,useAppInitialization
FN:11,(anonymous_1)
FN:12,(anonymous_2)
FN:13,(anonymous_3)
FN:14,(anonymous_4)
FN:18,(anonymous_5)
FN:19,init
FNF:7
FNH:0
FNDA:0,useAppInitialization
FNDA:0,(anonymous_1)
FNDA:0,(anonymous_2)
FNDA:0,(anonymous_3)
FNDA:0,(anonymous_4)
FNDA:0,(anonymous_5)
FNDA:0,init
DA:11,0
DA:12,0
DA:13,0
DA:14,0
DA:15,0
DA:16,0
DA:18,0
DA:20,0
DA:21,0
DA:22,0
DA:24,0
DA:25,0
DA:26,0
DA:28,0
DA:29,0
DA:31,0
DA:34,0
DA:37,0
LF:18
LH:0
BRF:0
BRH:0
end_of_record
TN:
SF:src\hooks\useAuth.ts
FN:12,useAuth
FN:18,loginWithEmailPassword
FN:38,loginUsingPin
FN:58,loadQuickAccessProfiles
FN:66,loginUsingQuickAccess
FN:83,logout
FNF:6
FNH:0
FNDA:0,useAuth
FNDA:0,loginWithEmailPassword
FNDA:0,loginUsingPin
FNDA:0,loadQuickAccessProfiles
FNDA:0,loginUsingQuickAccess
FNDA:0,logout
DA:13,0
DA:19,0
DA:20,0
DA:21,0
DA:22,0
DA:23,0
DA:24,0
DA:26,0
DA:28,0
DA:30,0
DA:31,0
DA:39,0
DA:40,0
DA:41,0
DA:42,0
DA:43,0
DA:44,0
DA:46,0
DA:48,0
DA:50,0
DA:51,0
DA:59,0
DA:60,0
DA:67,0
DA:68,0
DA:69,0
DA:70,0
DA:71,0
DA:72,0
DA:74,0
DA:76,0
DA:78,0
DA:79,0
DA:84,0
DA:85,0
DA:86,0
DA:91,0
DA:92,0
DA:95,0
LF:39
LH:0
BRDA:84,0,0,0
BRDA:84,0,1,0
BRF:2
BRH:0
end_of_record
TN:
SF:src\hooks\useCardPaymentRuntime.ts
FN:72,useCardPaymentRuntime
FN:78,(anonymous_1)
FN:79,(anonymous_2)
FN:84,stopPolling
FN:91,startPolling
FN:93,(anonymous_5)
FN:94,(anonymous_6)
FN:95,(anonymous_7)
FN:98,(anonymous_8)
FN:100,(anonymous_9)
FN:106,(anonymous_10)
FN:108,(anonymous_11)
FN:110,(anonymous_12)
FN:112,(anonymous_13)
FN:123,(anonymous_14)
FN:132,(anonymous_15)
FN:139,(anonymous_16)
FN:140,(anonymous_17)
FN:148,(anonymous_18)
FN:151,(anonymous_19)
FN:155,executeTransaction
FN:163,(anonymous_21)
FN:167,(anonymous_22)
FN:170,(anonymous_23)
FN:178,(anonymous_24)
FN:184,(anonymous_25)
FN:186,(anonymous_26)
FN:194,(anonymous_27)
FN:201,(anonymous_28)
FN:214,(anonymous_29)
FN:221,(anonymous_30)
FN:230,(anonymous_31)
FN:233,(anonymous_32)
FN:240,(anonymous_33)
FNF:34
FNH:0
FNDA:0,useCardPaymentRuntime
FNDA:0,(anonymous_1)
FNDA:0,(anonymous_2)
FNDA:0,stopPolling
FNDA:0,startPolling
FNDA:0,(anonymous_5)
FNDA:0,(anonymous_6)
FNDA:0,(anonymous_7)
FNDA:0,(anonymous_8)
FNDA:0,(anonymous_9)
FNDA:0,(anonymous_10)
FNDA:0,(anonymous_11)
FNDA:0,(anonymous_12)
FNDA:0,(anonymous_13)
FNDA:0,(anonymous_14)
FNDA:0,(anonymous_15)
FNDA:0,(anonymous_16)
FNDA:0,(anonymous_17)
FNDA:0,(anonymous_18)
FNDA:0,(anonymous_19)
FNDA:0,executeTransaction
FNDA:0,(anonymous_21)
FNDA:0,(anonymous_22)
FNDA:0,(anonymous_23)
FNDA:0,(anonymous_24)
FNDA:0,(anonymous_25)
FNDA:0,(anonymous_26)
FNDA:0,(anonymous_27)
FNDA:0,(anonymous_28)
FNDA:0,(anonymous_29)
FNDA:0,(anonymous_30)
FNDA:0,(anonymous_31)
FNDA:0,(anonymous_32)
FNDA:0,(anonymous_33)
DA:22,1
DA:25,1
DA:64,1
DA:73,0
DA:74,0
DA:75,0
DA:78,0
DA:79,0
DA:80,0
DA:85,0
DA:86,0
DA:87,0
DA:92,0
DA:93,0
DA:94,0
DA:95,0
DA:96,0
DA:97,0
DA:98,0
DA:106,0
DA:107,0
DA:108,0
DA:110,0
DA:111,0
DA:112,0
DA:117,0
DA:120,0
DA:122,0
DA:123,0
DA:130,0
DA:132,0
DA:140,0
DA:148,0
DA:149,0
DA:150,0
DA:151,0
DA:152,0
DA:156,0
DA:157,0
DA:163,0
DA:164,0
DA:165,0
DA:167,0
DA:170,0
DA:178,0
DA:179,0
DA:180,0
DA:181,0
DA:182,0
DA:183,0
DA:184,0
DA:186,0
DA:194,0
DA:195,0
DA:196,0
DA:197,0
DA:198,0
DA:200,0
DA:201,0
DA:207,0
DA:208,0
DA:210,0
DA:214,0
DA:215,0
DA:216,0
DA:217,0
DA:218,0
DA:219,0
DA:221,0
DA:227,0
DA:228,0
DA:230,0
DA:233,0
DA:240,0
DA:241,0
DA:242,0
DA:243,0
DA:246,0
LF:78
LH:3
BRDA:80,0,0,0
BRDA:80,0,1,0
BRDA:85,1,0,0
BRDA:85,1,1,0
BRDA:96,2,0,0
BRDA:96,2,1,0
BRDA:111,3,0,0
BRDA:111,3,1,0
BRDA:120,4,0,0
BRDA:120,4,1,0
BRDA:149,5,0,0
BRDA:149,5,1,0
BRDA:161,6,0,0
BRDA:161,6,1,0
BRDA:164,7,0,0
BRDA:164,7,1,0
BRDA:180,8,0,0
BRDA:180,8,1,0
BRDA:196,9,0,0
BRDA:196,9,1,0
BRDA:207,10,0,0
BRDA:207,10,1,0
BRDA:216,11,0,0
BRDA:216,11,1,0
BRDA:227,12,0,0
BRDA:227,12,1,0
BRF:26
BRH:0
end_of_record
TN:
SF:src\hooks\useDevicePairing.ts
FN:9,useDevicePairing
FN:10,(anonymous_1)
FN:11,(anonymous_2)
FN:12,(anonymous_3)
FN:13,(anonymous_4)
FN:14,(anonymous_5)
FN:15,(anonymous_6)
FN:16,(anonymous_7)
FN:17,(anonymous_8)
FN:20,(anonymous_9)
FN:51,(anonymous_10)
FNF:11
FNH:0
FNDA:0,useDevicePairing
FNDA:0,(anonymous_1)
FNDA:0,(anonymous_2)
FNDA:0,(anonymous_3)
FNDA:0,(anonymous_4)
FNDA:0,(anonymous_5)
FNDA:0,(anonymous_6)
FNDA:0,(anonymous_7)
FNDA:0,(anonymous_8)
FNDA:0,(anonymous_9)
FNDA:0,(anonymous_10)
DA:10,0
DA:11,0
DA:12,0
DA:13,0
DA:14,0
DA:15,0
DA:16,0
DA:17,0
DA:19,0
DA:21,0
DA:22,0
DA:23,0
DA:24,0
DA:25,0
DA:32,0
DA:33,0
DA:34,0
DA:35,0
DA:40,0
DA:42,0
DA:43,0
DA:44,0
DA:50,0
DA:52,0
DA:53,0
DA:54,0
DA:55,0
DA:56,0
DA:63,0
DA:64,0
DA:65,0
DA:66,0
DA:71,0
DA:73,0
DA:74,0
DA:75,0
DA:81,0
LF:37
LH:0
BRDA:28,0,0,0
BRDA:28,0,1,0
BRDA:59,1,0,0
BRDA:59,1,1,0
BRF:4
BRH:0
end_of_record
TN:
SF:src\hooks\useKitchenOrders.ts
FN:5,nextKitchenStatus
FN:14,useKitchenOrders
FN:18,(anonymous_2)
FN:29,(anonymous_3)
FN:36,(anonymous_4)
FN:38,(anonymous_5)
FN:40,(anonymous_6)
FNF:7
FNH:0
FNDA:0,nextKitchenStatus
FNDA:0,useKitchenOrders
FNDA:0,(anonymous_2)
FNDA:0,(anonymous_3)
FNDA:0,(anonymous_4)
FNDA:0,(anonymous_5)
FNDA:0,(anonymous_6)
DA:8,0
DA:9,0
DA:10,0
DA:11,0
DA:15,0
DA:16,0
DA:18,0
DA:19,0
DA:20,0
DA:21,0
DA:22,0
DA:23,0
DA:25,0
DA:29,0
DA:30,0
DA:31,0
DA:32,0
DA:34,0
DA:36,0
DA:37,0
DA:38,0
DA:40,0
DA:41,0
DA:46,0
LF:24
LH:0
BRDA:8,0,0,0
BRDA:8,0,1,0
BRDA:9,1,0,0
BRDA:9,1,1,0
BRDA:10,2,0,0
BRDA:10,2,1,0
BRDA:30,3,0,0
BRDA:30,3,1,0
BRDA:32,4,0,0
BRDA:32,4,1,0
BRDA:37,5,0,0
BRDA:37,5,1,0
BRDA:41,6,0,0
BRDA:41,6,1,0
BRF:14
BRH:0
end_of_record
TN:
SF:src\hooks\useLocalContext.ts
FN:16,dtoToStore
FN:28,useLocalContext
FN:29,(anonymous_2)
FN:30,(anonymous_3)
FN:32,(anonymous_4)
FN:53,(anonymous_5)
FN:70,(anonymous_6)
FNF:7
FNH:0
FNDA:0,dtoToStore
FNDA:0,useLocalContext
FNDA:0,(anonymous_2)
FNDA:0,(anonymous_3)
FNDA:0,(anonymous_4)
FNDA:0,(anonymous_5)
FNDA:0,(anonymous_6)
DA:17,0
DA:18,0
DA:29,0
DA:30,0
DA:32,0
DA:33,0
DA:34,0
DA:35,0
DA:36,0
DA:39,0
DA:40,0
DA:41,0
DA:42,0
DA:43,0
DA:44,0
DA:46,0
DA:48,0
DA:52,0
DA:54,0
DA:55,0
DA:56,0
DA:57,0
DA:58,0
DA:59,0
DA:61,0
DA:63,0
DA:64,0
DA:70,0
DA:71,0
DA:72,0
DA:74,0
DA:75,0
DA:78,0
LF:33
LH:0
BRDA:17,0,0,0
BRDA:17,0,1,0
BRDA:34,1,0,0
BRDA:34,1,1,0
BRDA:42,2,0,0
BRDA:42,2,1,0
BRDA:57,3,0,0
BRDA:57,3,1,0
BRDA:71,4,0,0
BRDA:71,4,1,0
BRF:10
BRH:0
end_of_record
TN:
SF:src\hooks\useRestaurantOrders.ts
FN:7,useRestaurantOrders
FN:8,(anonymous_1)
FN:9,(anonymous_2)
FN:10,(anonymous_3)
FN:11,(anonymous_4)
FN:12,(anonymous_5)
FN:13,(anonymous_6)
FN:15,(anonymous_7)
FN:21,(anonymous_8)
FN:28,(anonymous_9)
FNF:10
FNH:0
FNDA:0,useRestaurantOrders
FNDA:0,(anonymous_1)
FNDA:0,(anonymous_2)
FNDA:0,(anonymous_3)
FNDA:0,(anonymous_4)
FNDA:0,(anonymous_5)
FNDA:0,(anonymous_6)
FNDA:0,(anonymous_7)
FNDA:0,(anonymous_8)
FNDA:0,(anonymous_9)
DA:8,0
DA:9,0
DA:10,0
DA:11,0
DA:12,0
DA:13,0
DA:15,0
DA:16,0
DA:17,0
DA:18,0
DA:21,0
DA:22,0
DA:23,0
DA:24,0
DA:25,0
DA:28,0
DA:29,0
DA:30,0
DA:31,0
DA:32,0
DA:33,0
DA:37,0
DA:40,0
LF:23
LH:0
BRDA:22,0,0,0
BRDA:22,0,1,0
BRDA:29,1,0,0
BRDA:29,1,1,0
BRDA:31,2,0,0
BRDA:31,2,1,0
BRDA:43,3,0,0
BRDA:43,3,1,0
BRDA:43,4,0,0
BRDA:43,4,1,0
BRF:10
BRH:0
end_of_record
TN:
SF:src\hooks\useSaleFlow.ts
FN:9,useSaleFlow
FN:10,(anonymous_1)
FN:11,(anonymous_2)
FN:12,(anonymous_3)
FN:13,(anonymous_4)
FN:14,(anonymous_5)
FN:15,(anonymous_6)
FN:16,(anonymous_7)
FN:22,(anonymous_8)
FNF:9
FNH:0
FNDA:0,useSaleFlow
FNDA:0,(anonymous_1)
FNDA:0,(anonymous_2)
FNDA:0,(anonymous_3)
FNDA:0,(anonymous_4)
FNDA:0,(anonymous_5)
FNDA:0,(anonymous_6)
FNDA:0,(anonymous_7)
FNDA:0,(anonymous_8)
DA:10,0
DA:11,0
DA:12,0
DA:13,0
DA:14,0
DA:15,0
DA:16,0
DA:19,0
DA:21,0
DA:25,0
DA:26,0
DA:29,0
DA:33,0
DA:40,0
DA:41,0
DA:42,0
DA:47,0
DA:51,0
DA:52,0
DA:57,0
LF:20
LH:0
BRF:0
BRH:0
end_of_record
TN:
SF:src\hooks\useSettings.ts
FN:11,useSettings
FN:12,(anonymous_1)
FN:13,(anonymous_2)
FN:14,(anonymous_3)
FN:19,(anonymous_4)
FN:29,changeLanguage
FN:33,logoutThisDevice
FN:38,logoutEveryDevice
FN:47,factoryReset
FNF:9
FNH:0
FNDA:0,useSettings
FNDA:0,(anonymous_1)
FNDA:0,(anonymous_2)
FNDA:0,(anonymous_3)
FNDA:0,(anonymous_4)
FNDA:0,changeLanguage
FNDA:0,logoutThisDevice
FNDA:0,logoutEveryDevice
FNDA:0,factoryReset
DA:12,0
DA:13,0
DA:14,0
DA:15,0
DA:16,0
DA:18,0
DA:19,0
DA:30,0
DA:34,0
DA:35,0
DA:39,0
DA:40,0
DA:42,0
DA:43,0
DA:48,0
DA:49,0
DA:50,0
DA:51,0
DA:54,0
LF:19
LH:0
BRDA:20,0,0,0
BRDA:20,0,1,0
BRDA:21,1,0,0
BRDA:21,1,1,0
BRDA:22,2,0,0
BRDA:22,2,1,0
BRDA:23,3,0,0
BRDA:23,3,1,0
BRDA:24,4,0,0
BRDA:24,4,1,0
BRF:10
BRH:0
end_of_record
TN:
SF:src\hooks\useSync.ts
FN:8,useSync
FN:9,(anonymous_1)
FN:10,(anonymous_2)
FN:11,(anonymous_3)
FN:12,(anonymous_4)
FN:13,(anonymous_5)
FN:14,(anonymous_6)
FN:15,(anonymous_7)
FN:16,(anonymous_8)
FN:17,(anonymous_9)
FN:19,(anonymous_10)
FN:37,(anonymous_11)
FN:42,(anonymous_12)
FN:45,init
FN:57,(anonymous_14)
FN:64,(anonymous_15)
FNF:16
FNH:0
FNDA:0,useSync
FNDA:0,(anonymous_1)
FNDA:0,(anonymous_2)
FNDA:0,(anonymous_3)
FNDA:0,(anonymous_4)
FNDA:0,(anonymous_5)
FNDA:0,(anonymous_6)
FNDA:0,(anonymous_7)
FNDA:0,(anonymous_8)
FNDA:0,(anonymous_9)
FNDA:0,(anonymous_10)
FNDA:0,(anonymous_11)
FNDA:0,(anonymous_12)
FNDA:0,init
FNDA:0,(anonymous_14)
FNDA:0,(anonymous_15)
DA:9,0
DA:10,0
DA:11,0
DA:12,0
DA:13,0
DA:14,0
DA:15,0
DA:16,0
DA:17,0
DA:19,0
DA:20,0
DA:21,0
DA:22,0
DA:23,0
DA:24,0
DA:25,0
DA:26,0
DA:33,0
DA:37,0
DA:38,0
DA:39,0
DA:42,0
DA:43,0
DA:46,0
DA:47,0
DA:48,0
DA:49,0
DA:50,0
DA:51,0
DA:55,0
DA:57,0
DA:58,0
DA:59,0
DA:60,0
DA:64,0
DA:65,0
DA:66,0
DA:70,0
LF:38
LH:0
BRDA:25,0,0,0
BRDA:25,0,1,0
BRDA:47,1,0,0
BRDA:47,1,1,0
BRDA:50,2,0,0
BRDA:50,2,1,0
BRDA:50,3,0,0
BRDA:50,3,1,0
BRDA:59,4,0,0
BRDA:59,4,1,0
BRF:10
BRH:0
end_of_record
TN:
SF:src\i18n\config.ts
FNF:0
FNH:0
DA:8,9
DA:9,9
DA:11,9
LF:3
LH:3
BRDA:8,0,0,9
BRDA:8,0,1,0
BRDA:9,1,0,0
BRDA:9,1,1,9
BRF:4
BRH:2
end_of_record
TN:
SF:src\layouts\AppShellRouter.tsx
FN:25,AppShellRouter
FNF:1
FNH:0
FNDA:0,AppShellRouter
DA:32,0
DA:34,0
DA:35,0
DA:38,0
DA:39,0
DA:46,0
LF:6
LH:0
BRDA:30,0,0,0
BRDA:34,1,0,0
BRDA:34,1,1,0
BRDA:38,2,0,0
BRDA:38,2,1,0
BRF:5
BRH:0
end_of_record
TN:
SF:src\layouts\KitchenDisplayShell.tsx
FN:11,KitchenDisplayShell
FNF:1
FNH:0
FNDA:0,KitchenDisplayShell
DA:12,0
DA:19,1
LF:2
LH:1
BRF:0
BRH:0
end_of_record
TN:
SF:src\layouts\PhoneAppShell.tsx
FN:33,PhoneAppShell
FNF:1
FNH:1
FNDA:1,PhoneAppShell
DA:34,1
DA:36,1
DA:47,2
LF:3
LH:3
BRF:0
BRH:0
end_of_record
TN:
SF:src\layouts\TabletAppShell.tsx
FN:39,TabletAppShell
FN:58,(anonymous_1)
FNF:2
FNH:1
FNDA:1,TabletAppShell
FNDA:0,(anonymous_1)
DA:40,1
DA:42,1
DA:46,1
DA:58,0
DA:73,2
LF:5
LH:4
BRDA:42,0,0,1
BRDA:42,0,1,0
BRF:2
BRH:1
end_of_record
TN:
SF:src\navigation\PhoneNavigator.tsx
FN:19,resolveActiveTab
FN:27,PhoneNavigator
FN:41,(anonymous_2)
FN:46,(anonymous_3)
FNF:4
FNH:0
FNDA:0,resolveActiveTab
FNDA:0,PhoneNavigator
FNDA:0,(anonymous_2)
FNDA:0,(anonymous_3)
DA:20,0
DA:21,0
DA:22,0
DA:23,0
DA:24,0
DA:28,0
DA:29,0
DA:31,0
DA:39,0
DA:42,0
DA:43,0
DA:45,0
DA:46,0
DA:56,1
LF:14
LH:1
BRDA:20,0,0,0
BRDA:20,0,1,0
BRDA:21,1,0,0
BRDA:21,1,1,0
BRDA:22,2,0,0
BRDA:22,2,1,0
BRDA:23,3,0,0
BRDA:23,3,1,0
BRDA:47,4,0,0
BRDA:47,4,1,0
BRDA:48,5,0,0
BRDA:48,5,1,0
BRF:12
BRH:0
end_of_record
TN:
SF:src\navigation\TabletNavigator.tsx
FN:45,TabletNavigator
FN:60,(anonymous_1)
FN:62,(anonymous_2)
FN:71,(anonymous_3)
FN:83,(anonymous_4)
FNF:5
FNH:0
FNDA:0,TabletNavigator
FNDA:0,(anonymous_1)
FNDA:0,(anonymous_2)
FNDA:0,(anonymous_3)
FNDA:0,(anonymous_4)
DA:52,0
DA:53,0
DA:55,0
DA:60,0
DA:63,0
DA:64,0
DA:72,0
DA:73,0
DA:75,0
DA:83,0
DA:120,1
LF:11
LH:1
BRDA:66,0,0,0
BRDA:66,0,1,0
BRDA:73,1,0,0
BRDA:73,1,1,0
BRDA:80,2,0,0
BRDA:80,2,1,0
BRDA:81,3,0,0
BRDA:81,3,1,0
BRDA:93,4,0,0
BRDA:93,4,1,0
BRDA:96,5,0,0
BRDA:96,5,1,0
BRDA:113,6,0,0
BRDA:113,6,1,0
BRF:14
BRH:0
end_of_record
TN:
SF:src\navigation\modules.ts
FN:240,getPrimaryModules
FN:241,(anonymous_1)
FN:248,getSecondaryModules
FN:249,(anonymous_3)
FN:250,(anonymous_4)
FN:256,getModulesBySection
FN:265,getModuleSections
FNF:7
FNH:0
FNDA:0,getPrimaryModules
FNDA:0,(anonymous_1)
FNDA:0,getSecondaryModules
FNDA:0,(anonymous_3)
FNDA:0,(anonymous_4)
FNDA:0,getModulesBySection
FNDA:0,getModuleSections
DA:47,1
DA:130,1
DA:163,1
DA:223,1
DA:230,1
DA:241,0
DA:249,0
DA:250,0
DA:259,0
DA:266,0
LF:10
LH:5
BRF:0
BRH:0
end_of_record
TN:
SF:src\platform\breakpoints.ts
FN:74,(anonymous_0)
FN:75,(anonymous_1)
FNF:2
FNH:0
FNDA:0,(anonymous_0)
FNDA:0,(anonymous_1)
DA:15,8
DA:26,8
DA:74,8
DA:75,8
LF:4
LH:4
BRF:0
BRH:0
end_of_record
TN:
SF:src\platform\theme.ts
FNF:0
FNH:0
DA:12,1
DA:42,1
DA:68,1
DA:95,1
DA:105,1
LF:5
LH:5
BRF:0
BRH:0
end_of_record
TN:
SF:src\platform\useDeviceProfile.ts
FN:31,useDeviceProfile
FNF:1
FNH:1
FNDA:16,useDeviceProfile
DA:32,16
DA:35,16
DA:36,16
DA:39,16
DA:40,16
DA:44,16
DA:46,16
LF:7
LH:7
BRDA:44,0,0,16
BRDA:44,0,1,0
BRDA:50,1,0,16
BRDA:50,1,1,0
BRF:4
BRH:2
end_of_record
TN:
SF:src\screens\appointments\AppointmentsListScreen.tsx
FN:25,AppointmentsListScreen
FN:32,loadAppointments
FN:46,(anonymous_2)
FN:49,loadInitialAppointments
FN:67,(anonymous_4)
FN:96,(anonymous_5)
FN:103,(anonymous_6)
FN:104,(anonymous_7)
FN:147,(anonymous_8)
FN:154,(anonymous_9)
FN:155,(anonymous_10)
FNF:11
FNH:4
FNDA:2,AppointmentsListScreen
FNDA:0,loadAppointments
FNDA:1,(anonymous_2)
FNDA:1,loadInitialAppointments
FNDA:1,(anonymous_4)
FNDA:0,(anonymous_5)
FNDA:0,(anonymous_6)
FNDA:0,(anonymous_7)
FNDA:0,(anonymous_8)
FNDA:0,(anonymous_9)
FNDA:0,(anonymous_10)
DA:26,2
DA:27,2
DA:28,2
DA:29,2
DA:30,2
DA:33,0
DA:34,0
DA:35,0
DA:36,0
DA:37,0
DA:39,0
DA:40,0
DA:42,0
DA:46,2
DA:47,1
DA:50,1
DA:51,1
DA:52,1
DA:53,1
DA:55,0
DA:56,0
DA:57,0
DA:59,1
DA:60,1
DA:65,1
DA:67,1
DA:68,1
DA:72,2
DA:96,0
DA:103,0
DA:105,0
DA:147,0
DA:154,0
DA:156,0
DA:178,2
LF:35
LH:18
BRDA:52,0,0,0
BRDA:52,0,1,1
BRDA:55,1,0,0
BRDA:55,1,1,0
BRDA:59,2,0,1
BRDA:59,2,1,0
BRDA:76,3,0,2
BRDA:76,3,1,0
BRDA:85,4,0,1
BRDA:85,4,1,1
BRDA:90,5,0,0
BRDA:90,5,1,2
BRDA:110,6,0,1
BRDA:110,6,1,1
BRDA:110,7,0,2
BRDA:110,7,1,1
BRDA:136,8,0,0
BRDA:136,8,1,0
BRDA:141,9,0,0
BRDA:141,9,1,0
BRDA:161,10,0,0
BRDA:161,10,1,0
BRDA:161,11,0,0
BRDA:161,11,1,0
BRF:24
BRH:10
end_of_record
TN:
SF:src\screens\appointments\BookAppointmentScreen.tsx
FN:20,BookAppointmentScreen
FN:29,onSubmit
FN:55,(anonymous_2)
FNF:3
FNH:0
FNDA:0,BookAppointmentScreen
FNDA:0,onSubmit
FNDA:0,(anonymous_2)
DA:21,0
DA:22,0
DA:23,0
DA:24,0
DA:25,0
DA:27,0
DA:30,0
DA:31,0
DA:32,0
DA:33,0
DA:34,0
DA:35,0
DA:37,0
DA:39,0
DA:43,0
DA:55,0
DA:63,1
LF:17
LH:1
BRDA:27,0,0,0
BRDA:27,0,1,0
BRDA:30,1,0,0
BRDA:30,1,1,0
BRDA:30,2,0,0
BRDA:30,2,1,0
BRDA:52,3,0,0
BRDA:52,3,1,0
BRDA:55,4,0,0
BRDA:55,4,1,0
BRDA:55,5,0,0
BRDA:55,5,1,0
BRF:12
BRH:0
end_of_record
TN:
SF:src\screens\auth\LoginScreen.tsx
FN:21,LoginScreen
FN:30,onSubmit
FN:74,(anonymous_2)
FNF:3
FNH:3
FNDA:6,LoginScreen
FNDA:1,onSubmit
FNDA:1,(anonymous_2)
DA:22,6
DA:23,6
DA:24,6
DA:25,6
DA:26,6
DA:27,6
DA:28,6
DA:31,1
DA:33,1
DA:34,1
DA:35,1
DA:36,1
DA:38,0
DA:39,0
DA:40,0
DA:43,0
DA:44,0
DA:45,0
DA:46,0
DA:47,0
DA:49,0
DA:51,0
DA:55,6
DA:74,1
DA:86,2
LF:25
LH:15
BRDA:31,0,0,0
BRDA:31,0,1,1
BRDA:34,1,0,1
BRDA:34,1,1,0
BRDA:38,2,0,0
BRDA:38,2,1,0
BRDA:59,3,0,6
BRDA:59,3,1,0
BRDA:72,4,0,1
BRDA:72,4,1,5
BRDA:74,5,0,0
BRDA:74,5,1,6
BRF:12
BRH:6
end_of_record
TN:
SF:src\screens\auth\PINLoginScreen.tsx
FN:20,PINLoginScreen
FN:35,(anonymous_1)
FN:39,loadProfiles
FN:60,(anonymous_3)
FN:62,selectQuickAccessUser
FN:70,onSubmitQuickAccess
FN:111,(anonymous_6)
FN:128,(anonymous_7)
FN:130,(anonymous_8)
FN:131,(anonymous_9)
FN:139,(anonymous_10)
FN:152,(anonymous_11)
FN:163,(anonymous_12)
FN:176,(anonymous_13)
FN:178,(anonymous_14)
FN:179,(anonymous_15)
FN:185,(anonymous_16)
FN:197,(anonymous_17)
FN:204,(anonymous_18)
FNF:19
FNH:10
FNDA:11,PINLoginScreen
FNDA:2,(anonymous_1)
FNDA:2,loadProfiles
FNDA:9,(anonymous_3)
FNDA:2,selectQuickAccessUser
FNDA:2,onSubmitQuickAccess
FNDA:0,(anonymous_6)
FNDA:0,(anonymous_7)
FNDA:0,(anonymous_8)
FNDA:0,(anonymous_9)
FNDA:9,(anonymous_10)
FNDA:2,(anonymous_11)
FNDA:0,(anonymous_12)
FNDA:0,(anonymous_13)
FNDA:0,(anonymous_14)
FNDA:0,(anonymous_15)
FNDA:2,(anonymous_16)
FNDA:0,(anonymous_17)
FNDA:2,(anonymous_18)
DA:21,11
DA:22,11
DA:24,11
DA:25,11
DA:26,11
DA:27,11
DA:28,11
DA:29,11
DA:30,11
DA:31,11
DA:32,11
DA:33,11
DA:35,11
DA:36,2
DA:37,2
DA:40,2
DA:41,2
DA:42,2
DA:43,2
DA:44,2
DA:45,2
DA:46,2
DA:47,2
DA:48,2
DA:51,0
DA:53,2
DA:57,2
DA:60,11
DA:63,2
DA:64,2
DA:65,2
DA:66,2
DA:67,2
DA:71,2
DA:72,2
DA:73,2
DA:74,1
DA:75,1
DA:78,1
DA:79,1
DA:80,1
DA:81,1
DA:82,1
DA:84,0
DA:86,1
DA:90,11
DA:111,0
DA:128,0
DA:130,0
DA:131,0
DA:140,9
DA:152,2
DA:163,0
DA:176,0
DA:178,0
DA:179,0
DA:185,2
DA:198,0
DA:199,0
DA:204,2
DA:215,2
LF:61
LH:49
BRDA:36,0,0,0
BRDA:36,0,1,2
BRDA:46,1,0,2
BRDA:46,1,1,0
BRDA:46,2,0,2
BRDA:46,2,1,2
BRDA:60,3,0,11
BRDA:60,3,1,2
BRDA:71,4,0,0
BRDA:71,4,1,2
BRDA:72,5,0,0
BRDA:72,5,1,2
BRDA:73,6,0,1
BRDA:73,6,1,1
BRDA:98,7,0,0
BRDA:98,7,1,11
BRDA:99,8,0,2
BRDA:99,8,1,9
BRDA:100,9,0,9
BRDA:100,9,1,2
BRDA:103,10,0,9
BRDA:103,10,1,0
BRDA:108,11,0,9
BRDA:108,11,1,2
BRDA:108,12,0,11
BRDA:108,12,1,11
BRDA:135,13,0,2
BRDA:135,13,1,9
BRDA:137,14,0,9
BRDA:137,14,1,2
BRDA:143,15,0,9
BRDA:143,15,1,0
BRDA:147,16,0,9
BRDA:147,16,1,0
BRDA:153,17,0,9
BRDA:153,17,1,0
BRDA:181,18,0,9
BRDA:181,18,1,2
BRDA:191,19,0,1
BRDA:191,19,1,10
BRDA:205,20,0,11
BRDA:205,20,1,10
BRDA:205,20,2,8
BRF:43
BRH:34
end_of_record
TN:
SF:src\screens\auth\SetupScreen.tsx
FN:9,SetupScreen
FNF:1
FNH:0
FNDA:0,SetupScreen
DA:10,0
LF:1
LH:0
BRF:0
BRH:0
end_of_record
TN:
SF:src\screens\context\ConnectBusinessScreen.tsx
FN:21,ConnectBusinessScreen
FN:33,onSubmit
FN:70,(anonymous_2)
FNF:3
FNH:0
FNDA:0,ConnectBusinessScreen
FNDA:0,onSubmit
FNDA:0,(anonymous_2)
DA:22,0
DA:23,0
DA:24,0
DA:25,0
DA:26,0
DA:27,0
DA:28,0
DA:29,0
DA:31,0
DA:34,0
DA:35,0
DA:36,0
DA:37,0
DA:39,0
DA:40,0
DA:42,0
DA:44,0
DA:48,0
DA:70,0
DA:82,1
LF:20
LH:1
BRDA:31,0,0,0
BRDA:31,0,1,0
BRDA:34,1,0,0
BRDA:34,1,1,0
BRDA:34,2,0,0
BRDA:34,2,1,0
BRDA:52,3,0,0
BRDA:52,3,1,0
BRDA:66,4,0,0
BRDA:66,4,1,0
BRDA:70,5,0,0
BRDA:70,5,1,0
BRDA:70,6,0,0
BRDA:70,6,1,0
BRF:14
BRH:0
end_of_record
TN:
SF:src\screens\context\LocalContextCheckScreen.tsx
FN:18,LocalContextCheckScreen
FN:21,(anonymous_1)
FN:22,(anonymous_2)
FN:24,(anonymous_3)
FN:25,check
FNF:5
FNH:0
FNDA:0,LocalContextCheckScreen
FNDA:0,(anonymous_1)
FNDA:0,(anonymous_2)
FNDA:0,(anonymous_3)
FNDA:0,check
DA:19,0
DA:20,0
DA:21,0
DA:22,0
DA:24,0
DA:27,0
DA:28,0
DA:29,0
DA:31,0
DA:33,0
DA:36,0
DA:37,0
DA:38,0
DA:40,0
DA:41,0
DA:42,0
DA:45,0
DA:48,0
DA:51,0
LF:19
LH:0
BRDA:27,0,0,0
BRDA:27,0,1,0
BRDA:28,1,0,0
BRDA:28,1,1,0
BRDA:40,2,0,0
BRDA:40,2,1,0
BRF:6
BRH:0
end_of_record
TN:
SF:src\screens\dining\DiningFloorScreen.tsx
FN:24,DiningFloorScreen
FN:31,(anonymous_1)
FN:32,load
FN:69,(anonymous_3)
FN:76,(anonymous_4)
FN:80,(anonymous_5)
FN:82,(anonymous_6)
FNF:7
FNH:5
FNDA:5,DiningFloorScreen
FNDA:4,(anonymous_1)
FNDA:4,load
FNDA:0,(anonymous_3)
FNDA:5,(anonymous_4)
FNDA:4,(anonymous_5)
FNDA:0,(anonymous_6)
DA:25,5
DA:26,5
DA:27,5
DA:28,5
DA:29,5
DA:31,5
DA:33,4
DA:34,4
DA:35,4
DA:36,4
DA:38,0
DA:40,4
DA:43,4
DA:46,5
DA:69,0
DA:76,5
DA:81,4
DA:83,0
DA:84,0
DA:104,2
LF:20
LH:16
BRDA:38,0,0,0
BRDA:38,0,1,0
BRDA:57,1,0,3
BRDA:57,1,1,2
BRDA:63,2,0,0
BRDA:63,2,1,5
BRDA:77,3,0,5
BRDA:77,3,1,0
BRDA:78,4,0,5
BRDA:78,4,1,0
BRDA:79,5,0,0
BRDA:79,5,1,5
BRDA:86,6,0,0
BRDA:86,6,1,4
BRDA:90,7,0,4
BRDA:90,7,1,0
BRDA:95,8,0,2
BRDA:95,8,1,3
BRDA:95,9,0,5
BRDA:95,9,1,2
BRF:20
BRH:12
end_of_record
TN:
SF:src\screens\dining\TableDetailScreen.tsx
FN:21,TableDetailScreen
FN:25,(anonymous_1)
FN:38,(anonymous_2)
FN:45,(anonymous_3)
FN:46,(anonymous_4)
FNF:5
FNH:0
FNDA:0,TableDetailScreen
FNDA:0,(anonymous_1)
FNDA:0,(anonymous_2)
FNDA:0,(anonymous_3)
FNDA:0,(anonymous_4)
DA:22,0
DA:23,0
DA:25,0
DA:26,0
DA:29,0
DA:38,0
DA:45,0
DA:47,0
DA:60,1
LF:9
LH:1
BRDA:35,0,0,0
BRDA:35,0,1,0
BRDA:49,1,0,0
BRDA:49,1,1,0
BRF:4
BRH:0
end_of_record
TN:
SF:src\screens\home\HomeScreen.tsx
FN:31,HomeScreen
FN:75,(anonymous_1)
FNF:2
FNH:0
FNDA:0,HomeScreen
FNDA:0,(anonymous_1)
DA:44,0
DA:45,0
DA:47,0
DA:56,0
DA:76,0
DA:106,1
LF:6
LH:1
BRDA:63,0,0,0
BRDA:63,0,1,0
BRDA:63,1,0,0
BRDA:63,1,1,0
BRDA:66,2,0,0
BRDA:66,2,1,0
BRDA:67,3,0,0
BRDA:67,3,1,0
BRDA:69,4,0,0
BRDA:69,4,1,0
BRDA:76,5,0,0
BRDA:76,5,1,0
BRDA:91,6,0,0
BRDA:91,6,1,0
BRF:14
BRH:0
end_of_record
TN:
SF:src\screens\home\SettingsScreen.tsx
FN:20,SettingsScreen
FNF:1
FNH:0
FNDA:0,SettingsScreen
DA:21,0
DA:23,0
DA:41,1
LF:3
LH:1
BRF:0
BRH:0
end_of_record
TN:
SF:src\screens\kitchen\KitchenDisplayScreen.tsx
FN:20,KitchenDisplayScreen
FN:27,nextStatus
FN:34,(anonymous_2)
FN:35,load
FN:46,(anonymous_4)
FN:72,(anonymous_5)
FN:80,(anonymous_6)
FN:81,(anonymous_7)
FN:95,(anonymous_8)
FN:106,(anonymous_9)
FN:114,(anonymous_10)
FN:115,(anonymous_11)
FN:125,(anonymous_12)
FNF:13
FNH:6
FNDA:1,KitchenDisplayScreen
FNDA:2,nextStatus
FNDA:1,(anonymous_2)
FNDA:1,load
FNDA:0,(anonymous_4)
FNDA:0,(anonymous_5)
FNDA:2,(anonymous_6)
FNDA:1,(anonymous_7)
FNDA:0,(anonymous_8)
FNDA:0,(anonymous_9)
FNDA:0,(anonymous_10)
FNDA:0,(anonymous_11)
FNDA:0,(anonymous_12)
DA:21,1
DA:22,1
DA:23,1
DA:24,1
DA:25,1
DA:28,2
DA:29,0
DA:30,0
DA:31,0
DA:34,1
DA:36,1
DA:37,1
DA:38,1
DA:40,0
DA:43,1
DA:46,1
DA:47,0
DA:48,0
DA:49,0
DA:51,0
DA:52,0
DA:53,0
DA:54,0
DA:56,0
DA:58,0
DA:62,1
DA:72,0
DA:80,2
DA:82,1
DA:83,1
DA:84,1
DA:95,0
DA:105,0
DA:106,0
DA:107,0
DA:108,0
DA:114,0
DA:116,0
DA:125,0
DA:147,2
LF:40
LH:18
BRDA:28,0,0,2
BRDA:28,0,1,0
BRDA:29,1,0,0
BRDA:29,1,1,0
BRDA:30,2,0,0
BRDA:30,2,1,0
BRDA:40,3,0,0
BRDA:40,3,1,0
BRDA:47,4,0,0
BRDA:47,4,1,0
BRDA:48,5,0,0
BRDA:48,5,1,0
BRDA:49,6,0,0
BRDA:49,6,1,0
BRDA:56,7,0,0
BRDA:56,7,1,0
BRDA:68,8,0,0
BRDA:68,8,1,1
BRDA:69,9,0,0
BRDA:69,9,1,1
BRDA:71,10,0,1
BRDA:71,10,1,1
BRDA:72,11,0,1
BRDA:72,11,1,1
BRDA:78,12,0,1
BRDA:78,12,1,0
BRDA:79,13,0,1
BRDA:79,13,1,0
BRDA:80,14,0,0
BRDA:80,14,1,2
BRDA:82,15,0,1
BRDA:82,15,1,0
BRDA:88,16,0,1
BRDA:88,16,1,1
BRDA:89,17,0,0
BRDA:89,17,1,1
BRDA:90,18,0,0
BRDA:90,18,1,1
BRDA:92,19,0,1
BRDA:92,19,1,0
BRDA:92,20,0,1
BRDA:92,20,1,1
BRDA:94,21,0,1
BRDA:94,21,1,1
BRDA:106,22,0,0
BRDA:106,22,1,0
BRDA:119,23,0,0
BRDA:119,23,1,0
BRDA:120,24,0,0
BRDA:120,24,1,0
BRDA:122,25,0,0
BRDA:122,25,1,0
BRDA:140,26,0,1
BRDA:140,26,1,0
BRF:54
BRH:21
end_of_record
TN:
SF:src\screens\pairing\FirstInitScreen.tsx
FN:29,extractToken
FN:37,FirstInitScreen
FN:54,(anonymous_2)
FN:87,(anonymous_3)
FN:100,(anonymous_4)
FNF:5
FNH:0
FNDA:0,extractToken
FNDA:0,FirstInitScreen
FNDA:0,(anonymous_2)
FNDA:0,(anonymous_3)
FNDA:0,(anonymous_4)
DA:30,0
DA:31,0
DA:32,0
DA:34,0
DA:38,0
DA:39,0
DA:40,0
DA:42,0
DA:43,0
DA:54,0
DA:72,0
DA:88,0
DA:89,0
DA:100,0
DA:118,1
LF:15
LH:1
BRDA:31,0,0,0
BRDA:31,0,1,0
BRDA:42,1,0,0
BRDA:42,1,1,0
BRDA:85,2,0,0
BRDA:85,2,1,0
BRDA:94,3,0,0
BRDA:94,3,1,0
BRF:8
BRH:0
end_of_record
TN:
SF:src\screens\pairing\ManualCodeScreen.tsx
FN:18,normalizeManualCode
FN:22,formatManualCode
FN:27,ManualCodeScreen
FN:54,(anonymous_3)
FNF:4
FNH:0
FNDA:0,normalizeManualCode
FNDA:0,formatManualCode
FNDA:0,ManualCodeScreen
FNDA:0,(anonymous_3)
DA:19,0
DA:23,0
DA:24,0
DA:28,0
DA:29,0
DA:30,0
DA:32,0
DA:33,0
DA:34,0
DA:36,0
DA:55,0
DA:56,0
DA:57,0
DA:58,0
DA:71,1
LF:15
LH:1
BRDA:23,0,0,0
BRDA:23,0,1,0
BRDA:55,1,0,0
BRDA:55,1,1,0
BRDA:55,2,0,0
BRDA:55,2,1,0
BRDA:61,3,0,0
BRDA:61,3,1,0
BRDA:64,4,0,0
BRDA:64,4,1,0
BRF:10
BRH:0
end_of_record
TN:
SF:src\screens\pairing\PairingErrorScreen.tsx
FN:16,PairingErrorScreen
FNF:1
FNH:0
FNDA:0,PairingErrorScreen
DA:17,0
DA:19,0
DA:38,1
LF:3
LH:1
BRF:0
BRH:0
end_of_record
TN:
SF:src\screens\pairing\PairingLoadingScreen.tsx
FN:8,PairingLoadingScreen
FNF:1
FNH:0
FNDA:0,PairingLoadingScreen
DA:9,0
DA:11,0
LF:2
LH:0
BRF:0
BRH:0
end_of_record
TN:
SF:src\screens\pairing\PairingMethodScreen.tsx
FN:18,PairingMethodScreen
FNF:1
FNH:1
FNDA:1,PairingMethodScreen
DA:19,1
DA:20,1
DA:22,1
DA:44,2
LF:4
LH:4
BRDA:26,0,0,1
BRDA:26,0,1,0
BRF:2
BRH:1
end_of_record
TN:
SF:src\screens\pairing\PairingSuccessScreen.tsx
FN:17,PairingSuccessScreen
FNF:1
FNH:0
FNDA:0,PairingSuccessScreen
DA:18,0
DA:20,0
DA:36,1
LF:3
LH:1
BRDA:28,0,0,0
BRDA:28,0,1,0
BRF:2
BRH:0
end_of_record
TN:
SF:src\screens\pairing\QRScanScreen.tsx
FN:19,extractToken
FN:27,QRScanScreen
FN:43,(anonymous_2)
FN:66,(anonymous_3)
FN:76,(anonymous_4)
FNF:5
FNH:0
FNDA:0,extractToken
FNDA:0,QRScanScreen
FNDA:0,(anonymous_2)
FNDA:0,(anonymous_3)
FNDA:0,(anonymous_4)
DA:20,0
DA:21,0
DA:22,0
DA:24,0
DA:28,0
DA:29,0
DA:30,0
DA:32,0
DA:34,0
DA:36,0
DA:37,0
DA:43,0
DA:53,0
DA:67,0
DA:68,0
DA:77,0
DA:87,1
LF:17
LH:1
BRDA:21,0,0,0
BRDA:21,0,1,0
BRDA:34,1,0,0
BRDA:34,1,1,0
BRDA:36,2,0,0
BRDA:36,2,1,0
BRDA:64,3,0,0
BRDA:64,3,1,0
BRF:8
BRH:0
end_of_record
TN:
SF:src\screens\pos\CartScreen.tsx
FN:18,CartScreen
FN:32,(anonymous_1)
FN:33,(anonymous_2)
FN:36,(anonymous_3)
FN:43,(anonymous_4)
FNF:5
FNH:0
FNDA:0,CartScreen
FNDA:0,(anonymous_1)
FNDA:0,(anonymous_2)
FNDA:0,(anonymous_3)
FNDA:0,(anonymous_4)
DA:19,0
DA:20,0
DA:21,0
DA:23,0
DA:32,0
DA:34,0
DA:36,0
DA:43,0
DA:51,1
LF:9
LH:1
BRDA:43,0,0,0
BRDA:43,0,1,0
BRF:2
BRH:0
end_of_record
TN:
SF:src\screens\pos\CheckoutScreen.tsx
FN:22,CheckoutScreen
FN:40,(anonymous_1)
FNF:2
FNH:1
FNDA:1,CheckoutScreen
FNDA:0,(anonymous_1)
DA:23,1
DA:24,1
DA:25,1
DA:26,1
DA:28,1
DA:40,0
DA:48,2
LF:7
LH:6
BRDA:35,0,0,1
BRDA:35,0,1,0
BRF:2
BRH:1
end_of_record
TN:
SF:src\screens\pos\PaymentScreen.tsx
FN:21,PaymentScreen
FN:28,pay
FN:65,(anonymous_2)
FN:66,(anonymous_3)
FN:73,(anonymous_4)
FNF:5
FNH:0
FNDA:0,PaymentScreen
FNDA:0,pay
FNDA:0,(anonymous_2)
FNDA:0,(anonymous_3)
FNDA:0,(anonymous_4)
DA:22,0
DA:23,0
DA:24,0
DA:25,0
DA:26,0
DA:29,0
DA:30,0
DA:31,0
DA:32,0
DA:33,0
DA:34,0
DA:36,0
DA:38,0
DA:40,0
DA:41,0
DA:42,0
DA:43,0
DA:44,0
DA:46,0
DA:48,0
DA:52,0
DA:54,0
DA:65,0
DA:66,0
DA:73,0
DA:80,1
LF:26
LH:1
BRDA:29,0,0,0
BRDA:29,0,1,0
BRDA:30,1,0,0
BRDA:30,1,1,0
BRDA:61,2,0,0
BRDA:61,2,1,0
BRDA:62,3,0,0
BRDA:62,3,1,0
BRF:8
BRH:0
end_of_record
TN:
SF:src\screens\pos\ReceiptScreen.tsx
FN:18,ReceiptScreen
FNF:1
FNH:0
FNDA:0,ReceiptScreen
DA:19,0
DA:20,0
DA:22,0
DA:38,1
LF:4
LH:1
BRDA:29,0,0,0
BRDA:29,0,1,0
BRF:2
BRH:0
end_of_record
TN:
SF:src\screens\settings\DeviceInfoScreen.tsx
FN:15,DeviceInfoScreen
FNF:1
FNH:0
FNDA:0,DeviceInfoScreen
DA:16,0
DA:17,0
DA:19,0
LF:3
LH:0
BRF:0
BRH:0
end_of_record
TN:
SF:src\screens\settings\InactivitySettingsScreen.tsx
FN:20,splitMinSec
FN:25,combineMinSec
FN:37,validate
FN:66,InactivitySettingsScreen
FN:70,(anonymous_4)
FN:86,(anonymous_5)
FN:87,(anonymous_6)
FN:101,handleSave
FN:123,(anonymous_8)
FN:125,(anonymous_9)
FN:129,field
FN:144,(anonymous_11)
FN:144,(anonymous_12)
FN:154,(anonymous_13)
FN:154,(anonymous_14)
FN:179,(anonymous_15)
FN:183,(anonymous_16)
FNF:17
FNH:0
FNDA:0,splitMinSec
FNDA:0,combineMinSec
FNDA:0,validate
FNDA:0,InactivitySettingsScreen
FNDA:0,(anonymous_4)
FNDA:0,(anonymous_5)
FNDA:0,(anonymous_6)
FNDA:0,handleSave
FNDA:0,(anonymous_8)
FNDA:0,(anonymous_9)
FNDA:0,field
FNDA:0,(anonymous_11)
FNDA:0,(anonymous_12)
FNDA:0,(anonymous_13)
FNDA:0,(anonymous_14)
FNDA:0,(anonymous_15)
FNDA:0,(anonymous_16)
DA:18,1
DA:21,0
DA:22,0
DA:26,0
DA:27,0
DA:42,0
DA:43,0
DA:44,0
DA:45,0
DA:47,0
DA:48,0
DA:50,0
DA:51,0
DA:53,0
DA:54,0
DA:56,0
DA:57,0
DA:58,0
DA:59,0
DA:60,0
DA:62,0
DA:63,0
DA:67,0
DA:68,0
DA:70,0
DA:71,0
DA:72,0
DA:73,0
DA:80,0
DA:83,0
DA:84,0
DA:86,0
DA:87,0
DA:88,0
DA:89,0
DA:90,0
DA:96,0
DA:102,0
DA:103,0
DA:104,0
DA:105,0
DA:107,0
DA:109,0
DA:123,0
DA:124,0
DA:125,0
DA:134,0
DA:144,0
DA:154,0
DA:164,0
DA:180,0
DA:183,0
DA:210,1
LF:53
LH:2
BRDA:47,0,0,0
BRDA:47,0,1,0
BRDA:47,1,0,0
BRDA:47,1,1,0
BRDA:47,1,2,0
BRDA:47,1,3,0
BRDA:50,2,0,0
BRDA:50,2,1,0
BRDA:50,3,0,0
BRDA:50,3,1,0
BRDA:50,3,2,0
BRDA:50,3,3,0
BRDA:53,4,0,0
BRDA:53,4,1,0
BRDA:53,5,0,0
BRDA:53,5,1,0
BRDA:58,6,0,0
BRDA:58,6,1,0
BRDA:59,7,0,0
BRDA:59,7,1,0
BRDA:60,8,0,0
BRDA:60,8,1,0
BRDA:103,9,0,0
BRDA:103,9,1,0
BRDA:182,10,0,0
BRDA:182,10,1,0
BRDA:187,11,0,0
BRDA:187,11,1,0
BRDA:194,12,0,0
BRDA:194,12,1,0
BRDA:195,13,0,0
BRDA:195,13,1,0
BRF:32
BRH:0
end_of_record
TN:
SF:src\screens\settings\LanguageScreen.tsx
FN:15,LanguageScreen
FN:28,(anonymous_1)
FNF:2
FNH:0
FNDA:0,LanguageScreen
FNDA:0,(anonymous_1)
DA:16,0
DA:17,0
DA:19,0
DA:28,0
LF:4
LH:0
BRDA:28,0,0,0
BRDA:28,0,1,0
BRF:2
BRH:0
end_of_record
TN:
SF:src\screens\settings\LogoutConfirmationScreen.tsx
FN:18,LogoutConfirmationScreen
FN:23,runAction
FN:43,(anonymous_2)
FN:49,(anonymous_3)
FN:56,(anonymous_4)
FNF:5
FNH:0
FNDA:0,LogoutConfirmationScreen
FNDA:0,runAction
FNDA:0,(anonymous_2)
FNDA:0,(anonymous_3)
FNDA:0,(anonymous_4)
DA:19,0
DA:20,0
DA:21,0
DA:24,0
DA:25,0
DA:26,0
DA:27,0
DA:29,0
DA:33,0
DA:43,0
DA:49,0
DA:56,0
DA:69,1
LF:13
LH:1
BRDA:42,0,0,0
BRDA:42,0,1,0
BRDA:48,1,0,0
BRDA:48,1,1,0
BRDA:55,2,0,0
BRDA:55,2,1,0
BRF:6
BRH:0
end_of_record
TN:
SF:src\screens\settings\ProfileScreen.tsx
FN:17,ProfileScreen
FN:19,(anonymous_1)
FNF:2
FNH:0
FNDA:0,ProfileScreen
FNDA:0,(anonymous_1)
DA:18,0
DA:19,0
DA:21,0
DA:37,1
LF:4
LH:1
BRDA:27,0,0,0
BRDA:27,0,1,0
BRDA:28,1,0,0
BRDA:28,1,1,0
BRDA:29,2,0,0
BRDA:29,2,1,0
BRDA:29,3,0,0
BRDA:29,3,1,0
BRF:8
BRH:0
end_of_record
TN:
SF:src\services\AnalyticsService.ts
FN:13,nextId
FN:22,(anonymous_1)
FN:28,(anonymous_2)
FN:35,(anonymous_3)
FN:43,(anonymous_4)
FN:47,(anonymous_5)
FN:72,(anonymous_6)
FN:80,(anonymous_7)
FNF:8
FNH:6
FNDA:2,nextId
FNDA:2,(anonymous_1)
FNDA:0,(anonymous_2)
FNDA:2,(anonymous_3)
FNDA:1,(anonymous_4)
FNDA:2,(anonymous_5)
FNDA:0,(anonymous_6)
FNDA:1,(anonymous_7)
DA:10,9
DA:11,9
DA:14,2
DA:18,9
DA:20,9
DA:23,2
DA:25,2
DA:26,2
DA:28,2
DA:29,0
DA:32,2
DA:36,2
DA:37,2
DA:38,2
DA:40,2
DA:44,1
DA:48,2
DA:49,2
DA:50,2
DA:63,2
DA:64,2
DA:65,2
DA:67,2
DA:68,0
DA:73,0
DA:74,0
DA:81,1
DA:82,1
DA:84,1
DA:85,1
DA:87,1
DA:88,1
DA:97,0
DA:98,0
DA:99,0
DA:106,9
LF:36
LH:29
BRDA:23,0,0,0
BRDA:23,0,1,2
BRDA:26,1,0,0
BRDA:26,1,1,2
BRDA:36,2,0,2
BRDA:36,2,1,0
BRDA:57,3,0,2
BRDA:57,3,1,2
BRDA:58,4,0,2
BRDA:58,4,1,1
BRDA:67,5,0,0
BRDA:67,5,1,2
BRDA:73,6,0,0
BRDA:73,6,1,0
BRDA:76,7,0,0
BRDA:76,7,1,0
BRDA:82,8,0,0
BRDA:82,8,1,1
BRDA:93,9,0,0
BRDA:93,9,1,1
BRF:20
BRH:10
end_of_record
TN:
SF:src\services\SyncService.ts
FN:15,nextId
FN:19,toRetryDelayMs
FN:23,safeHeaders
FN:26,(anonymous_3)
FN:41,(anonymous_4)
FN:49,(anonymous_5)
FN:53,(anonymous_6)
FN:58,(anonymous_7)
FN:79,(anonymous_8)
FN:81,(anonymous_9)
FN:86,(anonymous_10)
FN:87,(anonymous_11)
FN:90,(anonymous_12)
FN:94,(anonymous_13)
FN:108,(anonymous_14)
FN:146,(anonymous_15)
FNF:16
FNH:0
FNDA:0,nextId
FNDA:0,toRetryDelayMs
FNDA:0,safeHeaders
FNDA:0,(anonymous_3)
FNDA:0,(anonymous_4)
FNDA:0,(anonymous_5)
FNDA:0,(anonymous_6)
FNDA:0,(anonymous_7)
FNDA:0,(anonymous_8)
FNDA:0,(anonymous_9)
FNDA:0,(anonymous_10)
FNDA:0,(anonymous_11)
FNDA:0,(anonymous_12)
FNDA:0,(anonymous_13)
FNDA:0,(anonymous_14)
FNDA:0,(anonymous_15)
DA:16,0
DA:20,0
DA:24,0
DA:25,0
DA:26,0
DA:27,0
DA:28,0
DA:31,0
DA:35,8
DA:37,8
DA:39,8
DA:42,0
DA:43,0
DA:44,0
DA:45,0
DA:46,0
DA:50,0
DA:54,0
DA:55,0
DA:59,0
DA:60,0
DA:61,0
DA:74,0
DA:75,0
DA:76,0
DA:80,0
DA:81,0
DA:82,0
DA:87,0
DA:91,0
DA:93,0
DA:94,0
DA:96,0
DA:103,0
DA:104,0
DA:105,0
DA:108,0
DA:110,0
DA:111,0
DA:112,0
DA:113,0
DA:114,0
DA:116,0
DA:117,0
DA:129,0
DA:131,0
DA:132,0
DA:134,0
DA:135,0
DA:136,0
DA:137,0
DA:138,0
DA:139,0
DA:141,0
DA:142,0
DA:146,0
DA:147,0
DA:149,0
DA:153,8
LF:59
LH:4
BRDA:24,0,0,0
BRDA:24,0,1,0
BRDA:27,1,0,0
BRDA:27,1,1,0
BRDA:27,2,0,0
BRDA:27,2,1,0
BRDA:42,3,0,0
BRDA:42,3,1,0
BRDA:44,4,0,0
BRDA:44,4,1,0
BRDA:103,5,0,0
BRDA:103,5,1,0
BRDA:112,6,0,0
BRDA:112,6,1,0
BRDA:122,7,0,0
BRDA:122,7,1,0
BRDA:136,8,0,0
BRDA:136,8,1,0
BRF:18
BRH:0
end_of_record
TN:
SF:src\store\analytics.store.ts
FN:14,(anonymous_0)
FN:17,(anonymous_1)
FN:20,(anonymous_2)
FN:23,(anonymous_3)
FN:24,(anonymous_4)
FN:26,(anonymous_5)
FNF:6
FNH:4
FNDA:9,(anonymous_0)
FNDA:4,(anonymous_1)
FNDA:0,(anonymous_2)
FNDA:1,(anonymous_3)
FNDA:1,(anonymous_4)
FNDA:0,(anonymous_5)
DA:14,9
DA:18,4
DA:21,0
DA:24,1
DA:27,0
LF:5
LH:3
BRF:0
BRH:0
end_of_record
TN:
SF:src\store\auth.store.ts
FN:19,(anonymous_0)
FN:25,(anonymous_1)
FN:29,(anonymous_2)
FN:36,(anonymous_3)
FN:39,(anonymous_4)
FN:42,(anonymous_5)
FNF:6
FNH:1
FNDA:10,(anonymous_0)
FNDA:0,(anonymous_1)
FNDA:0,(anonymous_2)
FNDA:0,(anonymous_3)
FNDA:0,(anonymous_4)
FNDA:0,(anonymous_5)
DA:19,10
DA:26,0
DA:27,0
DA:30,0
DA:37,0
DA:40,0
DA:44,0
DA:45,0
LF:8
LH:1
BRDA:33,0,0,0
BRDA:33,0,1,0
BRF:2
BRH:0
end_of_record
TN:
SF:src\store\context.store.ts
FN:13,(anonymous_0)
FN:17,(anonymous_1)
FN:20,(anonymous_2)
FNF:3
FNH:2
FNDA:3,(anonymous_0)
FNDA:2,(anonymous_1)
FNDA:0,(anonymous_2)
DA:13,3
DA:18,2
DA:21,0
LF:3
LH:2
BRF:0
BRH:0
end_of_record
TN:
SF:src\store\language.store.ts
FN:12,(anonymous_0)
FN:14,(anonymous_1)
FN:21,(anonymous_2)
FNF:3
FNH:1
FNDA:1,(anonymous_0)
FNDA:0,(anonymous_1)
FNDA:0,(anonymous_2)
DA:12,1
DA:15,0
DA:16,0
DA:17,0
DA:18,0
DA:22,0
DA:23,0
DA:24,0
LF:8
LH:1
BRDA:16,0,0,0
BRDA:16,0,1,0
BRF:2
BRH:0
end_of_record
TN:
SF:src\store\offline.store.ts
FN:23,nextId
FN:27,(anonymous_1)
FN:30,(anonymous_2)
FN:33,(anonymous_3)
FN:43,(anonymous_4)
FN:44,(anonymous_5)
FN:48,(anonymous_6)
FN:56,(anonymous_7)
FNF:8
FNH:6
FNDA:1,nextId
FNDA:1,(anonymous_1)
FNDA:0,(anonymous_2)
FNDA:1,(anonymous_3)
FNDA:1,(anonymous_4)
FNDA:1,(anonymous_5)
FNDA:0,(anonymous_6)
FNDA:1,(anonymous_7)
DA:24,1
DA:27,1
DA:31,0
DA:34,1
DA:39,1
DA:40,1
DA:41,1
DA:44,1
DA:45,1
DA:46,1
DA:49,0
DA:50,0
DA:51,0
DA:52,0
DA:54,0
DA:57,1
DA:58,1
LF:17
LH:11
BRDA:50,0,0,0
BRDA:50,0,1,0
BRF:2
BRH:0
end_of_record
TN:
SF:src\store\pairing.store.ts
FN:16,(anonymous_0)
FN:20,(anonymous_1)
FN:23,(anonymous_2)
FN:26,(anonymous_3)
FN:29,(anonymous_4)
FNF:5
FNH:1
FNDA:1,(anonymous_0)
FNDA:0,(anonymous_1)
FNDA:0,(anonymous_2)
FNDA:0,(anonymous_3)
FNDA:0,(anonymous_4)
DA:16,1
DA:21,0
DA:24,0
DA:27,0
DA:30,0
LF:5
LH:1
BRF:0
BRH:0
end_of_record
TN:
SF:src\store\restaurant.store.ts
FN:14,(anonymous_0)
FN:18,(anonymous_1)
FN:21,(anonymous_2)
FN:22,(anonymous_3)
FN:29,(anonymous_4)
FNF:5
FNH:1
FNDA:1,(anonymous_0)
FNDA:0,(anonymous_1)
FNDA:0,(anonymous_2)
FNDA:0,(anonymous_3)
FNDA:0,(anonymous_4)
DA:14,1
DA:19,0
DA:22,0
DA:30,0
LF:4
LH:1
BRF:0
BRH:0
end_of_record
TN:
SF:src\store\sale.store.ts
FN:20,(anonymous_0)
FN:23,(anonymous_1)
FN:24,(anonymous_2)
FN:25,(anonymous_3)
FN:28,(anonymous_4)
FN:38,(anonymous_5)
FN:39,(anonymous_6)
FN:40,(anonymous_7)
FN:43,(anonymous_8)
FN:46,(anonymous_9)
FN:49,(anonymous_10)
FN:50,(anonymous_11)
FNF:12
FNH:1
FNDA:1,(anonymous_0)
FNDA:0,(anonymous_1)
FNDA:0,(anonymous_2)
FNDA:0,(anonymous_3)
FNDA:0,(anonymous_4)
FNDA:0,(anonymous_5)
FNDA:0,(anonymous_6)
FNDA:0,(anonymous_7)
FNDA:0,(anonymous_8)
FNDA:0,(anonymous_9)
FNDA:0,(anonymous_10)
FNDA:0,(anonymous_11)
DA:20,1
DA:24,0
DA:25,0
DA:26,0
DA:27,0
DA:29,0
DA:33,0
DA:39,0
DA:40,0
DA:44,0
DA:47,0
DA:50,0
LF:12
LH:1
BRDA:26,0,0,0
BRDA:26,0,1,0
BRDA:29,1,0,0
BRDA:29,1,1,0
BRF:4
BRH:0
end_of_record
TN:
SF:src\store\session-policy.store.ts
FN:33,(anonymous_0)
FN:37,(anonymous_1)
FN:51,(anonymous_2)
FNF:3
FNH:1
FNDA:1,(anonymous_0)
FNDA:0,(anonymous_1)
FNDA:0,(anonymous_2)
DA:16,1
DA:18,1
DA:33,1
DA:38,0
DA:39,0
DA:40,0
DA:41,0
DA:42,0
DA:44,0
DA:47,0
DA:52,0
DA:53,0
LF:12
LH:3
BRDA:40,0,0,0
BRDA:40,0,1,0
BRF:2
BRH:0
end_of_record
TN:
SF:src\store\sync.store.ts
FN:17,(anonymous_0)
FN:23,(anonymous_1)
FN:26,(anonymous_2)
FN:29,(anonymous_3)
FN:32,(anonymous_4)
FN:35,(anonymous_5)
FNF:6
FNH:5
FNDA:2,(anonymous_0)
FNDA:1,(anonymous_1)
FNDA:2,(anonymous_2)
FNDA:1,(anonymous_3)
FNDA:1,(anonymous_4)
FNDA:0,(anonymous_5)
DA:17,2
DA:24,1
DA:26,2
DA:30,1
DA:33,1
DA:36,0
LF:6
LH:5
BRF:0
BRH:0
end_of_record
TN:
SF:src\utils\jwt.ts
FN:1,decodeJwtPayload
FN:13,isTokenExpired
FN:20,getTenantIdFromToken
FNF:3
FNH:2
FNDA:1,decodeJwtPayload
FNDA:1,isTokenExpired
FNDA:0,getTenantIdFromToken
DA:2,1
DA:3,1
DA:4,1
DA:5,0
DA:6,0
DA:7,0
DA:9,0
DA:14,1
DA:15,1
DA:16,1
DA:17,1
DA:21,0
DA:22,0
LF:13
LH:7
BRDA:4,0,0,1
BRDA:4,0,1,0
BRDA:15,1,0,0
BRDA:15,1,1,1
BRDA:22,2,0,0
BRDA:22,2,1,0
BRF:6
BRH:2
end_of_record
TN:
SF:src\utils\logger.ts
FN:3,logInfo
FN:10,logError
FNF:2
FNH:0
FNDA:0,logInfo
FNDA:0,logError
DA:4,0
DA:6,0
DA:12,0
LF:3
LH:0
BRDA:4,0,0,0
BRDA:4,0,1,0
BRDA:6,1,0,0
BRDA:6,1,1,0
BRDA:12,2,0,0
BRDA:12,2,1,0
BRF:6
BRH:0
end_of_record
TN:
SF:src\utils\offline.ts
FN:4,isOnlineNow
FN:9,subscribeOnlineStatus
FN:10,(anonymous_2)
FN:16,useOfflineDetection
FN:20,(anonymous_4)
FN:23,(anonymous_5)
FN:29,(anonymous_6)
FN:34,(anonymous_7)
FN:43,(anonymous_8)
FN:46,(anonymous_9)
FNF:10
FNH:0
FNDA:0,isOnlineNow
FNDA:0,subscribeOnlineStatus
FNDA:0,(anonymous_2)
FNDA:0,useOfflineDetection
FNDA:0,(anonymous_4)
FNDA:0,(anonymous_5)
FNDA:0,(anonymous_6)
FNDA:0,(anonymous_7)
FNDA:0,(anonymous_8)
FNDA:0,(anonymous_9)
DA:5,0
DA:6,0
DA:10,0
DA:11,0
DA:12,0
DA:17,0
DA:18,0
DA:20,0
DA:21,0
DA:23,0
DA:24,0
DA:25,0
DA:29,0
DA:30,0
DA:31,0
DA:34,0
DA:35,0
DA:36,0
DA:40,0
DA:44,0
DA:47,0
LF:21
LH:0
BRDA:6,0,0,0
BRDA:6,0,1,0
BRDA:11,1,0,0
BRDA:11,1,1,0
BRDA:24,2,0,0
BRDA:24,2,1,0
BRDA:44,3,0,0
BRDA:44,3,1,0
BRDA:47,4,0,0
BRDA:47,4,1,0
BRF:10
BRH:0
end_of_record
TN:
SF:src\utils\secure-storage.ts
FN:6,setTokens
FN:11,getTokens
FN:17,clearTokens
FNF:3
FNH:0
FNDA:0,setTokens
FNDA:0,getTokens
FNDA:0,clearTokens
DA:3,10
DA:4,10
DA:7,0
DA:8,0
DA:12,0
DA:13,0
DA:14,0
DA:18,0
DA:19,0
LF:9
LH:2
BRF:0
BRH:0
end_of_record
TN:
SF:src\utils\storage.ts
FN:10,setJsonValue
FN:14,getJsonValue
FN:19,setLocalContext
FN:23,getLocalContext
FN:27,clearLocalContext
FN:31,setLanguagePreference
FN:35,getLanguagePreference
FN:39,setOfflineMutationQueue
FN:43,getOfflineMutationQueue
FN:47,setSyncOperationQueue
FN:51,getSyncOperationQueue
FN:55,setAnalyticsEventQueue
FN:59,getAnalyticsEventQueue
FN:63,markDeviceInitialized
FN:67,isDeviceInitialized
FN:72,clearDeviceInitialized
FNF:16
FNH:6
FNDA:5,setJsonValue
FNDA:2,getJsonValue
FNDA:0,setLocalContext
FNDA:0,getLocalContext
FNDA:0,clearLocalContext
FNDA:1,setLanguagePreference
FNDA:0,getLanguagePreference
FNDA:3,setOfflineMutationQueue
FNDA:0,getOfflineMutationQueue
FNDA:0,setSyncOperationQueue
FNDA:0,getSyncOperationQueue
FNDA:2,setAnalyticsEventQueue
FNDA:2,getAnalyticsEventQueue
FNDA:0,markDeviceInitialized
FNDA:0,isDeviceInitialized
FNDA:0,clearDeviceInitialized
DA:3,11
DA:4,11
DA:5,11
DA:6,11
DA:7,11
DA:8,11
DA:11,5
DA:15,2
DA:16,2
DA:20,0
DA:24,0
DA:28,0
DA:32,1
DA:36,0
DA:40,3
DA:44,0
DA:48,0
DA:52,0
DA:56,2
DA:60,2
DA:64,0
DA:68,0
DA:69,0
DA:73,0
LF:24
LH:13
BRDA:16,0,0,0
BRDA:16,0,1,2
BRF:2
BRH:1
end_of_record
TN:
SF:src\utils\uuid.ts
FN:12,generateUUID
FN:13,(anonymous_1)
FN:23,isLikelyUUID
FNF:3
FNH:2
FNDA:1,generateUUID
FNDA:31,(anonymous_1)
FNDA:0,isLikelyUUID
DA:6,2
DA:13,1
DA:14,31
DA:15,31
DA:16,31
DA:24,0
DA:25,0
LF:7
LH:5
BRDA:15,0,0,30
BRDA:15,0,1,1
BRDA:24,1,0,0
BRDA:24,1,1,0
BRDA:24,2,0,0
BRDA:24,2,1,0
BRF:6
BRH:2
end_of_record
TN:
SF:src\utils\validation.ts
FN:1,isValidEmail
FN:5,isStrongEnoughPassword
FNF:2
FNH:1
FNDA:1,isValidEmail
FNDA:0,isStrongEnoughPassword
DA:2,1
DA:6,0
LF:2
LH:1
BRF:0
BRH:0
end_of_record
