TN:
SF:src\api\appointments.api.ts
FN:29,mapStatus
FN:40,mapType
FN:49,normalizeAppointment
FN:81,toApiCreateAppointmentBody
FN:94,toApiUpdateAppointmentBody
FN:107,toApiAppointmentParams
FN:124,getAppointments
FN:134,(anonymous_7)
FN:135,(anonymous_8)
FN:143,getAppointmentById
FN:152,createAppointment
FN:161,updateAppointment
FN:173,cancelAppointment
FN:187,sendAppointmentReminder
FN:195,getAppointmentAvailability
FN:212,(anonymous_15)
FN:218,listAppointmentCustomers
FN:228,(anonymous_17)
FN:241,listAppointmentStaff
FN:250,(anonymous_19)
FNF:20
FNH:13
FNDA:3,mapStatus
FNDA:3,mapType
FNDA:3,normalizeAppointment
FNDA:0,toApiCreateAppointmentBody
FNDA:1,toApiUpdateAppointmentBody
FNDA:1,toApiAppointmentParams
FNDA:1,getAppointments
FNDA:1,(anonymous_7)
FNDA:1,(anonymous_8)
FNDA:0,getAppointmentById
FNDA:0,createAppointment
FNDA:1,updateAppointment
FNDA:1,cancelAppointment
FNDA:1,sendAppointmentReminder
FNDA:1,getAppointmentAvailability
FNDA:1,(anonymous_15)
FNDA:0,listAppointmentCustomers
FNDA:0,(anonymous_17)
FNDA:0,listAppointmentStaff
FNDA:0,(anonymous_19)
DA:12,1
DA:21,1
DA:30,3
DA:31,3
DA:32,2
DA:33,1
DA:34,1
DA:35,1
DA:36,0
DA:37,0
DA:41,3
DA:42,3
DA:43,3
DA:44,0
DA:45,0
DA:46,0
DA:50,3
DA:51,3
DA:52,3
DA:53,3
DA:54,3
DA:55,3
DA:57,3
DA:82,0
DA:95,1
DA:108,1
DA:109,1
DA:125,1
DA:128,1
DA:129,0
DA:132,1
DA:134,1
DA:135,1
DA:144,0
DA:145,0
DA:153,0
DA:154,0
DA:162,1
DA:166,1
DA:177,1
DA:180,1
DA:188,1
DA:201,1
DA:210,1
DA:212,1
DA:219,0
DA:227,0
DA:228,0
DA:229,0
DA:230,0
DA:231,0
DA:232,0
DA:242,0
DA:249,0
DA:250,0
LF:55
LH:34
BRDA:30,0,0,3
BRDA:30,0,1,0
BRDA:31,1,0,1
BRDA:31,1,1,2
BRDA:32,2,0,1
BRDA:32,2,1,1
BRDA:33,3,0,0
BRDA:33,3,1,1
BRDA:34,4,0,0
BRDA:34,4,1,1
BRDA:35,5,0,1
BRDA:35,5,1,0
BRDA:36,6,0,0
BRDA:36,6,1,0
BRDA:41,7,0,3
BRDA:41,7,1,0
BRDA:42,8,0,0
BRDA:42,8,1,3
BRDA:43,9,0,3
BRDA:43,9,1,0
BRDA:44,10,0,0
BRDA:44,10,1,0
BRDA:45,11,0,0
BRDA:45,11,1,0
BRDA:50,12,0,3
BRDA:50,12,1,3
BRDA:51,13,0,3
BRDA:51,13,1,3
BRDA:53,14,0,3
BRDA:53,14,1,0
BRDA:53,14,2,0
BRDA:53,14,3,0
BRDA:54,15,0,3
BRDA:54,15,1,0
BRDA:55,16,0,3
BRDA:55,16,1,0
BRDA:55,17,0,3
BRDA:55,17,1,0
BRDA:58,18,0,3
BRDA:58,18,1,0
BRDA:59,19,0,3
BRDA:59,19,1,0
BRDA:60,20,0,3
BRDA:60,20,1,0
BRDA:60,20,2,0
BRDA:60,21,0,0
BRDA:60,21,1,0
BRDA:61,22,0,3
BRDA:61,22,1,0
BRDA:62,23,0,3
BRDA:62,23,1,0
BRDA:64,24,0,3
BRDA:64,24,1,0
BRDA:65,25,0,3
BRDA:65,25,1,0
BRDA:68,26,0,3
BRDA:68,26,1,0
BRDA:68,27,0,0
BRDA:68,27,1,0
BRDA:71,28,0,3
BRDA:71,28,1,0
BRDA:72,29,0,3
BRDA:72,29,1,0
BRDA:73,30,0,3
BRDA:73,30,1,0
BRDA:75,31,0,3
BRDA:75,31,1,0
BRDA:76,32,0,3
BRDA:76,32,1,0
BRDA:76,32,2,0
BRDA:77,33,0,3
BRDA:77,33,1,0
BRDA:88,34,0,0
BRDA:88,34,1,0
BRDA:89,35,0,0
BRDA:89,35,1,0
BRDA:90,36,0,0
BRDA:90,36,1,0
BRDA:96,37,0,0
BRDA:96,37,1,1
BRDA:97,38,0,1
BRDA:97,38,1,0
BRDA:98,39,0,0
BRDA:98,39,1,1
BRDA:99,40,0,0
BRDA:99,40,1,1
BRDA:100,41,0,0
BRDA:100,41,1,1
BRDA:101,42,0,1
BRDA:101,42,1,0
BRDA:102,43,0,0
BRDA:102,43,1,1
BRDA:103,44,0,0
BRDA:103,44,1,1
BRDA:108,45,0,0
BRDA:108,45,1,1
BRDA:115,46,0,1
BRDA:115,46,1,0
BRDA:115,47,0,1
BRDA:115,47,1,0
BRDA:116,48,0,0
BRDA:116,48,1,1
BRDA:128,49,0,0
BRDA:128,49,1,1
BRDA:134,50,0,1
BRDA:134,50,1,1
BRDA:205,51,0,1
BRDA:205,51,1,0
BRDA:206,52,0,1
BRDA:206,52,1,0
BRDA:210,53,0,0
BRDA:210,53,1,1
BRDA:213,54,0,0
BRDA:213,54,1,1
BRDA:213,55,0,1
BRDA:213,55,1,0
BRDA:214,56,0,0
BRDA:214,56,1,1
BRDA:214,57,0,1
BRDA:214,57,1,0
BRDA:218,58,0,0
BRDA:227,59,0,0
BRDA:227,59,1,0
BRDA:229,60,0,0
BRDA:229,60,1,0
BRDA:230,61,0,0
BRDA:230,61,1,0
BRDA:233,62,0,0
BRDA:233,62,1,0
BRDA:236,63,0,0
BRDA:236,63,1,0
BRDA:236,63,2,0
BRDA:236,64,0,0
BRDA:236,64,1,0
BRDA:241,65,0,0
BRDA:249,66,0,0
BRDA:249,66,1,0
BRDA:251,67,0,0
BRDA:251,67,1,0
BRDA:252,68,0,0
BRDA:252,68,1,0
BRDA:253,69,0,0
BRDA:253,69,1,0
BRDA:254,70,0,0
BRDA:254,70,1,0
BRF:145
BRH:55
end_of_record
TN:
SF:src\api\auth.api.ts
FN:18,login
FN:29,loginWithPin
FN:40,getQuickAccessProfilesWithContext
FN:57,(anonymous_3)
FN:58,(anonymous_4)
FN:89,loginWithQuickAccess
FN:99,refresh
FN:109,logout
FN:118,logoutAllDevices
FN:130,changePassword
FN:138,getCurrentUser
FNF:11
FNH:2
FNDA:0,login
FNDA:0,loginWithPin
FNDA:0,getQuickAccessProfilesWithContext
FNDA:0,(anonymous_3)
FNDA:0,(anonymous_4)
FNDA:0,loginWithQuickAccess
FNDA:0,refresh
FNDA:0,logout
FNDA:1,logoutAllDevices
FNDA:1,changePassword
FNDA:0,getCurrentUser
DA:19,0
DA:20,0
DA:21,0
DA:30,0
DA:31,0
DA:32,0
DA:41,0
DA:56,0
DA:57,0
DA:59,0
DA:60,0
DA:61,0
DA:62,0
DA:65,0
DA:66,0
DA:70,0
DA:78,0
DA:90,0
DA:91,0
DA:92,0
DA:100,0
DA:101,0
DA:102,0
DA:110,0
DA:111,0
DA:119,1
DA:120,1
DA:122,1
DA:131,1
DA:139,0
DA:140,0
LF:31
LH:4
BRDA:56,0,0,0
BRDA:56,0,1,0
BRDA:57,1,0,0
BRDA:57,1,1,0
BRDA:59,2,0,0
BRDA:59,2,1,0
BRDA:60,3,0,0
BRDA:60,3,1,0
BRDA:61,4,0,0
BRDA:61,4,1,0
BRDA:62,5,0,0
BRDA:62,5,1,0
BRDA:62,6,0,0
BRDA:62,6,1,0
BRDA:65,7,0,0
BRDA:65,7,1,0
BRDA:65,8,0,0
BRDA:65,8,1,0
BRDA:65,9,0,0
BRDA:65,9,1,0
BRDA:66,10,0,0
BRDA:66,10,1,0
BRDA:66,11,0,0
BRDA:66,11,1,0
BRDA:74,12,0,0
BRDA:74,12,1,0
BRDA:74,13,0,0
BRDA:74,13,1,0
BRF:28
BRH:0
end_of_record
TN:
SF:src\api\client.ts
FN:14,toHeaderRecord
FN:18,(anonymous_1)
FN:27,isWriteMethod
FN:33,isQueueCandidate
FN:47,createCorrelationId
FN:51,normalizeError
FN:61,onRequest
FN:74,refreshAccessToken
FN:101,(anonymous_8)
FN:102,(anonymous_9)
FN:108,(anonymous_10)
FNF:11
FNH:0
FNDA:0,toHeaderRecord
FNDA:0,(anonymous_1)
FNDA:0,isWriteMethod
FNDA:0,isQueueCandidate
FNDA:0,createCorrelationId
FNDA:0,normalizeError
FNDA:0,onRequest
FNDA:0,refreshAccessToken
FNDA:0,(anonymous_8)
FNDA:0,(anonymous_9)
FNDA:0,(anonymous_10)
DA:12,8
DA:15,0
DA:16,0
DA:18,0
DA:19,0
DA:20,0
DA:24,0
DA:28,0
DA:29,0
DA:30,0
DA:34,0
DA:35,0
DA:36,0
DA:38,0
DA:39,0
DA:40,0
DA:44,0
DA:48,0
DA:52,0
DA:53,0
DA:62,0
DA:63,0
DA:64,0
DA:65,0
DA:66,0
DA:67,0
DA:70,0
DA:71,0
DA:75,0
DA:76,0
DA:77,0
DA:80,0
DA:81,0
DA:86,0
DA:87,0
DA:89,0
DA:90,0
DA:94,8
DA:99,8
DA:100,8
DA:101,0
DA:103,0
DA:104,0
DA:105,0
DA:107,0
DA:108,0
DA:109,0
DA:113,0
DA:114,0
DA:115,0
DA:116,0
DA:117,0
DA:121,0
DA:122,0
DA:129,0
DA:135,0
DA:142,0
LF:57
LH:4
BRDA:16,0,0,0
BRDA:16,0,1,0
BRDA:19,1,0,0
BRDA:19,1,1,0
BRDA:28,2,0,0
BRDA:28,2,1,0
BRDA:30,3,0,0
BRDA:30,3,1,0
BRDA:30,3,2,0
BRDA:30,3,3,0
BRDA:34,4,0,0
BRDA:34,4,1,0
BRDA:35,5,0,0
BRDA:35,5,1,0
BRDA:36,6,0,0
BRDA:36,6,1,0
BRDA:39,7,0,0
BRDA:39,7,1,0
BRDA:39,8,0,0
BRDA:39,8,1,0
BRDA:39,8,2,0
BRDA:54,9,0,0
BRDA:54,9,1,0
BRDA:55,10,0,0
BRDA:55,10,1,0
BRDA:56,11,0,0
BRDA:56,11,1,0
BRDA:63,12,0,0
BRDA:63,12,1,0
BRDA:66,13,0,0
BRDA:66,13,1,0
BRDA:76,14,0,0
BRDA:76,14,1,0
BRDA:104,15,0,0
BRDA:104,15,1,0
BRDA:104,16,0,0
BRDA:104,16,1,0
BRDA:104,16,2,0
BRDA:107,17,0,0
BRDA:107,17,1,0
BRDA:114,18,0,0
BRDA:114,18,1,0
BRDA:115,19,0,0
BRDA:115,19,1,0
BRDA:121,20,0,0
BRDA:121,20,1,0
BRDA:121,21,0,0
BRDA:121,21,1,0
BRDA:121,21,2,0
BRDA:126,22,0,0
BRDA:126,22,1,0
BRF:51
BRH:0
end_of_record
TN:
SF:src\api\context.api.ts
FN:9,getLocalInstallationContext
FN:21,upsertLocalInstallationContext
FN:36,clearLocalInstallationContextRemote
FNF:3
FNH:3
FNDA:1,getLocalInstallationContext
FNDA:1,upsertLocalInstallationContext
FNDA:1,clearLocalInstallationContextRemote
DA:10,1
DA:13,1
DA:24,1
DA:28,1
DA:37,1
LF:5
LH:5
BRF:0
BRH:0
end_of_record
TN:
SF:src\api\kitchen.api.ts
FN:11,getKitchenOrders
FN:32,updateKitchenItemStatus
FNF:2
FNH:2
FNDA:2,getKitchenOrders
FNDA:1,updateKitchenItemStatus
DA:14,2
DA:18,2
DA:19,2
DA:25,2
DA:37,1
LF:5
LH:5
BRDA:12,0,0,1
BRDA:19,1,0,1
BRDA:19,1,1,1
BRDA:21,2,0,1
BRDA:21,2,1,0
BRDA:21,3,0,1
BRDA:21,3,1,1
BRDA:21,3,2,1
BRF:8
BRH:7
end_of_record
TN:
SF:src\api\pairing.api.ts
FN:9,completePairing
FN:23,getPairingSessionStatus
FNF:2
FNH:1
FNDA:1,completePairing
FNDA:0,getPairingSessionStatus
DA:12,1
DA:16,1
DA:26,0
DA:30,0
LF:4
LH:2
BRF:0
BRH:0
end_of_record
TN:
SF:src\api\restaurant.api.ts
FN:22,normalizeTableStatus
FN:31,normalizeOrderStatus
FN:46,normalizeOrderItemStatus
FN:54,unwrapArrayPayload
FN:61,normalizeTable
FN:97,normalizeOrder
FN:104,(anonymous_6)
FN:142,(anonymous_7)
FN:158,(anonymous_8)
FN:167,(anonymous_9)
FN:177,(anonymous_10)
FN:188,(anonymous_11)
FN:197,(anonymous_12)
FN:207,(anonymous_13)
FN:227,(anonymous_14)
FN:244,(anonymous_15)
FN:261,(anonymous_16)
FN:278,(anonymous_17)
FN:294,(anonymous_18)
FN:303,(anonymous_19)
FN:312,(anonymous_20)
FN:325,(anonymous_21)
FN:341,(anonymous_22)
FN:367,(anonymous_23)
FN:382,(anonymous_24)
FN:398,(anonymous_25)
FN:409,(anonymous_26)
FN:414,(anonymous_27)
FN:433,(anonymous_28)
FN:438,(anonymous_29)
FN:443,(anonymous_30)
FNF:31
FNH:15
FNDA:1,normalizeTableStatus
FNDA:4,normalizeOrderStatus
FNDA:1,normalizeOrderItemStatus
FNDA:1,unwrapArrayPayload
FNDA:1,normalizeTable
FNDA:4,normalizeOrder
FNDA:1,(anonymous_6)
FNDA:1,(anonymous_7)
FNDA:1,(anonymous_8)
FNDA:0,(anonymous_9)
FNDA:0,(anonymous_10)
FNDA:0,(anonymous_11)
FNDA:0,(anonymous_12)
FNDA:1,(anonymous_13)
FNDA:1,(anonymous_14)
FNDA:1,(anonymous_15)
FNDA:0,(anonymous_16)
FNDA:0,(anonymous_17)
FNDA:0,(anonymous_18)
FNDA:0,(anonymous_19)
FNDA:1,(anonymous_20)
FNDA:1,(anonymous_21)
FNDA:0,(anonymous_22)
FNDA:0,(anonymous_23)
FNDA:0,(anonymous_24)
FNDA:0,(anonymous_25)
FNDA:0,(anonymous_26)
FNDA:0,(anonymous_27)
FNDA:1,(anonymous_28)
FNDA:0,(anonymous_29)
FNDA:0,(anonymous_30)
DA:23,1
DA:24,1
DA:25,1
DA:26,1
DA:28,0
DA:32,4
DA:33,4
DA:41,4
DA:43,0
DA:47,1
DA:48,1
DA:49,1
DA:51,0
DA:55,1
DA:56,0
DA:57,0
DA:58,0
DA:62,1
DA:63,1
DA:64,1
DA:65,1
DA:66,1
DA:67,1
DA:68,1
DA:70,1
DA:98,4
DA:99,4
DA:105,1
DA:106,1
DA:135,1
DA:147,1
DA:151,1
DA:152,0
DA:153,1
DA:154,0
DA:156,1
DA:157,1
DA:158,1
DA:159,1
DA:168,0
DA:169,0
DA:183,0
DA:186,0
DA:187,0
DA:188,0
DA:189,0
DA:198,0
DA:199,0
DA:218,1
DA:219,1
DA:236,1
DA:249,1
DA:253,1
DA:266,0
DA:270,0
DA:282,0
DA:286,0
DA:295,0
DA:304,0
DA:313,1
DA:317,1
DA:329,1
DA:333,1
DA:355,0
DA:359,0
DA:370,0
DA:374,0
DA:390,0
DA:394,0
DA:399,0
DA:400,0
DA:401,0
DA:402,0
DA:404,0
DA:410,0
DA:415,0
DA:433,1
DA:434,1
DA:435,1
DA:438,1
DA:439,0
DA:440,0
DA:443,1
DA:446,0
LF:84
LH:45
BRDA:23,0,0,1
BRDA:23,0,1,0
BRDA:24,1,0,0
BRDA:24,1,1,1
BRDA:25,2,0,1
BRDA:25,2,1,0
BRDA:25,3,0,1
BRDA:25,3,1,0
BRDA:25,3,2,0
BRDA:25,3,3,0
BRDA:32,4,0,4
BRDA:32,4,1,0
BRDA:33,5,0,4
BRDA:33,5,1,0
BRDA:34,6,0,4
BRDA:34,6,1,1
BRDA:34,6,2,0
BRDA:34,6,3,0
BRDA:34,6,4,0
BRDA:34,6,5,0
BRDA:47,7,0,1
BRDA:47,7,1,0
BRDA:48,8,0,1
BRDA:48,8,1,0
BRDA:48,9,0,1
BRDA:48,9,1,0
BRDA:48,9,2,0
BRDA:48,9,3,0
BRDA:55,10,0,1
BRDA:55,10,1,0
BRDA:57,11,0,0
BRDA:57,11,1,0
BRDA:65,12,0,1
BRDA:65,12,1,1
BRDA:67,13,0,0
BRDA:67,13,1,1
BRDA:68,14,0,0
BRDA:68,14,1,1
BRDA:71,15,0,1
BRDA:71,15,1,0
BRDA:72,16,0,1
BRDA:72,16,1,0
BRDA:73,17,0,1
BRDA:73,17,1,0
BRDA:73,18,0,0
BRDA:73,18,1,0
BRDA:73,19,0,0
BRDA:73,19,1,0
BRDA:75,20,0,0
BRDA:75,20,1,1
BRDA:76,21,0,1
BRDA:76,21,1,0
BRDA:76,22,0,0
BRDA:76,22,1,0
BRDA:76,23,0,0
BRDA:76,23,1,0
BRDA:77,24,0,0
BRDA:77,24,1,1
BRDA:77,25,0,1
BRDA:77,25,1,0
BRDA:81,26,0,0
BRDA:81,26,1,1
BRDA:81,27,0,1
BRDA:81,27,1,0
BRDA:85,28,0,0
BRDA:85,28,1,1
BRDA:85,29,0,1
BRDA:85,29,1,0
BRDA:89,30,0,0
BRDA:89,30,1,1
BRDA:89,31,0,1
BRDA:89,31,1,0
BRDA:92,32,0,1
BRDA:92,32,1,0
BRDA:93,33,0,1
BRDA:93,33,1,0
BRDA:98,34,0,3
BRDA:98,34,1,1
BRDA:100,35,0,4
BRDA:100,35,1,0
BRDA:101,36,0,1
BRDA:101,36,1,3
BRDA:102,37,0,0
BRDA:102,37,1,4
BRDA:103,38,0,0
BRDA:103,38,1,4
BRDA:107,39,0,1
BRDA:107,39,1,0
BRDA:108,40,0,1
BRDA:108,40,1,1
BRDA:108,40,2,0
BRDA:109,41,0,1
BRDA:109,41,1,0
BRDA:109,41,2,0
BRDA:110,42,0,1
BRDA:110,42,1,1
BRDA:110,42,2,1
BRDA:111,43,0,1
BRDA:111,43,1,0
BRDA:111,44,0,0
BRDA:111,44,1,0
BRDA:111,45,0,0
BRDA:111,45,1,0
BRDA:113,46,0,0
BRDA:113,46,1,1
BRDA:114,47,0,0
BRDA:114,47,1,1
BRDA:115,48,0,0
BRDA:115,48,1,1
BRDA:116,49,0,1
BRDA:116,49,1,0
BRDA:117,50,0,1
BRDA:117,50,1,0
BRDA:121,51,0,0
BRDA:121,51,1,4
BRDA:122,52,0,0
BRDA:122,52,1,4
BRDA:123,53,0,4
BRDA:123,53,1,0
BRDA:124,54,0,4
BRDA:124,54,1,0
BRDA:126,55,0,1
BRDA:126,55,1,3
BRDA:127,56,0,0
BRDA:127,56,1,4
BRDA:128,57,0,0
BRDA:128,57,1,4
BRDA:151,58,0,0
BRDA:151,58,1,1
BRDA:153,59,0,0
BRDA:153,59,1,1
BRDA:401,60,0,0
BRDA:401,60,1,0
BRF:133
BRH:61
end_of_record
TN:
SF:src\api\sales.api.ts
FN:15,createSale
FN:37,completeSale
FN:45,(anonymous_2)
FN:63,createSalePayment
FN:72,getSaleReceipt
FN:81,refundSale
FN:91,getSale
FNF:7
FNH:1
FNDA:1,createSale
FNDA:0,completeSale
FNDA:0,(anonymous_2)
FNDA:0,createSalePayment
FNDA:0,getSaleReceipt
FNDA:0,refundSale
FNDA:0,getSale
DA:19,1
DA:23,1
DA:24,1
DA:43,0
DA:45,0
DA:50,0
DA:54,0
DA:55,0
DA:64,0
DA:65,0
DA:73,0
DA:74,0
DA:82,0
DA:83,0
DA:84,0
DA:92,0
DA:93,0
LF:17
LH:3
BRDA:43,0,0,0
BRDA:43,0,1,0
BRDA:48,1,0,0
BRDA:48,1,1,0
BRDA:52,2,0,0
BRDA:52,2,1,0
BRF:6
BRH:0
end_of_record
TN:
SF:src\components\Button.tsx
FN:14,Button
FNF:1
FNH:1
FNDA:293,Button
DA:23,293
DA:30,293
DA:36,293
DA:53,19
LF:4
LH:4
BRDA:17,0,0,103
BRDA:18,1,0,138
BRDA:19,2,0,209
BRDA:23,3,0,122
BRDA:23,3,1,171
BRDA:25,4,0,13
BRDA:25,4,1,158
BRDA:30,5,0,122
BRDA:30,5,1,171
BRDA:32,6,0,13
BRDA:32,6,1,158
BRDA:42,7,0,84
BRDA:42,7,1,209
BRDA:43,8,0,71
BRDA:43,8,1,222
BRF:15
BRH:15
end_of_record
TN:
SF:src\components\Card.tsx
FN:5,Card
FNF:1
FNH:1
FNDA:410,Card
DA:6,410
DA:9,17
LF:2
LH:2
BRF:0
BRH:0
end_of_record
TN:
SF:src\components\CardPaymentRuntimePanel.tsx
FN:34,stateStep
FN:40,StateSteps
FN:52,(anonymous_2)
FN:62,CardPaymentRuntimePanel
FN:84,(anonymous_4)
FN:88,(anonymous_5)
FN:117,(anonymous_6)
FN:156,(anonymous_7)
FNF:8
FNH:4
FNDA:1,stateStep
FNDA:1,StateSteps
FNDA:4,(anonymous_2)
FNDA:11,CardPaymentRuntimePanel
FNDA:0,(anonymous_4)
FNDA:0,(anonymous_5)
FNDA:0,(anonymous_6)
FNDA:0,(anonymous_7)
DA:32,1
DA:35,1
DA:36,1
DA:37,1
DA:41,1
DA:42,1
DA:48,1
DA:50,1
DA:53,4
DA:63,11
DA:64,11
DA:66,11
DA:67,8
DA:70,3
DA:71,2
DA:79,1
DA:80,0
DA:85,0
DA:88,0
DA:102,1
DA:103,1
DA:105,1
DA:117,0
DA:128,0
DA:129,0
DA:130,0
DA:131,0
DA:132,0
DA:134,0
DA:156,0
DA:190,0
DA:193,1
LF:32
LH:20
BRDA:37,0,0,0
BRDA:37,0,1,1
BRDA:54,1,0,3
BRDA:54,1,1,1
BRDA:55,2,0,1
BRDA:55,2,1,3
BRDA:66,3,0,8
BRDA:66,3,1,3
BRDA:70,4,0,2
BRDA:70,4,1,1
BRDA:79,5,0,0
BRDA:79,5,1,1
BRDA:102,6,0,1
BRDA:102,6,1,0
BRDA:102,7,0,1
BRDA:102,7,1,1
BRDA:112,8,0,0
BRDA:112,8,1,1
BRDA:113,9,0,1
BRDA:113,9,1,0
BRDA:128,10,0,0
BRDA:128,10,1,0
BRDA:129,11,0,0
BRDA:129,11,1,0
BRDA:132,12,0,0
BRDA:132,12,1,0
BRDA:136,13,0,0
BRDA:136,13,1,0
BRDA:144,14,0,0
BRDA:144,14,1,0
BRDA:148,15,0,0
BRDA:148,15,1,0
BRDA:151,16,0,0
BRDA:151,16,1,0
BRDA:162,17,0,0
BRDA:162,17,1,0
BRDA:177,18,0,0
BRDA:177,18,1,0
BRF:38
BRH:15
end_of_record
TN:
SF:src\components\DeviceIdentifier.tsx
FN:15,DeviceIdentifier
FNF:1
FNH:1
FNDA:7,DeviceIdentifier
DA:16,7
DA:18,7
DA:32,1
LF:3
LH:3
BRF:0
BRH:0
end_of_record
TN:
SF:src\components\EmptyState.tsx
FN:14,EmptyState
FNF:1
FNH:1
FNDA:7,EmptyState
DA:15,7
DA:29,5
LF:2
LH:2
BRDA:20,0,0,5
BRDA:20,0,1,2
BRDA:20,1,0,7
BRDA:20,1,1,5
BRF:4
BRH:4
end_of_record
TN:
SF:src\components\ErrorState.tsx
FN:14,ErrorState
FNF:1
FNH:1
FNDA:5,ErrorState
DA:15,5
DA:29,6
LF:2
LH:2
BRDA:20,0,0,3
BRDA:20,0,1,2
BRDA:20,1,0,5
BRDA:20,1,1,3
BRF:4
BRH:4
end_of_record
TN:
SF:src\components\Input.tsx
FN:6,Input
FN:14,(anonymous_1)
FN:18,(anonymous_2)
FNF:3
FNH:1
FNDA:101,Input
FNDA:0,(anonymous_1)
FNDA:0,(anonymous_2)
DA:7,101
DA:9,101
DA:15,0
DA:16,0
DA:19,0
DA:20,0
DA:26,7
LF:7
LH:3
BRDA:13,0,0,0
BRDA:13,0,1,101
BRF:2
BRH:1
end_of_record
TN:
SF:src\components\LanguageSelector.tsx
FN:12,LanguageSelector
FN:21,(anonymous_1)
FN:26,(anonymous_2)
FNF:3
FNH:2
FNDA:1,LanguageSelector
FNDA:0,(anonymous_1)
FNDA:1,(anonymous_2)
DA:13,1
DA:15,1
DA:21,0
DA:26,1
DA:34,1
LF:5
LH:4
BRDA:20,0,0,1
BRDA:20,0,1,0
BRDA:22,1,0,1
BRDA:22,1,1,0
BRDA:25,2,0,0
BRDA:25,2,1,1
BRDA:27,3,0,0
BRDA:27,3,1,1
BRF:8
BRH:4
end_of_record
TN:
SF:src\components\ListItemCard.tsx
FN:5,ListItemCard
FNF:1
FNH:1
FNDA:14,ListItemCard
DA:6,14
DA:9,5
LF:2
LH:2
BRF:0
BRH:0
end_of_record
TN:
SF:src\components\LoadingState.tsx
FN:12,LoadingState
FNF:1
FNH:1
FNDA:29,LoadingState
DA:13,29
DA:22,6
LF:2
LH:2
BRDA:17,0,0,27
BRDA:17,0,1,2
BRF:2
BRH:2
end_of_record
TN:
SF:src\components\ScreenLayout.tsx
FN:6,ScreenPage
FN:10,ScreenContent
FN:16,CenteredScreenContent
FNF:3
FNH:2
FNDA:212,ScreenPage
FNDA:212,ScreenContent
FNDA:0,CenteredScreenContent
DA:7,212
DA:11,212
DA:13,212
DA:17,0
DA:19,0
DA:27,18
LF:6
LH:4
BRF:0
BRH:0
end_of_record
TN:
SF:src\components\SectionHeader.tsx
FN:11,SectionHeader
FNF:1
FNH:1
FNDA:44,SectionHeader
DA:12,44
DA:20,9
LF:2
LH:2
BRDA:15,0,0,38
BRDA:15,0,1,6
BRF:2
BRH:2
end_of_record
TN:
SF:src\components\Spinner.tsx
FN:5,Spinner
FNF:1
FNH:1
FNDA:28,Spinner
DA:6,28
LF:1
LH:1
BRF:0
BRH:0
end_of_record
TN:
SF:src\components\StatusPill.tsx
FN:21,StatusPill
FNF:1
FNH:1
FNDA:27,StatusPill
DA:13,4
DA:22,27
DA:24,27
DA:31,4
LF:4
LH:4
BRDA:21,0,0,2
BRF:1
BRH:1
end_of_record
TN:
SF:src\components\Topbar.tsx
FN:15,Topbar
FNF:1
FNH:1
FNDA:215,Topbar
DA:23,215
DA:25,215
DA:61,19
LF:3
LH:3
BRDA:18,0,0,215
BRDA:21,1,0,192
BRDA:35,2,0,189
BRDA:35,2,1,26
BRDA:45,3,0,26
BRDA:45,3,1,189
BRDA:45,4,0,215
BRDA:45,4,1,26
BRDA:50,5,0,26
BRDA:50,5,1,5
BRF:10
BRH:10
end_of_record
TN:
SF:src\components\Typography.tsx
FN:7,TitleText
FN:11,BodyText
FN:15,MetaText
FN:19,ErrorText
FN:23,WarningText
FNF:5
FNH:4
FNDA:289,TitleText
FNDA:703,BodyText
FNDA:1343,MetaText
FNDA:10,ErrorText
FNDA:0,WarningText
DA:8,289
DA:12,703
DA:16,1343
DA:20,10
DA:24,0
DA:27,22
LF:6
LH:5
BRF:0
BRH:0
end_of_record
TN:
SF:src\components\guards\ContextGuard.tsx
FN:10,ContextGuard
FN:11,(anonymous_1)
FNF:2
FNH:2
FNDA:3,ContextGuard
FNDA:11,(anonymous_1)
DA:11,11
DA:12,3
LF:2
LH:2
BRDA:12,0,0,2
BRDA:12,0,1,1
BRF:2
BRH:2
end_of_record
TN:
SF:src\components\guards\RoleGuard.tsx
FN:15,hasRequiredRole
FN:20,(anonymous_1)
FN:22,(anonymous_2)
FN:28,(anonymous_3)
FN:35,hasRequiredPermissions
FN:46,(anonymous_5)
FN:49,(anonymous_6)
FN:52,RoleGuard
FN:59,(anonymous_8)
FN:60,(anonymous_9)
FN:61,(anonymous_10)
FNF:11
FNH:10
FNDA:3,hasRequiredRole
FNDA:1,(anonymous_1)
FNDA:1,(anonymous_2)
FNDA:1,(anonymous_3)
FNDA:3,hasRequiredPermissions
FNDA:3,(anonymous_5)
FNDA:0,(anonymous_6)
FNDA:8,RoleGuard
FNDA:28,(anonymous_8)
FNDA:28,(anonymous_9)
FNDA:28,(anonymous_10)
DA:13,1
DA:16,3
DA:17,2
DA:20,1
DA:22,1
DA:23,1
DA:24,1
DA:25,0
DA:28,1
DA:29,1
DA:30,1
DA:40,3
DA:41,1
DA:44,2
DA:45,2
DA:46,3
DA:49,0
DA:59,28
DA:60,28
DA:61,28
DA:63,8
DA:64,5
DA:67,3
DA:68,3
DA:74,3
DA:75,1
DA:78,2
LF:27
LH:25
BRDA:16,0,0,2
BRDA:16,0,1,1
BRDA:24,1,0,0
BRDA:24,1,1,1
BRDA:40,2,0,1
BRDA:40,2,1,2
BRDA:45,3,0,2
BRDA:45,3,1,0
BRDA:54,4,0,0
BRDA:55,5,0,4
BRDA:56,6,0,4
BRDA:57,7,0,8
BRDA:63,8,0,5
BRDA:63,8,1,3
BRDA:74,9,0,1
BRDA:74,9,1,2
BRDA:74,10,0,3
BRDA:74,10,1,3
BRF:18
BRH:15
end_of_record
TN:
SF:src\components\theme\colors.ts
FNF:0
FNH:0
DA:1,26
LF:1
LH:1
BRF:0
BRH:0
end_of_record
TN:
SF:src\components\theme\spacing.ts
FNF:0
FNH:0
DA:1,26
LF:1
LH:1
BRF:0
BRH:0
end_of_record
TN:
SF:src\components\theme\theme.ts
FNF:0
FNH:0
DA:5,26
LF:1
LH:1
BRF:0
BRH:0
end_of_record
TN:
SF:src\components\theme\typography.ts
FNF:0
FNH:0
DA:1,26
LF:1
LH:1
BRF:0
BRH:0
end_of_record
TN:
SF:src\config\env.ts
FNF:0
FNH:0
DA:1,10
DA:3,10
LF:2
LH:2
BRDA:1,0,0,10
BRDA:1,0,1,0
BRDA:4,1,0,10
BRDA:4,1,1,10
BRDA:5,2,0,10
BRDA:5,2,1,10
BRDA:6,3,0,10
BRDA:6,3,1,10
BRDA:7,4,0,10
BRDA:7,4,1,10
BRF:10
BRH:9
end_of_record
TN:
SF:src\features\terminal-selection\components\OpenShiftModal.tsx
FN:37,OpenShiftModal
FN:49,(anonymous_1)
FN:79,(anonymous_2)
FN:98,(anonymous_3)
FN:117,(anonymous_4)
FN:147,(anonymous_5)
FNF:6
FNH:0
FNDA:0,OpenShiftModal
FNDA:0,(anonymous_1)
FNDA:0,(anonymous_2)
FNDA:0,(anonymous_3)
FNDA:0,(anonymous_4)
FNDA:0,(anonymous_5)
DA:44,0
DA:45,0
DA:46,0
DA:47,0
DA:49,0
DA:50,0
DA:51,0
DA:52,0
DA:53,0
DA:56,0
DA:57,0
DA:59,0
DA:60,0
DA:61,0
DA:63,0
DA:64,0
DA:65,0
DA:66,0
DA:68,0
DA:75,0
DA:79,0
DA:80,0
DA:81,0
DA:82,0
DA:83,0
DA:86,0
DA:98,0
DA:118,0
DA:119,0
DA:147,0
DA:166,1
LF:31
LH:1
BRDA:51,0,0,0
BRDA:51,0,1,0
BRDA:51,1,0,0
BRDA:51,1,1,0
BRDA:65,2,0,0
BRDA:65,2,1,0
BRDA:69,3,0,0
BRDA:69,3,1,0
BRDA:80,4,0,0
BRDA:80,4,1,0
BRDA:94,5,0,0
BRDA:94,5,1,0
BRDA:129,6,0,0
BRDA:129,6,1,0
BRDA:146,7,0,0
BRDA:146,7,1,0
BRDA:150,8,0,0
BRDA:150,8,1,0
BRF:18
BRH:0
end_of_record
TN:
SF:src\features\terminal-selection\screens\TerminalSelectionScreen.tsx
FN:55,TerminalItem
FN:74,(anonymous_1)
FN:130,TerminalSelectionScreen
FN:144,(anonymous_3)
FN:159,(anonymous_4)
FN:160,loadTerminals
FN:185,(anonymous_6)
FN:195,(anonymous_7)
FN:217,(anonymous_8)
FN:225,(anonymous_9)
FN:231,(anonymous_10)
FN:297,(anonymous_11)
FN:312,(anonymous_12)
FN:318,(anonymous_13)
FN:326,(anonymous_14)
FNF:15
FNH:10
FNDA:7,TerminalItem
FNDA:2,(anonymous_1)
FNDA:14,TerminalSelectionScreen
FNDA:2,(anonymous_3)
FNDA:5,(anonymous_4)
FNDA:5,loadTerminals
FNDA:2,(anonymous_6)
FNDA:2,(anonymous_7)
FNDA:0,(anonymous_8)
FNDA:0,(anonymous_9)
FNDA:0,(anonymous_10)
FNDA:0,(anonymous_11)
FNDA:10,(anonymous_12)
FNDA:7,(anonymous_13)
FNDA:0,(anonymous_14)
DA:56,7
DA:57,7
DA:58,7
DA:61,7
DA:67,7
DA:74,2
DA:131,14
DA:132,14
DA:133,14
DA:134,14
DA:135,14
DA:136,14
DA:137,14
DA:138,14
DA:139,14
DA:140,14
DA:142,14
DA:144,14
DA:145,2
DA:146,1
DA:149,1
DA:151,0
DA:153,0
DA:156,1
DA:159,14
DA:161,5
DA:162,5
DA:163,5
DA:164,5
DA:165,4
DA:166,4
DA:167,1
DA:170,1
DA:171,1
DA:172,1
DA:174,0
DA:176,1
DA:178,5
DA:182,5
DA:185,14
DA:186,2
DA:191,2
DA:192,2
DA:195,14
DA:196,2
DA:197,2
DA:199,2
DA:200,2
DA:201,2
DA:202,2
DA:205,0
DA:206,0
DA:209,0
DA:210,0
DA:211,0
DA:213,2
DA:217,14
DA:218,0
DA:219,0
DA:220,0
DA:221,0
DA:225,14
DA:226,0
DA:227,0
DA:228,0
DA:231,14
DA:232,0
DA:233,0
DA:235,0
DA:236,0
DA:237,0
DA:238,0
DA:239,0
DA:242,0
DA:243,0
DA:245,0
DA:249,14
DA:298,0
DA:312,10
DA:319,7
DA:326,0
DA:335,1
LF:82
LH:55
BRDA:57,0,0,6
BRDA:57,0,1,1
BRDA:58,1,0,0
BRDA:58,1,1,7
BRDA:61,2,0,3
BRDA:61,2,1,4
BRDA:63,3,0,0
BRDA:63,3,1,4
BRDA:71,4,0,7
BRDA:71,4,1,4
BRDA:72,5,0,7
BRDA:72,5,1,1
BRDA:75,6,0,7
BRDA:75,6,1,6
BRDA:79,7,0,0
BRDA:79,7,1,7
BRDA:95,8,0,6
BRDA:95,8,1,1
BRDA:102,9,0,7
BRDA:102,9,1,0
BRDA:108,10,0,3
BRDA:108,10,1,4
BRDA:110,11,0,0
BRDA:110,11,1,4
BRDA:114,12,0,7
BRDA:114,12,1,0
BRDA:121,13,0,7
BRDA:121,13,1,4
BRDA:145,14,0,1
BRDA:145,14,1,1
BRDA:149,15,0,0
BRDA:149,15,1,1
BRDA:153,16,0,0
BRDA:153,16,1,0
BRDA:166,17,0,1
BRDA:166,17,1,3
BRDA:171,18,0,1
BRDA:171,18,1,0
BRDA:189,19,0,2
BRDA:189,19,1,2
BRDA:201,20,0,2
BRDA:201,20,1,0
BRDA:219,21,0,0
BRDA:219,21,1,0
BRDA:238,22,0,0
BRDA:238,22,1,0
BRDA:243,23,0,0
BRDA:243,23,1,0
BRDA:252,24,0,14
BRDA:252,24,1,0
BRDA:269,25,0,14
BRDA:269,25,1,5
BRDA:278,26,0,14
BRDA:278,26,1,2
BRDA:281,27,0,1
BRDA:281,27,1,1
BRDA:283,28,0,1
BRDA:283,28,1,0
BRDA:288,29,0,1
BRDA:288,29,1,1
BRDA:290,30,0,1
BRDA:290,30,1,0
BRDA:294,31,0,2
BRDA:294,31,1,1
BRDA:309,32,0,14
BRDA:309,32,1,9
BRDA:309,32,2,7
BRDA:309,32,3,7
BRF:68
BRH:48
end_of_record
TN:
SF:src\hooks\auto-lock.activity.ts
FN:3,markActivity
FN:7,getLastActivityTimestamp
FNF:2
FNH:2
FNDA:3,markActivity
FNDA:2,getLastActivityTimestamp
DA:1,1
DA:4,3
DA:8,2
LF:3
LH:3
BRF:0
BRH:0
end_of_record
TN:
SF:src\hooks\useAutoLock.ts
FN:16,isAuthFlowRoute
FN:27,useAutoLock
FN:28,(anonymous_2)
FN:29,(anonymous_3)
FN:30,(anonymous_4)
FN:31,(anonymous_5)
FN:36,(anonymous_6)
FN:42,(anonymous_7)
FN:43,(anonymous_8)
FN:51,(anonymous_9)
FN:56,(anonymous_10)
FN:63,(anonymous_11)
FN:81,(anonymous_12)
FNF:13
FNH:12
FNDA:3,isAuthFlowRoute
FNDA:3,useAutoLock
FNDA:9,(anonymous_2)
FNDA:9,(anonymous_3)
FNDA:9,(anonymous_4)
FNDA:9,(anonymous_5)
FNDA:3,(anonymous_6)
FNDA:3,(anonymous_7)
FNDA:0,(anonymous_8)
FNDA:3,(anonymous_9)
FNDA:3,(anonymous_10)
FNDA:2,(anonymous_11)
FNDA:2,(anonymous_12)
DA:14,1
DA:17,3
DA:28,9
DA:29,9
DA:30,9
DA:31,9
DA:33,3
DA:34,3
DA:36,3
DA:37,3
DA:38,0
DA:42,3
DA:43,3
DA:44,0
DA:45,0
DA:46,0
DA:47,0
DA:51,3
DA:52,3
DA:56,3
DA:57,3
DA:58,1
DA:59,1
DA:60,1
DA:63,2
DA:64,2
DA:65,2
DA:66,2
DA:68,2
DA:69,1
DA:70,1
DA:71,1
DA:72,1
DA:75,1
DA:76,1
DA:77,1
DA:81,2
DA:82,2
LF:38
LH:33
BRDA:18,0,0,3
BRDA:18,0,1,2
BRDA:18,0,2,2
BRDA:18,0,3,2
BRDA:18,0,4,2
BRDA:18,0,5,2
BRDA:37,1,0,0
BRDA:37,1,1,3
BRDA:44,2,0,0
BRDA:44,2,1,0
BRDA:57,3,0,1
BRDA:57,3,1,2
BRDA:57,4,0,3
BRDA:57,4,1,3
BRDA:68,5,0,1
BRDA:68,5,1,1
BRDA:68,6,0,2
BRDA:68,6,1,2
BRDA:75,7,0,1
BRDA:75,7,1,0
BRDA:75,8,0,1
BRDA:75,8,1,1
BRF:22
BRH:18
end_of_record
TN:
SF:src\hooks\useCardPaymentRuntime.ts
FN:24,terminalSettingsLoadMessage
FN:86,useCardPaymentRuntime
FN:92,(anonymous_2)
FN:93,(anonymous_3)
FN:98,stopPolling
FN:105,startPolling
FN:107,(anonymous_6)
FN:108,(anonymous_7)
FN:109,(anonymous_8)
FN:112,(anonymous_9)
FN:114,(anonymous_10)
FN:120,(anonymous_11)
FN:122,(anonymous_12)
FN:124,(anonymous_13)
FN:125,(anonymous_14)
FN:129,(anonymous_15)
FN:138,(anonymous_16)
FN:147,(anonymous_17)
FN:152,(anonymous_18)
FN:161,(anonymous_19)
FN:168,(anonymous_20)
FN:169,(anonymous_21)
FN:177,(anonymous_22)
FN:180,(anonymous_23)
FN:184,executeTransaction
FN:186,(anonymous_25)
FN:200,(anonymous_26)
FN:204,(anonymous_27)
FN:207,(anonymous_28)
FN:215,(anonymous_29)
FN:221,(anonymous_30)
FN:223,(anonymous_31)
FN:231,(anonymous_32)
FN:238,(anonymous_33)
FN:251,(anonymous_34)
FN:258,(anonymous_35)
FN:267,(anonymous_36)
FN:270,(anonymous_37)
FN:277,(anonymous_38)
FNF:39
FNH:16
FNDA:1,terminalSettingsLoadMessage
FNDA:29,useCardPaymentRuntime
FNDA:6,(anonymous_2)
FNDA:6,(anonymous_3)
FNDA:1,stopPolling
FNDA:1,startPolling
FNDA:0,(anonymous_6)
FNDA:0,(anonymous_7)
FNDA:0,(anonymous_8)
FNDA:0,(anonymous_9)
FNDA:0,(anonymous_10)
FNDA:2,(anonymous_11)
FNDA:2,(anonymous_12)
FNDA:1,(anonymous_13)
FNDA:1,(anonymous_14)
FNDA:0,(anonymous_15)
FNDA:0,(anonymous_16)
FNDA:1,(anonymous_17)
FNDA:1,(anonymous_18)
FNDA:0,(anonymous_19)
FNDA:1,(anonymous_20)
FNDA:1,(anonymous_21)
FNDA:0,(anonymous_22)
FNDA:0,(anonymous_23)
FNDA:1,executeTransaction
FNDA:0,(anonymous_25)
FNDA:1,(anonymous_26)
FNDA:0,(anonymous_27)
FNDA:0,(anonymous_28)
FNDA:0,(anonymous_29)
FNDA:0,(anonymous_30)
FNDA:0,(anonymous_31)
FNDA:0,(anonymous_32)
FNDA:0,(anonymous_33)
FNDA:0,(anonymous_34)
FNDA:0,(anonymous_35)
FNDA:0,(anonymous_36)
FNDA:0,(anonymous_37)
FNDA:0,(anonymous_38)
DA:22,2
DA:25,1
DA:26,1
DA:27,0
DA:29,1
DA:30,0
DA:32,1
DA:33,0
DA:35,1
DA:39,2
DA:78,2
DA:87,29
DA:88,29
DA:89,29
DA:92,29
DA:93,6
DA:94,6
DA:99,1
DA:100,0
DA:101,0
DA:106,1
DA:107,1
DA:108,0
DA:109,0
DA:110,0
DA:111,0
DA:112,0
DA:120,29
DA:121,2
DA:122,2
DA:124,2
DA:125,1
DA:126,1
DA:128,1
DA:129,0
DA:134,0
DA:137,1
DA:138,0
DA:143,0
DA:146,1
DA:147,1
DA:150,1
DA:151,1
DA:152,1
DA:159,1
DA:161,0
DA:169,1
DA:177,29
DA:178,0
DA:179,0
DA:180,0
DA:181,0
DA:185,1
DA:186,0
DA:191,0
DA:193,1
DA:194,1
DA:200,1
DA:201,1
DA:202,1
DA:204,0
DA:207,0
DA:215,29
DA:216,0
DA:217,0
DA:218,0
DA:219,0
DA:220,0
DA:221,0
DA:223,0
DA:231,29
DA:232,0
DA:233,0
DA:234,0
DA:235,0
DA:237,0
DA:238,0
DA:244,0
DA:245,0
DA:247,0
DA:251,29
DA:252,0
DA:253,0
DA:254,0
DA:255,0
DA:256,0
DA:258,0
DA:264,0
DA:265,0
DA:267,0
DA:270,0
DA:277,29
DA:278,0
DA:279,0
DA:280,0
DA:283,29
LF:96
LH:44
BRDA:26,0,0,0
BRDA:26,0,1,1
BRDA:29,1,0,0
BRDA:29,1,1,1
BRDA:32,2,0,0
BRDA:32,2,1,1
BRDA:32,3,0,1
BRDA:32,3,1,0
BRDA:94,4,0,1
BRDA:94,4,1,5
BRDA:99,5,0,0
BRDA:99,5,1,1
BRDA:110,6,0,0
BRDA:110,6,1,0
BRDA:128,7,0,0
BRDA:128,7,1,1
BRDA:137,8,0,0
BRDA:137,8,1,1
BRDA:137,9,0,1
BRDA:137,9,1,0
BRDA:137,9,2,0
BRDA:146,10,0,1
BRDA:146,10,1,0
BRDA:150,11,0,1
BRDA:150,11,1,0
BRDA:150,12,0,1
BRDA:150,12,1,0
BRDA:151,13,0,1
BRDA:151,13,1,0
BRDA:178,14,0,0
BRDA:178,14,1,0
BRDA:185,15,0,0
BRDA:185,15,1,1
BRDA:201,16,0,1
BRDA:201,16,1,0
BRDA:217,17,0,0
BRDA:217,17,1,0
BRDA:233,18,0,0
BRDA:233,18,1,0
BRDA:244,19,0,0
BRDA:244,19,1,0
BRDA:253,20,0,0
BRDA:253,20,1,0
BRDA:264,21,0,0
BRDA:264,21,1,0
BRF:45
BRH:16
end_of_record
TN:
SF:src\hooks\useSaleFlow.ts
FN:10,useSaleFlow
FN:11,(anonymous_1)
FN:12,(anonymous_2)
FN:13,(anonymous_3)
FN:14,(anonymous_4)
FN:15,(anonymous_5)
FN:16,(anonymous_6)
FN:17,(anonymous_7)
FN:18,(anonymous_8)
FN:24,(anonymous_9)
FN:25,(anonymous_10)
FN:32,(anonymous_11)
FN:48,(anonymous_12)
FN:59,(anonymous_13)
FN:65,(anonymous_14)
FN:76,(anonymous_15)
FN:90,(anonymous_16)
FN:112,(anonymous_17)
FNF:18
FNH:17
FNDA:8,useSaleFlow
FNDA:30,(anonymous_1)
FNDA:30,(anonymous_2)
FNDA:30,(anonymous_3)
FNDA:30,(anonymous_4)
FNDA:30,(anonymous_5)
FNDA:30,(anonymous_6)
FNDA:30,(anonymous_7)
FNDA:24,(anonymous_8)
FNDA:4,(anonymous_9)
FNDA:4,(anonymous_10)
FNDA:6,(anonymous_11)
FNDA:3,(anonymous_12)
FNDA:4,(anonymous_13)
FNDA:4,(anonymous_14)
FNDA:1,(anonymous_15)
FNDA:2,(anonymous_16)
FNDA:0,(anonymous_17)
DA:11,30
DA:12,30
DA:13,30
DA:14,30
DA:15,30
DA:16,30
DA:17,30
DA:18,24
DA:19,8
DA:22,8
DA:24,8
DA:25,4
DA:32,8
DA:33,6
DA:34,1
DA:37,5
DA:38,1
DA:41,4
DA:42,4
DA:43,4
DA:44,4
DA:47,8
DA:49,3
DA:51,3
DA:52,3
DA:54,3
DA:55,3
DA:57,3
DA:59,4
DA:63,3
DA:65,4
DA:68,3
DA:69,3
DA:70,3
DA:75,8
DA:77,1
DA:84,1
DA:89,8
DA:91,2
DA:92,2
DA:93,1
DA:100,2
DA:101,2
DA:107,2
DA:112,8
DA:113,0
DA:116,8
LF:47
LH:46
BRDA:33,0,0,1
BRDA:33,0,1,5
BRDA:33,1,0,6
BRDA:33,1,1,1
BRDA:37,2,0,1
BRDA:37,2,1,4
BRDA:49,3,0,3
BRDA:49,3,1,3
BRDA:92,4,0,1
BRDA:92,4,1,1
BRDA:100,5,0,2
BRDA:100,5,1,0
BRF:12
BRH:11
end_of_record
TN:
SF:src\hooks\useSync.ts
FN:8,useSync
FN:9,(anonymous_1)
FN:10,(anonymous_2)
FN:11,(anonymous_3)
FN:12,(anonymous_4)
FN:13,(anonymous_5)
FN:14,(anonymous_6)
FN:15,(anonymous_7)
FN:16,(anonymous_8)
FN:17,(anonymous_9)
FN:19,(anonymous_10)
FN:37,(anonymous_11)
FN:42,(anonymous_12)
FN:45,init
FN:57,(anonymous_14)
FN:64,(anonymous_15)
FNF:16
FNH:16
FNDA:9,useSync
FNDA:43,(anonymous_1)
FNDA:43,(anonymous_2)
FNDA:43,(anonymous_3)
FNDA:43,(anonymous_4)
FNDA:43,(anonymous_5)
FNDA:43,(anonymous_6)
FNDA:43,(anonymous_7)
FNDA:43,(anonymous_8)
FNDA:43,(anonymous_9)
FNDA:2,(anonymous_10)
FNDA:1,(anonymous_11)
FNDA:3,(anonymous_12)
FNDA:3,init
FNDA:1,(anonymous_14)
FNDA:3,(anonymous_15)
DA:9,43
DA:10,43
DA:11,43
DA:12,43
DA:13,43
DA:14,43
DA:15,43
DA:16,43
DA:17,43
DA:19,9
DA:20,2
DA:21,2
DA:22,2
DA:23,2
DA:24,2
DA:25,2
DA:26,1
DA:33,2
DA:37,9
DA:38,1
DA:39,1
DA:42,9
DA:43,3
DA:46,3
DA:47,3
DA:48,3
DA:49,3
DA:50,3
DA:51,1
DA:55,3
DA:57,3
DA:58,1
DA:59,1
DA:60,1
DA:64,3
DA:65,3
DA:66,3
DA:70,9
LF:38
LH:38
BRDA:25,0,0,1
BRDA:25,0,1,1
BRDA:47,1,0,0
BRDA:47,1,1,3
BRDA:50,2,0,1
BRDA:50,2,1,2
BRDA:50,3,0,3
BRDA:50,3,1,2
BRDA:59,4,0,1
BRDA:59,4,1,0
BRF:10
BRH:8
end_of_record
TN:
SF:src\i18n\config.ts
FNF:0
FNH:0
DA:8,20
DA:9,20
DA:11,20
LF:3
LH:3
BRDA:8,0,0,20
BRDA:8,0,1,0
BRDA:9,1,0,0
BRDA:9,1,1,20
BRF:4
BRH:2
end_of_record
TN:
SF:src\layouts\AppShellRouter.tsx
FN:25,AppShellRouter
FNF:1
FNH:1
FNDA:3,AppShellRouter
DA:32,3
DA:34,3
DA:35,1
DA:38,2
DA:39,1
DA:46,1
LF:6
LH:6
BRDA:30,0,0,2
BRDA:34,1,0,1
BRDA:34,1,1,2
BRDA:38,2,0,1
BRDA:38,2,1,1
BRF:5
BRH:5
end_of_record
TN:
SF:src\layouts\PhoneAppShell.tsx
FN:33,PhoneAppShell
FNF:1
FNH:1
FNDA:1,PhoneAppShell
DA:34,1
DA:36,1
DA:47,1
LF:3
LH:3
BRF:0
BRH:0
end_of_record
TN:
SF:src\layouts\TabletAppShell.tsx
FN:39,TabletAppShell
FN:58,(anonymous_1)
FNF:2
FNH:1
FNDA:1,TabletAppShell
FNDA:0,(anonymous_1)
DA:40,1
DA:42,1
DA:46,1
DA:58,0
DA:73,1
LF:5
LH:4
BRDA:42,0,0,1
BRDA:42,0,1,0
BRF:2
BRH:1
end_of_record
TN:
SF:src\navigation\shellRouteGuards.ts
FN:16,usesDiningFloorNavigation
FN:34,resolveShellRoute
FN:40,isShellRouteEnabledForTerminal
FNF:3
FNH:3
FNDA:10,usesDiningFloorNavigation
FNDA:3,resolveShellRoute
FNDA:9,isShellRouteEnabledForTerminal
DA:1,1
DA:20,10
DA:21,3
DA:24,7
DA:25,4
DA:31,3
DA:35,3
DA:46,9
DA:47,1
DA:50,8
DA:51,2
DA:54,6
DA:55,6
DA:56,2
DA:59,4
DA:60,1
DA:63,3
LF:17
LH:17
BRDA:20,0,0,3
BRDA:20,0,1,7
BRDA:24,1,0,4
BRDA:24,1,1,3
BRDA:35,2,0,2
BRDA:35,2,1,1
BRDA:46,3,0,1
BRDA:46,3,1,8
BRDA:50,4,0,2
BRDA:50,4,1,6
BRDA:50,5,0,8
BRDA:50,5,1,2
BRDA:50,5,2,1
BRDA:55,6,0,2
BRDA:55,6,1,4
BRDA:55,7,0,6
BRDA:55,7,1,3
BRDA:59,8,0,1
BRDA:59,8,1,3
BRDA:59,9,0,4
BRDA:59,9,1,3
BRF:21
BRH:21
end_of_record
TN:
SF:src\platform\breakpoints.ts
FN:74,(anonymous_0)
FN:75,(anonymous_1)
FNF:2
FNH:0
FNDA:0,(anonymous_0)
FNDA:0,(anonymous_1)
DA:15,6
DA:26,6
DA:74,6
DA:75,6
LF:4
LH:4
BRF:0
BRH:0
end_of_record
TN:
SF:src\platform\theme.ts
FNF:0
FNH:0
DA:12,1
DA:42,1
DA:68,1
DA:95,1
DA:105,1
LF:5
LH:5
BRF:0
BRH:0
end_of_record
TN:
SF:src\platform\useDeviceProfile.ts
FN:31,useDeviceProfile
FNF:1
FNH:1
FNDA:23,useDeviceProfile
DA:32,23
DA:35,23
DA:36,23
DA:39,23
DA:40,23
DA:44,23
DA:46,23
LF:7
LH:7
BRDA:44,0,0,23
BRDA:44,0,1,0
BRDA:50,1,0,23
BRDA:50,1,1,0
BRF:4
BRH:2
end_of_record
TN:
SF:src\screens\appointments\AppointmentDetailScreen.tsx
FN:32,extractErrorMessage
FN:43,AppointmentDetailScreen
FN:64,load
FN:92,(anonymous_3)
FN:98,onSave
FN:130,onCancel
FN:146,onRemind
FN:162,onLoadAvailability
FN:200,(anonymous_8)
FN:222,(anonymous_9)
FN:249,(anonymous_10)
FN:254,(anonymous_11)
FN:263,(anonymous_12)
FN:268,(anonymous_13)
FN:277,(anonymous_14)
FN:285,(anonymous_15)
FN:287,(anonymous_16)
FN:290,(anonymous_17)
FN:299,(anonymous_18)
FN:309,(anonymous_19)
FN:310,(anonymous_20)
FNF:21
FNH:7
FNDA:0,extractErrorMessage
FNDA:4,AppointmentDetailScreen
FNDA:1,load
FNDA:1,(anonymous_3)
FNDA:1,onSave
FNDA:0,onCancel
FNDA:0,onRemind
FNDA:0,onLoadAvailability
FNDA:1,(anonymous_8)
FNDA:0,(anonymous_9)
FNDA:15,(anonymous_10)
FNDA:0,(anonymous_11)
FNDA:18,(anonymous_12)
FNDA:0,(anonymous_13)
FNDA:0,(anonymous_14)
FNDA:0,(anonymous_15)
FNDA:0,(anonymous_16)
FNDA:0,(anonymous_17)
FNDA:0,(anonymous_18)
FNDA:0,(anonymous_19)
FNDA:0,(anonymous_20)
DA:33,0
DA:34,0
DA:35,0
DA:37,0
DA:38,0
DA:40,0
DA:44,4
DA:45,4
DA:46,4
DA:47,4
DA:48,4
DA:49,4
DA:51,4
DA:52,4
DA:53,4
DA:54,4
DA:55,4
DA:56,4
DA:57,4
DA:58,4
DA:59,4
DA:61,4
DA:62,4
DA:65,1
DA:66,1
DA:67,1
DA:68,1
DA:69,1
DA:70,1
DA:71,1
DA:72,1
DA:73,1
DA:74,1
DA:75,1
DA:76,1
DA:77,1
DA:79,0
DA:86,0
DA:88,1
DA:92,4
DA:94,1
DA:99,1
DA:101,1
DA:102,1
DA:103,0
DA:104,0
DA:107,1
DA:108,1
DA:109,1
DA:110,1
DA:120,1
DA:122,0
DA:126,1
DA:131,0
DA:132,0
DA:133,0
DA:134,0
DA:135,0
DA:136,0
DA:138,0
DA:142,0
DA:147,0
DA:148,0
DA:149,0
DA:150,0
DA:151,0
DA:152,0
DA:154,0
DA:158,0
DA:163,0
DA:164,0
DA:165,0
DA:166,0
DA:167,0
DA:170,0
DA:171,0
DA:172,0
DA:173,0
DA:174,0
DA:175,0
DA:176,0
DA:177,0
DA:183,0
DA:185,0
DA:186,0
DA:190,0
DA:194,4
DA:201,1
DA:222,0
DA:250,15
DA:254,0
DA:264,18
DA:268,0
DA:277,0
DA:285,0
DA:288,0
DA:290,0
DA:299,0
DA:309,0
DA:310,0
DA:319,1
LF:101
LH:47
BRDA:34,0,0,0
BRDA:34,0,1,0
BRDA:34,1,0,0
BRDA:34,1,1,0
BRDA:37,2,0,0
BRDA:37,2,1,0
BRDA:37,3,0,0
BRDA:37,3,1,0
BRDA:74,4,0,1
BRDA:74,4,1,0
BRDA:75,5,0,1
BRDA:75,5,1,1
BRDA:76,6,0,1
BRDA:76,6,1,1
BRDA:77,7,0,1
BRDA:77,7,1,1
BRDA:99,8,0,0
BRDA:99,8,1,1
BRDA:99,9,0,1
BRDA:99,9,1,1
BRDA:102,10,0,0
BRDA:102,10,1,1
BRDA:115,11,0,1
BRDA:115,11,1,0
BRDA:116,12,0,0
BRDA:116,12,1,1
BRDA:131,13,0,0
BRDA:131,13,1,0
BRDA:131,14,0,0
BRDA:131,14,1,0
BRDA:135,15,0,0
BRDA:135,15,1,0
BRDA:147,16,0,0
BRDA:147,16,1,0
BRDA:147,17,0,0
BRDA:147,17,1,0
BRDA:163,18,0,0
BRDA:163,18,1,0
BRDA:165,19,0,0
BRDA:165,19,1,0
BRDA:180,20,0,0
BRDA:180,20,1,0
BRDA:181,21,0,0
BRDA:181,21,1,0
BRDA:199,22,0,1
BRDA:199,22,1,3
BRDA:203,23,0,4
BRDA:203,23,1,3
BRDA:207,24,0,4
BRDA:207,24,1,1
BRDA:210,25,0,1
BRDA:210,25,1,3
BRDA:216,26,0,0
BRDA:216,26,1,4
BRDA:216,27,0,4
BRDA:216,27,1,3
BRDA:227,28,0,3
BRDA:227,28,1,1
BRDA:227,29,0,4
BRDA:227,29,1,3
BRDA:227,29,2,3
BRDA:231,30,0,3
BRDA:231,30,1,3
BRDA:231,30,2,3
BRDA:253,31,0,3
BRDA:253,31,1,12
BRDA:267,32,0,3
BRDA:267,32,1,15
BRDA:276,33,0,0
BRDA:276,33,1,3
BRDA:282,34,0,0
BRDA:282,34,1,3
BRDA:306,35,0,0
BRDA:306,35,1,3
BRDA:310,36,0,3
BRDA:310,36,1,2
BRF:76
BRH:41
end_of_record
TN:
SF:src\screens\appointments\AppointmentsListScreen.tsx
FN:36,AppointmentsListScreen
FN:47,(anonymous_1)
FN:54,loadAppointments
FN:71,(anonymous_3)
FN:74,loadInitialAppointments
FN:95,(anonymous_5)
FN:100,(anonymous_6)
FN:102,(anonymous_7)
FN:107,(anonymous_8)
FN:110,(anonymous_9)
FN:112,(anonymous_10)
FN:115,renderAppointmentRow
FN:117,(anonymous_12)
FN:129,(anonymous_13)
FN:131,(anonymous_14)
FN:155,(anonymous_15)
FN:161,(anonymous_16)
FN:168,(anonymous_17)
FN:171,(anonymous_18)
FN:175,(anonymous_19)
FN:192,(anonymous_20)
FN:199,(anonymous_21)
FN:200,(anonymous_22)
FN:205,(anonymous_23)
FN:208,(anonymous_24)
FN:212,(anonymous_25)
FN:237,(anonymous_26)
FN:238,(anonymous_27)
FN:242,(anonymous_28)
FN:272,(anonymous_29)
FN:275,(anonymous_30)
FN:279,(anonymous_31)
FN:296,(anonymous_32)
FN:303,(anonymous_33)
FN:304,(anonymous_34)
FNF:35
FNH:16
FNDA:2,AppointmentsListScreen
FNDA:1,(anonymous_1)
FNDA:0,loadAppointments
FNDA:1,(anonymous_3)
FNDA:1,loadInitialAppointments
FNDA:1,(anonymous_5)
FNDA:2,(anonymous_6)
FNDA:1,(anonymous_7)
FNDA:0,(anonymous_8)
FNDA:2,(anonymous_9)
FNDA:1,(anonymous_10)
FNDA:1,renderAppointmentRow
FNDA:0,(anonymous_12)
FNDA:2,(anonymous_13)
FNDA:1,(anonymous_14)
FNDA:0,(anonymous_15)
FNDA:0,(anonymous_16)
FNDA:13,(anonymous_17)
FNDA:12,(anonymous_18)
FNDA:0,(anonymous_19)
FNDA:0,(anonymous_20)
FNDA:2,(anonymous_21)
FNDA:1,(anonymous_22)
FNDA:0,(anonymous_23)
FNDA:0,(anonymous_24)
FNDA:0,(anonymous_25)
FNDA:0,(anonymous_26)
FNDA:0,(anonymous_27)
FNDA:0,(anonymous_28)
FNDA:0,(anonymous_29)
FNDA:0,(anonymous_30)
FNDA:0,(anonymous_31)
FNDA:0,(anonymous_32)
FNDA:0,(anonymous_33)
FNDA:0,(anonymous_34)
DA:27,1
DA:37,2
DA:38,2
DA:39,2
DA:40,2
DA:41,2
DA:42,2
DA:43,2
DA:44,2
DA:45,2
DA:47,2
DA:48,1
DA:49,1
DA:50,1
DA:51,1
DA:55,0
DA:56,0
DA:57,0
DA:58,0
DA:59,0
DA:60,0
DA:61,0
DA:64,0
DA:65,0
DA:67,0
DA:71,2
DA:72,1
DA:75,1
DA:76,1
DA:77,1
DA:78,1
DA:79,1
DA:80,1
DA:83,0
DA:84,0
DA:85,0
DA:87,1
DA:88,1
DA:93,1
DA:95,1
DA:96,1
DA:100,2
DA:101,2
DA:102,2
DA:103,1
DA:104,1
DA:105,1
DA:107,2
DA:110,2
DA:111,2
DA:112,1
DA:116,1
DA:117,0
DA:129,2
DA:130,2
DA:131,2
DA:134,2
DA:155,0
DA:161,0
DA:168,13
DA:172,12
DA:175,0
DA:192,0
DA:199,2
DA:200,1
DA:205,0
DA:209,0
DA:212,0
DA:237,0
DA:239,0
DA:242,0
DA:272,0
DA:276,0
DA:279,0
DA:296,0
DA:303,0
DA:304,0
DA:322,1
LF:78
LH:48
BRDA:49,0,0,0
BRDA:49,0,1,1
BRDA:50,1,0,0
BRDA:50,1,1,1
BRDA:54,2,0,0
BRDA:60,3,0,0
BRDA:60,3,1,0
BRDA:60,4,0,0
BRDA:60,4,1,0
BRDA:77,5,0,0
BRDA:77,5,1,1
BRDA:79,6,0,1
BRDA:79,6,1,0
BRDA:83,7,0,0
BRDA:83,7,1,0
BRDA:87,8,0,1
BRDA:87,8,1,0
BRDA:104,9,0,1
BRDA:104,9,1,0
BRDA:111,10,0,1
BRDA:111,10,1,1
BRDA:138,11,0,2
BRDA:138,11,1,0
BRDA:154,12,0,2
BRDA:154,12,1,0
BRDA:160,13,0,0
BRDA:160,13,1,2
BRDA:174,14,0,2
BRDA:174,14,1,10
BRDA:181,15,0,1
BRDA:181,15,1,1
BRDA:186,16,0,0
BRDA:186,16,1,2
BRDA:198,17,0,0
BRDA:198,17,1,2
BRDA:201,18,0,0
BRDA:201,18,1,2
BRDA:211,19,0,0
BRDA:211,19,1,0
BRDA:218,20,0,1
BRDA:218,20,1,1
BRDA:218,21,0,2
BRDA:218,21,1,1
BRDA:241,22,0,0
BRDA:241,22,1,0
BRDA:246,23,0,0
BRDA:246,23,1,0
BRDA:246,24,0,0
BRDA:246,24,1,0
BRDA:278,25,0,0
BRDA:278,25,1,0
BRDA:285,26,0,0
BRDA:285,26,1,0
BRDA:290,27,0,0
BRDA:290,27,1,0
BRDA:305,28,0,0
BRDA:305,28,1,0
BRDA:305,29,0,0
BRDA:305,29,1,0
BRF:59
BRH:22
end_of_record
TN:
SF:src\screens\auth\LoginScreen.tsx
FN:21,LoginScreen
FN:30,onSubmit
FN:74,(anonymous_2)
FNF:3
FNH:3
FNDA:6,LoginScreen
FNDA:1,onSubmit
FNDA:1,(anonymous_2)
DA:22,6
DA:23,6
DA:24,6
DA:25,6
DA:26,6
DA:27,6
DA:28,6
DA:31,1
DA:33,1
DA:34,1
DA:35,1
DA:36,1
DA:38,0
DA:39,0
DA:40,0
DA:43,0
DA:44,0
DA:45,0
DA:46,0
DA:47,0
DA:49,0
DA:51,0
DA:55,6
DA:74,1
DA:86,1
LF:25
LH:15
BRDA:31,0,0,0
BRDA:31,0,1,1
BRDA:34,1,0,1
BRDA:34,1,1,0
BRDA:38,2,0,0
BRDA:38,2,1,0
BRDA:59,3,0,6
BRDA:59,3,1,0
BRDA:72,4,0,1
BRDA:72,4,1,5
BRDA:74,5,0,0
BRDA:74,5,1,6
BRF:12
BRH:6
end_of_record
TN:
SF:src\screens\auth\PINLoginScreen.tsx
FN:20,PINLoginScreen
FN:35,(anonymous_1)
FN:39,loadProfiles
FN:60,(anonymous_3)
FN:62,selectQuickAccessUser
FN:70,onSubmitQuickAccess
FN:111,(anonymous_6)
FN:125,(anonymous_7)
FN:127,(anonymous_8)
FN:128,(anonymous_9)
FN:136,(anonymous_10)
FN:149,(anonymous_11)
FN:160,(anonymous_12)
FN:173,(anonymous_13)
FN:175,(anonymous_14)
FN:176,(anonymous_15)
FN:182,(anonymous_16)
FN:194,(anonymous_17)
FN:201,(anonymous_18)
FNF:19
FNH:10
FNDA:11,PINLoginScreen
FNDA:2,(anonymous_1)
FNDA:2,loadProfiles
FNDA:9,(anonymous_3)
FNDA:2,selectQuickAccessUser
FNDA:2,onSubmitQuickAccess
FNDA:0,(anonymous_6)
FNDA:0,(anonymous_7)
FNDA:0,(anonymous_8)
FNDA:0,(anonymous_9)
FNDA:9,(anonymous_10)
FNDA:2,(anonymous_11)
FNDA:0,(anonymous_12)
FNDA:0,(anonymous_13)
FNDA:0,(anonymous_14)
FNDA:0,(anonymous_15)
FNDA:2,(anonymous_16)
FNDA:0,(anonymous_17)
FNDA:2,(anonymous_18)
DA:21,11
DA:22,11
DA:24,11
DA:25,11
DA:26,11
DA:27,11
DA:28,11
DA:29,11
DA:30,11
DA:31,11
DA:32,11
DA:33,11
DA:35,11
DA:36,2
DA:37,2
DA:40,2
DA:41,2
DA:42,2
DA:43,2
DA:44,2
DA:45,2
DA:46,2
DA:47,2
DA:48,2
DA:51,0
DA:53,2
DA:57,2
DA:60,11
DA:63,2
DA:64,2
DA:65,2
DA:66,2
DA:67,2
DA:71,2
DA:72,2
DA:73,2
DA:74,1
DA:75,1
DA:78,1
DA:79,1
DA:80,1
DA:81,1
DA:82,1
DA:84,0
DA:86,1
DA:90,11
DA:111,0
DA:125,0
DA:127,0
DA:128,0
DA:137,9
DA:149,2
DA:160,0
DA:173,0
DA:175,0
DA:176,0
DA:182,2
DA:195,0
DA:196,0
DA:201,2
DA:212,1
LF:61
LH:49
BRDA:36,0,0,0
BRDA:36,0,1,2
BRDA:46,1,0,2
BRDA:46,1,1,0
BRDA:46,2,0,2
BRDA:46,2,1,2
BRDA:60,3,0,11
BRDA:60,3,1,2
BRDA:71,4,0,0
BRDA:71,4,1,2
BRDA:72,5,0,0
BRDA:72,5,1,2
BRDA:73,6,0,1
BRDA:73,6,1,1
BRDA:98,7,0,0
BRDA:98,7,1,11
BRDA:99,8,0,2
BRDA:99,8,1,9
BRDA:100,9,0,9
BRDA:100,9,1,2
BRDA:103,10,0,9
BRDA:103,10,1,0
BRDA:108,11,0,9
BRDA:108,11,1,2
BRDA:108,12,0,11
BRDA:108,12,1,11
BRDA:132,13,0,2
BRDA:132,13,1,9
BRDA:134,14,0,9
BRDA:134,14,1,2
BRDA:140,15,0,9
BRDA:140,15,1,0
BRDA:144,16,0,9
BRDA:144,16,1,0
BRDA:150,17,0,9
BRDA:150,17,1,0
BRDA:178,18,0,9
BRDA:178,18,1,2
BRDA:188,19,0,1
BRDA:188,19,1,10
BRDA:202,20,0,11
BRDA:202,20,1,10
BRDA:202,20,2,8
BRF:43
BRH:34
end_of_record
TN:
SF:src\screens\dining\OrderCreationScreen.tsx
FN:63,getProductExtras
FN:66,(anonymous_1)
FN:74,getRemovableIngredients
FN:76,(anonymous_3)
FN:79,getRestaurantOptionGroups
FN:82,(anonymous_5)
FN:90,createDefaultUnitConfig
FN:99,OrderCreationScreen
FN:103,(anonymous_8)
FN:105,(anonymous_9)
FN:106,(anonymous_10)
FN:107,(anonymous_11)
FN:108,(anonymous_12)
FN:109,(anonymous_13)
FN:110,(anonymous_14)
FN:119,(anonymous_15)
FN:144,(anonymous_16)
FN:159,(anonymous_17)
FN:161,(anonymous_18)
FN:162,(anonymous_19)
FN:167,(anonymous_20)
FN:170,(anonymous_21)
FN:175,(anonymous_22)
FN:177,(anonymous_23)
FN:187,(anonymous_24)
FN:188,(anonymous_25)
FN:195,(anonymous_26)
FN:199,(anonymous_27)
FN:203,(anonymous_28)
FN:208,(anonymous_29)
FN:227,(anonymous_30)
FN:240,(anonymous_31)
FN:249,(anonymous_32)
FN:272,(anonymous_33)
FN:273,(anonymous_34)
FN:273,(anonymous_35)
FN:279,(anonymous_36)
FN:284,(anonymous_37)
FN:289,(anonymous_38)
FN:294,(anonymous_39)
FN:298,(anonymous_40)
FN:312,(anonymous_41)
FN:332,(anonymous_42)
FN:333,(anonymous_43)
FN:342,(anonymous_44)
FN:344,(anonymous_45)
FN:345,(anonymous_46)
FN:380,(anonymous_47)
FN:399,(anonymous_48)
FN:408,(anonymous_49)
FN:410,(anonymous_50)
FN:411,(anonymous_51)
FN:417,(anonymous_52)
FN:473,(anonymous_53)
FN:491,(anonymous_54)
FN:505,(anonymous_55)
FN:529,(anonymous_56)
FN:539,(anonymous_57)
FN:546,(anonymous_58)
FN:572,(anonymous_59)
FN:588,(anonymous_60)
FN:595,(anonymous_61)
FN:597,(anonymous_62)
FN:610,(anonymous_63)
FN:618,(anonymous_64)
FN:620,(anonymous_65)
FN:641,(anonymous_66)
FN:645,(anonymous_67)
FN:648,(anonymous_68)
FN:648,(anonymous_69)
FN:651,(anonymous_70)
FN:670,(anonymous_71)
FN:712,(anonymous_72)
FN:719,(anonymous_73)
FN:725,(anonymous_74)
FN:751,(anonymous_75)
FN:754,(anonymous_76)
FN:767,(anonymous_77)
FN:788,(anonymous_78)
FN:790,(anonymous_79)
FN:804,(anonymous_80)
FN:807,(anonymous_81)
FN:810,(anonymous_82)
FN:813,(anonymous_83)
FN:817,(anonymous_84)
FN:818,(anonymous_85)
FN:838,(anonymous_86)
FN:841,(anonymous_87)
FN:844,(anonymous_88)
FN:847,(anonymous_89)
FN:851,(anonymous_90)
FN:852,(anonymous_91)
FN:870,(anonymous_92)
FN:894,(anonymous_93)
FN:900,(anonymous_94)
FN:902,(anonymous_95)
FN:907,(anonymous_96)
FN:925,(anonymous_97)
FN:930,(anonymous_98)
FNF:99
FNH:42
FNDA:6,getProductExtras
FNDA:6,(anonymous_1)
FNDA:3,getRemovableIngredients
FNDA:3,(anonymous_3)
FNDA:6,getRestaurantOptionGroups
FNDA:0,(anonymous_5)
FNDA:0,createDefaultUnitConfig
FNDA:14,OrderCreationScreen
FNDA:29,(anonymous_8)
FNDA:14,(anonymous_9)
FNDA:14,(anonymous_10)
FNDA:14,(anonymous_11)
FNDA:14,(anonymous_12)
FNDA:14,(anonymous_13)
FNDA:14,(anonymous_14)
FNDA:14,(anonymous_15)
FNDA:3,(anonymous_16)
FNDA:3,(anonymous_17)
FNDA:6,(anonymous_18)
FNDA:0,(anonymous_19)
FNDA:0,(anonymous_20)
FNDA:3,(anonymous_21)
FNDA:3,(anonymous_22)
FNDA:6,(anonymous_23)
FNDA:0,(anonymous_24)
FNDA:0,(anonymous_25)
FNDA:9,(anonymous_26)
FNDA:9,(anonymous_27)
FNDA:9,(anonymous_28)
FNDA:0,(anonymous_29)
FNDA:0,(anonymous_30)
FNDA:0,(anonymous_31)
FNDA:0,(anonymous_32)
FNDA:0,(anonymous_33)
FNDA:0,(anonymous_34)
FNDA:0,(anonymous_35)
FNDA:17,(anonymous_36)
FNDA:17,(anonymous_37)
FNDA:0,(anonymous_38)
FNDA:8,(anonymous_39)
FNDA:3,(anonymous_40)
FNDA:3,(anonymous_41)
FNDA:1,(anonymous_42)
FNDA:1,(anonymous_43)
FNDA:0,(anonymous_44)
FNDA:0,(anonymous_45)
FNDA:0,(anonymous_46)
FNDA:3,(anonymous_47)
FNDA:3,(anonymous_48)
FNDA:0,(anonymous_49)
FNDA:0,(anonymous_50)
FNDA:0,(anonymous_51)
FNDA:0,(anonymous_52)
FNDA:0,(anonymous_53)
FNDA:0,(anonymous_54)
FNDA:0,(anonymous_55)
FNDA:0,(anonymous_56)
FNDA:0,(anonymous_57)
FNDA:0,(anonymous_58)
FNDA:0,(anonymous_59)
FNDA:140,(anonymous_60)
FNDA:0,(anonymous_61)
FNDA:0,(anonymous_62)
FNDA:0,(anonymous_63)
FNDA:0,(anonymous_64)
FNDA:0,(anonymous_65)
FNDA:24,(anonymous_66)
FNDA:12,(anonymous_67)
FNDA:0,(anonymous_68)
FNDA:0,(anonymous_69)
FNDA:3,(anonymous_70)
FNDA:0,(anonymous_71)
FNDA:0,(anonymous_72)
FNDA:0,(anonymous_73)
FNDA:0,(anonymous_74)
FNDA:0,(anonymous_75)
FNDA:0,(anonymous_76)
FNDA:0,(anonymous_77)
FNDA:0,(anonymous_78)
FNDA:0,(anonymous_79)
FNDA:8,(anonymous_80)
FNDA:1,(anonymous_81)
FNDA:0,(anonymous_82)
FNDA:0,(anonymous_83)
FNDA:1,(anonymous_84)
FNDA:0,(anonymous_85)
FNDA:8,(anonymous_86)
FNDA:1,(anonymous_87)
FNDA:0,(anonymous_88)
FNDA:0,(anonymous_89)
FNDA:1,(anonymous_90)
FNDA:0,(anonymous_91)
FNDA:0,(anonymous_92)
FNDA:0,(anonymous_93)
FNDA:0,(anonymous_94)
FNDA:0,(anonymous_95)
FNDA:0,(anonymous_96)
FNDA:0,(anonymous_97)
FNDA:0,(anonymous_98)
DA:64,6
DA:65,6
DA:67,6
DA:75,3
DA:76,3
DA:80,6
DA:81,0
DA:83,0
DA:91,0
DA:100,14
DA:101,14
DA:102,14
DA:103,14
DA:104,29
DA:105,14
DA:106,14
DA:107,14
DA:108,14
DA:109,14
DA:110,14
DA:111,14
DA:112,14
DA:113,14
DA:116,14
DA:117,14
DA:119,14
DA:120,14
DA:121,0
DA:125,14
DA:126,14
DA:127,14
DA:128,14
DA:129,14
DA:130,14
DA:131,14
DA:132,14
DA:133,14
DA:134,14
DA:135,14
DA:136,14
DA:137,14
DA:138,14
DA:139,14
DA:140,14
DA:141,14
DA:143,14
DA:144,3
DA:159,14
DA:160,3
DA:161,3
DA:162,6
DA:163,0
DA:164,0
DA:167,3
DA:170,14
DA:171,3
DA:172,3
DA:175,14
DA:176,3
DA:177,3
DA:178,6
DA:179,6
DA:180,6
DA:181,0
DA:182,0
DA:184,6
DA:186,0
DA:187,0
DA:188,0
DA:189,0
DA:191,6
DA:195,14
DA:196,9
DA:199,14
DA:200,9
DA:203,14
DA:204,9
DA:207,14
DA:209,0
DA:210,0
DA:211,0
DA:213,0
DA:214,0
DA:215,0
DA:216,0
DA:217,0
DA:218,0
DA:219,0
DA:221,0
DA:222,0
DA:223,0
DA:224,0
DA:227,0
DA:228,0
DA:229,0
DA:231,0
DA:233,0
DA:234,0
DA:240,14
DA:241,0
DA:242,0
DA:244,0
DA:245,0
DA:249,0
DA:253,0
DA:254,0
DA:255,0
DA:256,0
DA:259,0
DA:260,0
DA:261,0
DA:262,0
DA:263,0
DA:264,0
DA:266,0
DA:267,0
DA:268,0
DA:271,14
DA:273,0
DA:278,14
DA:279,17
DA:283,14
DA:284,17
DA:288,14
DA:289,0
DA:293,14
DA:294,8
DA:298,14
DA:299,3
DA:300,3
DA:301,3
DA:302,3
DA:303,3
DA:304,3
DA:305,3
DA:306,3
DA:307,3
DA:308,3
DA:311,14
DA:321,3
DA:322,3
DA:323,3
DA:325,3
DA:326,1
DA:332,3
DA:333,1
DA:334,1
DA:335,1
DA:342,3
DA:343,0
DA:344,0
DA:345,0
DA:346,0
DA:347,0
DA:352,3
DA:360,3
DA:361,3
DA:363,3
DA:364,2
DA:365,2
DA:368,1
DA:373,1
DA:374,1
DA:375,1
DA:376,0
DA:380,3
DA:399,14
DA:400,3
DA:402,3
DA:404,3
DA:405,3
DA:406,3
DA:408,3
DA:409,3
DA:410,0
DA:411,0
DA:412,0
DA:413,0
DA:416,0
DA:417,0
DA:418,0
DA:419,0
DA:420,0
DA:421,0
DA:423,0
DA:424,0
DA:425,0
DA:429,3
DA:430,0
DA:431,0
DA:441,3
DA:451,3
DA:453,0
DA:455,3
DA:472,14
DA:474,0
DA:476,0
DA:477,0
DA:478,0
DA:479,0
DA:481,0
DA:483,0
DA:489,14
DA:491,0
DA:505,0
DA:529,0
DA:540,0
DA:546,0
DA:573,0
DA:574,0
DA:589,140
DA:596,0
DA:597,0
DA:611,0
DA:619,0
DA:620,0
DA:641,24
DA:646,12
DA:648,12
DA:649,12
DA:651,3
DA:671,0
DA:672,0
DA:712,0
DA:719,0
DA:725,0
DA:753,0
DA:755,0
DA:756,0
DA:757,0
DA:759,0
DA:767,0
DA:789,0
DA:790,0
DA:792,0
DA:805,8
DA:808,1
DA:809,1
DA:810,0
DA:813,0
DA:817,1
DA:818,1
DA:839,8
DA:842,1
DA:843,1
DA:844,0
DA:847,0
DA:851,1
DA:852,1
DA:871,0
DA:872,0
DA:873,0
DA:874,0
DA:875,0
DA:895,0
DA:896,0
DA:901,0
DA:902,0
DA:903,0
DA:905,0
DA:906,0
DA:907,0
DA:909,0
DA:910,0
DA:911,0
DA:913,0
DA:917,0
DA:919,0
DA:925,0
DA:926,0
DA:928,0
DA:929,0
DA:930,0
DA:932,0
DA:933,0
DA:934,0
DA:936,0
DA:940,0
DA:942,0
DA:982,1
LF:280
LH:139
BRDA:64,0,0,0
BRDA:64,0,1,6
BRDA:67,1,0,6
BRDA:67,1,1,6
BRDA:67,1,2,6
BRDA:75,2,0,0
BRDA:75,2,1,3
BRDA:76,3,0,3
BRDA:76,3,1,3
BRDA:80,4,0,6
BRDA:80,4,1,0
BRDA:83,5,0,0
BRDA:83,5,1,0
BRDA:83,5,2,0
BRDA:83,5,3,0
BRDA:102,6,0,0
BRDA:102,6,1,14
BRDA:116,7,0,14
BRDA:116,7,1,0
BRDA:117,8,0,14
BRDA:117,8,1,4
BRDA:120,9,0,0
BRDA:120,9,1,14
BRDA:164,10,0,0
BRDA:164,10,1,0
BRDA:171,11,0,0
BRDA:171,11,1,3
BRDA:172,12,0,3
BRDA:172,12,1,0
BRDA:178,13,0,0
BRDA:178,13,1,6
BRDA:178,14,0,6
BRDA:178,14,1,0
BRDA:179,15,0,0
BRDA:179,15,1,6
BRDA:179,16,0,6
BRDA:179,16,1,0
BRDA:180,17,0,0
BRDA:180,17,1,6
BRDA:181,18,0,0
BRDA:181,18,1,0
BRDA:182,19,0,0
BRDA:182,19,1,0
BRDA:184,20,0,0
BRDA:184,20,1,6
BRDA:186,21,0,0
BRDA:186,21,1,0
BRDA:189,22,0,0
BRDA:189,22,1,0
BRDA:196,23,0,3
BRDA:196,23,1,6
BRDA:200,24,0,3
BRDA:200,24,1,6
BRDA:204,25,0,3
BRDA:204,25,1,6
BRDA:209,26,0,0
BRDA:209,26,1,0
BRDA:211,27,0,0
BRDA:211,27,1,0
BRDA:213,28,0,0
BRDA:213,28,1,0
BRDA:214,29,0,0
BRDA:214,29,1,0
BRDA:228,30,0,0
BRDA:228,30,1,0
BRDA:233,31,0,0
BRDA:233,31,1,0
BRDA:241,32,0,0
BRDA:241,32,1,0
BRDA:242,33,0,0
BRDA:242,33,1,0
BRDA:244,34,0,0
BRDA:244,34,1,0
BRDA:259,35,0,0
BRDA:259,35,1,0
BRDA:273,36,0,0
BRDA:273,36,1,0
BRDA:279,37,0,0
BRDA:279,37,1,17
BRDA:279,38,0,0
BRDA:279,38,1,0
BRDA:284,39,0,0
BRDA:284,39,1,17
BRDA:284,40,0,0
BRDA:284,40,1,0
BRDA:289,41,0,0
BRDA:289,41,1,0
BRDA:289,42,0,0
BRDA:289,42,1,0
BRDA:294,43,0,0
BRDA:294,43,1,8
BRDA:294,44,0,0
BRDA:294,44,1,0
BRDA:325,45,0,1
BRDA:325,45,1,2
BRDA:334,46,0,1
BRDA:334,46,1,0
BRDA:337,47,0,1
BRDA:337,47,1,0
BRDA:343,48,0,0
BRDA:343,48,1,0
BRDA:346,49,0,0
BRDA:346,49,1,0
BRDA:355,50,0,3
BRDA:355,50,1,3
BRDA:356,51,0,1
BRDA:356,51,1,2
BRDA:361,52,0,3
BRDA:361,52,1,1
BRDA:363,53,0,2
BRDA:363,53,1,1
BRDA:370,54,0,1
BRDA:370,54,1,1
BRDA:375,55,0,0
BRDA:375,55,1,1
BRDA:382,56,0,3
BRDA:382,56,1,3
BRDA:400,57,0,0
BRDA:400,57,1,3
BRDA:400,58,0,3
BRDA:400,58,1,3
BRDA:402,59,0,3
BRDA:402,59,1,0
BRDA:409,60,0,0
BRDA:409,60,1,3
BRDA:412,61,0,0
BRDA:412,61,1,0
BRDA:413,62,0,0
BRDA:413,62,1,0
BRDA:416,63,0,0
BRDA:416,63,1,0
BRDA:418,64,0,0
BRDA:418,64,1,0
BRDA:423,65,0,0
BRDA:423,65,1,0
BRDA:429,66,0,0
BRDA:429,66,1,3
BRDA:429,67,0,3
BRDA:429,67,1,0
BRDA:453,68,0,0
BRDA:453,68,1,0
BRDA:474,69,0,0
BRDA:474,69,1,0
BRDA:481,70,0,0
BRDA:481,70,1,0
BRDA:493,71,0,0
BRDA:493,71,1,14
BRDA:499,72,0,0
BRDA:499,72,1,14
BRDA:527,73,0,14
BRDA:527,73,1,14
BRDA:533,74,0,14
BRDA:533,74,1,0
BRDA:544,75,0,0
BRDA:544,75,1,0
BRDA:550,76,0,0
BRDA:550,76,1,0
BRDA:570,77,0,14
BRDA:570,77,1,14
BRDA:570,77,2,14
BRDA:579,78,0,14
BRDA:579,78,1,0
BRDA:579,79,0,14
BRDA:579,79,1,14
BRDA:593,80,0,140
BRDA:593,80,1,0
BRDA:597,81,0,0
BRDA:597,81,1,0
BRDA:602,82,0,0
BRDA:602,82,1,140
BRDA:615,83,0,0
BRDA:615,83,1,0
BRDA:615,83,2,0
BRDA:620,84,0,0
BRDA:620,84,1,0
BRDA:625,85,0,0
BRDA:625,85,1,0
BRDA:625,86,0,0
BRDA:625,86,1,0
BRDA:638,87,0,6
BRDA:638,87,1,8
BRDA:644,88,0,6
BRDA:644,88,1,0
BRDA:646,89,0,12
BRDA:646,89,1,9
BRDA:648,90,0,12
BRDA:648,90,1,12
BRDA:652,91,0,12
BRDA:652,91,1,0
BRDA:653,92,0,12
BRDA:653,92,1,12
BRDA:656,93,0,12
BRDA:656,93,1,3
BRDA:663,94,0,12
BRDA:663,94,1,0
BRDA:674,95,0,12
BRDA:674,95,1,12
BRDA:683,96,0,6
BRDA:683,96,1,0
BRDA:712,97,0,0
BRDA:712,97,1,0
BRDA:719,98,0,0
BRDA:719,98,1,0
BRDA:725,99,0,0
BRDA:725,99,1,0
BRDA:732,100,0,8
BRDA:732,100,1,0
BRDA:732,101,0,8
BRDA:732,101,1,0
BRDA:734,102,0,0
BRDA:734,102,1,0
BRDA:737,103,0,0
BRDA:737,103,1,0
BRDA:744,104,0,8
BRDA:744,104,1,0
BRDA:744,104,2,0
BRDA:753,105,0,0
BRDA:753,105,1,0
BRDA:755,106,0,0
BRDA:755,106,1,0
BRDA:756,107,0,0
BRDA:756,107,1,0
BRDA:757,108,0,0
BRDA:757,108,1,0
BRDA:764,109,0,0
BRDA:764,109,1,0
BRDA:765,110,0,0
BRDA:765,110,1,0
BRDA:771,111,0,0
BRDA:771,111,1,0
BRDA:789,112,0,0
BRDA:789,112,1,0
BRDA:801,113,0,8
BRDA:801,113,1,8
BRDA:809,114,0,0
BRDA:809,114,1,1
BRDA:812,115,0,0
BRDA:812,115,1,0
BRDA:818,116,0,0
BRDA:818,116,1,1
BRDA:825,117,0,3
BRDA:825,117,1,5
BRDA:826,118,0,3
BRDA:826,118,1,5
BRDA:835,119,0,8
BRDA:835,119,1,8
BRDA:843,120,0,0
BRDA:843,120,1,1
BRDA:846,121,0,0
BRDA:846,121,1,0
BRDA:852,122,0,0
BRDA:852,122,1,1
BRDA:859,123,0,2
BRDA:859,123,1,6
BRDA:860,124,0,2
BRDA:860,124,1,6
BRDA:863,125,0,8
BRDA:863,125,1,0
BRDA:872,126,0,0
BRDA:872,126,1,0
BRDA:873,127,0,0
BRDA:873,127,1,0
BRDA:873,128,0,0
BRDA:873,128,1,0
BRDA:873,129,0,0
BRDA:873,129,1,0
BRDA:874,130,0,0
BRDA:874,130,1,0
BRDA:876,131,0,0
BRDA:876,131,1,0
BRDA:880,132,0,0
BRDA:880,132,1,0
BRDA:883,133,0,0
BRDA:883,133,1,0
BRDA:888,134,0,0
BRDA:888,134,1,0
BRDA:899,135,0,0
BRDA:899,135,1,0
BRDA:901,136,0,0
BRDA:901,136,1,0
BRDA:903,137,0,0
BRDA:903,137,1,0
BRDA:905,138,0,0
BRDA:905,138,1,0
BRDA:906,139,0,0
BRDA:906,139,1,0
BRDA:910,140,0,0
BRDA:910,140,1,0
BRDA:910,141,0,0
BRDA:910,141,1,0
BRDA:910,141,2,0
BRDA:917,142,0,0
BRDA:917,142,1,0
BRDA:926,143,0,0
BRDA:926,143,1,0
BRDA:928,144,0,0
BRDA:928,144,1,0
BRDA:929,145,0,0
BRDA:929,145,1,0
BRDA:933,146,0,0
BRDA:933,146,1,0
BRDA:933,147,0,0
BRDA:933,147,1,0
BRDA:933,147,2,0
BRDA:940,148,0,0
BRDA:940,148,1,0
BRDA:947,149,0,0
BRDA:947,149,1,0
BRDA:949,150,0,0
BRDA:949,150,1,0
BRDA:968,151,0,3
BRDA:968,151,1,5
BRDA:970,152,0,8
BRDA:970,152,1,5
BRF:314
BRH:107
end_of_record
TN:
SF:src\screens\dining\RestaurantCheckoutScreen.tsx
FN:54,RestaurantCheckoutScreen
FN:56,(anonymous_1)
FN:82,(anonymous_2)
FN:88,(anonymous_3)
FN:88,(anonymous_4)
FN:92,(anonymous_5)
FN:95,(anonymous_6)
FN:100,(anonymous_7)
FN:101,(anonymous_8)
FN:106,(anonymous_9)
FN:110,(anonymous_10)
FN:113,(anonymous_11)
FN:131,(anonymous_12)
FN:134,runLoadContext
FN:151,(anonymous_14)
FN:156,(anonymous_15)
FN:157,(anonymous_16)
FN:163,(anonymous_17)
FN:164,(anonymous_18)
FN:169,(anonymous_19)
FN:178,(anonymous_20)
FN:201,(anonymous_21)
FN:217,(anonymous_22)
FN:223,(anonymous_23)
FN:235,(anonymous_24)
FN:259,(anonymous_25)
FN:279,(anonymous_26)
FN:285,(anonymous_27)
FN:302,(anonymous_28)
FN:322,(anonymous_29)
FN:323,(anonymous_30)
FN:333,(anonymous_31)
FN:335,(anonymous_32)
FN:413,(anonymous_33)
FN:475,(anonymous_34)
FN:483,(anonymous_35)
FN:493,(anonymous_36)
FN:505,(anonymous_37)
FN:528,(anonymous_38)
FN:571,(anonymous_39)
FN:579,(anonymous_40)
FN:597,(anonymous_41)
FN:623,(anonymous_42)
FN:623,(anonymous_43)
FN:629,(anonymous_44)
FN:637,(anonymous_45)
FN:641,(anonymous_46)
FN:643,(anonymous_47)
FN:645,(anonymous_48)
FN:677,(anonymous_49)
FN:681,(anonymous_50)
FN:723,(anonymous_51)
FN:738,(anonymous_52)
FN:740,(anonymous_53)
FN:741,(anonymous_54)
FN:751,(anonymous_55)
FN:767,(anonymous_56)
FN:784,(anonymous_57)
FN:788,(anonymous_58)
FN:799,(anonymous_59)
FN:803,(anonymous_60)
FN:822,(anonymous_61)
FN:847,parseEuroMajor
FN:854,parseExtraValue
FN:863,parseEuroDeltaFromTrailingParens
FN:870,parseOrderItemOptionsToConfiguration
FN:879,(anonymous_66)
FN:889,(anonymous_67)
FN:931,toMoney
FN:1142,getOrderItemLineTotal
FN:1160,extractApiErrorMessage
FN:1180,(anonymous_71)
FN:1188,normalizeCheckoutErrorMessage
FNF:73
FNH:56
FNDA:96,RestaurantCheckoutScreen
FNDA:96,(anonymous_1)
FNDA:24,(anonymous_2)
FNDA:59,(anonymous_3)
FNDA:88,(anonymous_4)
FNDA:59,(anonymous_5)
FNDA:44,(anonymous_6)
FNDA:44,(anonymous_7)
FNDA:61,(anonymous_8)
FNDA:40,(anonymous_9)
FNDA:158,(anonymous_10)
FNDA:21,(anonymous_11)
FNDA:12,(anonymous_12)
FNDA:12,runLoadContext
FNDA:12,(anonymous_14)
FNDA:24,(anonymous_15)
FNDA:27,(anonymous_16)
FNDA:12,(anonymous_17)
FNDA:0,(anonymous_18)
FNDA:1,(anonymous_19)
FNDA:0,(anonymous_20)
FNDA:1,(anonymous_21)
FNDA:10,(anonymous_22)
FNDA:23,(anonymous_23)
FNDA:2,(anonymous_24)
FNDA:2,(anonymous_25)
FNDA:7,(anonymous_26)
FNDA:6,(anonymous_27)
FNDA:11,(anonymous_28)
FNDA:12,(anonymous_29)
FNDA:12,(anonymous_30)
FNDA:11,(anonymous_31)
FNDA:13,(anonymous_32)
FNDA:9,(anonymous_33)
FNDA:49,(anonymous_34)
FNDA:2,(anonymous_35)
FNDA:0,(anonymous_36)
FNDA:2,(anonymous_37)
FNDA:2,(anonymous_38)
FNDA:0,(anonymous_39)
FNDA:0,(anonymous_40)
FNDA:0,(anonymous_41)
FNDA:0,(anonymous_42)
FNDA:0,(anonymous_43)
FNDA:0,(anonymous_44)
FNDA:166,(anonymous_45)
FNDA:11,(anonymous_46)
FNDA:11,(anonymous_47)
FNDA:28,(anonymous_48)
FNDA:210,(anonymous_49)
FNDA:8,(anonymous_50)
FNDA:11,(anonymous_51)
FNDA:0,(anonymous_52)
FNDA:0,(anonymous_53)
FNDA:0,(anonymous_54)
FNDA:0,(anonymous_55)
FNDA:0,(anonymous_56)
FNDA:105,(anonymous_57)
FNDA:0,(anonymous_58)
FNDA:63,(anonymous_59)
FNDA:0,(anonymous_60)
FNDA:2,(anonymous_61)
FNDA:2,parseEuroMajor
FNDA:1,parseExtraValue
FNDA:1,parseEuroDeltaFromTrailingParens
FNDA:2,parseOrderItemOptionsToConfiguration
FNDA:3,(anonymous_66)
FNDA:1,(anonymous_67)
FNDA:78,toMoney
FNDA:44,getOrderItemLineTotal
FNDA:1,extractApiErrorMessage
FNDA:0,(anonymous_71)
FNDA:1,normalizeCheckoutErrorMessage
DA:55,96
DA:56,96
DA:57,96
DA:59,96
DA:60,96
DA:61,96
DA:62,96
DA:63,96
DA:64,96
DA:65,96
DA:66,96
DA:67,96
DA:68,96
DA:69,96
DA:70,96
DA:73,96
DA:74,96
DA:75,96
DA:76,96
DA:77,96
DA:78,96
DA:79,96
DA:80,96
DA:82,96
DA:83,24
DA:84,24
DA:87,96
DA:88,88
DA:92,96
DA:93,59
DA:95,44
DA:96,23
DA:97,0
DA:100,44
DA:101,61
DA:102,23
DA:103,23
DA:106,96
DA:107,40
DA:108,40
DA:110,96
DA:111,158
DA:113,96
DA:114,21
DA:115,12
DA:117,21
DA:119,21
DA:120,21
DA:121,21
DA:122,21
DA:124,0
DA:127,21
DA:128,21
DA:131,96
DA:132,12
DA:135,12
DA:136,12
DA:138,12
DA:140,0
DA:141,0
DA:143,12
DA:144,12
DA:149,12
DA:151,12
DA:152,12
DA:156,96
DA:157,27
DA:158,24
DA:159,12
DA:160,12
DA:163,12
DA:164,12
DA:165,12
DA:169,96
DA:170,1
DA:171,1
DA:172,1
DA:174,0
DA:178,96
DA:179,0
DA:180,0
DA:181,0
DA:184,0
DA:185,0
DA:186,0
DA:189,0
DA:190,0
DA:191,0
DA:192,0
DA:193,0
DA:195,0
DA:197,0
DA:201,96
DA:202,1
DA:203,0
DA:206,1
DA:207,1
DA:208,1
DA:209,0
DA:214,1
DA:217,96
DA:218,10
DA:219,10
DA:220,0
DA:223,23
DA:224,10
DA:225,0
DA:228,10
DA:232,10
DA:233,1
DA:235,1
DA:236,2
DA:237,2
DA:238,2
DA:247,1
DA:253,1
DA:259,2
DA:262,1
DA:264,1
DA:265,1
DA:268,10
DA:269,0
DA:272,10
DA:279,96
DA:280,7
DA:281,0
DA:284,7
DA:285,7
DA:286,7
DA:287,7
DA:289,1
DA:290,1
DA:291,1
DA:292,1
DA:296,1
DA:297,1
DA:298,1
DA:301,96
DA:303,11
DA:305,11
DA:307,11
DA:308,11
DA:309,11
DA:311,11
DA:312,11
DA:313,7
DA:314,7
DA:315,1
DA:319,10
DA:321,10
DA:322,12
DA:323,12
DA:325,10
DA:326,1
DA:329,9
DA:330,9
DA:333,9
DA:334,11
DA:335,13
DA:336,11
DA:343,9
DA:351,9
DA:360,9
DA:362,2
DA:366,2
DA:367,0
DA:370,2
DA:378,2
DA:379,2
DA:388,2
DA:389,2
DA:390,2
DA:391,2
DA:394,7
DA:400,7
DA:411,7
DA:413,9
DA:417,7
DA:418,7
DA:419,7
DA:421,7
DA:422,1
DA:423,1
DA:424,1
DA:429,1
DA:430,1
DA:431,1
DA:432,1
DA:433,1
DA:436,6
DA:439,1
DA:448,1
DA:449,1
DA:450,1
DA:452,11
DA:453,9
DA:475,96
DA:476,49
DA:477,37
DA:478,37
DA:481,96
DA:483,96
DA:484,2
DA:485,2
DA:486,2
DA:487,2
DA:488,2
DA:489,2
DA:490,2
DA:491,2
DA:492,2
DA:493,0
DA:494,0
DA:495,0
DA:497,2
DA:498,0
DA:500,2
DA:501,2
DA:503,2
DA:504,2
DA:505,2
DA:508,2
DA:511,2
DA:512,1
DA:519,0
DA:526,2
DA:528,2
DA:531,2
DA:532,2
DA:533,2
DA:534,2
DA:535,0
DA:536,0
DA:537,0
DA:542,0
DA:543,0
DA:544,0
DA:545,0
DA:546,0
DA:548,2
DA:551,0
DA:560,0
DA:561,0
DA:562,0
DA:563,0
DA:564,0
DA:566,2
DA:567,2
DA:571,96
DA:572,0
DA:573,0
DA:574,0
DA:577,96
DA:579,0
DA:597,0
DA:623,0
DA:629,0
DA:638,166
DA:642,11
DA:643,11
DA:644,11
DA:645,28
DA:678,210
DA:681,8
DA:723,11
DA:738,0
DA:740,0
DA:741,0
DA:751,0
DA:767,0
DA:785,105
DA:788,0
DA:800,63
DA:803,0
DA:822,2
DA:848,2
DA:849,2
DA:850,2
DA:851,2
DA:855,1
DA:856,1
DA:857,1
DA:858,1
DA:860,0
DA:864,1
DA:865,1
DA:866,1
DA:867,1
DA:873,2
DA:875,1
DA:876,1
DA:877,1
DA:879,1
DA:880,3
DA:881,3
DA:882,3
DA:884,3
DA:885,1
DA:886,1
DA:889,1
DA:892,1
DA:895,2
DA:896,1
DA:897,1
DA:903,1
DA:906,1
DA:908,1
DA:911,1
DA:920,1
DA:921,0
DA:924,1
DA:932,78
DA:933,78
DA:934,78
DA:937,1
DA:1143,44
DA:1144,44
DA:1145,44
DA:1146,0
DA:1148,44
DA:1149,44
DA:1150,0
DA:1152,44
DA:1153,44
DA:1154,44
DA:1155,0
DA:1157,44
DA:1161,1
DA:1162,1
DA:1168,1
DA:1175,1
DA:1176,4
DA:1177,1
DA:1179,3
DA:1180,0
DA:1181,0
DA:1185,0
DA:1189,1
DA:1190,1
DA:1192,1
DA:1194,1
DA:1201,1
DA:1203,1
DA:1204,0
DA:1207,1
LF:345
LH:278
BRDA:57,0,0,0
BRDA:57,0,1,96
BRDA:83,1,0,24
BRDA:83,1,1,12
BRDA:84,2,0,24
BRDA:84,2,1,0
BRDA:88,3,0,59
BRDA:88,3,1,24
BRDA:93,4,0,36
BRDA:93,4,1,23
BRDA:93,5,0,59
BRDA:93,5,1,35
BRDA:96,6,0,0
BRDA:96,6,1,23
BRDA:102,7,0,0
BRDA:102,7,1,23
BRDA:113,8,0,0
BRDA:114,9,0,12
BRDA:114,9,1,9
BRDA:138,10,0,0
BRDA:138,10,1,12
BRDA:140,11,0,0
BRDA:140,11,1,0
BRDA:141,12,0,0
BRDA:141,12,1,0
BRDA:143,13,0,12
BRDA:143,13,1,0
BRDA:157,14,0,24
BRDA:157,14,1,12
BRDA:158,15,0,12
BRDA:158,15,1,12
BRDA:165,16,0,0
BRDA:165,16,1,12
BRDA:179,17,0,0
BRDA:179,17,1,0
BRDA:180,18,0,0
BRDA:180,18,1,0
BRDA:184,19,0,0
BRDA:184,19,1,0
BRDA:195,20,0,0
BRDA:195,20,1,0
BRDA:202,21,0,0
BRDA:202,21,1,1
BRDA:208,22,0,0
BRDA:208,22,1,1
BRDA:218,23,0,10
BRDA:218,23,1,0
BRDA:219,24,0,0
BRDA:219,24,1,10
BRDA:224,25,0,0
BRDA:224,25,1,10
BRDA:232,26,0,1
BRDA:232,26,1,9
BRDA:241,27,0,1
BRDA:241,27,1,1
BRDA:242,28,0,1
BRDA:242,28,1,1
BRDA:268,29,0,0
BRDA:268,29,1,10
BRDA:275,30,0,10
BRDA:275,30,1,0
BRDA:280,31,0,0
BRDA:280,31,1,7
BRDA:286,32,0,7
BRDA:286,32,1,1
BRDA:286,32,2,1
BRDA:287,33,0,6
BRDA:287,33,1,1
BRDA:289,34,0,1
BRDA:289,34,1,0
BRDA:292,35,0,1
BRDA:292,35,1,0
BRDA:292,35,2,0
BRDA:303,36,0,0
BRDA:303,36,1,11
BRDA:303,37,0,11
BRDA:303,37,1,11
BRDA:303,37,2,11
BRDA:303,37,3,11
BRDA:312,38,0,7
BRDA:312,38,1,4
BRDA:312,39,0,11
BRDA:312,39,1,6
BRDA:314,40,0,1
BRDA:314,40,1,6
BRDA:323,41,0,12
BRDA:323,41,1,11
BRDA:325,42,0,1
BRDA:325,42,1,9
BRDA:339,43,0,11
BRDA:339,43,1,0
BRDA:360,44,0,2
BRDA:360,44,1,7
BRDA:360,45,0,9
BRDA:360,45,1,2
BRDA:360,45,2,1
BRDA:360,45,3,2
BRDA:362,46,0,1
BRDA:362,46,1,1
BRDA:366,47,0,0
BRDA:366,47,1,2
BRDA:388,48,0,2
BRDA:388,48,1,0
BRDA:395,49,0,7
BRDA:395,49,1,0
BRDA:421,50,0,1
BRDA:421,50,1,6
BRDA:422,51,0,1
BRDA:422,51,1,0
BRDA:441,52,0,1
BRDA:441,52,1,0
BRDA:448,53,0,1
BRDA:448,53,1,0
BRDA:448,54,0,0
BRDA:448,54,1,0
BRDA:452,55,0,9
BRDA:452,55,1,2
BRDA:476,56,0,12
BRDA:476,56,1,37
BRDA:478,57,0,0
BRDA:478,57,1,37
BRDA:481,58,0,96
BRDA:481,58,1,12
BRDA:485,59,0,0
BRDA:485,59,1,2
BRDA:492,60,0,2
BRDA:492,60,1,0
BRDA:497,61,0,0
BRDA:497,61,1,2
BRDA:505,62,0,2
BRDA:505,62,1,1
BRDA:508,63,0,2
BRDA:508,63,1,0
BRDA:511,64,0,1
BRDA:511,64,1,1
BRDA:513,65,0,1
BRDA:513,65,1,0
BRDA:520,66,0,0
BRDA:520,66,1,0
BRDA:534,67,0,0
BRDA:534,67,1,2
BRDA:535,68,0,0
BRDA:535,68,1,0
BRDA:553,69,0,0
BRDA:553,69,1,0
BRDA:554,70,0,0
BRDA:554,70,1,0
BRDA:560,71,0,0
BRDA:560,71,1,0
BRDA:560,72,0,0
BRDA:560,72,1,0
BRDA:582,73,0,24
BRDA:582,73,1,72
BRDA:591,74,0,1
BRDA:591,74,1,95
BRDA:602,75,0,71
BRDA:602,75,1,25
BRDA:602,76,0,96
BRDA:602,76,1,72
BRDA:605,77,0,71
BRDA:605,77,1,0
BRDA:623,78,0,0
BRDA:623,78,1,0
BRDA:624,79,0,71
BRDA:624,79,1,56
BRDA:630,80,0,71
BRDA:630,80,1,56
BRDA:642,81,0,0
BRDA:642,81,1,11
BRDA:642,82,0,11
BRDA:642,82,1,11
BRDA:644,83,0,11
BRDA:644,83,1,0
BRDA:652,84,0,57
BRDA:652,84,1,109
BRDA:656,85,0,166
BRDA:656,85,1,94
BRDA:657,86,0,94
BRDA:657,86,1,72
BRDA:665,87,0,1
BRDA:665,87,1,70
BRDA:669,88,0,1
BRDA:669,88,1,0
BRDA:680,89,0,210
BRDA:680,89,1,70
BRDA:684,90,0,210
BRDA:684,90,1,70
BRDA:685,91,0,70
BRDA:685,91,1,140
BRDA:685,92,0,70
BRDA:685,92,1,70
BRDA:691,93,0,43
BRDA:691,93,1,27
BRDA:701,94,0,0
BRDA:701,94,1,43
BRDA:707,95,0,12
BRDA:707,95,1,58
BRDA:724,96,0,70
BRDA:724,96,1,55
BRDA:724,96,2,54
BRDA:745,97,0,96
BRDA:745,97,1,95
BRDA:759,98,0,21
BRDA:759,98,1,75
BRDA:770,99,0,4
BRDA:770,99,1,17
BRDA:775,100,0,6
BRDA:775,100,1,15
BRDA:787,101,0,105
BRDA:787,101,1,21
BRDA:791,102,0,105
BRDA:791,102,1,21
BRDA:802,103,0,63
BRDA:802,103,1,21
BRDA:806,104,0,63
BRDA:806,104,1,21
BRDA:807,105,0,21
BRDA:807,105,1,42
BRDA:821,106,0,2
BRDA:821,106,1,19
BRDA:850,107,0,0
BRDA:850,107,1,2
BRDA:857,108,0,1
BRDA:857,108,1,0
BRDA:864,109,0,0
BRDA:864,109,1,1
BRDA:866,110,0,0
BRDA:866,110,1,1
BRDA:873,111,0,1
BRDA:873,111,1,1
BRDA:880,112,0,3
BRDA:880,112,1,0
BRDA:881,113,0,3
BRDA:881,113,1,0
BRDA:884,114,0,1
BRDA:884,114,1,2
BRDA:884,115,0,3
BRDA:884,115,1,2
BRDA:884,115,2,0
BRDA:885,116,0,0
BRDA:885,116,1,1
BRDA:895,117,0,1
BRDA:895,117,1,1
BRDA:895,118,0,2
BRDA:895,118,1,1
BRDA:895,118,2,0
BRDA:896,119,0,1
BRDA:896,119,1,0
BRDA:899,120,0,1
BRDA:899,120,1,0
BRDA:908,121,0,1
BRDA:908,121,1,0
BRDA:909,122,0,1
BRDA:909,122,1,0
BRDA:913,123,0,1
BRDA:913,123,1,0
BRDA:916,124,0,1
BRDA:916,124,1,0
BRDA:920,125,0,0
BRDA:920,125,1,1
BRDA:920,126,0,1
BRDA:920,126,1,0
BRDA:920,126,2,0
BRDA:925,127,0,1
BRDA:925,127,1,0
BRDA:926,128,0,1
BRDA:926,128,1,0
BRDA:927,129,0,1
BRDA:927,129,1,0
BRDA:933,130,0,0
BRDA:933,130,1,78
BRDA:1145,131,0,0
BRDA:1145,131,1,44
BRDA:1145,132,0,44
BRDA:1145,132,1,0
BRDA:1149,133,0,0
BRDA:1149,133,1,44
BRDA:1149,134,0,44
BRDA:1149,134,1,0
BRDA:1153,135,0,44
BRDA:1153,135,1,0
BRDA:1154,136,0,0
BRDA:1154,136,1,44
BRDA:1154,137,0,44
BRDA:1154,137,1,0
BRDA:1154,137,2,0
BRDA:1154,137,3,0
BRDA:1161,138,0,0
BRDA:1161,138,1,1
BRDA:1161,139,0,1
BRDA:1161,139,1,1
BRDA:1176,140,0,1
BRDA:1176,140,1,3
BRDA:1176,141,0,4
BRDA:1176,141,1,1
BRDA:1179,142,0,0
BRDA:1179,142,1,3
BRDA:1180,143,0,0
BRDA:1180,143,1,0
BRDA:1181,144,0,0
BRDA:1181,144,1,0
BRDA:1189,145,0,1
BRDA:1189,145,1,0
BRDA:1190,146,0,0
BRDA:1190,146,1,1
BRDA:1194,147,0,1
BRDA:1194,147,1,0
BRDA:1194,147,2,1
BRDA:1194,147,3,1
BRDA:1194,147,4,1
BRDA:1194,147,5,1
BRDA:1201,148,0,1
BRDA:1201,148,1,0
BRDA:1201,148,2,0
BRDA:1203,149,0,0
BRDA:1203,149,1,1
BRDA:1203,150,0,1
BRDA:1203,150,1,1
BRF:318
BRH:208
end_of_record
TN:
SF:src\screens\dining\TableDetailScreen.tsx
FN:39,TableDetailScreen
FN:42,(anonymous_1)
FN:43,(anonymous_2)
FN:44,(anonymous_3)
FN:45,(anonymous_4)
FN:46,(anonymous_5)
FN:66,(anonymous_6)
FN:77,(anonymous_7)
FN:86,(anonymous_8)
FN:128,(anonymous_9)
FN:161,(anonymous_10)
FN:163,(anonymous_11)
FN:166,(anonymous_12)
FN:187,(anonymous_13)
FN:191,(anonymous_14)
FN:192,(anonymous_15)
FN:200,(anonymous_16)
FN:201,(anonymous_17)
FN:211,(anonymous_18)
FN:219,(anonymous_19)
FN:220,(anonymous_20)
FN:228,(anonymous_21)
FN:229,(anonymous_22)
FN:238,(anonymous_23)
FN:239,(anonymous_24)
FN:245,(anonymous_25)
FN:255,(anonymous_26)
FN:259,(anonymous_27)
FN:260,(anonymous_28)
FN:267,(anonymous_29)
FN:268,(anonymous_30)
FN:276,(anonymous_31)
FN:277,(anonymous_32)
FN:289,(anonymous_33)
FN:350,(anonymous_34)
FN:358,(anonymous_35)
FN:375,(anonymous_36)
FN:376,(anonymous_37)
FN:387,(anonymous_38)
FN:391,(anonymous_39)
FN:396,(anonymous_40)
FN:416,(anonymous_41)
FN:437,(anonymous_42)
FN:451,(anonymous_43)
FN:451,(anonymous_44)
FN:472,(anonymous_45)
FN:473,(anonymous_46)
FN:513,(anonymous_47)
FN:522,(anonymous_48)
FN:531,(anonymous_49)
FN:557,(anonymous_50)
FNF:51
FNH:6
FNDA:7,TableDetailScreen
FNDA:6,(anonymous_1)
FNDA:6,(anonymous_2)
FNDA:6,(anonymous_3)
FNDA:6,(anonymous_4)
FNDA:6,(anonymous_5)
FNDA:0,(anonymous_6)
FNDA:0,(anonymous_7)
FNDA:0,(anonymous_8)
FNDA:0,(anonymous_9)
FNDA:0,(anonymous_10)
FNDA:0,(anonymous_11)
FNDA:0,(anonymous_12)
FNDA:0,(anonymous_13)
FNDA:0,(anonymous_14)
FNDA:0,(anonymous_15)
FNDA:0,(anonymous_16)
FNDA:0,(anonymous_17)
FNDA:0,(anonymous_18)
FNDA:0,(anonymous_19)
FNDA:0,(anonymous_20)
FNDA:0,(anonymous_21)
FNDA:0,(anonymous_22)
FNDA:0,(anonymous_23)
FNDA:0,(anonymous_24)
FNDA:0,(anonymous_25)
FNDA:0,(anonymous_26)
FNDA:0,(anonymous_27)
FNDA:0,(anonymous_28)
FNDA:0,(anonymous_29)
FNDA:0,(anonymous_30)
FNDA:0,(anonymous_31)
FNDA:0,(anonymous_32)
FNDA:0,(anonymous_33)
FNDA:0,(anonymous_34)
FNDA:0,(anonymous_35)
FNDA:0,(anonymous_36)
FNDA:0,(anonymous_37)
FNDA:0,(anonymous_38)
FNDA:0,(anonymous_39)
FNDA:0,(anonymous_40)
FNDA:0,(anonymous_41)
FNDA:0,(anonymous_42)
FNDA:0,(anonymous_43)
FNDA:0,(anonymous_44)
FNDA:0,(anonymous_45)
FNDA:0,(anonymous_46)
FNDA:0,(anonymous_47)
FNDA:0,(anonymous_48)
FNDA:0,(anonymous_49)
FNDA:0,(anonymous_50)
DA:40,7
DA:41,6
DA:42,6
DA:43,6
DA:44,6
DA:45,6
DA:46,6
DA:47,6
DA:49,6
DA:50,6
DA:51,6
DA:52,6
DA:53,6
DA:54,6
DA:55,6
DA:56,6
DA:57,6
DA:58,6
DA:59,6
DA:61,6
DA:65,6
DA:67,0
DA:68,0
DA:69,0
DA:70,0
DA:76,6
DA:77,6
DA:78,0
DA:79,0
DA:86,6
DA:87,0
DA:89,0
DA:90,0
DA:91,0
DA:94,0
DA:95,0
DA:98,0
DA:99,0
DA:102,0
DA:107,0
DA:108,0
DA:109,0
DA:110,0
DA:117,0
DA:118,0
DA:119,0
DA:120,0
DA:121,0
DA:123,0
DA:126,0
DA:127,0
DA:128,0
DA:140,0
DA:142,0
DA:143,0
DA:144,0
DA:145,0
DA:146,0
DA:147,0
DA:151,0
DA:152,0
DA:155,0
DA:157,0
DA:161,6
DA:162,0
DA:163,0
DA:166,6
DA:167,0
DA:168,0
DA:169,0
DA:171,0
DA:172,0
DA:173,0
DA:176,0
DA:177,0
DA:178,0
DA:180,0
DA:182,0
DA:186,6
DA:188,0
DA:190,0
DA:191,0
DA:192,0
DA:193,0
DA:196,0
DA:197,0
DA:199,0
DA:200,0
DA:201,0
DA:202,0
DA:210,6
DA:212,0
DA:213,0
DA:214,0
DA:215,0
DA:218,0
DA:219,0
DA:220,0
DA:221,0
DA:224,0
DA:225,0
DA:227,0
DA:228,0
DA:229,0
DA:230,0
DA:238,6
DA:239,0
DA:240,0
DA:244,6
DA:246,0
DA:247,0
DA:254,0
DA:256,0
DA:258,0
DA:259,0
DA:260,0
DA:261,0
DA:265,0
DA:267,0
DA:268,0
DA:269,0
DA:275,0
DA:276,0
DA:277,0
DA:278,0
DA:289,0
DA:290,0
DA:292,0
DA:293,0
DA:294,0
DA:295,0
DA:298,0
DA:303,0
DA:306,0
DA:307,0
DA:308,0
DA:311,0
DA:316,0
DA:317,0
DA:320,0
DA:326,0
DA:328,0
DA:332,0
DA:333,0
DA:348,0
DA:350,0
DA:358,0
DA:376,0
DA:387,0
DA:391,0
DA:397,0
DA:417,0
DA:438,0
DA:439,0
DA:440,0
DA:451,0
DA:472,0
DA:475,0
DA:483,0
DA:491,0
DA:513,0
DA:522,0
DA:532,0
DA:558,0
DA:559,0
DA:583,1
LF:166
LH:31
BRDA:61,0,0,6
BRDA:61,0,1,0
BRDA:61,0,2,0
BRDA:67,1,0,0
BRDA:67,1,1,0
BRDA:68,2,0,0
BRDA:68,2,1,0
BRDA:69,3,0,0
BRDA:69,3,1,0
BRDA:78,4,0,0
BRDA:78,4,1,0
BRDA:87,5,0,0
BRDA:87,5,1,0
BRDA:98,6,0,0
BRDA:98,6,1,0
BRDA:102,7,0,0
BRDA:102,7,1,0
BRDA:103,8,0,0
BRDA:103,8,1,0
BRDA:103,8,2,0
BRDA:109,9,0,0
BRDA:109,9,1,0
BRDA:119,10,0,0
BRDA:119,10,1,0
BRDA:119,11,0,0
BRDA:119,11,1,0
BRDA:126,12,0,0
BRDA:126,12,1,0
BRDA:131,13,0,0
BRDA:131,13,1,0
BRDA:133,14,0,0
BRDA:133,14,1,0
BRDA:149,15,0,0
BRDA:149,15,1,0
BRDA:149,16,0,0
BRDA:149,16,1,0
BRDA:149,16,2,0
BRDA:155,17,0,0
BRDA:155,17,1,0
BRDA:162,18,0,0
BRDA:162,18,1,0
BRDA:171,19,0,0
BRDA:171,19,1,0
BRDA:180,20,0,0
BRDA:180,20,1,0
BRDA:188,21,0,0
BRDA:188,21,1,0
BRDA:188,22,0,0
BRDA:188,22,1,0
BRDA:193,23,0,0
BRDA:193,23,1,0
BRDA:199,24,0,0
BRDA:199,24,1,0
BRDA:202,25,0,0
BRDA:202,25,1,0
BRDA:212,26,0,0
BRDA:212,26,1,0
BRDA:212,27,0,0
BRDA:212,27,1,0
BRDA:213,28,0,0
BRDA:213,28,1,0
BRDA:221,29,0,0
BRDA:221,29,1,0
BRDA:227,30,0,0
BRDA:227,30,1,0
BRDA:230,31,0,0
BRDA:230,31,1,0
BRDA:256,32,0,0
BRDA:256,32,1,0
BRDA:261,33,0,0
BRDA:261,33,1,0
BRDA:269,34,0,0
BRDA:269,34,1,0
BRDA:275,35,0,0
BRDA:275,35,1,0
BRDA:278,36,0,0
BRDA:278,36,1,0
BRDA:290,37,0,0
BRDA:290,37,1,0
BRDA:290,38,0,0
BRDA:290,38,1,0
BRDA:290,38,2,0
BRDA:292,39,0,0
BRDA:292,39,1,0
BRDA:293,40,0,0
BRDA:293,40,1,0
BRDA:326,41,0,0
BRDA:326,41,1,0
BRDA:332,42,0,0
BRDA:332,42,1,0
BRDA:352,43,0,0
BRDA:352,43,1,0
BRDA:364,44,0,0
BRDA:364,44,1,0
BRDA:381,45,0,0
BRDA:381,45,1,0
BRDA:385,46,0,0
BRDA:385,46,1,0
BRDA:401,47,0,0
BRDA:401,47,1,0
BRDA:406,48,0,0
BRDA:406,48,1,0
BRDA:412,49,0,0
BRDA:412,49,1,0
BRDA:429,50,0,0
BRDA:429,50,1,0
BRDA:456,51,0,0
BRDA:456,51,1,0
BRDA:459,52,0,0
BRDA:459,52,1,0
BRDA:461,53,0,0
BRDA:461,53,1,0
BRDA:469,54,0,0
BRDA:469,54,1,0
BRDA:475,55,0,0
BRDA:475,55,1,0
BRDA:477,56,0,0
BRDA:477,56,1,0
BRDA:479,57,0,0
BRDA:479,57,1,0
BRDA:483,58,0,0
BRDA:483,58,1,0
BRDA:485,59,0,0
BRDA:485,59,1,0
BRDA:487,60,0,0
BRDA:487,60,1,0
BRDA:500,61,0,0
BRDA:500,61,1,0
BRDA:502,62,0,0
BRDA:502,62,1,0
BRDA:504,63,0,0
BRDA:504,63,1,0
BRDA:510,64,0,0
BRDA:510,64,1,0
BRDA:510,64,2,0
BRDA:510,64,3,0
BRDA:514,65,0,0
BRDA:514,65,1,0
BRDA:519,66,0,0
BRDA:519,66,1,0
BRDA:519,66,2,0
BRDA:523,67,0,0
BRDA:523,67,1,0
BRDA:528,68,0,0
BRDA:528,68,1,0
BRDA:534,69,0,0
BRDA:534,69,1,0
BRDA:561,70,0,0
BRDA:561,70,1,0
BRDA:565,71,0,0
BRDA:565,71,1,0
BRDA:567,72,0,0
BRDA:567,72,1,0
BRDA:567,73,0,0
BRDA:567,73,1,0
BRDA:572,74,0,0
BRDA:572,74,1,0
BRDA:572,74,2,0
BRDA:572,74,3,0
BRF:159
BRH:1
end_of_record
TN:
SF:src\screens\dining\restaurantCheckoutPayment.logic.ts
FN:13,toMoney
FN:19,buildMixedPayments
FN:36,buildRestaurantPayments
FN:67,getSaleLines
FN:72,(anonymous_4)
FN:80,computeIterationTotalFromMappedSale
FN:89,(anonymous_6)
FN:90,(anonymous_7)
FN:103,(anonymous_8)
FN:108,(anonymous_9)
FNF:10
FNH:10
FNDA:52523,toMoney
FNDA:17506,buildMixedPayments
FNDA:52523,buildRestaurantPayments
FNDA:50,getSaleLines
FNDA:451,(anonymous_4)
FNDA:36,computeIterationTotalFromMappedSale
FNDA:37,(anonymous_6)
FNDA:231,(anonymous_7)
FNDA:35,(anonymous_8)
FNDA:3,(anonymous_9)
DA:14,52523
DA:15,52523
DA:16,52522
DA:20,17506
DA:21,17506
DA:23,17506
DA:43,52523
DA:45,52523
DA:46,17508
DA:55,35015
DA:56,17508
DA:59,17507
DA:60,17507
DA:61,17507
DA:62,2
DA:64,17505
DA:70,50
DA:71,50
DA:72,451
DA:87,36
DA:88,36
DA:89,36
DA:90,231
DA:91,37
DA:92,1
DA:94,36
DA:95,36
DA:96,1
DA:98,35
DA:100,34
DA:102,34
DA:103,35
DA:106,34
DA:107,2
DA:108,3
DA:110,2
DA:111,1
DA:113,1
DA:117,33
LF:39
LH:39
BRDA:15,0,0,1
BRDA:15,0,1,52522
BRDA:45,1,0,17508
BRDA:45,1,1,35015
BRDA:55,2,0,17508
BRDA:55,2,1,17507
BRDA:61,3,0,2
BRDA:61,3,1,17505
BRDA:61,4,0,17507
BRDA:61,4,1,17506
BRDA:71,5,0,50
BRDA:71,5,1,30
BRDA:71,5,2,29
BRDA:71,5,3,1
BRDA:73,6,0,450
BRDA:73,6,1,1
BRDA:74,7,0,451
BRDA:74,7,1,406
BRDA:75,8,0,451
BRDA:75,8,1,406
BRDA:76,9,0,451
BRDA:76,9,1,2
BRDA:76,9,2,1
BRDA:91,10,0,1
BRDA:91,10,1,36
BRDA:95,11,0,1
BRDA:95,11,1,35
BRDA:95,12,0,36
BRDA:95,12,1,36
BRDA:102,13,0,31
BRDA:102,13,1,3
BRDA:106,14,0,2
BRDA:106,14,1,32
BRDA:110,15,0,1
BRDA:110,15,1,1
BRF:35
BRH:35
end_of_record
TN:
SF:src\screens\kitchen\KitchenDisplayScreen.tsx
FN:20,getTimingBorderColor
FN:26,KitchenDisplayScreen
FN:35,nextStatus
FN:42,isPermissionError
FN:48,formatElapsed
FN:52,priorityFromElapsed
FN:58,(anonymous_6)
FN:59,load
FN:73,(anonymous_8)
FN:77,(anonymous_9)
FN:82,(anonymous_10)
FN:110,(anonymous_11)
FN:124,(anonymous_12)
FN:126,(anonymous_13)
FN:133,(anonymous_14)
FN:136,(anonymous_15)
FN:138,(anonymous_16)
FN:147,(anonymous_17)
FN:157,(anonymous_18)
FN:166,(anonymous_19)
FN:170,(anonymous_20)
FN:183,(anonymous_21)
FN:184,(anonymous_22)
FN:192,(anonymous_23)
FN:205,(anonymous_24)
FN:220,(anonymous_25)
FN:230,(anonymous_26)
FN:231,(anonymous_27)
FN:247,(anonymous_28)
FN:265,(anonymous_29)
FN:266,(anonymous_30)
FN:275,(anonymous_31)
FNF:32
FNH:21
FNDA:6,getTimingBorderColor
FNDA:7,KitchenDisplayScreen
FNDA:9,nextStatus
FNDA:0,isPermissionError
FNDA:6,formatElapsed
FNDA:1,priorityFromElapsed
FNDA:5,(anonymous_6)
FNDA:5,load
FNDA:0,(anonymous_8)
FNDA:5,(anonymous_9)
FNDA:0,(anonymous_10)
FNDA:0,(anonymous_11)
FNDA:5,(anonymous_12)
FNDA:4,(anonymous_13)
FNDA:4,(anonymous_14)
FNDA:4,(anonymous_15)
FNDA:0,(anonymous_16)
FNDA:0,(anonymous_17)
FNDA:1,(anonymous_18)
FNDA:21,(anonymous_19)
FNDA:0,(anonymous_20)
FNDA:13,(anonymous_21)
FNDA:9,(anonymous_22)
FNDA:5,(anonymous_23)
FNDA:0,(anonymous_24)
FNDA:4,(anonymous_25)
FNDA:2,(anonymous_26)
FNDA:1,(anonymous_27)
FNDA:0,(anonymous_28)
FNDA:0,(anonymous_29)
FNDA:0,(anonymous_30)
FNDA:1,(anonymous_31)
DA:21,6
DA:22,6
DA:23,6
DA:27,7
DA:29,7
DA:30,7
DA:31,7
DA:32,7
DA:33,7
DA:36,9
DA:37,3
DA:38,2
DA:39,1
DA:43,0
DA:44,0
DA:45,0
DA:49,6
DA:53,1
DA:54,1
DA:55,1
DA:58,7
DA:60,5
DA:61,5
DA:62,5
DA:64,0
DA:71,5
DA:73,5
DA:74,0
DA:77,5
DA:78,5
DA:82,7
DA:83,0
DA:84,0
DA:85,0
DA:87,0
DA:88,0
DA:89,0
DA:90,0
DA:92,0
DA:98,0
DA:102,7
DA:108,7
DA:110,7
DA:111,0
DA:112,0
DA:113,0
DA:115,0
DA:124,7
DA:125,5
DA:126,5
DA:127,4
DA:128,4
DA:130,4
DA:132,5
DA:133,4
DA:136,4
DA:138,0
DA:141,7
DA:147,0
DA:157,1
DA:167,21
DA:170,0
DA:183,13
DA:185,9
DA:186,5
DA:187,5
DA:193,5
DA:194,5
DA:195,5
DA:205,0
DA:219,4
DA:220,4
DA:221,4
DA:222,4
DA:223,4
DA:224,4
DA:230,2
DA:232,1
DA:247,0
DA:265,0
DA:266,0
DA:275,1
DA:287,1
LF:83
LH:58
BRDA:21,0,0,0
BRDA:21,0,1,6
BRDA:22,1,0,0
BRDA:22,1,1,6
BRDA:36,2,0,6
BRDA:36,2,1,3
BRDA:37,3,0,1
BRDA:37,3,1,2
BRDA:38,4,0,1
BRDA:38,4,1,1
BRDA:43,5,0,0
BRDA:43,5,1,0
BRDA:43,6,0,0
BRDA:43,6,1,0
BRDA:45,7,0,0
BRDA:45,7,1,0
BRDA:53,8,0,0
BRDA:53,8,1,1
BRDA:54,9,0,0
BRDA:54,9,1,1
BRDA:65,10,0,0
BRDA:65,10,1,0
BRDA:67,11,0,0
BRDA:67,11,1,0
BRDA:83,12,0,0
BRDA:83,12,1,0
BRDA:85,13,0,0
BRDA:85,13,1,0
BRDA:93,14,0,0
BRDA:93,14,1,0
BRDA:95,15,0,0
BRDA:95,15,1,0
BRDA:116,16,0,0
BRDA:116,16,1,0
BRDA:118,17,0,0
BRDA:118,17,1,0
BRDA:127,18,0,4
BRDA:127,18,1,0
BRDA:148,19,0,7
BRDA:148,19,1,6
BRDA:163,20,0,1
BRDA:163,20,1,6
BRDA:164,21,0,0
BRDA:164,21,1,7
BRDA:171,22,0,21
BRDA:171,22,1,18
BRDA:172,23,0,7
BRDA:172,23,1,14
BRDA:181,24,0,6
BRDA:181,24,1,1
BRDA:182,25,0,6
BRDA:182,25,1,1
BRDA:183,26,0,5
BRDA:183,26,1,8
BRDA:185,27,0,5
BRDA:185,27,1,4
BRDA:201,28,0,0
BRDA:201,28,1,5
BRDA:202,29,0,5
BRDA:202,29,1,0
BRDA:241,30,0,0
BRDA:241,30,1,1
BRDA:244,31,0,1
BRDA:244,31,1,0
BRDA:262,32,0,6
BRDA:262,32,1,1
BRF:66
BRH:34
end_of_record
TN:
SF:src\screens\pairing\PairingMethodScreen.tsx
FN:18,PairingMethodScreen
FNF:1
FNH:1
FNDA:1,PairingMethodScreen
DA:19,1
DA:20,1
DA:22,1
DA:41,1
LF:4
LH:4
BRDA:26,0,0,1
BRDA:26,0,1,0
BRF:2
BRH:1
end_of_record
TN:
SF:src\screens\pos\CheckoutScreen.tsx
FN:28,resolvePrice
FN:38,CheckoutScreen
FN:44,(anonymous_2)
FN:56,(anonymous_3)
FN:73,(anonymous_4)
FN:74,(anonymous_5)
FN:78,(anonymous_6)
FN:81,(anonymous_7)
FN:83,(anonymous_8)
FN:98,(anonymous_9)
FN:99,(anonymous_10)
FN:127,(anonymous_11)
FN:132,(anonymous_12)
FN:149,(anonymous_13)
FN:158,(anonymous_14)
FN:164,(anonymous_15)
FN:188,(anonymous_16)
FNF:17
FNH:14
FNDA:2,resolvePrice
FNDA:6,CheckoutScreen
FNDA:1,(anonymous_2)
FNDA:3,(anonymous_3)
FNDA:3,(anonymous_4)
FNDA:3,(anonymous_5)
FNDA:3,(anonymous_6)
FNDA:5,(anonymous_7)
FNDA:1,(anonymous_8)
FNDA:6,(anonymous_9)
FNDA:0,(anonymous_10)
FNDA:7,(anonymous_11)
FNDA:0,(anonymous_12)
FNDA:2,(anonymous_13)
FNDA:1,(anonymous_14)
FNDA:1,(anonymous_15)
FNDA:0,(anonymous_16)
DA:29,2
DA:30,2
DA:32,0
DA:33,0
DA:35,0
DA:39,6
DA:40,6
DA:41,6
DA:42,6
DA:43,6
DA:44,6
DA:45,1
DA:47,6
DA:48,6
DA:49,6
DA:50,6
DA:51,6
DA:52,6
DA:53,6
DA:54,6
DA:56,6
DA:57,3
DA:58,3
DA:59,3
DA:60,3
DA:64,2
DA:65,2
DA:67,1
DA:69,3
DA:73,6
DA:74,3
DA:75,3
DA:78,3
DA:81,6
DA:82,5
DA:83,5
DA:84,1
DA:85,0
DA:87,1
DA:88,1
DA:90,0
DA:98,6
DA:99,6
DA:100,0
DA:101,0
DA:105,6
DA:128,7
DA:129,7
DA:132,0
DA:149,2
DA:159,1
DA:161,1
DA:165,1
DA:189,0
DA:190,0
DA:201,1
LF:56
LH:46
BRDA:29,0,0,2
BRDA:29,0,1,0
BRDA:32,1,0,0
BRDA:32,1,1,0
BRDA:43,2,0,0
BRDA:43,2,1,6
BRDA:54,3,0,6
BRDA:54,3,1,0
BRDA:84,4,0,0
BRDA:84,4,1,1
BRDA:84,5,0,1
BRDA:84,5,1,0
BRDA:87,6,0,1
BRDA:87,6,1,0
BRDA:91,7,0,0
BRDA:91,7,1,0
BRDA:91,7,2,0
BRDA:92,8,0,0
BRDA:92,8,1,0
BRDA:93,9,0,0
BRDA:93,9,1,0
BRDA:133,10,0,7
BRDA:133,10,1,6
BRDA:135,11,0,6
BRDA:135,11,1,1
BRDA:143,12,0,3
BRDA:143,12,1,3
BRDA:144,13,0,1
BRDA:144,13,1,5
BRDA:146,14,0,2
BRDA:146,14,1,4
BRDA:146,15,0,6
BRDA:146,15,1,3
BRDA:150,16,0,2
BRDA:150,16,1,0
BRDA:159,17,0,1
BRDA:159,17,1,1
BRDA:172,18,0,0
BRDA:172,18,1,1
BRDA:192,19,0,6
BRDA:192,19,1,6
BRF:41
BRH:24
end_of_record
TN:
SF:src\screens\pos\PaymentScreen.tsx
FN:23,toNumber
FN:29,PaymentScreen
FN:31,(anonymous_2)
FN:53,(anonymous_3)
FN:57,(anonymous_4)
FN:58,(anonymous_5)
FN:66,retryPrepareSale
FN:70,(anonymous_7)
FN:71,(anonymous_8)
FN:79,(anonymous_9)
FN:84,(anonymous_10)
FN:87,selectMethod
FN:93,payCash
FN:106,beginCardFlow
FN:119,payMixed
FN:165,(anonymous_15)
FN:169,(anonymous_16)
FN:198,(anonymous_17)
FN:218,(anonymous_18)
FN:219,(anonymous_19)
FN:233,(anonymous_20)
FN:240,(anonymous_21)
FN:265,(anonymous_22)
FNF:23
FNH:13
FNDA:29,toNumber
FNDA:29,PaymentScreen
FNDA:87,(anonymous_2)
FNDA:6,(anonymous_3)
FNDA:6,(anonymous_4)
FNDA:0,(anonymous_5)
FNDA:0,retryPrepareSale
FNDA:0,(anonymous_7)
FNDA:0,(anonymous_8)
FNDA:6,(anonymous_9)
FNDA:89,(anonymous_10)
FNDA:4,selectMethod
FNDA:1,payCash
FNDA:3,beginCardFlow
FNDA:0,payMixed
FNDA:87,(anonymous_15)
FNDA:4,(anonymous_16)
FNDA:1,(anonymous_17)
FNDA:0,(anonymous_18)
FNDA:0,(anonymous_19)
FNDA:0,(anonymous_20)
FNDA:0,(anonymous_21)
FNDA:0,(anonymous_22)
DA:24,29
DA:25,29
DA:26,29
DA:30,29
DA:31,87
DA:32,29
DA:42,29
DA:43,29
DA:44,29
DA:45,29
DA:46,29
DA:47,29
DA:48,29
DA:49,29
DA:52,29
DA:53,29
DA:54,6
DA:55,6
DA:56,6
DA:57,6
DA:59,0
DA:60,0
DA:67,0
DA:68,0
DA:69,0
DA:70,0
DA:72,0
DA:73,0
DA:77,29
DA:78,29
DA:79,29
DA:81,29
DA:82,29
DA:83,29
DA:84,29
DA:85,89
DA:88,4
DA:89,4
DA:90,4
DA:94,1
DA:95,1
DA:96,1
DA:97,1
DA:98,1
DA:100,0
DA:102,1
DA:107,3
DA:108,0
DA:109,0
DA:111,3
DA:112,1
DA:113,1
DA:115,2
DA:116,2
DA:120,0
DA:121,0
DA:123,0
DA:124,0
DA:125,0
DA:128,0
DA:129,0
DA:130,0
DA:131,0
DA:132,0
DA:134,0
DA:136,0
DA:140,29
DA:142,29
DA:166,87
DA:169,4
DA:198,1
DA:219,0
DA:220,0
DA:221,0
DA:222,0
DA:223,0
DA:224,0
DA:225,0
DA:227,0
DA:229,0
DA:234,0
DA:235,0
DA:236,0
DA:240,0
DA:241,0
DA:265,0
DA:278,1
LF:87
LH:49
BRDA:26,0,0,29
BRDA:26,0,1,0
BRDA:32,1,0,0
BRDA:32,1,1,29
BRDA:54,2,0,0
BRDA:54,2,1,6
BRDA:77,3,0,29
BRDA:77,3,1,0
BRDA:78,4,0,29
BRDA:78,4,1,0
BRDA:90,5,0,0
BRDA:90,5,1,4
BRDA:97,6,0,0
BRDA:97,6,1,1
BRDA:107,7,0,0
BRDA:107,7,1,3
BRDA:111,8,0,1
BRDA:111,8,1,2
BRDA:123,9,0,0
BRDA:123,9,1,0
BRDA:123,10,0,0
BRDA:123,10,1,0
BRDA:149,11,0,0
BRDA:149,11,1,29
BRDA:168,12,0,87
BRDA:168,12,1,29
BRDA:170,13,0,87
BRDA:170,13,1,84
BRDA:172,14,0,87
BRDA:172,14,1,29
BRDA:173,15,0,29
BRDA:173,15,1,58
BRDA:173,16,0,29
BRDA:173,16,1,29
BRDA:179,17,0,1
BRDA:179,17,1,28
BRDA:182,18,0,29
BRDA:182,18,1,16
BRDA:193,19,0,0
BRDA:193,19,1,16
BRDA:193,20,0,16
BRDA:193,20,1,0
BRDA:197,21,0,12
BRDA:197,21,1,4
BRDA:199,22,0,16
BRDA:199,22,1,15
BRDA:199,22,2,3
BRDA:206,23,0,29
BRDA:206,23,1,11
BRDA:208,24,0,8
BRDA:208,24,1,3
BRDA:210,25,0,3
BRDA:210,25,1,5
BRDA:212,26,0,8
BRDA:212,26,1,8
BRDA:212,26,2,5
BRDA:249,27,0,29
BRDA:249,27,1,2
BRDA:264,28,0,1
BRDA:264,28,1,1
BRDA:266,29,0,2
BRDA:266,29,1,2
BRDA:266,29,2,1
BRF:63
BRH:48
end_of_record
TN:
SF:src\screens\pos\ReceiptScreen.tsx
FN:21,ReceiptScreen
FN:29,(anonymous_1)
FN:32,(anonymous_2)
FN:37,(anonymous_3)
FN:41,(anonymous_4)
FN:42,(anonymous_5)
FN:45,(anonymous_6)
FN:50,(anonymous_7)
FN:67,(anonymous_8)
FN:76,(anonymous_9)
FNF:10
FNH:10
FNDA:4,ReceiptScreen
FNDA:5,(anonymous_1)
FNDA:2,(anonymous_2)
FNDA:2,(anonymous_3)
FNDA:1,(anonymous_4)
FNDA:1,(anonymous_5)
FNDA:2,(anonymous_6)
FNDA:2,(anonymous_7)
FNDA:1,(anonymous_8)
FNDA:1,(anonymous_9)
DA:22,4
DA:23,4
DA:24,4
DA:25,4
DA:26,4
DA:27,4
DA:28,4
DA:29,4
DA:30,5
DA:32,4
DA:33,2
DA:34,0
DA:37,2
DA:38,2
DA:39,2
DA:40,2
DA:41,1
DA:43,1
DA:46,2
DA:50,2
DA:53,4
DA:68,1
DA:77,1
DA:89,1
LF:24
LH:23
BRDA:24,0,0,0
BRDA:24,0,1,4
BRDA:28,1,0,1
BRDA:28,1,1,3
BRDA:28,2,0,4
BRDA:28,2,1,1
BRDA:33,3,0,0
BRDA:33,3,1,2
BRDA:60,4,0,4
BRDA:60,4,1,0
BRDA:61,5,0,0
BRDA:61,5,1,4
BRDA:62,6,0,1
BRDA:62,6,1,3
BRDA:64,7,0,1
BRDA:64,7,1,3
BRDA:66,8,0,1
BRDA:66,8,1,0
BRF:18
BRH:13
end_of_record
TN:
SF:src\screens\settings\DeviceInfoScreen.tsx
FN:22,DeviceInfoScreen
FN:43,onRefresh
FN:58,onSave
FN:77,onClearRemote
FN:128,(anonymous_4)
FN:135,(anonymous_5)
FN:143,(anonymous_6)
FN:165,(anonymous_7)
FNF:8
FNH:3
FNDA:7,DeviceInfoScreen
FNDA:0,onRefresh
FNDA:1,onSave
FNDA:0,onClearRemote
FNDA:0,(anonymous_4)
FNDA:0,(anonymous_5)
FNDA:0,(anonymous_6)
FNDA:1,(anonymous_7)
DA:23,7
DA:31,7
DA:32,7
DA:35,7
DA:38,7
DA:39,7
DA:40,7
DA:41,7
DA:44,0
DA:45,0
DA:46,0
DA:47,0
DA:48,0
DA:49,0
DA:51,0
DA:52,0
DA:54,0
DA:59,1
DA:60,1
DA:61,1
DA:62,1
DA:63,1
DA:68,1
DA:70,0
DA:71,0
DA:73,1
DA:78,0
DA:79,0
DA:80,0
DA:81,0
DA:82,0
DA:83,0
DA:85,0
DA:86,0
DA:88,0
DA:93,7
DA:128,0
DA:135,0
DA:143,0
DA:155,7
DA:156,0
DA:159,7
DA:166,1
DA:175,1
LF:44
LH:20
BRDA:22,0,0,7
BRDA:33,1,0,0
BRDA:33,1,1,7
BRDA:36,2,0,0
BRDA:36,2,1,7
BRDA:52,3,0,0
BRDA:52,3,1,0
BRDA:64,4,0,1
BRDA:64,4,1,0
BRDA:65,5,0,1
BRDA:65,5,1,0
BRDA:66,6,0,1
BRDA:66,6,1,0
BRDA:71,7,0,0
BRDA:71,7,1,0
BRDA:86,8,0,0
BRDA:86,8,1,0
BRDA:107,9,0,7
BRDA:107,9,1,6
BRDA:114,10,0,7
BRDA:114,10,1,6
BRDA:121,11,0,7
BRDA:121,11,1,6
BRDA:123,12,0,1
BRDA:123,12,1,6
BRDA:124,13,0,0
BRDA:124,13,1,7
BRDA:127,14,0,1
BRDA:127,14,1,6
BRDA:132,15,0,0
BRDA:132,15,1,7
BRDA:132,16,0,7
BRDA:132,16,1,0
BRDA:134,17,0,0
BRDA:134,17,1,0
BRDA:140,18,0,6
BRDA:140,18,1,1
BRDA:142,19,0,1
BRDA:142,19,1,5
BRDA:149,20,0,1
BRDA:149,20,1,6
BRDA:155,21,0,0
BRDA:155,21,1,7
BRDA:164,22,0,6
BRDA:164,22,1,1
BRDA:164,23,0,1
BRDA:164,23,1,5
BRDA:165,24,0,6
BRDA:165,24,1,1
BRF:49
BRH:32
end_of_record
TN:
SF:src\screens\settings\InactivitySettingsScreen.tsx
FN:21,splitMinSec
FN:26,combineMinSec
FN:38,validate
FN:67,InactivitySettingsScreen
FN:71,(anonymous_4)
FN:87,(anonymous_5)
FN:88,(anonymous_6)
FN:102,handleSave
FN:124,(anonymous_8)
FN:126,(anonymous_9)
FN:130,field
FN:145,(anonymous_11)
FN:145,(anonymous_12)
FN:155,(anonymous_13)
FN:155,(anonymous_14)
FN:176,(anonymous_15)
FN:180,(anonymous_16)
FNF:17
FNH:13
FNDA:4,splitMinSec
FNDA:2,combineMinSec
FNDA:1,validate
FNDA:4,InactivitySettingsScreen
FNDA:1,(anonymous_4)
FNDA:1,(anonymous_5)
FNDA:1,(anonymous_6)
FNDA:1,handleSave
FNDA:1,(anonymous_8)
FNDA:0,(anonymous_9)
FNDA:8,field
FNDA:1,(anonymous_11)
FNDA:1,(anonymous_12)
FNDA:0,(anonymous_13)
FNDA:0,(anonymous_14)
FNDA:12,(anonymous_15)
FNDA:0,(anonymous_16)
DA:19,1
DA:22,4
DA:23,4
DA:27,2
DA:28,2
DA:43,1
DA:44,1
DA:45,1
DA:46,1
DA:48,1
DA:49,0
DA:51,1
DA:52,0
DA:54,1
DA:55,0
DA:57,1
DA:58,1
DA:59,1
DA:60,1
DA:61,1
DA:63,1
DA:64,1
DA:68,4
DA:69,4
DA:71,4
DA:72,1
DA:73,1
DA:74,1
DA:81,4
DA:84,4
DA:85,4
DA:87,4
DA:88,1
DA:89,1
DA:90,1
DA:91,1
DA:97,1
DA:103,1
DA:104,1
DA:105,0
DA:106,0
DA:108,1
DA:110,1
DA:124,1
DA:125,1
DA:126,1
DA:135,8
DA:145,1
DA:155,0
DA:166,4
DA:177,12
DA:180,0
DA:202,4
DA:203,0
DA:206,4
DA:221,1
LF:56
LH:48
BRDA:48,0,0,0
BRDA:48,0,1,1
BRDA:48,1,0,1
BRDA:48,1,1,1
BRDA:48,1,2,1
BRDA:48,1,3,1
BRDA:51,2,0,0
BRDA:51,2,1,1
BRDA:51,3,0,1
BRDA:51,3,1,1
BRDA:51,3,2,1
BRDA:51,3,3,1
BRDA:54,4,0,0
BRDA:54,4,1,1
BRDA:54,5,0,1
BRDA:54,5,1,1
BRDA:59,6,0,0
BRDA:59,6,1,1
BRDA:60,7,0,0
BRDA:60,7,1,1
BRDA:61,8,0,0
BRDA:61,8,1,1
BRDA:67,9,0,4
BRDA:104,10,0,0
BRDA:104,10,1,1
BRDA:179,11,0,12
BRDA:179,11,1,4
BRDA:184,12,0,4
BRDA:184,12,1,8
BRDA:191,13,0,0
BRDA:191,13,1,4
BRDA:192,14,0,1
BRDA:192,14,1,3
BRDA:194,15,0,0
BRDA:194,15,1,4
BRDA:202,16,0,0
BRDA:202,16,1,4
BRF:37
BRH:27
end_of_record
TN:
SF:src\screens\settings\LanguageScreen.tsx
FN:15,LanguageScreen
FN:25,(anonymous_1)
FNF:2
FNH:2
FNDA:1,LanguageScreen
FNDA:1,(anonymous_1)
DA:16,1
DA:17,1
DA:20,1
DA:25,1
DA:29,1
DA:30,0
DA:33,1
LF:7
LH:6
BRDA:15,0,0,1
BRDA:25,1,0,0
BRDA:25,1,1,1
BRDA:29,2,0,0
BRDA:29,2,1,1
BRF:5
BRH:3
end_of_record
TN:
SF:src\screens\settings\LogoutConfirmationScreen.tsx
FN:19,LogoutConfirmationScreen
FN:24,runAction
FN:41,(anonymous_2)
FN:47,(anonymous_3)
FN:54,(anonymous_4)
FNF:5
FNH:3
FNDA:3,LogoutConfirmationScreen
FNDA:1,runAction
FNDA:1,(anonymous_2)
FNDA:0,(anonymous_3)
FNDA:0,(anonymous_4)
DA:20,3
DA:21,3
DA:22,3
DA:25,1
DA:26,1
DA:27,1
DA:28,1
DA:30,1
DA:35,3
DA:41,1
DA:47,0
DA:54,0
DA:63,3
DA:64,0
DA:67,3
DA:75,1
LF:16
LH:13
BRDA:19,0,0,3
BRDA:40,1,0,1
BRDA:40,1,1,2
BRDA:46,2,0,1
BRDA:46,2,1,2
BRDA:53,3,0,1
BRDA:53,3,1,2
BRDA:63,4,0,0
BRDA:63,4,1,3
BRF:9
BRH:8
end_of_record
TN:
SF:src\screens\settings\ProfileScreen.tsx
FN:20,isValidPassword
FN:24,ProfileScreen
FN:33,onSubmit
FN:92,(anonymous_3)
FN:112,(anonymous_4)
FNF:5
FNH:1
FNDA:0,isValidPassword
FNDA:4,ProfileScreen
FNDA:0,onSubmit
FNDA:0,(anonymous_3)
FNDA:0,(anonymous_4)
DA:21,0
DA:25,4
DA:26,4
DA:27,4
DA:28,4
DA:29,4
DA:30,4
DA:31,4
DA:34,0
DA:35,0
DA:36,0
DA:38,0
DA:39,0
DA:40,0
DA:43,0
DA:44,0
DA:45,0
DA:46,0
DA:47,0
DA:48,0
DA:49,0
DA:50,0
DA:52,0
DA:53,0
DA:55,0
DA:60,4
DA:92,0
DA:102,4
DA:103,0
DA:106,4
DA:113,0
DA:122,1
LF:32
LH:11
BRDA:21,0,0,0
BRDA:21,0,1,0
BRDA:21,0,2,0
BRDA:21,0,3,0
BRDA:24,1,0,4
BRDA:34,2,0,0
BRDA:34,2,1,0
BRDA:38,3,0,0
BRDA:38,3,1,0
BRDA:53,4,0,0
BRDA:53,4,1,0
BRDA:63,5,0,4
BRDA:63,5,1,0
BRDA:63,6,0,4
BRDA:63,6,1,0
BRDA:63,7,0,4
BRDA:63,7,1,0
BRDA:64,8,0,4
BRDA:64,8,1,0
BRDA:65,9,0,4
BRDA:65,9,1,0
BRDA:66,10,0,4
BRDA:66,10,1,0
BRDA:67,11,0,4
BRDA:67,11,1,0
BRDA:67,12,0,4
BRDA:67,12,1,0
BRDA:86,13,0,0
BRDA:86,13,1,4
BRDA:87,14,0,0
BRDA:87,14,1,4
BRDA:88,15,0,0
BRDA:88,15,1,4
BRDA:91,16,0,0
BRDA:91,16,1,0
BRDA:102,17,0,0
BRDA:102,17,1,4
BRDA:111,18,0,0
BRDA:111,18,1,4
BRF:39
BRH:14
end_of_record
TN:
SF:src\services\AnalyticsService.ts
FN:13,nextId
FN:22,(anonymous_1)
FN:28,(anonymous_2)
FN:35,(anonymous_3)
FN:43,(anonymous_4)
FN:47,(anonymous_5)
FN:72,(anonymous_6)
FN:80,(anonymous_7)
FNF:8
FNH:6
FNDA:2,nextId
FNDA:2,(anonymous_1)
FNDA:0,(anonymous_2)
FNDA:2,(anonymous_3)
FNDA:1,(anonymous_4)
FNDA:2,(anonymous_5)
FNDA:0,(anonymous_6)
FNDA:1,(anonymous_7)
DA:10,9
DA:11,9
DA:14,2
DA:18,9
DA:20,9
DA:23,2
DA:25,2
DA:26,2
DA:28,2
DA:29,0
DA:32,2
DA:36,2
DA:37,2
DA:38,2
DA:40,2
DA:44,1
DA:48,2
DA:49,2
DA:50,2
DA:63,2
DA:64,2
DA:65,2
DA:67,2
DA:68,0
DA:73,0
DA:74,0
DA:81,1
DA:82,1
DA:84,1
DA:85,1
DA:87,1
DA:88,1
DA:97,0
DA:98,0
DA:99,0
DA:106,9
LF:36
LH:29
BRDA:23,0,0,0
BRDA:23,0,1,2
BRDA:26,1,0,0
BRDA:26,1,1,2
BRDA:36,2,0,2
BRDA:36,2,1,0
BRDA:57,3,0,2
BRDA:57,3,1,2
BRDA:58,4,0,2
BRDA:58,4,1,1
BRDA:67,5,0,0
BRDA:67,5,1,2
BRDA:73,6,0,0
BRDA:73,6,1,0
BRDA:76,7,0,0
BRDA:76,7,1,0
BRDA:82,8,0,0
BRDA:82,8,1,1
BRDA:93,9,0,0
BRDA:93,9,1,1
BRF:20
BRH:10
end_of_record
TN:
SF:src\services\SyncService.ts
FN:15,nextId
FN:19,toRetryDelayMs
FN:23,safeHeaders
FN:26,(anonymous_3)
FN:41,(anonymous_4)
FN:49,(anonymous_5)
FN:53,(anonymous_6)
FN:58,(anonymous_7)
FN:79,(anonymous_8)
FN:81,(anonymous_9)
FN:86,(anonymous_10)
FN:87,(anonymous_11)
FN:90,(anonymous_12)
FN:94,(anonymous_13)
FN:108,(anonymous_14)
FN:146,(anonymous_15)
FNF:16
FNH:14
FNDA:3,nextId
FNDA:1,toRetryDelayMs
FNDA:3,safeHeaders
FNDA:4,(anonymous_3)
FNDA:7,(anonymous_4)
FNDA:2,(anonymous_5)
FNDA:0,(anonymous_6)
FNDA:3,(anonymous_7)
FNDA:1,(anonymous_8)
FNDA:1,(anonymous_9)
FNDA:4,(anonymous_10)
FNDA:1,(anonymous_11)
FNDA:4,(anonymous_12)
FNDA:2,(anonymous_13)
FNDA:2,(anonymous_14)
FNDA:0,(anonymous_15)
DA:16,3
DA:20,1
DA:24,3
DA:25,2
DA:26,2
DA:27,4
DA:28,2
DA:31,2
DA:35,12
DA:37,12
DA:39,12
DA:42,7
DA:43,4
DA:44,4
DA:45,4
DA:46,4
DA:50,2
DA:54,0
DA:55,0
DA:59,3
DA:60,3
DA:61,3
DA:74,3
DA:75,3
DA:76,3
DA:80,1
DA:81,1
DA:82,1
DA:87,4
DA:91,4
DA:93,4
DA:94,4
DA:96,4
DA:103,4
DA:104,2
DA:105,2
DA:108,2
DA:110,2
DA:111,2
DA:112,2
DA:113,2
DA:114,2
DA:116,2
DA:117,2
DA:129,2
DA:131,1
DA:132,1
DA:134,1
DA:135,1
DA:136,1
DA:137,1
DA:138,1
DA:139,1
DA:141,2
DA:142,2
DA:146,2
DA:147,2
DA:149,2
DA:153,12
LF:59
LH:57
BRDA:24,0,0,1
BRDA:24,0,1,2
BRDA:27,1,0,2
BRDA:27,1,1,2
BRDA:27,2,0,4
BRDA:27,2,1,4
BRDA:42,3,0,3
BRDA:42,3,1,4
BRDA:44,4,0,4
BRDA:44,4,1,0
BRDA:103,5,0,2
BRDA:103,5,1,2
BRDA:112,6,0,0
BRDA:112,6,1,2
BRDA:122,7,0,2
BRDA:122,7,1,0
BRDA:136,8,0,1
BRDA:136,8,1,0
BRF:18
BRH:14
end_of_record
TN:
SF:src\store\analytics.store.ts
FN:14,(anonymous_0)
FN:17,(anonymous_1)
FN:20,(anonymous_2)
FN:23,(anonymous_3)
FN:24,(anonymous_4)
FN:26,(anonymous_5)
FNF:6
FNH:4
FNDA:9,(anonymous_0)
FNDA:4,(anonymous_1)
FNDA:0,(anonymous_2)
FNDA:1,(anonymous_3)
FNDA:1,(anonymous_4)
FNDA:0,(anonymous_5)
DA:14,9
DA:18,4
DA:21,0
DA:24,1
DA:27,0
LF:5
LH:3
BRF:0
BRH:0
end_of_record
TN:
SF:src\store\auth.store.ts
FN:21,(anonymous_0)
FN:29,(anonymous_1)
FN:33,(anonymous_2)
FN:40,(anonymous_3)
FN:47,(anonymous_4)
FN:50,(anonymous_5)
FNF:6
FNH:1
FNDA:12,(anonymous_0)
FNDA:0,(anonymous_1)
FNDA:0,(anonymous_2)
FNDA:0,(anonymous_3)
FNDA:0,(anonymous_4)
FNDA:0,(anonymous_5)
DA:21,12
DA:30,0
DA:31,0
DA:34,0
DA:41,0
DA:48,0
DA:52,0
DA:53,0
LF:8
LH:1
BRDA:37,0,0,0
BRDA:37,0,1,0
BRDA:43,1,0,0
BRDA:43,1,1,0
BRDA:44,2,0,0
BRDA:44,2,1,0
BRF:6
BRH:0
end_of_record
TN:
SF:src\store\context.store.ts
FN:13,(anonymous_0)
FN:17,(anonymous_1)
FN:20,(anonymous_2)
FNF:3
FNH:2
FNDA:2,(anonymous_0)
FNDA:2,(anonymous_1)
FNDA:0,(anonymous_2)
DA:13,2
DA:18,2
DA:21,0
LF:3
LH:2
BRF:0
BRH:0
end_of_record
TN:
SF:src\store\language.store.ts
FN:12,(anonymous_0)
FN:14,(anonymous_1)
FN:21,(anonymous_2)
FNF:3
FNH:3
FNDA:1,(anonymous_0)
FNDA:1,(anonymous_1)
FNDA:1,(anonymous_2)
DA:12,1
DA:15,1
DA:16,1
DA:17,1
DA:18,1
DA:22,1
DA:23,1
DA:24,1
LF:8
LH:8
BRDA:16,0,0,1
BRDA:16,0,1,0
BRF:2
BRH:1
end_of_record
TN:
SF:src\store\offline.store.ts
FN:23,nextId
FN:27,(anonymous_1)
FN:30,(anonymous_2)
FN:33,(anonymous_3)
FN:43,(anonymous_4)
FN:44,(anonymous_5)
FN:48,(anonymous_6)
FN:56,(anonymous_7)
FNF:8
FNH:6
FNDA:1,nextId
FNDA:1,(anonymous_1)
FNDA:0,(anonymous_2)
FNDA:1,(anonymous_3)
FNDA:1,(anonymous_4)
FNDA:1,(anonymous_5)
FNDA:0,(anonymous_6)
FNDA:1,(anonymous_7)
DA:24,1
DA:27,1
DA:31,0
DA:34,1
DA:39,1
DA:40,1
DA:41,1
DA:44,1
DA:45,1
DA:46,1
DA:49,0
DA:50,0
DA:51,0
DA:52,0
DA:54,0
DA:57,1
DA:58,1
LF:17
LH:11
BRDA:50,0,0,0
BRDA:50,0,1,0
BRF:2
BRH:0
end_of_record
TN:
SF:src\store\sale.store.ts
FN:20,(anonymous_0)
FN:23,(anonymous_1)
FN:24,(anonymous_2)
FN:25,(anonymous_3)
FN:28,(anonymous_4)
FN:38,(anonymous_5)
FN:39,(anonymous_6)
FN:40,(anonymous_7)
FN:43,(anonymous_8)
FN:46,(anonymous_9)
FN:49,(anonymous_10)
FN:50,(anonymous_11)
FNF:12
FNH:12
FNDA:2,(anonymous_0)
FNDA:8,(anonymous_1)
FNDA:8,(anonymous_2)
FNDA:5,(anonymous_3)
FNDA:2,(anonymous_4)
FNDA:1,(anonymous_5)
FNDA:1,(anonymous_6)
FNDA:2,(anonymous_7)
FNDA:4,(anonymous_8)
FNDA:5,(anonymous_9)
FNDA:10,(anonymous_10)
FNDA:9,(anonymous_11)
DA:20,2
DA:24,8
DA:25,8
DA:26,8
DA:27,2
DA:29,2
DA:33,6
DA:39,1
DA:40,2
DA:44,4
DA:47,5
DA:50,10
LF:12
LH:12
BRDA:26,0,0,2
BRDA:26,0,1,6
BRDA:29,1,0,2
BRDA:29,1,1,0
BRF:4
BRH:3
end_of_record
TN:
SF:src\store\session-policy.store.ts
FN:33,(anonymous_0)
FN:37,(anonymous_1)
FN:51,(anonymous_2)
FNF:3
FNH:3
FNDA:2,(anonymous_0)
FNDA:1,(anonymous_1)
FNDA:1,(anonymous_2)
DA:16,2
DA:18,2
DA:33,2
DA:38,1
DA:39,1
DA:40,1
DA:41,1
DA:42,1
DA:44,0
DA:47,0
DA:52,1
DA:53,1
LF:12
LH:10
BRDA:40,0,0,1
BRDA:40,0,1,0
BRF:2
BRH:1
end_of_record
TN:
SF:src\store\sync.store.ts
FN:17,(anonymous_0)
FN:23,(anonymous_1)
FN:26,(anonymous_2)
FN:29,(anonymous_3)
FN:32,(anonymous_4)
FN:35,(anonymous_5)
FNF:6
FNH:6
FNDA:2,(anonymous_0)
FNDA:7,(anonymous_1)
FNDA:4,(anonymous_2)
FNDA:5,(anonymous_3)
FNDA:5,(anonymous_4)
FNDA:2,(anonymous_5)
DA:17,2
DA:24,7
DA:26,4
DA:30,5
DA:33,5
DA:36,2
LF:6
LH:6
BRF:0
BRH:0
end_of_record
TN:
SF:src\store\terminal.store.ts
FN:39,(anonymous_0)
FN:44,(anonymous_1)
FN:51,(anonymous_2)
FN:54,(anonymous_3)
FN:65,(anonymous_4)
FNF:5
FNH:5
FNDA:4,(anonymous_0)
FNDA:8,(anonymous_1)
FNDA:8,(anonymous_2)
FNDA:13,(anonymous_3)
FNDA:4,(anonymous_4)
DA:37,4
DA:39,4
DA:45,8
DA:52,8
DA:55,13
DA:65,4
LF:6
LH:6
BRF:0
BRH:0
end_of_record
TN:
SF:src\utils\jwt.ts
FN:1,decodeJwtPayload
FN:13,isTokenExpired
FN:20,getTenantIdFromToken
FNF:3
FNH:2
FNDA:1,decodeJwtPayload
FNDA:1,isTokenExpired
FNDA:0,getTenantIdFromToken
DA:2,1
DA:3,1
DA:4,1
DA:5,0
DA:6,0
DA:7,0
DA:9,0
DA:14,1
DA:15,1
DA:16,1
DA:17,1
DA:21,0
DA:22,0
LF:13
LH:7
BRDA:4,0,0,1
BRDA:4,0,1,0
BRDA:15,1,0,0
BRDA:15,1,1,1
BRDA:22,2,0,0
BRDA:22,2,1,0
BRF:6
BRH:2
end_of_record
TN:
SF:src\utils\logger.ts
FN:3,logInfo
FN:10,logError
FNF:2
FNH:2
FNDA:7,logInfo
FNDA:1,logError
DA:4,7
DA:6,7
DA:12,1
LF:3
LH:3
BRDA:4,0,0,7
BRDA:4,0,1,0
BRDA:6,1,0,7
BRDA:6,1,1,0
BRDA:12,2,0,1
BRDA:12,2,1,0
BRF:6
BRH:3
end_of_record
TN:
SF:src\utils\offline.ts
FN:4,isOnlineNow
FN:9,subscribeOnlineStatus
FN:10,(anonymous_2)
FN:16,useOfflineDetection
FN:20,(anonymous_4)
FN:23,(anonymous_5)
FN:29,(anonymous_6)
FN:34,(anonymous_7)
FN:43,(anonymous_8)
FN:46,(anonymous_9)
FNF:10
FNH:10
FNDA:4,isOnlineNow
FNDA:2,subscribeOnlineStatus
FNDA:3,(anonymous_2)
FNDA:3,useOfflineDetection
FNDA:1,(anonymous_4)
FNDA:1,(anonymous_5)
FNDA:1,(anonymous_6)
FNDA:1,(anonymous_7)
FNDA:2,(anonymous_8)
FNDA:1,(anonymous_9)
DA:5,4
DA:6,4
DA:10,2
DA:11,3
DA:12,3
DA:17,3
DA:18,3
DA:20,3
DA:21,1
DA:23,1
DA:24,1
DA:25,1
DA:29,1
DA:30,1
DA:31,1
DA:34,1
DA:35,1
DA:36,1
DA:40,3
DA:44,2
DA:47,1
LF:21
LH:21
BRDA:6,0,0,4
BRDA:6,0,1,2
BRDA:11,1,0,3
BRDA:11,1,1,3
BRDA:24,2,0,1
BRDA:24,2,1,0
BRDA:44,3,0,1
BRDA:44,3,1,1
BRDA:47,4,0,1
BRDA:47,4,1,0
BRF:10
BRH:8
end_of_record
TN:
SF:src\utils\secure-storage.ts
FN:6,setTokens
FN:11,getTokens
FN:17,clearTokens
FNF:3
FNH:0
FNDA:0,setTokens
FNDA:0,getTokens
FNDA:0,clearTokens
DA:3,12
DA:4,12
DA:7,0
DA:8,0
DA:12,0
DA:13,0
DA:14,0
DA:18,0
DA:19,0
LF:9
LH:2
BRF:0
BRH:0
end_of_record
TN:
SF:src\utils\storage.ts
FN:10,setJsonValue
FN:14,getJsonValue
FN:19,setLocalContext
FN:23,getLocalContext
FN:27,clearLocalContext
FN:31,setLanguagePreference
FN:35,getLanguagePreference
FN:39,setOfflineMutationQueue
FN:43,getOfflineMutationQueue
FN:47,setSyncOperationQueue
FN:51,getSyncOperationQueue
FN:55,setAnalyticsEventQueue
FN:59,getAnalyticsEventQueue
FN:63,markDeviceInitialized
FN:67,isDeviceInitialized
FN:72,clearDeviceInitialized
FNF:16
FNH:6
FNDA:5,setJsonValue
FNDA:2,getJsonValue
FNDA:0,setLocalContext
FNDA:0,getLocalContext
FNDA:0,clearLocalContext
FNDA:1,setLanguagePreference
FNDA:0,getLanguagePreference
FNDA:3,setOfflineMutationQueue
FNDA:0,getOfflineMutationQueue
FNDA:0,setSyncOperationQueue
FNDA:0,getSyncOperationQueue
FNDA:2,setAnalyticsEventQueue
FNDA:2,getAnalyticsEventQueue
FNDA:0,markDeviceInitialized
FNDA:0,isDeviceInitialized
FNDA:0,clearDeviceInitialized
DA:3,12
DA:4,12
DA:5,12
DA:6,12
DA:7,12
DA:8,12
DA:11,5
DA:15,2
DA:16,2
DA:20,0
DA:24,0
DA:28,0
DA:32,1
DA:36,0
DA:40,3
DA:44,0
DA:48,0
DA:52,0
DA:56,2
DA:60,2
DA:64,0
DA:68,0
DA:69,0
DA:73,0
LF:24
LH:13
BRDA:16,0,0,0
BRDA:16,0,1,2
BRF:2
BRH:1
end_of_record
TN:
SF:src\utils\validation.ts
FN:1,isValidEmail
FN:5,isStrongEnoughPassword
FNF:2
FNH:2
FNDA:6,isValidEmail
FNDA:3,isStrongEnoughPassword
DA:2,6
DA:6,3
LF:2
LH:2
BRF:0
BRH:0
end_of_record
